<?xml version="1.0" encoding="UTF-8" ?>
<testsuite tests="3" failures="3" name="TestSuite" time="9.327" errors="0" skipped="0">
  <properties>
    <property name="java.runtime.name" value="Java(TM) SE Runtime Environment"/>
    <property name="sun.boot.library.path" value="C:\Program Files\Java\jdk1.8.0_201\jre\bin"/>
    <property name="java.vm.version" value="25.201-b09"/>
    <property name="java.vm.vendor" value="Oracle Corporation"/>
    <property name="maven.multiModuleProjectDirectory" value="C:\Users\mohanreddy.p\Downloads\qaf-blank-project-maven-master\qaf-blank-project-maven-master"/>
    <property name="java.vendor.url" value="http://java.oracle.com/"/>
    <property name="path.separator" value=";"/>
    <property name="guice.disable.misplaced.annotation.check" value="true"/>
    <property name="java.vm.name" value="Java HotSpot(TM) 64-Bit Server VM"/>
    <property name="file.encoding.pkg" value="sun.io"/>
    <property name="user.script" value=""/>
    <property name="user.country" value="US"/>
    <property name="sun.java.launcher" value="SUN_STANDARD"/>
    <property name="sun.os.patch.level" value=""/>
    <property name="java.vm.specification.name" value="Java Virtual Machine Specification"/>
    <property name="user.dir" value="C:\Users\mohanreddy.p\Downloads\qaf-blank-project-maven-master\qaf-blank-project-maven-master"/>
    <property name="java.runtime.version" value="1.8.0_201-b09"/>
    <property name="java.awt.graphicsenv" value="sun.awt.Win32GraphicsEnvironment"/>
    <property name="java.endorsed.dirs" value="C:\Program Files\Java\jdk1.8.0_201\jre\lib\endorsed"/>
    <property name="os.arch" value="amd64"/>
    <property name="java.io.tmpdir" value="C:\Users\MOHANR~1.P\AppData\Local\Temp\"/>
    <property name="line.separator" value="
"/>
    <property name="java.vm.specification.vendor" value="Oracle Corporation"/>
    <property name="user.variant" value=""/>
    <property name="os.name" value="Windows 10"/>
    <property name="classworlds.conf" value="C:\Users\mohanreddy.p\eclipse-workspace\.metadata\.plugins\org.eclipse.m2e.launching\launches\m2conf1001737073722748546.tmp"/>
    <property name="sun.jnu.encoding" value="Cp1252"/>
    <property name="java.library.path" value="C:\Program Files\Java\jdk1.8.0_201\bin;C:\windows\Sun\Java\bin;C:\windows\system32;C:\windows;C:/Program Files/Java/jre1.8.0_201/bin/server;C:/Program Files/Java/jre1.8.0_201/bin;C:/Program Files/Java/jre1.8.0_201/lib/amd64;C:\Program Files (x86)\Common Files\Oracle\Java\javapath;C:\windows\system32;C:\windows;C:\windows\System32\Wbem;C:\windows\System32\WindowsPowerShell\v1.0\;C:\windows\System32\OpenSSH\;C:\Program Files\Java\jdk1.8.0_201\bin;C:\Users\sumedha.katkade\AppData\Local\Android\Sdk\platform-tools;C:\Users\sumedha.katkade\AppData\Local\Android\Sdk\tools;C:\Program Files\Git\cmd;C:\Program Files\apache-maven-3.6.0\bin;C:\Program Files\nodejs\;C:\Users\mohanreddy.p\AppData\Local\Microsoft\WindowsApps;;C:\Users\mohanreddy.p\Downloads\eclipse-jee-photon-R-win32-x86_64\eclipse;;."/>
    <property name="java.specification.name" value="Java Platform API Specification"/>
    <property name="java.class.version" value="52.0"/>
    <property name="sun.management.compiler" value="HotSpot 64-Bit Tiered Compilers"/>
    <property name="os.version" value="10.0"/>
    <property name="user.home" value="C:\Users\mohanreddy.p"/>
    <property name="user.timezone" value="Asia/Calcutta"/>
    <property name="java.awt.printerjob" value="sun.awt.windows.WPrinterJob"/>
    <property name="java.specification.version" value="1.8"/>
    <property name="file.encoding" value="Cp1252"/>
    <property name="user.name" value="Mohanreddy.p"/>
    <property name="java.class.path" value="C:\Users\mohanreddy.p\Downloads\eclipse-jee-photon-R-win32-x86_64\eclipse\plugins\org.eclipse.m2e.maven.runtime_1.9.0.20180606-2035\jars\plexus-classworlds-2.5.2.jar"/>
    <property name="java.vm.specification.version" value="1.8"/>
    <property name="sun.arch.data.model" value="64"/>
    <property name="java.home" value="C:\Program Files\Java\jdk1.8.0_201\jre"/>
    <property name="sun.java.command" value="org.codehaus.plexus.classworlds.launcher.Launcher -B test"/>
    <property name="java.specification.vendor" value="Oracle Corporation"/>
    <property name="user.language" value="en"/>
    <property name="awt.toolkit" value="sun.awt.windows.WToolkit"/>
    <property name="java.vm.info" value="mixed mode"/>
    <property name="java.version" value="1.8.0_201"/>
    <property name="java.ext.dirs" value="C:\Program Files\Java\jdk1.8.0_201\jre\lib\ext;C:\windows\Sun\Java\lib\ext"/>
    <property name="sun.boot.class.path" value="C:\Program Files\Java\jdk1.8.0_201\jre\lib\resources.jar;C:\Program Files\Java\jdk1.8.0_201\jre\lib\rt.jar;C:\Program Files\Java\jdk1.8.0_201\jre\lib\sunrsasign.jar;C:\Program Files\Java\jdk1.8.0_201\jre\lib\jsse.jar;C:\Program Files\Java\jdk1.8.0_201\jre\lib\jce.jar;C:\Program Files\Java\jdk1.8.0_201\jre\lib\charsets.jar;C:\Program Files\Java\jdk1.8.0_201\jre\lib\jfr.jar;C:\Program Files\Java\jdk1.8.0_201\jre\classes"/>
    <property name="java.vendor" value="Oracle Corporation"/>
    <property name="maven.home" value="C:\Users\mohanreddy.p\Downloads\qaf-blank-project-maven-master\qaf-blank-project-maven-master\EMBEDDED"/>
    <property name="file.separator" value="\"/>
    <property name="java.vendor.url.bug" value="http://bugreport.sun.com/bugreport/"/>
    <property name="sun.cpu.endian" value="little"/>
    <property name="sun.io.unicode.encoding" value="UnicodeLittle"/>
    <property name="sun.desktop" value="windows"/>
    <property name="sun.cpu.isalist" value="amd64"/>
  </properties>
  <testcase classname="com.pom.test.SigninInvalidUserNameAndPasswordTest" name="testSigin" time="2.791">
    <failure type="java.lang.IllegalMonitorStateException">java.lang.IllegalMonitorStateException
	at java.lang.Object.wait(Native Method)
	at com.pom.pages.SigninInvalidUserNameAndPasswordPage.doSignin(SigninInvalidUserNameAndPasswordPage.java:36)
	at com.pom.test.SigninInvalidUserNameAndPasswordTest.testSigin(SigninInvalidUserNameAndPasswordTest.java:22)
</failure>
    <system-out>[ConfigurationManager] - ISFW build info: {qaf-Type=core, qaf-Revision=13, qaf-Version=2.1, qaf-Build-Time=20-Feb-2018 00:19:29}
[ConfigurationManager] - Resource dir: C:\Users\mohanreddy.p\Downloads\qaf-blank-project-maven-master\qaf-blank-project-maven-master\resources. Found property files to load: 6
[ConfigurationManager] - Resource dir: C:\Users\mohanreddy.p\Downloads\qaf-blank-project-maven-master\qaf-blank-project-maven-master\resources. Found property files to load: 2
[QAFTestBase] - Initializing Driver...browser_str:chromeDriver,base_url:http://www.newtours.demoaut.com/,sel_server:localhost,port:4444
[UiDriverFactory] - Driver: chromeDriver
[QAFTestBase] - driver init done
[WebDriverCommandLogger] - Executing get parameters: {&quot;url&quot;:&quot;http://www.newtours.demoaut.com/&quot;}
[WebDriverCommandLogger] - command: get[ param-1: {url=http://www.newtours.demoaut.com/}] Result: null
[WebDriverCommandLogger] - Executing findElement parameters: {&quot;using&quot;:&quot;xpath&quot;,&quot;value&quot;:&quot;//input[@name=&apos;userName&apos;]&quot;}
[WebDriverCommandLogger] - command: findElement[ param-1: {value=//input[@name=&apos;userName&apos;], using=xpath}] Result: id: 0.9981632473891096-1
[WebDriverCommandLogger] - Executing sendKeysToElement element: By.xpath: //input[@name=&apos;userName&apos;] parameters: {&quot;id&quot;:&quot;0.9981632473891096-1&quot;,&quot;value&quot;:[&quot;guest&quot;]}
[WebDriverCommandLogger] - command: sendKeysToElement[ param-1: By.xpath: //input[@name=&apos;userName&apos;] param-2: {&quot;id&quot;:&quot;0.9981632473891096-1&quot;,&quot;value&quot;:[&quot;guest&quot;]}] Result: sendKeysToElement:null
[WebDriverCommandLogger] - Executing findElement parameters: {&quot;using&quot;:&quot;xpath&quot;,&quot;value&quot;:&quot;//input[@name=&apos;password&apos;]&quot;}
[WebDriverCommandLogger] - command: findElement[ param-1: {value=//input[@name=&apos;password&apos;], using=xpath}] Result: id: 0.9981632473891096-2
[WebDriverCommandLogger] - Executing sendKeysToElement element: By.xpath: //input[@name=&apos;password&apos;] parameters: {&quot;id&quot;:&quot;0.9981632473891096-2&quot;,&quot;value&quot;:[&quot;guest123&quot;]}
[WebDriverCommandLogger] - command: sendKeysToElement[ param-1: By.xpath: //input[@name=&apos;password&apos;] param-2: {&quot;id&quot;:&quot;0.9981632473891096-2&quot;,&quot;value&quot;:[&quot;guest123&quot;]}] Result: sendKeysToElement:null
[QAFInvokedMethodListener2] - java.lang.IllegalMonitorStateException
[WebDriverCommandLogger] - Executing screenshot parameters: {}
</system-out>
    <system-err>log4j:WARN No such property [follow] in org.apache.log4j.FileAppender.
Starting ChromeDriver 75.0.3770.90 (a6dcaf7e3ec6f70a194cc25e8149475c6590e025-refs/branch-heads/3770@{#1003}) on port 43937
Only local connections are allowed.
Please protect ports used by ChromeDriver and related test frameworks to prevent access by malicious code.
</system-err>
  </testcase>
  <testcase classname="com.pom.test.SigninInvalidUserNameAndPasswordTest" name="testSigin" time="1.351">
    <failure type="java.lang.IllegalMonitorStateException">java.lang.IllegalMonitorStateException
	at java.lang.Object.wait(Native Method)
	at com.pom.pages.SigninInvalidUserNameAndPasswordPage.doSignin(SigninInvalidUserNameAndPasswordPage.java:36)
	at com.pom.test.SigninInvalidUserNameAndPasswordTest.testSigin(SigninInvalidUserNameAndPasswordTest.java:22)
</failure>
    <system-out>[WebDriverCommandLogger] - Executing get parameters: {&quot;url&quot;:&quot;http://www.newtours.demoaut.com/&quot;}
[WebDriverCommandLogger] - command: get[ param-1: {url=http://www.newtours.demoaut.com/}] Result: null
[WebDriverCommandLogger] - Executing findElement parameters: {&quot;using&quot;:&quot;xpath&quot;,&quot;value&quot;:&quot;//input[@name=&apos;userName&apos;]&quot;}
[WebDriverCommandLogger] - command: findElement[ param-1: {value=//input[@name=&apos;userName&apos;], using=xpath}] Result: id: 0.7143547421023326-1
[WebDriverCommandLogger] - Executing sendKeysToElement element: By.xpath: //input[@name=&apos;userName&apos;] parameters: {&quot;id&quot;:&quot;0.7143547421023326-1&quot;,&quot;value&quot;:[&quot;guest123&quot;]}
[WebDriverCommandLogger] - command: sendKeysToElement[ param-1: By.xpath: //input[@name=&apos;userName&apos;] param-2: {&quot;id&quot;:&quot;0.7143547421023326-1&quot;,&quot;value&quot;:[&quot;guest123&quot;]}] Result: sendKeysToElement:null
[WebDriverCommandLogger] - Executing findElement parameters: {&quot;using&quot;:&quot;xpath&quot;,&quot;value&quot;:&quot;//input[@name=&apos;password&apos;]&quot;}
[WebDriverCommandLogger] - command: findElement[ param-1: {value=//input[@name=&apos;password&apos;], using=xpath}] Result: id: 0.7143547421023326-2
[WebDriverCommandLogger] - Executing sendKeysToElement element: By.xpath: //input[@name=&apos;password&apos;] parameters: {&quot;id&quot;:&quot;0.7143547421023326-2&quot;,&quot;value&quot;:[&quot;guest&quot;]}
[WebDriverCommandLogger] - command: sendKeysToElement[ param-1: By.xpath: //input[@name=&apos;password&apos;] param-2: {&quot;id&quot;:&quot;0.7143547421023326-2&quot;,&quot;value&quot;:[&quot;guest&quot;]}] Result: sendKeysToElement:null
[QAFInvokedMethodListener2] - java.lang.IllegalMonitorStateException
[WebDriverCommandLogger] - Executing screenshot parameters: {}
</system-out>
  </testcase>
  <testcase classname="com.pom.test.SigninInvalidUserNameAndPasswordTest" name="testSigin" time="1.238">
    <failure type="java.lang.IllegalMonitorStateException">java.lang.IllegalMonitorStateException
	at java.lang.Object.wait(Native Method)
	at com.pom.pages.SigninInvalidUserNameAndPasswordPage.doSignin(SigninInvalidUserNameAndPasswordPage.java:36)
	at com.pom.test.SigninInvalidUserNameAndPasswordTest.testSigin(SigninInvalidUserNameAndPasswordTest.java:22)
</failure>
    <system-out>[WebDriverCommandLogger] - Executing get parameters: {&quot;url&quot;:&quot;http://www.newtours.demoaut.com/&quot;}
[WebDriverCommandLogger] - command: get[ param-1: {url=http://www.newtours.demoaut.com/}] Result: null
[WebDriverCommandLogger] - Executing findElement parameters: {&quot;using&quot;:&quot;xpath&quot;,&quot;value&quot;:&quot;//input[@name=&apos;userName&apos;]&quot;}
[WebDriverCommandLogger] - command: findElement[ param-1: {value=//input[@name=&apos;userName&apos;], using=xpath}] Result: id: 0.7330246907385247-1
[WebDriverCommandLogger] - Executing sendKeysToElement element: By.xpath: //input[@name=&apos;userName&apos;] parameters: {&quot;id&quot;:&quot;0.7330246907385247-1&quot;,&quot;value&quot;:[&quot;guest123&quot;]}
[WebDriverCommandLogger] - command: sendKeysToElement[ param-1: By.xpath: //input[@name=&apos;userName&apos;] param-2: {&quot;id&quot;:&quot;0.7330246907385247-1&quot;,&quot;value&quot;:[&quot;guest123&quot;]}] Result: sendKeysToElement:null
[WebDriverCommandLogger] - Executing findElement parameters: {&quot;using&quot;:&quot;xpath&quot;,&quot;value&quot;:&quot;//input[@name=&apos;password&apos;]&quot;}
[WebDriverCommandLogger] - command: findElement[ param-1: {value=//input[@name=&apos;password&apos;], using=xpath}] Result: id: 0.7330246907385247-2
[WebDriverCommandLogger] - Executing sendKeysToElement element: By.xpath: //input[@name=&apos;password&apos;] parameters: {&quot;id&quot;:&quot;0.7330246907385247-2&quot;,&quot;value&quot;:[&quot;guest123&quot;]}
[WebDriverCommandLogger] - command: sendKeysToElement[ param-1: By.xpath: //input[@name=&apos;password&apos;] param-2: {&quot;id&quot;:&quot;0.7330246907385247-2&quot;,&quot;value&quot;:[&quot;guest123&quot;]}] Result: sendKeysToElement:null
[QAFInvokedMethodListener2] - java.lang.IllegalMonitorStateException
[WebDriverCommandLogger] - Executing screenshot parameters: {}
</system-out>
  </testcase>
</testsuite>