<?xml version="1.0" encoding="UTF-8"?>
<testng-results skipped="0" failed="3" ignored="0" total="3" passed="0">
  <reporter-output>
    <line>
      <![CDATA[<div style="display:block;margin-left:10px;"><div  class="fail"><span class="fail-label">F </span>java.lang.IllegalMonitorStateException <a href="../img/TestSigin_mmnpohako4mi59904.png" target="_blank">[View Screenshot]</a> </div></div>]]>
    </line>
    <line>
      <![CDATA[<div style="display:block;margin-left:10px;"><div  class="fail"><span class="fail-label">F </span>java.lang.IllegalMonitorStateException <a href="../img/TestSigin_uvuaibudzwxm59905.png" target="_blank">[View Screenshot]</a> </div></div>]]>
    </line>
    <line>
      <![CDATA[<div style="display:block;margin-left:10px;"><div  class="fail"><span class="fail-label">F </span>java.lang.IllegalMonitorStateException <a href="../img/TestSigin_bszlvsipp4kf59906.png" target="_blank">[View Screenshot]</a> </div></div>]]>
    </line>
  </reporter-output>
  <suite name="QAF Demo" duration-ms="5521" started-at="2019-07-02T12:40:47Z" finished-at="2019-07-02T12:40:52Z">
    <groups>
    </groups>
    <test name="First Test" duration-ms="5521" started-at="2019-07-02T12:40:47Z" finished-at="2019-07-02T12:40:52Z">
      <class name="com.pom.test.SigninInvalidUserNameAndPasswordTest">
        <test-method status="PASS" signature="setupSuit(org.testng.ITestContext)[pri:0, instance:com.pom.test.SigninInvalidUserNameAndPasswordTest@2eae8e6e]" name="setupSuit" is-config="true" duration-ms="8" started-at="2019-07-02T18:10:47Z" finished-at="2019-07-02T18:10:47Z">
          <params>
            <param index="0">
              <value>
                <![CDATA[org.testng.TestRunner@70ed52de]]>
              </value>
            </param>
          </params>
          <reporter-output>
          </reporter-output>
        </test-method> <!-- setupSuit -->
        <test-method status="PASS" signature="setupTest(org.testng.ITestContext)[pri:0, instance:com.pom.test.SigninInvalidUserNameAndPasswordTest@2eae8e6e]" name="setupTest" is-config="true" duration-ms="2" started-at="2019-07-02T18:10:47Z" finished-at="2019-07-02T18:10:47Z">
          <params>
            <param index="0">
              <value>
                <![CDATA[org.testng.TestRunner@70ed52de]]>
              </value>
            </param>
          </params>
          <reporter-output>
          </reporter-output>
        </test-method> <!-- setupTest -->
        <test-method status="PASS" signature="setup(org.testng.ITestContext)[pri:0, instance:com.pom.test.SigninInvalidUserNameAndPasswordTest@2eae8e6e]" name="setup" is-config="true" duration-ms="1" started-at="2019-07-02T18:10:47Z" finished-at="2019-07-02T18:10:47Z">
          <params>
            <param index="0">
              <value>
                <![CDATA[org.testng.TestRunner@70ed52de]]>
              </value>
            </param>
          </params>
          <reporter-output>
          </reporter-output>
        </test-method> <!-- setup -->
        <test-method status="PASS" signature="setupMethod(java.lang.reflect.Method, org.testng.ITestContext)[pri:0, instance:com.pom.test.SigninInvalidUserNameAndPasswordTest@2eae8e6e]" name="setupMethod" is-config="true" duration-ms="1" started-at="2019-07-02T18:10:47Z" finished-at="2019-07-02T18:10:47Z">
          <params>
            <param index="0">
              <value>
                <![CDATA[public void com.pom.test.SigninInvalidUserNameAndPasswordTest.testSigin(java.util.Map) throws java.lang.InterruptedException]]>
              </value>
            </param>
            <param index="1">
              <value>
                <![CDATA[org.testng.TestRunner@70ed52de]]>
              </value>
            </param>
          </params>
          <reporter-output>
          </reporter-output>
        </test-method> <!-- setupMethod -->
        <test-method status="FAIL" signature="testSigin(java.util.Map)[pri:0, instance:com.pom.test.SigninInvalidUserNameAndPasswordTest@2eae8e6e]" name="testSigin" duration-ms="2456" started-at="2019-07-02T18:10:47Z" description="XML Data" finished-at="2019-07-02T18:10:49Z">
          <params>
            <param index="0">
              <value>
                <![CDATA[{username=guest, password=guest123}]]>
              </value>
            </param>
          </params>
          <exception class="java.lang.IllegalMonitorStateException">
            <full-stacktrace>
              <![CDATA[java.lang.IllegalMonitorStateException
	at java.lang.Object.wait(Native Method)
	at com.pom.pages.SigninInvalidUserNameAndPasswordPage.doSignin(SigninInvalidUserNameAndPasswordPage.java:36)
	at com.pom.test.SigninInvalidUserNameAndPasswordTest.testSigin(SigninInvalidUserNameAndPasswordTest.java:22)
	at sun.reflect.NativeMethodAccessorImpl.invoke0(Native Method)
	at sun.reflect.NativeMethodAccessorImpl.invoke(NativeMethodAccessorImpl.java:62)
	at sun.reflect.DelegatingMethodAccessorImpl.invoke(DelegatingMethodAccessorImpl.java:43)
	at java.lang.reflect.Method.invoke(Method.java:498)
	at org.testng.internal.MethodInvocationHelper.invokeMethod(MethodInvocationHelper.java:104)
	at org.testng.internal.Invoker.invokeMethod(Invoker.java:645)
	at org.testng.internal.Invoker.invokeTestMethod(Invoker.java:851)
	at org.testng.internal.Invoker.invokeTestMethods(Invoker.java:1177)
	at org.testng.internal.TestMethodWorker.invokeTestMethods(TestMethodWorker.java:129)
	at org.testng.internal.TestMethodWorker.run(TestMethodWorker.java:112)
	at org.testng.TestRunner.privateRun(TestRunner.java:781)
	at org.testng.TestRunner.run(TestRunner.java:635)
	at org.testng.SuiteRunner.runTest(SuiteRunner.java:387)
	at org.testng.SuiteRunner.runSequentially(SuiteRunner.java:382)
	at org.testng.SuiteRunner.privateRun(SuiteRunner.java:340)
	at org.testng.SuiteRunner.run(SuiteRunner.java:289)
	at org.testng.SuiteRunnerWorker.runSuite(SuiteRunnerWorker.java:52)
	at org.testng.SuiteRunnerWorker.run(SuiteRunnerWorker.java:86)
	at org.testng.TestNG.runSuitesSequentially(TestNG.java:1293)
	at org.testng.TestNG.runSuitesLocally(TestNG.java:1218)
	at org.testng.TestNG.runSuites(TestNG.java:1133)
	at org.testng.TestNG.run(TestNG.java:1104)
	at org.apache.maven.surefire.testng.TestNGExecutor.run(TestNGExecutor.java:122)
	at org.apache.maven.surefire.testng.TestNGXmlTestSuite.execute(TestNGXmlTestSuite.java:92)
	at org.apache.maven.surefire.testng.TestNGProvider.invoke(TestNGProvider.java:101)
	at sun.reflect.NativeMethodAccessorImpl.invoke0(Native Method)
	at sun.reflect.NativeMethodAccessorImpl.invoke(NativeMethodAccessorImpl.java:62)
	at sun.reflect.DelegatingMethodAccessorImpl.invoke(DelegatingMethodAccessorImpl.java:43)
	at java.lang.reflect.Method.invoke(Method.java:498)
	at org.apache.maven.surefire.util.ReflectionUtils.invokeMethodWithArray(ReflectionUtils.java:164)
	at org.apache.maven.surefire.booter.ProviderFactory$ProviderProxy.invoke(ProviderFactory.java:110)
	at org.apache.maven.surefire.booter.SurefireStarter.invokeProvider(SurefireStarter.java:172)
	at org.apache.maven.surefire.booter.SurefireStarter.runSuitesInProcessWhenForked(SurefireStarter.java:104)
	at org.apache.maven.surefire.booter.ForkedBooter.main(ForkedBooter.java:70)
]]>
            </full-stacktrace>
          </exception> <!-- java.lang.IllegalMonitorStateException -->
          <reporter-output>
            <line>
              <![CDATA[<div style="display:block;margin-left:10px;"><div  class="fail"><span class="fail-label">F </span>java.lang.IllegalMonitorStateException <a href="../img/TestSigin_mmnpohako4mi59904.png" target="_blank">[View Screenshot]</a> </div></div>]]>
            </line>
          </reporter-output>
        </test-method> <!-- testSigin -->
        <test-method status="PASS" signature="afterMethod(org.testng.ITestContext, org.testng.ITestResult)[pri:0, instance:com.pom.test.SigninInvalidUserNameAndPasswordTest@2eae8e6e]" name="afterMethod" is-config="true" duration-ms="1" started-at="2019-07-02T18:10:49Z" finished-at="2019-07-02T18:10:49Z">
          <params>
            <param index="0">
              <value>
                <![CDATA[org.testng.TestRunner@70ed52de]]>
              </value>
            </param>
            <param index="1">
              <value>
                <![CDATA[[TestResult name=testSigin status=FAILURE method=SigninInvalidUserNameAndPasswordTest.testSigin(java.util.Map)[pri:0, instance:com.pom.test.SigninInvalidUserNameAndPasswordTest@2eae8e6e] output=<div style="display:block;margin-left:10px;"><div  class="fail"><span class="fail-label">F </span>java.lang.IllegalMonitorStateException <a href="../img/TestSigin_mmnpohako4mi59904.png" target="_blank">[View Screenshot]</a> </div></div>]]]>
              </value>
            </param>
          </params>
          <reporter-output>
          </reporter-output>
        </test-method> <!-- afterMethod -->
        <test-method status="PASS" signature="setupMethod(java.lang.reflect.Method, org.testng.ITestContext)[pri:0, instance:com.pom.test.SigninInvalidUserNameAndPasswordTest@2eae8e6e]" name="setupMethod" is-config="true" duration-ms="0" started-at="2019-07-02T18:10:49Z" finished-at="2019-07-02T18:10:49Z">
          <params>
            <param index="0">
              <value>
                <![CDATA[public void com.pom.test.SigninInvalidUserNameAndPasswordTest.testSigin(java.util.Map) throws java.lang.InterruptedException]]>
              </value>
            </param>
            <param index="1">
              <value>
                <![CDATA[org.testng.TestRunner@70ed52de]]>
              </value>
            </param>
          </params>
          <reporter-output>
          </reporter-output>
        </test-method> <!-- setupMethod -->
        <test-method status="FAIL" signature="testSigin(java.util.Map)[pri:0, instance:com.pom.test.SigninInvalidUserNameAndPasswordTest@2eae8e6e]" name="testSigin" duration-ms="1034" started-at="2019-07-02T18:10:49Z" description="XML Data" finished-at="2019-07-02T18:10:51Z">
          <params>
            <param index="0">
              <value>
                <![CDATA[{username=guest123, password=guest}]]>
              </value>
            </param>
          </params>
          <exception class="java.lang.IllegalMonitorStateException">
            <full-stacktrace>
              <![CDATA[java.lang.IllegalMonitorStateException
	at java.lang.Object.wait(Native Method)
	at com.pom.pages.SigninInvalidUserNameAndPasswordPage.doSignin(SigninInvalidUserNameAndPasswordPage.java:36)
	at com.pom.test.SigninInvalidUserNameAndPasswordTest.testSigin(SigninInvalidUserNameAndPasswordTest.java:22)
	at sun.reflect.NativeMethodAccessorImpl.invoke0(Native Method)
	at sun.reflect.NativeMethodAccessorImpl.invoke(NativeMethodAccessorImpl.java:62)
	at sun.reflect.DelegatingMethodAccessorImpl.invoke(DelegatingMethodAccessorImpl.java:43)
	at java.lang.reflect.Method.invoke(Method.java:498)
	at org.testng.internal.MethodInvocationHelper.invokeMethod(MethodInvocationHelper.java:104)
	at org.testng.internal.Invoker.invokeMethod(Invoker.java:645)
	at org.testng.internal.Invoker.invokeTestMethod(Invoker.java:851)
	at org.testng.internal.Invoker.invokeTestMethods(Invoker.java:1177)
	at org.testng.internal.TestMethodWorker.invokeTestMethods(TestMethodWorker.java:129)
	at org.testng.internal.TestMethodWorker.run(TestMethodWorker.java:112)
	at org.testng.TestRunner.privateRun(TestRunner.java:781)
	at org.testng.TestRunner.run(TestRunner.java:635)
	at org.testng.SuiteRunner.runTest(SuiteRunner.java:387)
	at org.testng.SuiteRunner.runSequentially(SuiteRunner.java:382)
	at org.testng.SuiteRunner.privateRun(SuiteRunner.java:340)
	at org.testng.SuiteRunner.run(SuiteRunner.java:289)
	at org.testng.SuiteRunnerWorker.runSuite(SuiteRunnerWorker.java:52)
	at org.testng.SuiteRunnerWorker.run(SuiteRunnerWorker.java:86)
	at org.testng.TestNG.runSuitesSequentially(TestNG.java:1293)
	at org.testng.TestNG.runSuitesLocally(TestNG.java:1218)
	at org.testng.TestNG.runSuites(TestNG.java:1133)
	at org.testng.TestNG.run(TestNG.java:1104)
	at org.apache.maven.surefire.testng.TestNGExecutor.run(TestNGExecutor.java:122)
	at org.apache.maven.surefire.testng.TestNGXmlTestSuite.execute(TestNGXmlTestSuite.java:92)
	at org.apache.maven.surefire.testng.TestNGProvider.invoke(TestNGProvider.java:101)
	at sun.reflect.NativeMethodAccessorImpl.invoke0(Native Method)
	at sun.reflect.NativeMethodAccessorImpl.invoke(NativeMethodAccessorImpl.java:62)
	at sun.reflect.DelegatingMethodAccessorImpl.invoke(DelegatingMethodAccessorImpl.java:43)
	at java.lang.reflect.Method.invoke(Method.java:498)
	at org.apache.maven.surefire.util.ReflectionUtils.invokeMethodWithArray(ReflectionUtils.java:164)
	at org.apache.maven.surefire.booter.ProviderFactory$ProviderProxy.invoke(ProviderFactory.java:110)
	at org.apache.maven.surefire.booter.SurefireStarter.invokeProvider(SurefireStarter.java:172)
	at org.apache.maven.surefire.booter.SurefireStarter.runSuitesInProcessWhenForked(SurefireStarter.java:104)
	at org.apache.maven.surefire.booter.ForkedBooter.main(ForkedBooter.java:70)
]]>
            </full-stacktrace>
          </exception> <!-- java.lang.IllegalMonitorStateException -->
          <reporter-output>
            <line>
              <![CDATA[<div style="display:block;margin-left:10px;"><div  class="fail"><span class="fail-label">F </span>java.lang.IllegalMonitorStateException <a href="../img/TestSigin_uvuaibudzwxm59905.png" target="_blank">[View Screenshot]</a> </div></div>]]>
            </line>
          </reporter-output>
        </test-method> <!-- testSigin -->
        <test-method status="PASS" signature="afterMethod(org.testng.ITestContext, org.testng.ITestResult)[pri:0, instance:com.pom.test.SigninInvalidUserNameAndPasswordTest@2eae8e6e]" name="afterMethod" is-config="true" duration-ms="0" started-at="2019-07-02T18:10:51Z" finished-at="2019-07-02T18:10:51Z">
          <params>
            <param index="0">
              <value>
                <![CDATA[org.testng.TestRunner@70ed52de]]>
              </value>
            </param>
            <param index="1">
              <value>
                <![CDATA[[TestResult name=testSigin status=FAILURE method=SigninInvalidUserNameAndPasswordTest.testSigin(java.util.Map)[pri:0, instance:com.pom.test.SigninInvalidUserNameAndPasswordTest@2eae8e6e] output=<div style="display:block;margin-left:10px;"><div  class="fail"><span class="fail-label">F </span>java.lang.IllegalMonitorStateException <a href="../img/TestSigin_uvuaibudzwxm59905.png" target="_blank">[View Screenshot]</a> </div></div>]]]>
              </value>
            </param>
          </params>
          <reporter-output>
          </reporter-output>
        </test-method> <!-- afterMethod -->
        <test-method status="FAIL" signature="testSigin(java.util.Map)[pri:0, instance:com.pom.test.SigninInvalidUserNameAndPasswordTest@2eae8e6e]" name="testSigin" duration-ms="970" started-at="2019-07-02T18:10:51Z" description="XML Data" finished-at="2019-07-02T18:10:52Z">
          <params>
            <param index="0">
              <value>
                <![CDATA[{username=guest123, password=guest123}]]>
              </value>
            </param>
          </params>
          <exception class="java.lang.IllegalMonitorStateException">
            <full-stacktrace>
              <![CDATA[java.lang.IllegalMonitorStateException
	at java.lang.Object.wait(Native Method)
	at com.pom.pages.SigninInvalidUserNameAndPasswordPage.doSignin(SigninInvalidUserNameAndPasswordPage.java:36)
	at com.pom.test.SigninInvalidUserNameAndPasswordTest.testSigin(SigninInvalidUserNameAndPasswordTest.java:22)
	at sun.reflect.NativeMethodAccessorImpl.invoke0(Native Method)
	at sun.reflect.NativeMethodAccessorImpl.invoke(NativeMethodAccessorImpl.java:62)
	at sun.reflect.DelegatingMethodAccessorImpl.invoke(DelegatingMethodAccessorImpl.java:43)
	at java.lang.reflect.Method.invoke(Method.java:498)
	at org.testng.internal.MethodInvocationHelper.invokeMethod(MethodInvocationHelper.java:104)
	at org.testng.internal.Invoker.invokeMethod(Invoker.java:645)
	at org.testng.internal.Invoker.invokeTestMethod(Invoker.java:851)
	at org.testng.internal.Invoker.invokeTestMethods(Invoker.java:1177)
	at org.testng.internal.TestMethodWorker.invokeTestMethods(TestMethodWorker.java:129)
	at org.testng.internal.TestMethodWorker.run(TestMethodWorker.java:112)
	at org.testng.TestRunner.privateRun(TestRunner.java:781)
	at org.testng.TestRunner.run(TestRunner.java:635)
	at org.testng.SuiteRunner.runTest(SuiteRunner.java:387)
	at org.testng.SuiteRunner.runSequentially(SuiteRunner.java:382)
	at org.testng.SuiteRunner.privateRun(SuiteRunner.java:340)
	at org.testng.SuiteRunner.run(SuiteRunner.java:289)
	at org.testng.SuiteRunnerWorker.runSuite(SuiteRunnerWorker.java:52)
	at org.testng.SuiteRunnerWorker.run(SuiteRunnerWorker.java:86)
	at org.testng.TestNG.runSuitesSequentially(TestNG.java:1293)
	at org.testng.TestNG.runSuitesLocally(TestNG.java:1218)
	at org.testng.TestNG.runSuites(TestNG.java:1133)
	at org.testng.TestNG.run(TestNG.java:1104)
	at org.apache.maven.surefire.testng.TestNGExecutor.run(TestNGExecutor.java:122)
	at org.apache.maven.surefire.testng.TestNGXmlTestSuite.execute(TestNGXmlTestSuite.java:92)
	at org.apache.maven.surefire.testng.TestNGProvider.invoke(TestNGProvider.java:101)
	at sun.reflect.NativeMethodAccessorImpl.invoke0(Native Method)
	at sun.reflect.NativeMethodAccessorImpl.invoke(NativeMethodAccessorImpl.java:62)
	at sun.reflect.DelegatingMethodAccessorImpl.invoke(DelegatingMethodAccessorImpl.java:43)
	at java.lang.reflect.Method.invoke(Method.java:498)
	at org.apache.maven.surefire.util.ReflectionUtils.invokeMethodWithArray(ReflectionUtils.java:164)
	at org.apache.maven.surefire.booter.ProviderFactory$ProviderProxy.invoke(ProviderFactory.java:110)
	at org.apache.maven.surefire.booter.SurefireStarter.invokeProvider(SurefireStarter.java:172)
	at org.apache.maven.surefire.booter.SurefireStarter.runSuitesInProcessWhenForked(SurefireStarter.java:104)
	at org.apache.maven.surefire.booter.ForkedBooter.main(ForkedBooter.java:70)
]]>
            </full-stacktrace>
          </exception> <!-- java.lang.IllegalMonitorStateException -->
          <reporter-output>
            <line>
              <![CDATA[<div style="display:block;margin-left:10px;"><div  class="fail"><span class="fail-label">F </span>java.lang.IllegalMonitorStateException <a href="../img/TestSigin_bszlvsipp4kf59906.png" target="_blank">[View Screenshot]</a> </div></div>]]>
            </line>
          </reporter-output>
        </test-method> <!-- testSigin -->
        <test-method status="PASS" signature="setupMethod(java.lang.reflect.Method, org.testng.ITestContext)[pri:0, instance:com.pom.test.SigninInvalidUserNameAndPasswordTest@2eae8e6e]" name="setupMethod" is-config="true" duration-ms="0" started-at="2019-07-02T18:10:51Z" finished-at="2019-07-02T18:10:51Z">
          <params>
            <param index="0">
              <value>
                <![CDATA[public void com.pom.test.SigninInvalidUserNameAndPasswordTest.testSigin(java.util.Map) throws java.lang.InterruptedException]]>
              </value>
            </param>
            <param index="1">
              <value>
                <![CDATA[org.testng.TestRunner@70ed52de]]>
              </value>
            </param>
          </params>
          <reporter-output>
          </reporter-output>
        </test-method> <!-- setupMethod -->
        <test-method status="PASS" signature="afterMethod(org.testng.ITestContext, org.testng.ITestResult)[pri:0, instance:com.pom.test.SigninInvalidUserNameAndPasswordTest@2eae8e6e]" name="afterMethod" is-config="true" duration-ms="0" started-at="2019-07-02T18:10:52Z" finished-at="2019-07-02T18:10:52Z">
          <params>
            <param index="0">
              <value>
                <![CDATA[org.testng.TestRunner@70ed52de]]>
              </value>
            </param>
            <param index="1">
              <value>
                <![CDATA[[TestResult name=testSigin status=FAILURE method=SigninInvalidUserNameAndPasswordTest.testSigin(java.util.Map)[pri:0, instance:com.pom.test.SigninInvalidUserNameAndPasswordTest@2eae8e6e] output=<div style="display:block;margin-left:10px;"><div  class="fail"><span class="fail-label">F </span>java.lang.IllegalMonitorStateException <a href="../img/TestSigin_bszlvsipp4kf59906.png" target="_blank">[View Screenshot]</a> </div></div>]]]>
              </value>
            </param>
          </params>
          <reporter-output>
          </reporter-output>
        </test-method> <!-- afterMethod -->
        <test-method status="PASS" signature="afterClass(org.testng.ITestContext)[pri:0, instance:com.pom.test.SigninInvalidUserNameAndPasswordTest@2eae8e6e]" name="afterClass" is-config="true" duration-ms="1" started-at="2019-07-02T18:10:52Z" finished-at="2019-07-02T18:10:52Z">
          <params>
            <param index="0">
              <value>
                <![CDATA[org.testng.TestRunner@70ed52de]]>
              </value>
            </param>
          </params>
          <reporter-output>
          </reporter-output>
        </test-method> <!-- afterClass -->
        <test-method status="PASS" signature="afterTest(org.testng.ITestContext)[pri:0, instance:com.pom.test.SigninInvalidUserNameAndPasswordTest@2eae8e6e]" name="afterTest" is-config="true" duration-ms="87" started-at="2019-07-02T18:10:52Z" finished-at="2019-07-02T18:10:52Z">
          <params>
            <param index="0">
              <value>
                <![CDATA[org.testng.TestRunner@70ed52de]]>
              </value>
            </param>
          </params>
          <reporter-output>
          </reporter-output>
        </test-method> <!-- afterTest -->
        <test-method status="PASS" signature="afterSuit(org.testng.ITestContext)[pri:0, instance:com.pom.test.SigninInvalidUserNameAndPasswordTest@2eae8e6e]" name="afterSuit" is-config="true" duration-ms="5" started-at="2019-07-02T18:10:52Z" finished-at="2019-07-02T18:10:52Z">
          <params>
            <param index="0">
              <value>
                <![CDATA[org.testng.TestRunner@70ed52de]]>
              </value>
            </param>
          </params>
          <reporter-output>
          </reporter-output>
        </test-method> <!-- afterSuit -->
      </class> <!-- com.pom.test.SigninInvalidUserNameAndPasswordTest -->
    </test> <!-- First Test -->
  </suite> <!-- QAF Demo -->
</testng-results>
