<?xml version="1.0" encoding="UTF-8" ?>
<testsuite tests="1" failures="1" name="TestSuite" time="127.227" errors="0" skipped="0">
  <properties>
    <property name="java.runtime.name" value="Java(TM) SE Runtime Environment"/>
    <property name="sun.boot.library.path" value="C:\Program Files\Java\jdk1.8.0_201\jre\bin"/>
    <property name="java.vm.version" value="25.201-b09"/>
    <property name="java.vm.vendor" value="Oracle Corporation"/>
    <property name="maven.multiModuleProjectDirectory" value="C:\Users\mohanreddy.p\eclipse-workspace\QAF-Newtours-project-maven2"/>
    <property name="java.vendor.url" value="http://java.oracle.com/"/>
    <property name="path.separator" value=";"/>
    <property name="guice.disable.misplaced.annotation.check" value="true"/>
    <property name="java.vm.name" value="Java HotSpot(TM) 64-Bit Server VM"/>
    <property name="file.encoding.pkg" value="sun.io"/>
    <property name="user.script" value=""/>
    <property name="user.country" value="US"/>
    <property name="sun.java.launcher" value="SUN_STANDARD"/>
    <property name="sun.os.patch.level" value=""/>
    <property name="java.vm.specification.name" value="Java Virtual Machine Specification"/>
    <property name="user.dir" value="C:\Users\mohanreddy.p\eclipse-workspace\QAF-Newtours-project-maven2"/>
    <property name="java.runtime.version" value="1.8.0_201-b09"/>
    <property name="java.awt.graphicsenv" value="sun.awt.Win32GraphicsEnvironment"/>
    <property name="java.endorsed.dirs" value="C:\Program Files\Java\jdk1.8.0_201\jre\lib\endorsed"/>
    <property name="os.arch" value="amd64"/>
    <property name="java.io.tmpdir" value="C:\Users\MOHANR~1.P\AppData\Local\Temp\"/>
    <property name="line.separator" value="
"/>
    <property name="java.vm.specification.vendor" value="Oracle Corporation"/>
    <property name="user.variant" value=""/>
    <property name="os.name" value="Windows 10"/>
    <property name="classworlds.conf" value="C:\Users\mohanreddy.p\eclipse-workspace\.metadata\.plugins\org.eclipse.m2e.launching\launches\m2conf5775990815857648602.tmp"/>
    <property name="sun.jnu.encoding" value="Cp1252"/>
    <property name="java.library.path" value="C:\Program Files\Java\jdk1.8.0_201\bin;C:\windows\Sun\Java\bin;C:\windows\system32;C:\windows;C:/Program Files/Java/jre1.8.0_201/bin/server;C:/Program Files/Java/jre1.8.0_201/bin;C:/Program Files/Java/jre1.8.0_201/lib/amd64;C:\Program Files (x86)\Common Files\Oracle\Java\javapath;C:\windows\system32;C:\windows;C:\windows\System32\Wbem;C:\windows\System32\WindowsPowerShell\v1.0\;C:\windows\System32\OpenSSH\;C:\Program Files\Java\jdk1.8.0_201\bin;C:\Users\sumedha.katkade\AppData\Local\Android\Sdk\platform-tools;C:\Users\sumedha.katkade\AppData\Local\Android\Sdk\tools;C:\Program Files\Git\cmd;C:\Program Files\apache-maven-3.6.0\bin;C:\Program Files\nodejs\;C:\Users\mohanreddy.p\AppData\Local\Microsoft\WindowsApps;;C:\Users\mohanreddy.p\Downloads\eclipse-jee-photon-R-win32-x86_64\eclipse;;."/>
    <property name="java.specification.name" value="Java Platform API Specification"/>
    <property name="java.class.version" value="52.0"/>
    <property name="sun.management.compiler" value="HotSpot 64-Bit Tiered Compilers"/>
    <property name="os.version" value="10.0"/>
    <property name="user.home" value="C:\Users\mohanreddy.p"/>
    <property name="user.timezone" value="Asia/Calcutta"/>
    <property name="java.awt.printerjob" value="sun.awt.windows.WPrinterJob"/>
    <property name="java.specification.version" value="1.8"/>
    <property name="file.encoding" value="Cp1252"/>
    <property name="user.name" value="Mohanreddy.p"/>
    <property name="java.class.path" value="C:\Users\mohanreddy.p\Downloads\eclipse-jee-photon-R-win32-x86_64\eclipse\plugins\org.eclipse.m2e.maven.runtime_1.9.0.20180606-2035\jars\plexus-classworlds-2.5.2.jar"/>
    <property name="java.vm.specification.version" value="1.8"/>
    <property name="sun.arch.data.model" value="64"/>
    <property name="java.home" value="C:\Program Files\Java\jdk1.8.0_201\jre"/>
    <property name="sun.java.command" value="org.codehaus.plexus.classworlds.launcher.Launcher -B test"/>
    <property name="java.specification.vendor" value="Oracle Corporation"/>
    <property name="user.language" value="en"/>
    <property name="awt.toolkit" value="sun.awt.windows.WToolkit"/>
    <property name="java.vm.info" value="mixed mode"/>
    <property name="java.version" value="1.8.0_201"/>
    <property name="java.ext.dirs" value="C:\Program Files\Java\jdk1.8.0_201\jre\lib\ext;C:\windows\Sun\Java\lib\ext"/>
    <property name="sun.boot.class.path" value="C:\Program Files\Java\jdk1.8.0_201\jre\lib\resources.jar;C:\Program Files\Java\jdk1.8.0_201\jre\lib\rt.jar;C:\Program Files\Java\jdk1.8.0_201\jre\lib\sunrsasign.jar;C:\Program Files\Java\jdk1.8.0_201\jre\lib\jsse.jar;C:\Program Files\Java\jdk1.8.0_201\jre\lib\jce.jar;C:\Program Files\Java\jdk1.8.0_201\jre\lib\charsets.jar;C:\Program Files\Java\jdk1.8.0_201\jre\lib\jfr.jar;C:\Program Files\Java\jdk1.8.0_201\jre\classes"/>
    <property name="java.vendor" value="Oracle Corporation"/>
    <property name="maven.home" value="C:\Users\mohanreddy.p\eclipse-workspace\QAF-Newtours-project-maven2\EMBEDDED"/>
    <property name="file.separator" value="\"/>
    <property name="java.vendor.url.bug" value="http://bugreport.sun.com/bugreport/"/>
    <property name="sun.cpu.endian" value="little"/>
    <property name="sun.io.unicode.encoding" value="UnicodeLittle"/>
    <property name="sun.desktop" value="windows"/>
    <property name="sun.cpu.isalist" value="amd64"/>
  </properties>
  <testcase classname="com.pom.test.FlightBookingTest" name="bookingPage" time="121.655">
    <failure message="Timed out after 30 seconds waiting for presence of element located by: By.xpath: //*[@name=&apos;flight.continue.btn&apos; or @id=&apos;flight.continue.btn&apos; or @value=&apos;flight.continue.btn&apos;]
Build info: version: &apos;2.53.0&apos;, revision: &apos;35ae25b1534ae328c771e0856c93e187490ca824&apos;, time: &apos;2016-03-15 10:43:46&apos;
System info: host: &apos;ICPL13076&apos;, ip: &apos;10.11.24.78&apos;, os.name: &apos;Windows 10&apos;, os.arch: &apos;amd64&apos;, os.version: &apos;10.0&apos;, java.version: &apos;1.8.0_201&apos;
Driver info: driver.version: QAFExtendedWebDriver" type="org.openqa.selenium.TimeoutException">org.openqa.selenium.TimeoutException: Timed out after 30 seconds waiting for presence of element located by: By.xpath: //*[@name=&apos;flight.continue.btn&apos; or @id=&apos;flight.continue.btn&apos; or @value=&apos;flight.continue.btn&apos;]
Build info: version: &apos;2.53.0&apos;, revision: &apos;35ae25b1534ae328c771e0856c93e187490ca824&apos;, time: &apos;2016-03-15 10:43:46&apos;
System info: host: &apos;ICPL13076&apos;, ip: &apos;10.11.24.78&apos;, os.name: &apos;Windows 10&apos;, os.arch: &apos;amd64&apos;, os.version: &apos;10.0&apos;, java.version: &apos;1.8.0_201&apos;
Driver info: driver.version: QAFExtendedWebDriver
	at org.openqa.selenium.support.ui.FluentWait.timeoutException(FluentWait.java:292)
	at org.openqa.selenium.support.ui.FluentWait.until(FluentWait.java:261)
	at com.qmetry.qaf.automation.ui.webdriver.QAFExtendedWebDriver.load(QAFExtendedWebDriver.java:216)
	at com.qmetry.qaf.automation.ui.webdriver.QAFExtendedWebElement.load(QAFExtendedWebElement.java:299)
	at com.qmetry.qaf.automation.ui.webdriver.QAFExtendedWebElement.execute(QAFExtendedWebElement.java:250)
	at org.openqa.selenium.remote.RemoteWebElement.click(RemoteWebElement.java:85)
	at com.pom.pages.FlightBookingPage.doFlightBooking(FlightBookingPage.java:132)
	at com.pom.test.FlightBookingTest.bookingPage(FlightBookingTest.java:17)
Caused by: org.openqa.selenium.NoSuchElementException: no such element: Unable to locate element: {&quot;method&quot;:&quot;xpath&quot;,&quot;selector&quot;:&quot;//*[@name=&apos;flight.continue.btn&apos; or @id=&apos;flight.continue.btn&apos; or @value=&apos;flight.continue.btn&apos;]&quot;}
  (Session info: chrome=75.0.3770.100)
  (Driver info: chromedriver=75.0.3770.90 (a6dcaf7e3ec6f70a194cc25e8149475c6590e025-refs/branch-heads/3770@{#1003}),platform=Windows NT 10.0.17134 x86_64) (WARNING: The server did not provide any stacktrace information)
Command duration or timeout: 35 milliseconds
For documentation on this error, please visit: http://seleniumhq.org/exceptions/no_such_element.html
Build info: version: &apos;2.53.0&apos;, revision: &apos;35ae25b1534ae328c771e0856c93e187490ca824&apos;, time: &apos;2016-03-15 10:43:46&apos;
System info: host: &apos;ICPL13076&apos;, ip: &apos;10.11.24.78&apos;, os.name: &apos;Windows 10&apos;, os.arch: &apos;amd64&apos;, os.version: &apos;10.0&apos;, java.version: &apos;1.8.0_201&apos;
Driver info: com.qmetry.qaf.automation.ui.webdriver.QAFExtendedWebDriver
Capabilities [{mobileEmulationEnabled=false, timeouts={implicit=0, pageLoad=300000, script=30000}, hasTouchScreen=false, platform=XP, acceptSslCerts=false, goog:chromeOptions={debuggerAddress=localhost:62068}, acceptInsecureCerts=false, webStorageEnabled=true, browserName=chrome, takesScreenshot=true, javascriptEnabled=true, setWindowRect=true, unexpectedAlertBehaviour=ignore, applicationCacheEnabled=false, rotatable=false, networkConnectionEnabled=false, chrome={chromedriverVersion=75.0.3770.90 (a6dcaf7e3ec6f70a194cc25e8149475c6590e025-refs/branch-heads/3770@{#1003}), userDataDir=C:\Users\MOHANR~1.P\AppData\Local\Temp\scoped_dir228_24944}, takesHeapSnapshot=true, pageLoadStrategy=normal, strictFileInteractability=false, databaseEnabled=false, handlesAlerts=true, version=75.0.3770.100, browserConnectionEnabled=false, proxy={}, nativeEvents=true, locationContextEnabled=true, cssSelectorsEnabled=true}]
Session ID: 2e1666123f501a7f52b0d1cf7911fa0a
*** Element info: {Using=xpath, value=//*[@name=&apos;flight.continue.btn&apos; or @id=&apos;flight.continue.btn&apos; or @value=&apos;flight.continue.btn&apos;]}
	at sun.reflect.GeneratedConstructorAccessor12.newInstance(Unknown Source)
	at sun.reflect.DelegatingConstructorAccessorImpl.newInstance(DelegatingConstructorAccessorImpl.java:45)
	at java.lang.reflect.Constructor.newInstance(Constructor.java:423)
	at org.openqa.selenium.remote.ErrorHandler.createThrowable(ErrorHandler.java:206)
	at org.openqa.selenium.remote.ErrorHandler.throwIfResponseFailed(ErrorHandler.java:158)
	at org.openqa.selenium.remote.RemoteWebDriver.execute(RemoteWebDriver.java:678)
	at com.qmetry.qaf.automation.ui.webdriver.QAFExtendedWebDriver.execute(QAFExtendedWebDriver.java:236)
	at org.openqa.selenium.remote.RemoteWebDriver.findElement(RemoteWebDriver.java:363)
	at org.openqa.selenium.remote.RemoteWebDriver.findElementByXPath(RemoteWebDriver.java:500)
	at com.qmetry.qaf.automation.ui.webdriver.QAFExtendedWebDriver.findElementByXPath(QAFExtendedWebDriver.java:400)
	at com.qmetry.qaf.automation.ui.webdriver.QAFExtendedWebDriver.findElementByXPath(QAFExtendedWebDriver.java:1)
	at org.openqa.selenium.By$ByXPath.findElement(By.java:361)
	at org.openqa.selenium.remote.RemoteWebDriver.findElement(RemoteWebDriver.java:355)
	at com.qmetry.qaf.automation.ui.webdriver.QAFExtendedWebDriver.findElement(QAFExtendedWebDriver.java:171)
	at com.qmetry.qaf.automation.ui.webdriver.QAFExtendedWebDriver.findElement(QAFExtendedWebDriver.java:1)
	at org.openqa.selenium.support.ui.ExpectedConditions.findElement(ExpectedConditions.java:899)
	at org.openqa.selenium.support.ui.ExpectedConditions.access$000(ExpectedConditions.java:41)
	at org.openqa.selenium.support.ui.ExpectedConditions$6.apply(ExpectedConditions.java:181)
	at org.openqa.selenium.support.ui.ExpectedConditions$6.apply(ExpectedConditions.java:178)
	at org.openqa.selenium.support.ui.FluentWait.until(FluentWait.java:238)
	... 40 more
</failure>
    <system-out>[ConfigurationManager] - ISFW build info: {qaf-Type=core, qaf-Revision=13, qaf-Version=2.1, qaf-Build-Time=20-Feb-2018 00:19:29}
[ConfigurationManager] - Resource dir: C:\Users\mohanreddy.p\eclipse-workspace\QAF-Newtours-project-maven2\resources. Found property files to load: 6
[ConfigurationManager] - Resource dir: C:\Users\mohanreddy.p\eclipse-workspace\QAF-Newtours-project-maven2\resources. Found property files to load: 5
[QAFTestBase] - Initializing Driver...browser_str:chromeDriver,base_url:http://www.newtours.demoaut.com/,sel_server:localhost,port:4444
[UiDriverFactory] - Driver: chromeDriver
[QAFTestBase] - driver init done
[WebDriverCommandLogger] - Executing get parameters: {&quot;url&quot;:&quot;http://www.newtours.demoaut.com/&quot;}
[WebDriverCommandLogger] - command: get[ param-1: {url=http://www.newtours.demoaut.com/}] Result: null
[WebDriverCommandLogger] - Executing findElement parameters: {&quot;using&quot;:&quot;xpath&quot;,&quot;value&quot;:&quot;//input[@name=&apos;userName&apos;]&quot;}
[WebDriverCommandLogger] - command: findElement[ param-1: {value=//input[@name=&apos;userName&apos;], using=xpath}] Result: id: 0.5424092366814257-1
[WebDriverCommandLogger] - Executing sendKeysToElement element: By.xpath: //input[@name=&apos;userName&apos;] parameters: {&quot;id&quot;:&quot;0.5424092366814257-1&quot;,&quot;value&quot;:[&quot;guest&quot;]}
[WebDriverCommandLogger] - command: sendKeysToElement[ param-1: By.xpath: //input[@name=&apos;userName&apos;] param-2: {&quot;id&quot;:&quot;0.5424092366814257-1&quot;,&quot;value&quot;:[&quot;guest&quot;]}] Result: sendKeysToElement:null
[WebDriverCommandLogger] - Executing findElement parameters: {&quot;using&quot;:&quot;xpath&quot;,&quot;value&quot;:&quot;//input[@name=&apos;password&apos;]&quot;}
[WebDriverCommandLogger] - command: findElement[ param-1: {value=//input[@name=&apos;password&apos;], using=xpath}] Result: id: 0.5424092366814257-2
[WebDriverCommandLogger] - Executing sendKeysToElement element: By.xpath: //input[@name=&apos;password&apos;] parameters: {&quot;id&quot;:&quot;0.5424092366814257-2&quot;,&quot;value&quot;:[&quot;guest&quot;]}
[WebDriverCommandLogger] - command: sendKeysToElement[ param-1: By.xpath: //input[@name=&apos;password&apos;] param-2: {&quot;id&quot;:&quot;0.5424092366814257-2&quot;,&quot;value&quot;:[&quot;guest&quot;]}] Result: sendKeysToElement:null
[WebDriverCommandLogger] - Executing findElement parameters: {&quot;using&quot;:&quot;xpath&quot;,&quot;value&quot;:&quot;//input[@name=&apos;login&apos;]&quot;}
[WebDriverCommandLogger] - command: findElement[ param-1: {value=//input[@name=&apos;login&apos;], using=xpath}] Result: id: 0.5424092366814257-3
[WebDriverCommandLogger] - Executing clickElement element: By.xpath: //input[@name=&apos;login&apos;] parameters: {&quot;id&quot;:&quot;0.5424092366814257-3&quot;}
[WebDriverCommandLogger] - command: clickElement[ param-1: By.xpath: //input[@name=&apos;login&apos;] param-2: {&quot;id&quot;:&quot;0.5424092366814257-3&quot;}] Result: clickElement:null
[WebDriverCommandLogger] - Executing findElements parameters: {&quot;using&quot;:&quot;xpath&quot;,&quot;value&quot;:&quot;//*[@name=&apos;tripType&apos; or @id=&apos;tripType&apos; or @value=&apos;tripType&apos;]&quot;}
[WebDriverCommandLogger] - command: findElements[ param-1: {value=//*[@name=&apos;tripType&apos; or @id=&apos;tripType&apos; or @value=&apos;tripType&apos;], using=xpath}] Result: [id: 0.23614997943898097-1, id: 0.23614997943898097-2]
[WebDriverCommandLogger] - Executing findElement parameters: {&quot;using&quot;:&quot;xpath&quot;,&quot;value&quot;:&quot;//*[@name=&apos;tripType&apos; or @id=&apos;tripType&apos; or @value=&apos;tripType&apos;]&quot;}
[WebDriverCommandLogger] - command: findElement[ param-1: {value=//*[@name=&apos;tripType&apos; or @id=&apos;tripType&apos; or @value=&apos;tripType&apos;], using=xpath}] Result: id: 0.23614997943898097-1
[WebDriverCommandLogger] - Executing isElementDisplayed element: By.xpath: //*[@name=&apos;tripType&apos; or @id=&apos;tripType&apos; or @value=&apos;tripType&apos;] parameters: {&quot;id&quot;:&quot;0.23614997943898097-1&quot;}
[WebDriverCommandLogger] - command: isElementDisplayed[ param-1: By.xpath: //*[@name=&apos;tripType&apos; or @id=&apos;tripType&apos; or @value=&apos;tripType&apos;] param-2: {&quot;id&quot;:&quot;0.23614997943898097-1&quot;}] Result: isElementDisplayed:true
[WebDriverCommandLogger] - Executing findElements parameters: {&quot;using&quot;:&quot;xpath&quot;,&quot;value&quot;:&quot;//input[@name=&apos;tripType&apos; or @id=&apos;tripType&apos; or @value=&apos;tripType&apos;][@value=&apos;roundtrip&apos;]&quot;}
[WebDriverCommandLogger] - command: findElements[ param-1: {value=//input[@name=&apos;tripType&apos; or @id=&apos;tripType&apos; or @value=&apos;tripType&apos;][@value=&apos;roundtrip&apos;], using=xpath}] Result: [id: 0.23614997943898097-1]
[WebDriverCommandLogger] - Executing findElement parameters: {&quot;using&quot;:&quot;xpath&quot;,&quot;value&quot;:&quot;//input[@name=&apos;tripType&apos; or @id=&apos;tripType&apos; or @value=&apos;tripType&apos;][@value=&apos;roundtrip&apos;]&quot;}
[WebDriverCommandLogger] - command: findElement[ param-1: {value=//input[@name=&apos;tripType&apos; or @id=&apos;tripType&apos; or @value=&apos;tripType&apos;][@value=&apos;roundtrip&apos;], using=xpath}] Result: id: 0.23614997943898097-1
[WebDriverCommandLogger] - Executing isElementDisplayed element: By.xpath: //input[@name=&apos;tripType&apos; or @id=&apos;tripType&apos; or @value=&apos;tripType&apos;][@value=&apos;roundtrip&apos;] parameters: {&quot;id&quot;:&quot;0.23614997943898097-1&quot;}
[WebDriverCommandLogger] - command: isElementDisplayed[ param-1: By.xpath: //input[@name=&apos;tripType&apos; or @id=&apos;tripType&apos; or @value=&apos;tripType&apos;][@value=&apos;roundtrip&apos;] param-2: {&quot;id&quot;:&quot;0.23614997943898097-1&quot;}] Result: isElementDisplayed:true
[WebDriverCommandLogger] - Executing findElement parameters: {&quot;using&quot;:&quot;xpath&quot;,&quot;value&quot;:&quot;//input[@name=&apos;tripType&apos; or @id=&apos;tripType&apos; or @value=&apos;tripType&apos;][@value=&apos;roundtrip&apos;]&quot;}
[WebDriverCommandLogger] - command: findElement[ param-1: {value=//input[@name=&apos;tripType&apos; or @id=&apos;tripType&apos; or @value=&apos;tripType&apos;][@value=&apos;roundtrip&apos;], using=xpath}] Result: id: 0.23614997943898097-1
[WebDriverCommandLogger] - Executing isElementSelected element: By.xpath: //input[@name=&apos;tripType&apos; or @id=&apos;tripType&apos; or @value=&apos;tripType&apos;][@value=&apos;roundtrip&apos;] parameters: {&quot;id&quot;:&quot;0.23614997943898097-1&quot;}
[WebDriverCommandLogger] - command: isElementSelected[ param-1: By.xpath: //input[@name=&apos;tripType&apos; or @id=&apos;tripType&apos; or @value=&apos;tripType&apos;][@value=&apos;roundtrip&apos;] param-2: {&quot;id&quot;:&quot;0.23614997943898097-1&quot;}] Result: isElementSelected:true
[WebDriverCommandLogger] - Executing findElements parameters: {&quot;using&quot;:&quot;xpath&quot;,&quot;value&quot;:&quot;//*[@name=&apos;passCount&apos; or @id=&apos;passCount&apos; or @value=&apos;passCount&apos;]&quot;}
[WebDriverCommandLogger] - command: findElements[ param-1: {value=//*[@name=&apos;passCount&apos; or @id=&apos;passCount&apos; or @value=&apos;passCount&apos;], using=xpath}] Result: [id: 0.23614997943898097-3]
[WebDriverCommandLogger] - Executing findElement parameters: {&quot;using&quot;:&quot;xpath&quot;,&quot;value&quot;:&quot;//*[@name=&apos;passCount&apos; or @id=&apos;passCount&apos; or @value=&apos;passCount&apos;]&quot;}
[WebDriverCommandLogger] - command: findElement[ param-1: {value=//*[@name=&apos;passCount&apos; or @id=&apos;passCount&apos; or @value=&apos;passCount&apos;], using=xpath}] Result: id: 0.23614997943898097-3
[WebDriverCommandLogger] - Executing isElementDisplayed element: By.xpath: //*[@name=&apos;passCount&apos; or @id=&apos;passCount&apos; or @value=&apos;passCount&apos;] parameters: {&quot;id&quot;:&quot;0.23614997943898097-3&quot;}
[WebDriverCommandLogger] - command: isElementDisplayed[ param-1: By.xpath: //*[@name=&apos;passCount&apos; or @id=&apos;passCount&apos; or @value=&apos;passCount&apos;] param-2: {&quot;id&quot;:&quot;0.23614997943898097-3&quot;}] Result: isElementDisplayed:true
[WebDriverCommandLogger] - Executing findElements parameters: {&quot;using&quot;:&quot;xpath&quot;,&quot;value&quot;:&quot;//*[@name=&apos;passCount&apos; or @id=&apos;passCount&apos; or @value=&apos;passCount&apos;]&quot;}
[WebDriverCommandLogger] - command: findElements[ param-1: {value=//*[@name=&apos;passCount&apos; or @id=&apos;passCount&apos; or @value=&apos;passCount&apos;], using=xpath}] Result: [id: 0.23614997943898097-3]
[WebDriverCommandLogger] - Executing findElement parameters: {&quot;using&quot;:&quot;xpath&quot;,&quot;value&quot;:&quot;//*[@name=&apos;passCount&apos; or @id=&apos;passCount&apos; or @value=&apos;passCount&apos;]&quot;}
[WebDriverCommandLogger] - command: findElement[ param-1: {value=//*[@name=&apos;passCount&apos; or @id=&apos;passCount&apos; or @value=&apos;passCount&apos;], using=xpath}] Result: id: 0.23614997943898097-3
[WebDriverCommandLogger] - Executing isElementDisplayed element: By.xpath: //*[@name=&apos;passCount&apos; or @id=&apos;passCount&apos; or @value=&apos;passCount&apos;] parameters: {&quot;id&quot;:&quot;0.23614997943898097-3&quot;}
[WebDriverCommandLogger] - command: isElementDisplayed[ param-1: By.xpath: //*[@name=&apos;passCount&apos; or @id=&apos;passCount&apos; or @value=&apos;passCount&apos;] param-2: {&quot;id&quot;:&quot;0.23614997943898097-3&quot;}] Result: isElementDisplayed:true
[WebDriverCommandLogger] - Executing findElement parameters: {&quot;using&quot;:&quot;xpath&quot;,&quot;value&quot;:&quot;//*[@name=&apos;passCount&apos; or @id=&apos;passCount&apos; or @value=&apos;passCount&apos;]&quot;}
[WebDriverCommandLogger] - command: findElement[ param-1: {value=//*[@name=&apos;passCount&apos; or @id=&apos;passCount&apos; or @value=&apos;passCount&apos;], using=xpath}] Result: id: 0.23614997943898097-3
[WebDriverCommandLogger] - Executing findChildElement element: By.xpath: //*[@name=&apos;passCount&apos; or @id=&apos;passCount&apos; or @value=&apos;passCount&apos;] parameters: {&quot;using&quot;:&quot;xpath&quot;,&quot;id&quot;:&quot;0.23614997943898097-3&quot;,&quot;value&quot;:&quot;.//option[@value=&apos;1&apos; or @lineNo=1 or  @id=&apos;1&apos; or contains(.,&apos;1&apos;) ]&quot;}
[WebDriverCommandLogger] - command: findChildElement[ param-1: By.xpath: //*[@name=&apos;passCount&apos; or @id=&apos;passCount&apos; or @value=&apos;passCount&apos;] param-2: {&quot;using&quot;:&quot;xpath&quot;,&quot;id&quot;:&quot;0.23614997943898097-3&quot;,&quot;value&quot;:&quot;.//option[@value=&apos;1&apos; or @lineNo=1 or  @id=&apos;1&apos; or contains(.,&apos;1&apos;) ]&quot;}] Result: findChildElement:id: 0.23614997943898097-4
[WebDriverCommandLogger] - Executing isElementSelected element: By.xpath: .//option[@value=&apos;1&apos; or @lineNo=1 or  @id=&apos;1&apos; or contains(.,&apos;1&apos;) ] parameters: {&quot;id&quot;:&quot;0.23614997943898097-4&quot;}
[WebDriverCommandLogger] - command: isElementSelected[ param-1: By.xpath: .//option[@value=&apos;1&apos; or @lineNo=1 or  @id=&apos;1&apos; or contains(.,&apos;1&apos;) ] param-2: {&quot;id&quot;:&quot;0.23614997943898097-4&quot;}] Result: isElementSelected:true
[WebDriverCommandLogger] - Executing findElements parameters: {&quot;using&quot;:&quot;xpath&quot;,&quot;value&quot;:&quot;//*[@name=&apos;fromPort&apos; or @id=&apos;fromPort&apos; or @value=&apos;fromPort&apos;]&quot;}
[WebDriverCommandLogger] - command: findElements[ param-1: {value=//*[@name=&apos;fromPort&apos; or @id=&apos;fromPort&apos; or @value=&apos;fromPort&apos;], using=xpath}] Result: [id: 0.23614997943898097-5]
[WebDriverCommandLogger] - Executing findElement parameters: {&quot;using&quot;:&quot;xpath&quot;,&quot;value&quot;:&quot;//*[@name=&apos;fromPort&apos; or @id=&apos;fromPort&apos; or @value=&apos;fromPort&apos;]&quot;}
[WebDriverCommandLogger] - command: findElement[ param-1: {value=//*[@name=&apos;fromPort&apos; or @id=&apos;fromPort&apos; or @value=&apos;fromPort&apos;], using=xpath}] Result: id: 0.23614997943898097-5
[WebDriverCommandLogger] - Executing isElementDisplayed element: By.xpath: //*[@name=&apos;fromPort&apos; or @id=&apos;fromPort&apos; or @value=&apos;fromPort&apos;] parameters: {&quot;id&quot;:&quot;0.23614997943898097-5&quot;}
[WebDriverCommandLogger] - command: isElementDisplayed[ param-1: By.xpath: //*[@name=&apos;fromPort&apos; or @id=&apos;fromPort&apos; or @value=&apos;fromPort&apos;] param-2: {&quot;id&quot;:&quot;0.23614997943898097-5&quot;}] Result: isElementDisplayed:true
[WebDriverCommandLogger] - Executing findElements parameters: {&quot;using&quot;:&quot;xpath&quot;,&quot;value&quot;:&quot;//*[@name=&apos;fromPort&apos; or @id=&apos;fromPort&apos; or @value=&apos;fromPort&apos;]&quot;}
[WebDriverCommandLogger] - command: findElements[ param-1: {value=//*[@name=&apos;fromPort&apos; or @id=&apos;fromPort&apos; or @value=&apos;fromPort&apos;], using=xpath}] Result: [id: 0.23614997943898097-5]
[WebDriverCommandLogger] - Executing findElement parameters: {&quot;using&quot;:&quot;xpath&quot;,&quot;value&quot;:&quot;//*[@name=&apos;fromPort&apos; or @id=&apos;fromPort&apos; or @value=&apos;fromPort&apos;]&quot;}
[WebDriverCommandLogger] - command: findElement[ param-1: {value=//*[@name=&apos;fromPort&apos; or @id=&apos;fromPort&apos; or @value=&apos;fromPort&apos;], using=xpath}] Result: id: 0.23614997943898097-5
[WebDriverCommandLogger] - Executing isElementDisplayed element: By.xpath: //*[@name=&apos;fromPort&apos; or @id=&apos;fromPort&apos; or @value=&apos;fromPort&apos;] parameters: {&quot;id&quot;:&quot;0.23614997943898097-5&quot;}
[WebDriverCommandLogger] - command: isElementDisplayed[ param-1: By.xpath: //*[@name=&apos;fromPort&apos; or @id=&apos;fromPort&apos; or @value=&apos;fromPort&apos;] param-2: {&quot;id&quot;:&quot;0.23614997943898097-5&quot;}] Result: isElementDisplayed:true
[WebDriverCommandLogger] - Executing findElement parameters: {&quot;using&quot;:&quot;xpath&quot;,&quot;value&quot;:&quot;//*[@name=&apos;fromPort&apos; or @id=&apos;fromPort&apos; or @value=&apos;fromPort&apos;]&quot;}
[WebDriverCommandLogger] - command: findElement[ param-1: {value=//*[@name=&apos;fromPort&apos; or @id=&apos;fromPort&apos; or @value=&apos;fromPort&apos;], using=xpath}] Result: id: 0.23614997943898097-5
[WebDriverCommandLogger] - Executing findChildElement element: By.xpath: //*[@name=&apos;fromPort&apos; or @id=&apos;fromPort&apos; or @value=&apos;fromPort&apos;] parameters: {&quot;using&quot;:&quot;xpath&quot;,&quot;id&quot;:&quot;0.23614997943898097-5&quot;,&quot;value&quot;:&quot;.//option[translate(.,&apos;abcdefghijklmnopqrstuvwxyz&apos;,&apos;ABCDEFGHIJKLMNOPQRSTUVWXYZ&apos;)=&apos;PORTLAND&apos; or translate(@value,&apos;abcdefghijklmnopqrstuvwxyz&apos;,&apos;ABCDEFGHIJKLMNOPQRSTUVWXYZ&apos;)=&apos;PORTLAND&apos; or translate(@id,&apos;abcdefghijklmnopqrstuvwxyz&apos;,&apos;ABCDEFGHIJKLMNOPQRSTUVWXYZ&apos;)=&apos;PORTLAND&apos;]&quot;}
[WebDriverCommandLogger] - command: findChildElement[ param-1: By.xpath: //*[@name=&apos;fromPort&apos; or @id=&apos;fromPort&apos; or @value=&apos;fromPort&apos;] param-2: {&quot;using&quot;:&quot;xpath&quot;,&quot;id&quot;:&quot;0.23614997943898097-5&quot;,&quot;value&quot;:&quot;.//option[translate(.,&apos;abcdefghijklmnopqrstuvwxyz&apos;,&apos;ABCDEFGHIJKLMNOPQRSTUVWXYZ&apos;)=&apos;PORTLAND&apos; or translate(@value,&apos;abcdefghijklmnopqrstuvwxyz&apos;,&apos;ABCDEFGHIJKLMNOPQRSTUVWXYZ&apos;)=&apos;PORTLAND&apos; or translate(@id,&apos;abcdefghijklmnopqrstuvwxyz&apos;,&apos;ABCDEFGHIJKLMNOPQRSTUVWXYZ&apos;)=&apos;PORTLAND&apos;]&quot;}] Result: findChildElement:id: 0.23614997943898097-6
[WebDriverCommandLogger] - Executing isElementSelected element: By.xpath: .//option[translate(.,&apos;abcdefghijklmnopqrstuvwxyz&apos;,&apos;ABCDEFGHIJKLMNOPQRSTUVWXYZ&apos;)=&apos;PORTLAND&apos; or translate(@value,&apos;abcdefghijklmnopqrstuvwxyz&apos;,&apos;ABCDEFGHIJKLMNOPQRSTUVWXYZ&apos;)=&apos;PORTLAND&apos; or translate(@id,&apos;abcdefghijklmnopqrstuvwxyz&apos;,&apos;ABCDEFGHIJKLMNOPQRSTUVWXYZ&apos;)=&apos;PORTLAND&apos;] parameters: {&quot;id&quot;:&quot;0.23614997943898097-6&quot;}
[WebDriverCommandLogger] - command: isElementSelected[ param-1: By.xpath: .//option[translate(.,&apos;abcdefghijklmnopqrstuvwxyz&apos;,&apos;ABCDEFGHIJKLMNOPQRSTUVWXYZ&apos;)=&apos;PORTLAND&apos; or translate(@value,&apos;abcdefghijklmnopqrstuvwxyz&apos;,&apos;ABCDEFGHIJKLMNOPQRSTUVWXYZ&apos;)=&apos;PORTLAND&apos; or translate(@id,&apos;abcdefghijklmnopqrstuvwxyz&apos;,&apos;ABCDEFGHIJKLMNOPQRSTUVWXYZ&apos;)=&apos;PORTLAND&apos;] param-2: {&quot;id&quot;:&quot;0.23614997943898097-6&quot;}] Result: isElementSelected:false
[WebDriverCommandLogger] - Executing findElement parameters: {&quot;using&quot;:&quot;xpath&quot;,&quot;value&quot;:&quot;//*[@name=&apos;fromPort&apos; or @id=&apos;fromPort&apos; or @value=&apos;fromPort&apos;]&quot;}
[WebDriverCommandLogger] - command: findElement[ param-1: {value=//*[@name=&apos;fromPort&apos; or @id=&apos;fromPort&apos; or @value=&apos;fromPort&apos;], using=xpath}] Result: id: 0.23614997943898097-5
[WebDriverCommandLogger] - Executing findChildElement element: By.xpath: //*[@name=&apos;fromPort&apos; or @id=&apos;fromPort&apos; or @value=&apos;fromPort&apos;] parameters: {&quot;using&quot;:&quot;xpath&quot;,&quot;id&quot;:&quot;0.23614997943898097-5&quot;,&quot;value&quot;:&quot;.//option[translate(.,&apos;abcdefghijklmnopqrstuvwxyz&apos;,&apos;ABCDEFGHIJKLMNOPQRSTUVWXYZ&apos;)=&apos;PORTLAND&apos; or translate(@value,&apos;abcdefghijklmnopqrstuvwxyz&apos;,&apos;ABCDEFGHIJKLMNOPQRSTUVWXYZ&apos;)=&apos;PORTLAND&apos; or translate(@id,&apos;abcdefghijklmnopqrstuvwxyz&apos;,&apos;ABCDEFGHIJKLMNOPQRSTUVWXYZ&apos;)=&apos;PORTLAND&apos;]&quot;}
[WebDriverCommandLogger] - command: findChildElement[ param-1: By.xpath: //*[@name=&apos;fromPort&apos; or @id=&apos;fromPort&apos; or @value=&apos;fromPort&apos;] param-2: {&quot;using&quot;:&quot;xpath&quot;,&quot;id&quot;:&quot;0.23614997943898097-5&quot;,&quot;value&quot;:&quot;.//option[translate(.,&apos;abcdefghijklmnopqrstuvwxyz&apos;,&apos;ABCDEFGHIJKLMNOPQRSTUVWXYZ&apos;)=&apos;PORTLAND&apos; or translate(@value,&apos;abcdefghijklmnopqrstuvwxyz&apos;,&apos;ABCDEFGHIJKLMNOPQRSTUVWXYZ&apos;)=&apos;PORTLAND&apos; or translate(@id,&apos;abcdefghijklmnopqrstuvwxyz&apos;,&apos;ABCDEFGHIJKLMNOPQRSTUVWXYZ&apos;)=&apos;PORTLAND&apos;]&quot;}] Result: findChildElement:id: 0.23614997943898097-6
[WebDriverCommandLogger] - Executing clickElement element: By.xpath: .//option[translate(.,&apos;abcdefghijklmnopqrstuvwxyz&apos;,&apos;ABCDEFGHIJKLMNOPQRSTUVWXYZ&apos;)=&apos;PORTLAND&apos; or translate(@value,&apos;abcdefghijklmnopqrstuvwxyz&apos;,&apos;ABCDEFGHIJKLMNOPQRSTUVWXYZ&apos;)=&apos;PORTLAND&apos; or translate(@id,&apos;abcdefghijklmnopqrstuvwxyz&apos;,&apos;ABCDEFGHIJKLMNOPQRSTUVWXYZ&apos;)=&apos;PORTLAND&apos;] parameters: {&quot;id&quot;:&quot;0.23614997943898097-6&quot;}
[WebDriverCommandLogger] - command: clickElement[ param-1: By.xpath: .//option[translate(.,&apos;abcdefghijklmnopqrstuvwxyz&apos;,&apos;ABCDEFGHIJKLMNOPQRSTUVWXYZ&apos;)=&apos;PORTLAND&apos; or translate(@value,&apos;abcdefghijklmnopqrstuvwxyz&apos;,&apos;ABCDEFGHIJKLMNOPQRSTUVWXYZ&apos;)=&apos;PORTLAND&apos; or translate(@id,&apos;abcdefghijklmnopqrstuvwxyz&apos;,&apos;ABCDEFGHIJKLMNOPQRSTUVWXYZ&apos;)=&apos;PORTLAND&apos;] param-2: {&quot;id&quot;:&quot;0.23614997943898097-6&quot;}] Result: clickElement:null
[WebDriverCommandLogger] - Executing findElements parameters: {&quot;using&quot;:&quot;xpath&quot;,&quot;value&quot;:&quot;//*[@name=&apos;fromMonth&apos; or @id=&apos;fromMonth&apos; or @value=&apos;fromMonth&apos;]&quot;}
[WebDriverCommandLogger] - command: findElements[ param-1: {value=//*[@name=&apos;fromMonth&apos; or @id=&apos;fromMonth&apos; or @value=&apos;fromMonth&apos;], using=xpath}] Result: [id: 0.23614997943898097-7, id: 0.23614997943898097-8]
[WebDriverCommandLogger] - Executing findElement parameters: {&quot;using&quot;:&quot;xpath&quot;,&quot;value&quot;:&quot;//*[@name=&apos;fromMonth&apos; or @id=&apos;fromMonth&apos; or @value=&apos;fromMonth&apos;]&quot;}
[WebDriverCommandLogger] - command: findElement[ param-1: {value=//*[@name=&apos;fromMonth&apos; or @id=&apos;fromMonth&apos; or @value=&apos;fromMonth&apos;], using=xpath}] Result: id: 0.23614997943898097-7
[WebDriverCommandLogger] - Executing isElementDisplayed element: By.xpath: //*[@name=&apos;fromMonth&apos; or @id=&apos;fromMonth&apos; or @value=&apos;fromMonth&apos;] parameters: {&quot;id&quot;:&quot;0.23614997943898097-7&quot;}
[WebDriverCommandLogger] - command: isElementDisplayed[ param-1: By.xpath: //*[@name=&apos;fromMonth&apos; or @id=&apos;fromMonth&apos; or @value=&apos;fromMonth&apos;] param-2: {&quot;id&quot;:&quot;0.23614997943898097-7&quot;}] Result: isElementDisplayed:true
[WebDriverCommandLogger] - Executing findElements parameters: {&quot;using&quot;:&quot;xpath&quot;,&quot;value&quot;:&quot;//*[@name=&apos;fromMonth&apos; or @id=&apos;fromMonth&apos; or @value=&apos;fromMonth&apos;]&quot;}
[WebDriverCommandLogger] - command: findElements[ param-1: {value=//*[@name=&apos;fromMonth&apos; or @id=&apos;fromMonth&apos; or @value=&apos;fromMonth&apos;], using=xpath}] Result: [id: 0.23614997943898097-7, id: 0.23614997943898097-8]
[WebDriverCommandLogger] - Executing findElement parameters: {&quot;using&quot;:&quot;xpath&quot;,&quot;value&quot;:&quot;//*[@name=&apos;fromMonth&apos; or @id=&apos;fromMonth&apos; or @value=&apos;fromMonth&apos;]&quot;}
[WebDriverCommandLogger] - command: findElement[ param-1: {value=//*[@name=&apos;fromMonth&apos; or @id=&apos;fromMonth&apos; or @value=&apos;fromMonth&apos;], using=xpath}] Result: id: 0.23614997943898097-7
[WebDriverCommandLogger] - Executing isElementDisplayed element: By.xpath: //*[@name=&apos;fromMonth&apos; or @id=&apos;fromMonth&apos; or @value=&apos;fromMonth&apos;] parameters: {&quot;id&quot;:&quot;0.23614997943898097-7&quot;}
[WebDriverCommandLogger] - command: isElementDisplayed[ param-1: By.xpath: //*[@name=&apos;fromMonth&apos; or @id=&apos;fromMonth&apos; or @value=&apos;fromMonth&apos;] param-2: {&quot;id&quot;:&quot;0.23614997943898097-7&quot;}] Result: isElementDisplayed:true
[WebDriverCommandLogger] - Executing findElement parameters: {&quot;using&quot;:&quot;xpath&quot;,&quot;value&quot;:&quot;//*[@name=&apos;fromMonth&apos; or @id=&apos;fromMonth&apos; or @value=&apos;fromMonth&apos;]&quot;}
[WebDriverCommandLogger] - command: findElement[ param-1: {value=//*[@name=&apos;fromMonth&apos; or @id=&apos;fromMonth&apos; or @value=&apos;fromMonth&apos;], using=xpath}] Result: id: 0.23614997943898097-7
[WebDriverCommandLogger] - Executing findChildElement element: By.xpath: //*[@name=&apos;fromMonth&apos; or @id=&apos;fromMonth&apos; or @value=&apos;fromMonth&apos;] parameters: {&quot;using&quot;:&quot;xpath&quot;,&quot;id&quot;:&quot;0.23614997943898097-7&quot;,&quot;value&quot;:&quot;.//option[translate(.,&apos;abcdefghijklmnopqrstuvwxyz&apos;,&apos;ABCDEFGHIJKLMNOPQRSTUVWXYZ&apos;)=&apos;JULY&apos; or translate(@value,&apos;abcdefghijklmnopqrstuvwxyz&apos;,&apos;ABCDEFGHIJKLMNOPQRSTUVWXYZ&apos;)=&apos;JULY&apos; or translate(@id,&apos;abcdefghijklmnopqrstuvwxyz&apos;,&apos;ABCDEFGHIJKLMNOPQRSTUVWXYZ&apos;)=&apos;JULY&apos;]&quot;}
[WebDriverCommandLogger] - command: findChildElement[ param-1: By.xpath: //*[@name=&apos;fromMonth&apos; or @id=&apos;fromMonth&apos; or @value=&apos;fromMonth&apos;] param-2: {&quot;using&quot;:&quot;xpath&quot;,&quot;id&quot;:&quot;0.23614997943898097-7&quot;,&quot;value&quot;:&quot;.//option[translate(.,&apos;abcdefghijklmnopqrstuvwxyz&apos;,&apos;ABCDEFGHIJKLMNOPQRSTUVWXYZ&apos;)=&apos;JULY&apos; or translate(@value,&apos;abcdefghijklmnopqrstuvwxyz&apos;,&apos;ABCDEFGHIJKLMNOPQRSTUVWXYZ&apos;)=&apos;JULY&apos; or translate(@id,&apos;abcdefghijklmnopqrstuvwxyz&apos;,&apos;ABCDEFGHIJKLMNOPQRSTUVWXYZ&apos;)=&apos;JULY&apos;]&quot;}] Result: no such element: Unable to locate element: {&quot;method&quot;:&quot;xpath&quot;,&quot;selector&quot;:&quot;.//option[translate(.,&apos;abcdefghijklmnopqrstuvwxyz&apos;,&apos;ABCDEFGHIJKLMNOPQRSTUVWXYZ&apos;)=&apos;JULY&apos; or translate(@value,&apos;abcdefghijklmnopqrstuvwxyz&apos;,&apos;ABCDEFGHIJKLMNOPQRSTUVWXYZ&apos;)=&apos;JULY&apos; or translate(@id,&apos;abcdefghijklmnopqrstuvwxyz&apos;,&apos;ABCDEFGHIJKLMNOPQRSTUVWXYZ&apos;)=&apos;JULY&apos;]&quot;}
  (Session info: chrome=75.0.3770.100)
  (Driver info: chromedriver=75.0.3770.90 (a6dcaf7e3ec6f70a194cc25e8149475c6590e025-refs/branch-heads/3770@{#1003}),platform=Windows NT 10.0.17134 x86_64) (WARNING: The server did not provide any stacktrace information)
Command duration or timeout: 13 milliseconds
For documentation on this error, please visit: http://seleniumhq.org/exceptions/no_such_element.html
Build info: version: &apos;2.53.0&apos;, revision: &apos;35ae25b1534ae328c771e0856c93e187490ca824&apos;, time: &apos;2016-03-15 10:43:46&apos;
System info: host: &apos;ICPL13076&apos;, ip: &apos;10.11.24.78&apos;, os.name: &apos;Windows 10&apos;, os.arch: &apos;amd64&apos;, os.version: &apos;10.0&apos;, java.version: &apos;1.8.0_201&apos;
Driver info: com.qmetry.qaf.automation.ui.webdriver.QAFExtendedWebDriver
Capabilities [{mobileEmulationEnabled=false, timeouts={implicit=0, pageLoad=300000, script=30000}, hasTouchScreen=false, platform=XP, acceptSslCerts=false, goog:chromeOptions={debuggerAddress=localhost:62068}, acceptInsecureCerts=false, webStorageEnabled=true, browserName=chrome, takesScreenshot=true, javascriptEnabled=true, setWindowRect=true, unexpectedAlertBehaviour=ignore, applicationCacheEnabled=false, rotatable=false, networkConnectionEnabled=false, chrome={chromedriverVersion=75.0.3770.90 (a6dcaf7e3ec6f70a194cc25e8149475c6590e025-refs/branch-heads/3770@{#1003}), userDataDir=C:\Users\MOHANR~1.P\AppData\Local\Temp\scoped_dir228_24944}, takesHeapSnapshot=true, pageLoadStrategy=normal, strictFileInteractability=false, databaseEnabled=false, handlesAlerts=true, version=75.0.3770.100, browserConnectionEnabled=false, proxy={}, nativeEvents=true, locationContextEnabled=true, cssSelectorsEnabled=true}]
Session ID: 2e1666123f501a7f52b0d1cf7911fa0a
*** Element info: {Using=xpath, value=.//option[translate(.,&apos;abcdefghijklmnopqrstuvwxyz&apos;,&apos;ABCDEFGHIJKLMNOPQRSTUVWXYZ&apos;)=&apos;JULY&apos; or translate(@value,&apos;abcdefghijklmnopqrstuvwxyz&apos;,&apos;ABCDEFGHIJKLMNOPQRSTUVWXYZ&apos;)=&apos;JULY&apos; or translate(@id,&apos;abcdefghijklmnopqrstuvwxyz&apos;,&apos;ABCDEFGHIJKLMNOPQRSTUVWXYZ&apos;)=&apos;JULY&apos;]}
[WebDriverCommandLogger] - command: isElementSelected[ param-1: By.xpath: .//option[translate(.,&apos;abcdefghijklmnopqrstuvwxyz&apos;,&apos;ABCDEFGHIJKLMNOPQRSTUVWXYZ&apos;)=&apos;JULY&apos; or translate(@value,&apos;abcdefghijklmnopqrstuvwxyz&apos;,&apos;ABCDEFGHIJKLMNOPQRSTUVWXYZ&apos;)=&apos;JULY&apos; or translate(@id,&apos;abcdefghijklmnopqrstuvwxyz&apos;,&apos;ABCDEFGHIJKLMNOPQRSTUVWXYZ&apos;)=&apos;JULY&apos;] param-2: {&quot;id&quot;:&quot;-1&quot;}] Result: no such element: Unable to locate element: {&quot;method&quot;:&quot;xpath&quot;,&quot;selector&quot;:&quot;.//option[translate(.,&apos;abcdefghijklmnopqrstuvwxyz&apos;,&apos;ABCDEFGHIJKLMNOPQRSTUVWXYZ&apos;)=&apos;JULY&apos; or translate(@value,&apos;abcdefghijklmnopqrstuvwxyz&apos;,&apos;ABCDEFGHIJKLMNOPQRSTUVWXYZ&apos;)=&apos;JULY&apos; or translate(@id,&apos;abcdefghijklmnopqrstuvwxyz&apos;,&apos;ABCDEFGHIJKLMNOPQRSTUVWXYZ&apos;)=&apos;JULY&apos;]&quot;}
  (Session info: chrome=75.0.3770.100)
  (Driver info: chromedriver=75.0.3770.90 (a6dcaf7e3ec6f70a194cc25e8149475c6590e025-refs/branch-heads/3770@{#1003}),platform=Windows NT 10.0.17134 x86_64) (WARNING: The server did not provide any stacktrace information)
Command duration or timeout: 13 milliseconds
For documentation on this error, please visit: http://seleniumhq.org/exceptions/no_such_element.html
Build info: version: &apos;2.53.0&apos;, revision: &apos;35ae25b1534ae328c771e0856c93e187490ca824&apos;, time: &apos;2016-03-15 10:43:46&apos;
System info: host: &apos;ICPL13076&apos;, ip: &apos;10.11.24.78&apos;, os.name: &apos;Windows 10&apos;, os.arch: &apos;amd64&apos;, os.version: &apos;10.0&apos;, java.version: &apos;1.8.0_201&apos;
Driver info: com.qmetry.qaf.automation.ui.webdriver.QAFExtendedWebDriver
Capabilities [{mobileEmulationEnabled=false, timeouts={implicit=0, pageLoad=300000, script=30000}, hasTouchScreen=false, platform=XP, acceptSslCerts=false, goog:chromeOptions={debuggerAddress=localhost:62068}, acceptInsecureCerts=false, webStorageEnabled=true, browserName=chrome, takesScreenshot=true, javascriptEnabled=true, setWindowRect=true, unexpectedAlertBehaviour=ignore, applicationCacheEnabled=false, rotatable=false, networkConnectionEnabled=false, chrome={chromedriverVersion=75.0.3770.90 (a6dcaf7e3ec6f70a194cc25e8149475c6590e025-refs/branch-heads/3770@{#1003}), userDataDir=C:\Users\MOHANR~1.P\AppData\Local\Temp\scoped_dir228_24944}, takesHeapSnapshot=true, pageLoadStrategy=normal, strictFileInteractability=false, databaseEnabled=false, handlesAlerts=true, version=75.0.3770.100, browserConnectionEnabled=false, proxy={}, nativeEvents=true, locationContextEnabled=true, cssSelectorsEnabled=true}]
Session ID: 2e1666123f501a7f52b0d1cf7911fa0a
*** Element info: {Using=xpath, value=.//option[translate(.,&apos;abcdefghijklmnopqrstuvwxyz&apos;,&apos;ABCDEFGHIJKLMNOPQRSTUVWXYZ&apos;)=&apos;JULY&apos; or translate(@value,&apos;abcdefghijklmnopqrstuvwxyz&apos;,&apos;ABCDEFGHIJKLMNOPQRSTUVWXYZ&apos;)=&apos;JULY&apos; or translate(@id,&apos;abcdefghijklmnopqrstuvwxyz&apos;,&apos;ABCDEFGHIJKLMNOPQRSTUVWXYZ&apos;)=&apos;JULY&apos;]}
[WebDriverCommandLogger] - Executing findElement parameters: {&quot;using&quot;:&quot;xpath&quot;,&quot;value&quot;:&quot;//*[@name=&apos;fromMonth&apos; or @id=&apos;fromMonth&apos; or @value=&apos;fromMonth&apos;]&quot;}
[WebDriverCommandLogger] - command: findElement[ param-1: {value=//*[@name=&apos;fromMonth&apos; or @id=&apos;fromMonth&apos; or @value=&apos;fromMonth&apos;], using=xpath}] Result: id: 0.23614997943898097-7
[WebDriverCommandLogger] - Executing sendKeysToElement element: By.xpath: //*[@name=&apos;fromMonth&apos; or @id=&apos;fromMonth&apos; or @value=&apos;fromMonth&apos;] parameters: {&quot;id&quot;:&quot;0.23614997943898097-7&quot;,&quot;value&quot;:[&quot;july&quot;]}
[WebDriverCommandLogger] - command: sendKeysToElement[ param-1: By.xpath: //*[@name=&apos;fromMonth&apos; or @id=&apos;fromMonth&apos; or @value=&apos;fromMonth&apos;] param-2: {&quot;id&quot;:&quot;0.23614997943898097-7&quot;,&quot;value&quot;:[&quot;july&quot;]}] Result: sendKeysToElement:null
[WebDriverCommandLogger] - Executing findElements parameters: {&quot;using&quot;:&quot;xpath&quot;,&quot;value&quot;:&quot;//*[@name=&apos;fromDay&apos; or @id=&apos;fromDay&apos; or @value=&apos;fromDay&apos;]&quot;}
[WebDriverCommandLogger] - command: findElements[ param-1: {value=//*[@name=&apos;fromDay&apos; or @id=&apos;fromDay&apos; or @value=&apos;fromDay&apos;], using=xpath}] Result: [id: 0.23614997943898097-9, id: 0.23614997943898097-10]
[WebDriverCommandLogger] - Executing findElement parameters: {&quot;using&quot;:&quot;xpath&quot;,&quot;value&quot;:&quot;//*[@name=&apos;fromDay&apos; or @id=&apos;fromDay&apos; or @value=&apos;fromDay&apos;]&quot;}
[WebDriverCommandLogger] - command: findElement[ param-1: {value=//*[@name=&apos;fromDay&apos; or @id=&apos;fromDay&apos; or @value=&apos;fromDay&apos;], using=xpath}] Result: id: 0.23614997943898097-9
[WebDriverCommandLogger] - Executing isElementDisplayed element: By.xpath: //*[@name=&apos;fromDay&apos; or @id=&apos;fromDay&apos; or @value=&apos;fromDay&apos;] parameters: {&quot;id&quot;:&quot;0.23614997943898097-9&quot;}
[WebDriverCommandLogger] - command: isElementDisplayed[ param-1: By.xpath: //*[@name=&apos;fromDay&apos; or @id=&apos;fromDay&apos; or @value=&apos;fromDay&apos;] param-2: {&quot;id&quot;:&quot;0.23614997943898097-9&quot;}] Result: isElementDisplayed:true
[WebDriverCommandLogger] - Executing findElements parameters: {&quot;using&quot;:&quot;xpath&quot;,&quot;value&quot;:&quot;//*[@name=&apos;fromDay&apos; or @id=&apos;fromDay&apos; or @value=&apos;fromDay&apos;]&quot;}
[WebDriverCommandLogger] - command: findElements[ param-1: {value=//*[@name=&apos;fromDay&apos; or @id=&apos;fromDay&apos; or @value=&apos;fromDay&apos;], using=xpath}] Result: [id: 0.23614997943898097-9, id: 0.23614997943898097-10]
[WebDriverCommandLogger] - Executing findElement parameters: {&quot;using&quot;:&quot;xpath&quot;,&quot;value&quot;:&quot;//*[@name=&apos;fromDay&apos; or @id=&apos;fromDay&apos; or @value=&apos;fromDay&apos;]&quot;}
[WebDriverCommandLogger] - command: findElement[ param-1: {value=//*[@name=&apos;fromDay&apos; or @id=&apos;fromDay&apos; or @value=&apos;fromDay&apos;], using=xpath}] Result: id: 0.23614997943898097-9
[WebDriverCommandLogger] - Executing isElementDisplayed element: By.xpath: //*[@name=&apos;fromDay&apos; or @id=&apos;fromDay&apos; or @value=&apos;fromDay&apos;] parameters: {&quot;id&quot;:&quot;0.23614997943898097-9&quot;}
[WebDriverCommandLogger] - command: isElementDisplayed[ param-1: By.xpath: //*[@name=&apos;fromDay&apos; or @id=&apos;fromDay&apos; or @value=&apos;fromDay&apos;] param-2: {&quot;id&quot;:&quot;0.23614997943898097-9&quot;}] Result: isElementDisplayed:true
[WebDriverCommandLogger] - Executing findElement parameters: {&quot;using&quot;:&quot;xpath&quot;,&quot;value&quot;:&quot;//*[@name=&apos;fromDay&apos; or @id=&apos;fromDay&apos; or @value=&apos;fromDay&apos;]&quot;}
[WebDriverCommandLogger] - command: findElement[ param-1: {value=//*[@name=&apos;fromDay&apos; or @id=&apos;fromDay&apos; or @value=&apos;fromDay&apos;], using=xpath}] Result: id: 0.23614997943898097-9
[WebDriverCommandLogger] - Executing findChildElement element: By.xpath: //*[@name=&apos;fromDay&apos; or @id=&apos;fromDay&apos; or @value=&apos;fromDay&apos;] parameters: {&quot;using&quot;:&quot;xpath&quot;,&quot;id&quot;:&quot;0.23614997943898097-9&quot;,&quot;value&quot;:&quot;.//option[@value=&apos;6&apos; or @lineNo=6 or  @id=&apos;6&apos; or contains(.,&apos;6&apos;) ]&quot;}
[WebDriverCommandLogger] - command: findChildElement[ param-1: By.xpath: //*[@name=&apos;fromDay&apos; or @id=&apos;fromDay&apos; or @value=&apos;fromDay&apos;] param-2: {&quot;using&quot;:&quot;xpath&quot;,&quot;id&quot;:&quot;0.23614997943898097-9&quot;,&quot;value&quot;:&quot;.//option[@value=&apos;6&apos; or @lineNo=6 or  @id=&apos;6&apos; or contains(.,&apos;6&apos;) ]&quot;}] Result: findChildElement:id: 0.23614997943898097-11
[WebDriverCommandLogger] - Executing isElementSelected element: By.xpath: .//option[@value=&apos;6&apos; or @lineNo=6 or  @id=&apos;6&apos; or contains(.,&apos;6&apos;) ] parameters: {&quot;id&quot;:&quot;0.23614997943898097-11&quot;}
[WebDriverCommandLogger] - command: isElementSelected[ param-1: By.xpath: .//option[@value=&apos;6&apos; or @lineNo=6 or  @id=&apos;6&apos; or contains(.,&apos;6&apos;) ] param-2: {&quot;id&quot;:&quot;0.23614997943898097-11&quot;}] Result: isElementSelected:false
[WebDriverCommandLogger] - Executing findElement parameters: {&quot;using&quot;:&quot;xpath&quot;,&quot;value&quot;:&quot;//*[@name=&apos;fromDay&apos; or @id=&apos;fromDay&apos; or @value=&apos;fromDay&apos;]&quot;}
[WebDriverCommandLogger] - command: findElement[ param-1: {value=//*[@name=&apos;fromDay&apos; or @id=&apos;fromDay&apos; or @value=&apos;fromDay&apos;], using=xpath}] Result: id: 0.23614997943898097-9
[WebDriverCommandLogger] - Executing findChildElement element: By.xpath: //*[@name=&apos;fromDay&apos; or @id=&apos;fromDay&apos; or @value=&apos;fromDay&apos;] parameters: {&quot;using&quot;:&quot;xpath&quot;,&quot;id&quot;:&quot;0.23614997943898097-9&quot;,&quot;value&quot;:&quot;.//option[@value=&apos;6&apos; or @lineNo=6 or  @id=&apos;6&apos; or contains(.,&apos;6&apos;) ]&quot;}
[WebDriverCommandLogger] - command: findChildElement[ param-1: By.xpath: //*[@name=&apos;fromDay&apos; or @id=&apos;fromDay&apos; or @value=&apos;fromDay&apos;] param-2: {&quot;using&quot;:&quot;xpath&quot;,&quot;id&quot;:&quot;0.23614997943898097-9&quot;,&quot;value&quot;:&quot;.//option[@value=&apos;6&apos; or @lineNo=6 or  @id=&apos;6&apos; or contains(.,&apos;6&apos;) ]&quot;}] Result: findChildElement:id: 0.23614997943898097-11
[WebDriverCommandLogger] - Executing clickElement element: By.xpath: .//option[@value=&apos;6&apos; or @lineNo=6 or  @id=&apos;6&apos; or contains(.,&apos;6&apos;) ] parameters: {&quot;id&quot;:&quot;0.23614997943898097-11&quot;}
[WebDriverCommandLogger] - command: clickElement[ param-1: By.xpath: .//option[@value=&apos;6&apos; or @lineNo=6 or  @id=&apos;6&apos; or contains(.,&apos;6&apos;) ] param-2: {&quot;id&quot;:&quot;0.23614997943898097-11&quot;}] Result: clickElement:null
[WebDriverCommandLogger] - Executing findElements parameters: {&quot;using&quot;:&quot;xpath&quot;,&quot;value&quot;:&quot;//*[@name=&apos;toPort&apos; or @id=&apos;toPort&apos; or @value=&apos;toPort&apos;]&quot;}
[WebDriverCommandLogger] - command: findElements[ param-1: {value=//*[@name=&apos;toPort&apos; or @id=&apos;toPort&apos; or @value=&apos;toPort&apos;], using=xpath}] Result: [id: 0.23614997943898097-12]
[WebDriverCommandLogger] - Executing findElement parameters: {&quot;using&quot;:&quot;xpath&quot;,&quot;value&quot;:&quot;//*[@name=&apos;toPort&apos; or @id=&apos;toPort&apos; or @value=&apos;toPort&apos;]&quot;}
[WebDriverCommandLogger] - command: findElement[ param-1: {value=//*[@name=&apos;toPort&apos; or @id=&apos;toPort&apos; or @value=&apos;toPort&apos;], using=xpath}] Result: id: 0.23614997943898097-12
[WebDriverCommandLogger] - Executing isElementDisplayed element: By.xpath: //*[@name=&apos;toPort&apos; or @id=&apos;toPort&apos; or @value=&apos;toPort&apos;] parameters: {&quot;id&quot;:&quot;0.23614997943898097-12&quot;}
[WebDriverCommandLogger] - command: isElementDisplayed[ param-1: By.xpath: //*[@name=&apos;toPort&apos; or @id=&apos;toPort&apos; or @value=&apos;toPort&apos;] param-2: {&quot;id&quot;:&quot;0.23614997943898097-12&quot;}] Result: isElementDisplayed:true
[WebDriverCommandLogger] - Executing findElements parameters: {&quot;using&quot;:&quot;xpath&quot;,&quot;value&quot;:&quot;//*[@name=&apos;toPort&apos; or @id=&apos;toPort&apos; or @value=&apos;toPort&apos;]&quot;}
[WebDriverCommandLogger] - command: findElements[ param-1: {value=//*[@name=&apos;toPort&apos; or @id=&apos;toPort&apos; or @value=&apos;toPort&apos;], using=xpath}] Result: [id: 0.23614997943898097-12]
[WebDriverCommandLogger] - Executing findElement parameters: {&quot;using&quot;:&quot;xpath&quot;,&quot;value&quot;:&quot;//*[@name=&apos;toPort&apos; or @id=&apos;toPort&apos; or @value=&apos;toPort&apos;]&quot;}
[WebDriverCommandLogger] - command: findElement[ param-1: {value=//*[@name=&apos;toPort&apos; or @id=&apos;toPort&apos; or @value=&apos;toPort&apos;], using=xpath}] Result: id: 0.23614997943898097-12
[WebDriverCommandLogger] - Executing isElementDisplayed element: By.xpath: //*[@name=&apos;toPort&apos; or @id=&apos;toPort&apos; or @value=&apos;toPort&apos;] parameters: {&quot;id&quot;:&quot;0.23614997943898097-12&quot;}
[WebDriverCommandLogger] - command: isElementDisplayed[ param-1: By.xpath: //*[@name=&apos;toPort&apos; or @id=&apos;toPort&apos; or @value=&apos;toPort&apos;] param-2: {&quot;id&quot;:&quot;0.23614997943898097-12&quot;}] Result: isElementDisplayed:true
[WebDriverCommandLogger] - Executing findElement parameters: {&quot;using&quot;:&quot;xpath&quot;,&quot;value&quot;:&quot;//*[@name=&apos;toPort&apos; or @id=&apos;toPort&apos; or @value=&apos;toPort&apos;]&quot;}
[WebDriverCommandLogger] - command: findElement[ param-1: {value=//*[@name=&apos;toPort&apos; or @id=&apos;toPort&apos; or @value=&apos;toPort&apos;], using=xpath}] Result: id: 0.23614997943898097-12
[WebDriverCommandLogger] - Executing findChildElement element: By.xpath: //*[@name=&apos;toPort&apos; or @id=&apos;toPort&apos; or @value=&apos;toPort&apos;] parameters: {&quot;using&quot;:&quot;xpath&quot;,&quot;id&quot;:&quot;0.23614997943898097-12&quot;,&quot;value&quot;:&quot;.//option[translate(.,&apos;abcdefghijklmnopqrstuvwxyz&apos;,&apos;ABCDEFGHIJKLMNOPQRSTUVWXYZ&apos;)=&apos;NEW YORK&apos; or translate(@value,&apos;abcdefghijklmnopqrstuvwxyz&apos;,&apos;ABCDEFGHIJKLMNOPQRSTUVWXYZ&apos;)=&apos;NEW YORK&apos; or translate(@id,&apos;abcdefghijklmnopqrstuvwxyz&apos;,&apos;ABCDEFGHIJKLMNOPQRSTUVWXYZ&apos;)=&apos;NEW YORK&apos;]&quot;}
[WebDriverCommandLogger] - command: findChildElement[ param-1: By.xpath: //*[@name=&apos;toPort&apos; or @id=&apos;toPort&apos; or @value=&apos;toPort&apos;] param-2: {&quot;using&quot;:&quot;xpath&quot;,&quot;id&quot;:&quot;0.23614997943898097-12&quot;,&quot;value&quot;:&quot;.//option[translate(.,&apos;abcdefghijklmnopqrstuvwxyz&apos;,&apos;ABCDEFGHIJKLMNOPQRSTUVWXYZ&apos;)=&apos;NEW YORK&apos; or translate(@value,&apos;abcdefghijklmnopqrstuvwxyz&apos;,&apos;ABCDEFGHIJKLMNOPQRSTUVWXYZ&apos;)=&apos;NEW YORK&apos; or translate(@id,&apos;abcdefghijklmnopqrstuvwxyz&apos;,&apos;ABCDEFGHIJKLMNOPQRSTUVWXYZ&apos;)=&apos;NEW YORK&apos;]&quot;}] Result: findChildElement:id: 0.23614997943898097-13
[WebDriverCommandLogger] - Executing isElementSelected element: By.xpath: .//option[translate(.,&apos;abcdefghijklmnopqrstuvwxyz&apos;,&apos;ABCDEFGHIJKLMNOPQRSTUVWXYZ&apos;)=&apos;NEW YORK&apos; or translate(@value,&apos;abcdefghijklmnopqrstuvwxyz&apos;,&apos;ABCDEFGHIJKLMNOPQRSTUVWXYZ&apos;)=&apos;NEW YORK&apos; or translate(@id,&apos;abcdefghijklmnopqrstuvwxyz&apos;,&apos;ABCDEFGHIJKLMNOPQRSTUVWXYZ&apos;)=&apos;NEW YORK&apos;] parameters: {&quot;id&quot;:&quot;0.23614997943898097-13&quot;}
[WebDriverCommandLogger] - command: isElementSelected[ param-1: By.xpath: .//option[translate(.,&apos;abcdefghijklmnopqrstuvwxyz&apos;,&apos;ABCDEFGHIJKLMNOPQRSTUVWXYZ&apos;)=&apos;NEW YORK&apos; or translate(@value,&apos;abcdefghijklmnopqrstuvwxyz&apos;,&apos;ABCDEFGHIJKLMNOPQRSTUVWXYZ&apos;)=&apos;NEW YORK&apos; or translate(@id,&apos;abcdefghijklmnopqrstuvwxyz&apos;,&apos;ABCDEFGHIJKLMNOPQRSTUVWXYZ&apos;)=&apos;NEW YORK&apos;] param-2: {&quot;id&quot;:&quot;0.23614997943898097-13&quot;}] Result: isElementSelected:false
[WebDriverCommandLogger] - Executing findElement parameters: {&quot;using&quot;:&quot;xpath&quot;,&quot;value&quot;:&quot;//*[@name=&apos;toPort&apos; or @id=&apos;toPort&apos; or @value=&apos;toPort&apos;]&quot;}
[WebDriverCommandLogger] - command: findElement[ param-1: {value=//*[@name=&apos;toPort&apos; or @id=&apos;toPort&apos; or @value=&apos;toPort&apos;], using=xpath}] Result: id: 0.23614997943898097-12
[WebDriverCommandLogger] - Executing findChildElement element: By.xpath: //*[@name=&apos;toPort&apos; or @id=&apos;toPort&apos; or @value=&apos;toPort&apos;] parameters: {&quot;using&quot;:&quot;xpath&quot;,&quot;id&quot;:&quot;0.23614997943898097-12&quot;,&quot;value&quot;:&quot;.//option[translate(.,&apos;abcdefghijklmnopqrstuvwxyz&apos;,&apos;ABCDEFGHIJKLMNOPQRSTUVWXYZ&apos;)=&apos;NEW YORK&apos; or translate(@value,&apos;abcdefghijklmnopqrstuvwxyz&apos;,&apos;ABCDEFGHIJKLMNOPQRSTUVWXYZ&apos;)=&apos;NEW YORK&apos; or translate(@id,&apos;abcdefghijklmnopqrstuvwxyz&apos;,&apos;ABCDEFGHIJKLMNOPQRSTUVWXYZ&apos;)=&apos;NEW YORK&apos;]&quot;}
[WebDriverCommandLogger] - command: findChildElement[ param-1: By.xpath: //*[@name=&apos;toPort&apos; or @id=&apos;toPort&apos; or @value=&apos;toPort&apos;] param-2: {&quot;using&quot;:&quot;xpath&quot;,&quot;id&quot;:&quot;0.23614997943898097-12&quot;,&quot;value&quot;:&quot;.//option[translate(.,&apos;abcdefghijklmnopqrstuvwxyz&apos;,&apos;ABCDEFGHIJKLMNOPQRSTUVWXYZ&apos;)=&apos;NEW YORK&apos; or translate(@value,&apos;abcdefghijklmnopqrstuvwxyz&apos;,&apos;ABCDEFGHIJKLMNOPQRSTUVWXYZ&apos;)=&apos;NEW YORK&apos; or translate(@id,&apos;abcdefghijklmnopqrstuvwxyz&apos;,&apos;ABCDEFGHIJKLMNOPQRSTUVWXYZ&apos;)=&apos;NEW YORK&apos;]&quot;}] Result: findChildElement:id: 0.23614997943898097-13
[WebDriverCommandLogger] - Executing clickElement element: By.xpath: .//option[translate(.,&apos;abcdefghijklmnopqrstuvwxyz&apos;,&apos;ABCDEFGHIJKLMNOPQRSTUVWXYZ&apos;)=&apos;NEW YORK&apos; or translate(@value,&apos;abcdefghijklmnopqrstuvwxyz&apos;,&apos;ABCDEFGHIJKLMNOPQRSTUVWXYZ&apos;)=&apos;NEW YORK&apos; or translate(@id,&apos;abcdefghijklmnopqrstuvwxyz&apos;,&apos;ABCDEFGHIJKLMNOPQRSTUVWXYZ&apos;)=&apos;NEW YORK&apos;] parameters: {&quot;id&quot;:&quot;0.23614997943898097-13&quot;}
[WebDriverCommandLogger] - command: clickElement[ param-1: By.xpath: .//option[translate(.,&apos;abcdefghijklmnopqrstuvwxyz&apos;,&apos;ABCDEFGHIJKLMNOPQRSTUVWXYZ&apos;)=&apos;NEW YORK&apos; or translate(@value,&apos;abcdefghijklmnopqrstuvwxyz&apos;,&apos;ABCDEFGHIJKLMNOPQRSTUVWXYZ&apos;)=&apos;NEW YORK&apos; or translate(@id,&apos;abcdefghijklmnopqrstuvwxyz&apos;,&apos;ABCDEFGHIJKLMNOPQRSTUVWXYZ&apos;)=&apos;NEW YORK&apos;] param-2: {&quot;id&quot;:&quot;0.23614997943898097-13&quot;}] Result: clickElement:null
[WebDriverCommandLogger] - Executing findElements parameters: {&quot;using&quot;:&quot;xpath&quot;,&quot;value&quot;:&quot;//*[@name=&apos;toMonth&apos; or @id=&apos;toMonth&apos; or @value=&apos;toMonth&apos;]&quot;}
[WebDriverCommandLogger] - command: findElements[ param-1: {value=//*[@name=&apos;toMonth&apos; or @id=&apos;toMonth&apos; or @value=&apos;toMonth&apos;], using=xpath}] Result: [id: 0.23614997943898097-14, id: 0.23614997943898097-15]
[WebDriverCommandLogger] - Executing findElement parameters: {&quot;using&quot;:&quot;xpath&quot;,&quot;value&quot;:&quot;//*[@name=&apos;toMonth&apos; or @id=&apos;toMonth&apos; or @value=&apos;toMonth&apos;]&quot;}
[WebDriverCommandLogger] - command: findElement[ param-1: {value=//*[@name=&apos;toMonth&apos; or @id=&apos;toMonth&apos; or @value=&apos;toMonth&apos;], using=xpath}] Result: id: 0.23614997943898097-14
[WebDriverCommandLogger] - Executing isElementDisplayed element: By.xpath: //*[@name=&apos;toMonth&apos; or @id=&apos;toMonth&apos; or @value=&apos;toMonth&apos;] parameters: {&quot;id&quot;:&quot;0.23614997943898097-14&quot;}
[WebDriverCommandLogger] - command: isElementDisplayed[ param-1: By.xpath: //*[@name=&apos;toMonth&apos; or @id=&apos;toMonth&apos; or @value=&apos;toMonth&apos;] param-2: {&quot;id&quot;:&quot;0.23614997943898097-14&quot;}] Result: isElementDisplayed:true
[WebDriverCommandLogger] - Executing findElements parameters: {&quot;using&quot;:&quot;xpath&quot;,&quot;value&quot;:&quot;//*[@name=&apos;toMonth&apos; or @id=&apos;toMonth&apos; or @value=&apos;toMonth&apos;]&quot;}
[WebDriverCommandLogger] - command: findElements[ param-1: {value=//*[@name=&apos;toMonth&apos; or @id=&apos;toMonth&apos; or @value=&apos;toMonth&apos;], using=xpath}] Result: [id: 0.23614997943898097-14, id: 0.23614997943898097-15]
[WebDriverCommandLogger] - Executing findElement parameters: {&quot;using&quot;:&quot;xpath&quot;,&quot;value&quot;:&quot;//*[@name=&apos;toMonth&apos; or @id=&apos;toMonth&apos; or @value=&apos;toMonth&apos;]&quot;}
[WebDriverCommandLogger] - command: findElement[ param-1: {value=//*[@name=&apos;toMonth&apos; or @id=&apos;toMonth&apos; or @value=&apos;toMonth&apos;], using=xpath}] Result: id: 0.23614997943898097-14
[WebDriverCommandLogger] - Executing isElementDisplayed element: By.xpath: //*[@name=&apos;toMonth&apos; or @id=&apos;toMonth&apos; or @value=&apos;toMonth&apos;] parameters: {&quot;id&quot;:&quot;0.23614997943898097-14&quot;}
[WebDriverCommandLogger] - command: isElementDisplayed[ param-1: By.xpath: //*[@name=&apos;toMonth&apos; or @id=&apos;toMonth&apos; or @value=&apos;toMonth&apos;] param-2: {&quot;id&quot;:&quot;0.23614997943898097-14&quot;}] Result: isElementDisplayed:true
[WebDriverCommandLogger] - Executing findElement parameters: {&quot;using&quot;:&quot;xpath&quot;,&quot;value&quot;:&quot;//*[@name=&apos;toMonth&apos; or @id=&apos;toMonth&apos; or @value=&apos;toMonth&apos;]&quot;}
[WebDriverCommandLogger] - command: findElement[ param-1: {value=//*[@name=&apos;toMonth&apos; or @id=&apos;toMonth&apos; or @value=&apos;toMonth&apos;], using=xpath}] Result: id: 0.23614997943898097-14
[WebDriverCommandLogger] - Executing findChildElement element: By.xpath: //*[@name=&apos;toMonth&apos; or @id=&apos;toMonth&apos; or @value=&apos;toMonth&apos;] parameters: {&quot;using&quot;:&quot;xpath&quot;,&quot;id&quot;:&quot;0.23614997943898097-14&quot;,&quot;value&quot;:&quot;.//option[translate(.,&apos;abcdefghijklmnopqrstuvwxyz&apos;,&apos;ABCDEFGHIJKLMNOPQRSTUVWXYZ&apos;)=&apos;JULY&apos; or translate(@value,&apos;abcdefghijklmnopqrstuvwxyz&apos;,&apos;ABCDEFGHIJKLMNOPQRSTUVWXYZ&apos;)=&apos;JULY&apos; or translate(@id,&apos;abcdefghijklmnopqrstuvwxyz&apos;,&apos;ABCDEFGHIJKLMNOPQRSTUVWXYZ&apos;)=&apos;JULY&apos;]&quot;}
[WebDriverCommandLogger] - command: findChildElement[ param-1: By.xpath: //*[@name=&apos;toMonth&apos; or @id=&apos;toMonth&apos; or @value=&apos;toMonth&apos;] param-2: {&quot;using&quot;:&quot;xpath&quot;,&quot;id&quot;:&quot;0.23614997943898097-14&quot;,&quot;value&quot;:&quot;.//option[translate(.,&apos;abcdefghijklmnopqrstuvwxyz&apos;,&apos;ABCDEFGHIJKLMNOPQRSTUVWXYZ&apos;)=&apos;JULY&apos; or translate(@value,&apos;abcdefghijklmnopqrstuvwxyz&apos;,&apos;ABCDEFGHIJKLMNOPQRSTUVWXYZ&apos;)=&apos;JULY&apos; or translate(@id,&apos;abcdefghijklmnopqrstuvwxyz&apos;,&apos;ABCDEFGHIJKLMNOPQRSTUVWXYZ&apos;)=&apos;JULY&apos;]&quot;}] Result: no such element: Unable to locate element: {&quot;method&quot;:&quot;xpath&quot;,&quot;selector&quot;:&quot;.//option[translate(.,&apos;abcdefghijklmnopqrstuvwxyz&apos;,&apos;ABCDEFGHIJKLMNOPQRSTUVWXYZ&apos;)=&apos;JULY&apos; or translate(@value,&apos;abcdefghijklmnopqrstuvwxyz&apos;,&apos;ABCDEFGHIJKLMNOPQRSTUVWXYZ&apos;)=&apos;JULY&apos; or translate(@id,&apos;abcdefghijklmnopqrstuvwxyz&apos;,&apos;ABCDEFGHIJKLMNOPQRSTUVWXYZ&apos;)=&apos;JULY&apos;]&quot;}
  (Session info: chrome=75.0.3770.100)
  (Driver info: chromedriver=75.0.3770.90 (a6dcaf7e3ec6f70a194cc25e8149475c6590e025-refs/branch-heads/3770@{#1003}),platform=Windows NT 10.0.17134 x86_64) (WARNING: The server did not provide any stacktrace information)
Command duration or timeout: 13 milliseconds
For documentation on this error, please visit: http://seleniumhq.org/exceptions/no_such_element.html
Build info: version: &apos;2.53.0&apos;, revision: &apos;35ae25b1534ae328c771e0856c93e187490ca824&apos;, time: &apos;2016-03-15 10:43:46&apos;
System info: host: &apos;ICPL13076&apos;, ip: &apos;10.11.24.78&apos;, os.name: &apos;Windows 10&apos;, os.arch: &apos;amd64&apos;, os.version: &apos;10.0&apos;, java.version: &apos;1.8.0_201&apos;
Driver info: com.qmetry.qaf.automation.ui.webdriver.QAFExtendedWebDriver
Capabilities [{mobileEmulationEnabled=false, timeouts={implicit=0, pageLoad=300000, script=30000}, hasTouchScreen=false, platform=XP, acceptSslCerts=false, goog:chromeOptions={debuggerAddress=localhost:62068}, acceptInsecureCerts=false, webStorageEnabled=true, browserName=chrome, takesScreenshot=true, javascriptEnabled=true, setWindowRect=true, unexpectedAlertBehaviour=ignore, applicationCacheEnabled=false, rotatable=false, networkConnectionEnabled=false, chrome={chromedriverVersion=75.0.3770.90 (a6dcaf7e3ec6f70a194cc25e8149475c6590e025-refs/branch-heads/3770@{#1003}), userDataDir=C:\Users\MOHANR~1.P\AppData\Local\Temp\scoped_dir228_24944}, takesHeapSnapshot=true, pageLoadStrategy=normal, strictFileInteractability=false, databaseEnabled=false, handlesAlerts=true, version=75.0.3770.100, browserConnectionEnabled=false, proxy={}, nativeEvents=true, locationContextEnabled=true, cssSelectorsEnabled=true}]
Session ID: 2e1666123f501a7f52b0d1cf7911fa0a
*** Element info: {Using=xpath, value=.//option[translate(.,&apos;abcdefghijklmnopqrstuvwxyz&apos;,&apos;ABCDEFGHIJKLMNOPQRSTUVWXYZ&apos;)=&apos;JULY&apos; or translate(@value,&apos;abcdefghijklmnopqrstuvwxyz&apos;,&apos;ABCDEFGHIJKLMNOPQRSTUVWXYZ&apos;)=&apos;JULY&apos; or translate(@id,&apos;abcdefghijklmnopqrstuvwxyz&apos;,&apos;ABCDEFGHIJKLMNOPQRSTUVWXYZ&apos;)=&apos;JULY&apos;]}
[WebDriverCommandLogger] - command: isElementSelected[ param-1: By.xpath: .//option[translate(.,&apos;abcdefghijklmnopqrstuvwxyz&apos;,&apos;ABCDEFGHIJKLMNOPQRSTUVWXYZ&apos;)=&apos;JULY&apos; or translate(@value,&apos;abcdefghijklmnopqrstuvwxyz&apos;,&apos;ABCDEFGHIJKLMNOPQRSTUVWXYZ&apos;)=&apos;JULY&apos; or translate(@id,&apos;abcdefghijklmnopqrstuvwxyz&apos;,&apos;ABCDEFGHIJKLMNOPQRSTUVWXYZ&apos;)=&apos;JULY&apos;] param-2: {&quot;id&quot;:&quot;-1&quot;}] Result: no such element: Unable to locate element: {&quot;method&quot;:&quot;xpath&quot;,&quot;selector&quot;:&quot;.//option[translate(.,&apos;abcdefghijklmnopqrstuvwxyz&apos;,&apos;ABCDEFGHIJKLMNOPQRSTUVWXYZ&apos;)=&apos;JULY&apos; or translate(@value,&apos;abcdefghijklmnopqrstuvwxyz&apos;,&apos;ABCDEFGHIJKLMNOPQRSTUVWXYZ&apos;)=&apos;JULY&apos; or translate(@id,&apos;abcdefghijklmnopqrstuvwxyz&apos;,&apos;ABCDEFGHIJKLMNOPQRSTUVWXYZ&apos;)=&apos;JULY&apos;]&quot;}
  (Session info: chrome=75.0.3770.100)
  (Driver info: chromedriver=75.0.3770.90 (a6dcaf7e3ec6f70a194cc25e8149475c6590e025-refs/branch-heads/3770@{#1003}),platform=Windows NT 10.0.17134 x86_64) (WARNING: The server did not provide any stacktrace information)
Command duration or timeout: 13 milliseconds
For documentation on this error, please visit: http://seleniumhq.org/exceptions/no_such_element.html
Build info: version: &apos;2.53.0&apos;, revision: &apos;35ae25b1534ae328c771e0856c93e187490ca824&apos;, time: &apos;2016-03-15 10:43:46&apos;
System info: host: &apos;ICPL13076&apos;, ip: &apos;10.11.24.78&apos;, os.name: &apos;Windows 10&apos;, os.arch: &apos;amd64&apos;, os.version: &apos;10.0&apos;, java.version: &apos;1.8.0_201&apos;
Driver info: com.qmetry.qaf.automation.ui.webdriver.QAFExtendedWebDriver
Capabilities [{mobileEmulationEnabled=false, timeouts={implicit=0, pageLoad=300000, script=30000}, hasTouchScreen=false, platform=XP, acceptSslCerts=false, goog:chromeOptions={debuggerAddress=localhost:62068}, acceptInsecureCerts=false, webStorageEnabled=true, browserName=chrome, takesScreenshot=true, javascriptEnabled=true, setWindowRect=true, unexpectedAlertBehaviour=ignore, applicationCacheEnabled=false, rotatable=false, networkConnectionEnabled=false, chrome={chromedriverVersion=75.0.3770.90 (a6dcaf7e3ec6f70a194cc25e8149475c6590e025-refs/branch-heads/3770@{#1003}), userDataDir=C:\Users\MOHANR~1.P\AppData\Local\Temp\scoped_dir228_24944}, takesHeapSnapshot=true, pageLoadStrategy=normal, strictFileInteractability=false, databaseEnabled=false, handlesAlerts=true, version=75.0.3770.100, browserConnectionEnabled=false, proxy={}, nativeEvents=true, locationContextEnabled=true, cssSelectorsEnabled=true}]
Session ID: 2e1666123f501a7f52b0d1cf7911fa0a
*** Element info: {Using=xpath, value=.//option[translate(.,&apos;abcdefghijklmnopqrstuvwxyz&apos;,&apos;ABCDEFGHIJKLMNOPQRSTUVWXYZ&apos;)=&apos;JULY&apos; or translate(@value,&apos;abcdefghijklmnopqrstuvwxyz&apos;,&apos;ABCDEFGHIJKLMNOPQRSTUVWXYZ&apos;)=&apos;JULY&apos; or translate(@id,&apos;abcdefghijklmnopqrstuvwxyz&apos;,&apos;ABCDEFGHIJKLMNOPQRSTUVWXYZ&apos;)=&apos;JULY&apos;]}
[WebDriverCommandLogger] - Executing findElement parameters: {&quot;using&quot;:&quot;xpath&quot;,&quot;value&quot;:&quot;//*[@name=&apos;toMonth&apos; or @id=&apos;toMonth&apos; or @value=&apos;toMonth&apos;]&quot;}
[WebDriverCommandLogger] - command: findElement[ param-1: {value=//*[@name=&apos;toMonth&apos; or @id=&apos;toMonth&apos; or @value=&apos;toMonth&apos;], using=xpath}] Result: id: 0.23614997943898097-14
[WebDriverCommandLogger] - Executing sendKeysToElement element: By.xpath: //*[@name=&apos;toMonth&apos; or @id=&apos;toMonth&apos; or @value=&apos;toMonth&apos;] parameters: {&quot;id&quot;:&quot;0.23614997943898097-14&quot;,&quot;value&quot;:[&quot;july&quot;]}
[WebDriverCommandLogger] - command: sendKeysToElement[ param-1: By.xpath: //*[@name=&apos;toMonth&apos; or @id=&apos;toMonth&apos; or @value=&apos;toMonth&apos;] param-2: {&quot;id&quot;:&quot;0.23614997943898097-14&quot;,&quot;value&quot;:[&quot;july&quot;]}] Result: sendKeysToElement:null
[WebDriverCommandLogger] - Executing findElements parameters: {&quot;using&quot;:&quot;xpath&quot;,&quot;value&quot;:&quot;//*[@name=&apos;toDay&apos; or @id=&apos;toDay&apos; or @value=&apos;toDay&apos;]&quot;}
[WebDriverCommandLogger] - command: findElements[ param-1: {value=//*[@name=&apos;toDay&apos; or @id=&apos;toDay&apos; or @value=&apos;toDay&apos;], using=xpath}] Result: [id: 0.23614997943898097-16, id: 0.23614997943898097-17]
[WebDriverCommandLogger] - Executing findElement parameters: {&quot;using&quot;:&quot;xpath&quot;,&quot;value&quot;:&quot;//*[@name=&apos;toDay&apos; or @id=&apos;toDay&apos; or @value=&apos;toDay&apos;]&quot;}
[WebDriverCommandLogger] - command: findElement[ param-1: {value=//*[@name=&apos;toDay&apos; or @id=&apos;toDay&apos; or @value=&apos;toDay&apos;], using=xpath}] Result: id: 0.23614997943898097-16
[WebDriverCommandLogger] - Executing isElementDisplayed element: By.xpath: //*[@name=&apos;toDay&apos; or @id=&apos;toDay&apos; or @value=&apos;toDay&apos;] parameters: {&quot;id&quot;:&quot;0.23614997943898097-16&quot;}
[WebDriverCommandLogger] - command: isElementDisplayed[ param-1: By.xpath: //*[@name=&apos;toDay&apos; or @id=&apos;toDay&apos; or @value=&apos;toDay&apos;] param-2: {&quot;id&quot;:&quot;0.23614997943898097-16&quot;}] Result: isElementDisplayed:true
[WebDriverCommandLogger] - Executing findElements parameters: {&quot;using&quot;:&quot;xpath&quot;,&quot;value&quot;:&quot;//*[@name=&apos;toDay&apos; or @id=&apos;toDay&apos; or @value=&apos;toDay&apos;]&quot;}
[WebDriverCommandLogger] - command: findElements[ param-1: {value=//*[@name=&apos;toDay&apos; or @id=&apos;toDay&apos; or @value=&apos;toDay&apos;], using=xpath}] Result: [id: 0.23614997943898097-16, id: 0.23614997943898097-17]
[WebDriverCommandLogger] - Executing findElement parameters: {&quot;using&quot;:&quot;xpath&quot;,&quot;value&quot;:&quot;//*[@name=&apos;toDay&apos; or @id=&apos;toDay&apos; or @value=&apos;toDay&apos;]&quot;}
[WebDriverCommandLogger] - command: findElement[ param-1: {value=//*[@name=&apos;toDay&apos; or @id=&apos;toDay&apos; or @value=&apos;toDay&apos;], using=xpath}] Result: id: 0.23614997943898097-16
[WebDriverCommandLogger] - Executing isElementDisplayed element: By.xpath: //*[@name=&apos;toDay&apos; or @id=&apos;toDay&apos; or @value=&apos;toDay&apos;] parameters: {&quot;id&quot;:&quot;0.23614997943898097-16&quot;}
[WebDriverCommandLogger] - command: isElementDisplayed[ param-1: By.xpath: //*[@name=&apos;toDay&apos; or @id=&apos;toDay&apos; or @value=&apos;toDay&apos;] param-2: {&quot;id&quot;:&quot;0.23614997943898097-16&quot;}] Result: isElementDisplayed:true
[WebDriverCommandLogger] - Executing findElement parameters: {&quot;using&quot;:&quot;xpath&quot;,&quot;value&quot;:&quot;//*[@name=&apos;toDay&apos; or @id=&apos;toDay&apos; or @value=&apos;toDay&apos;]&quot;}
[WebDriverCommandLogger] - command: findElement[ param-1: {value=//*[@name=&apos;toDay&apos; or @id=&apos;toDay&apos; or @value=&apos;toDay&apos;], using=xpath}] Result: id: 0.23614997943898097-16
[WebDriverCommandLogger] - Executing findChildElement element: By.xpath: //*[@name=&apos;toDay&apos; or @id=&apos;toDay&apos; or @value=&apos;toDay&apos;] parameters: {&quot;using&quot;:&quot;xpath&quot;,&quot;id&quot;:&quot;0.23614997943898097-16&quot;,&quot;value&quot;:&quot;.//option[@value=&apos;11&apos; or @lineNo=11 or  @id=&apos;11&apos; or contains(.,&apos;11&apos;) ]&quot;}
[WebDriverCommandLogger] - command: findChildElement[ param-1: By.xpath: //*[@name=&apos;toDay&apos; or @id=&apos;toDay&apos; or @value=&apos;toDay&apos;] param-2: {&quot;using&quot;:&quot;xpath&quot;,&quot;id&quot;:&quot;0.23614997943898097-16&quot;,&quot;value&quot;:&quot;.//option[@value=&apos;11&apos; or @lineNo=11 or  @id=&apos;11&apos; or contains(.,&apos;11&apos;) ]&quot;}] Result: findChildElement:id: 0.23614997943898097-18
[WebDriverCommandLogger] - Executing isElementSelected element: By.xpath: .//option[@value=&apos;11&apos; or @lineNo=11 or  @id=&apos;11&apos; or contains(.,&apos;11&apos;) ] parameters: {&quot;id&quot;:&quot;0.23614997943898097-18&quot;}
[WebDriverCommandLogger] - command: isElementSelected[ param-1: By.xpath: .//option[@value=&apos;11&apos; or @lineNo=11 or  @id=&apos;11&apos; or contains(.,&apos;11&apos;) ] param-2: {&quot;id&quot;:&quot;0.23614997943898097-18&quot;}] Result: isElementSelected:false
[WebDriverCommandLogger] - Executing findElement parameters: {&quot;using&quot;:&quot;xpath&quot;,&quot;value&quot;:&quot;//*[@name=&apos;toDay&apos; or @id=&apos;toDay&apos; or @value=&apos;toDay&apos;]&quot;}
[WebDriverCommandLogger] - command: findElement[ param-1: {value=//*[@name=&apos;toDay&apos; or @id=&apos;toDay&apos; or @value=&apos;toDay&apos;], using=xpath}] Result: id: 0.23614997943898097-16
[WebDriverCommandLogger] - Executing findChildElement element: By.xpath: //*[@name=&apos;toDay&apos; or @id=&apos;toDay&apos; or @value=&apos;toDay&apos;] parameters: {&quot;using&quot;:&quot;xpath&quot;,&quot;id&quot;:&quot;0.23614997943898097-16&quot;,&quot;value&quot;:&quot;.//option[@value=&apos;11&apos; or @lineNo=11 or  @id=&apos;11&apos; or contains(.,&apos;11&apos;) ]&quot;}
[WebDriverCommandLogger] - command: findChildElement[ param-1: By.xpath: //*[@name=&apos;toDay&apos; or @id=&apos;toDay&apos; or @value=&apos;toDay&apos;] param-2: {&quot;using&quot;:&quot;xpath&quot;,&quot;id&quot;:&quot;0.23614997943898097-16&quot;,&quot;value&quot;:&quot;.//option[@value=&apos;11&apos; or @lineNo=11 or  @id=&apos;11&apos; or contains(.,&apos;11&apos;) ]&quot;}] Result: findChildElement:id: 0.23614997943898097-18
[WebDriverCommandLogger] - Executing clickElement element: By.xpath: .//option[@value=&apos;11&apos; or @lineNo=11 or  @id=&apos;11&apos; or contains(.,&apos;11&apos;) ] parameters: {&quot;id&quot;:&quot;0.23614997943898097-18&quot;}
[WebDriverCommandLogger] - command: clickElement[ param-1: By.xpath: .//option[@value=&apos;11&apos; or @lineNo=11 or  @id=&apos;11&apos; or contains(.,&apos;11&apos;) ] param-2: {&quot;id&quot;:&quot;0.23614997943898097-18&quot;}] Result: clickElement:null
[WebDriverCommandLogger] - Executing findElement parameters: {&quot;using&quot;:&quot;xpath&quot;,&quot;value&quot;:&quot;//*[@name=&apos;flight.continue.btn&apos; or @id=&apos;flight.continue.btn&apos; or @value=&apos;flight.continue.btn&apos;]&quot;}
[WebDriverCommandLogger] - command: findElement[ param-1: {value=//*[@name=&apos;flight.continue.btn&apos; or @id=&apos;flight.continue.btn&apos; or @value=&apos;flight.continue.btn&apos;], using=xpath}] Result: no such element: Unable to locate element: {&quot;method&quot;:&quot;xpath&quot;,&quot;selector&quot;:&quot;//*[@name=&apos;flight.continue.btn&apos; or @id=&apos;flight.continue.btn&apos; or @value=&apos;flight.continue.btn&apos;]&quot;}
  (Session info: chrome=75.0.3770.100)
  (Driver info: chromedriver=75.0.3770.90 (a6dcaf7e3ec6f70a194cc25e8149475c6590e025-refs/branch-heads/3770@{#1003}),platform=Windows NT 10.0.17134 x86_64) (WARNING: The server did not provide any stacktrace information)
Command duration or timeout: 14 milliseconds
For documentation on this error, please visit: http://seleniumhq.org/exceptions/no_such_element.html
Build info: version: &apos;2.53.0&apos;, revision: &apos;35ae25b1534ae328c771e0856c93e187490ca824&apos;, time: &apos;2016-03-15 10:43:46&apos;
System info: host: &apos;ICPL13076&apos;, ip: &apos;10.11.24.78&apos;, os.name: &apos;Windows 10&apos;, os.arch: &apos;amd64&apos;, os.version: &apos;10.0&apos;, java.version: &apos;1.8.0_201&apos;
Driver info: com.qmetry.qaf.automation.ui.webdriver.QAFExtendedWebDriver
Capabilities [{mobileEmulationEnabled=false, timeouts={implicit=0, pageLoad=300000, script=30000}, hasTouchScreen=false, platform=XP, acceptSslCerts=false, goog:chromeOptions={debuggerAddress=localhost:62068}, acceptInsecureCerts=false, webStorageEnabled=true, browserName=chrome, takesScreenshot=true, javascriptEnabled=true, setWindowRect=true, unexpectedAlertBehaviour=ignore, applicationCacheEnabled=false, rotatable=false, networkConnectionEnabled=false, chrome={chromedriverVersion=75.0.3770.90 (a6dcaf7e3ec6f70a194cc25e8149475c6590e025-refs/branch-heads/3770@{#1003}), userDataDir=C:\Users\MOHANR~1.P\AppData\Local\Temp\scoped_dir228_24944}, takesHeapSnapshot=true, pageLoadStrategy=normal, strictFileInteractability=false, databaseEnabled=false, handlesAlerts=true, version=75.0.3770.100, browserConnectionEnabled=false, proxy={}, nativeEvents=true, locationContextEnabled=true, cssSelectorsEnabled=true}]
Session ID: 2e1666123f501a7f52b0d1cf7911fa0a
*** Element info: {Using=xpath, value=//*[@name=&apos;flight.continue.btn&apos; or @id=&apos;flight.continue.btn&apos; or @value=&apos;flight.continue.btn&apos;]}
[WebDriverCommandLogger] - Executing findElement parameters: {&quot;using&quot;:&quot;xpath&quot;,&quot;value&quot;:&quot;//*[@name=&apos;flight.continue.btn&apos; or @id=&apos;flight.continue.btn&apos; or @value=&apos;flight.continue.btn&apos;]&quot;}
[WebDriverCommandLogger] - command: findElement[ param-1: {value=//*[@name=&apos;flight.continue.btn&apos; or @id=&apos;flight.continue.btn&apos; or @value=&apos;flight.continue.btn&apos;], using=xpath}] Result: no such element: Unable to locate element: {&quot;method&quot;:&quot;xpath&quot;,&quot;selector&quot;:&quot;//*[@name=&apos;flight.continue.btn&apos; or @id=&apos;flight.continue.btn&apos; or @value=&apos;flight.continue.btn&apos;]&quot;}
  (Session info: chrome=75.0.3770.100)
  (Driver info: chromedriver=75.0.3770.90 (a6dcaf7e3ec6f70a194cc25e8149475c6590e025-refs/branch-heads/3770@{#1003}),platform=Windows NT 10.0.17134 x86_64) (WARNING: The server did not provide any stacktrace information)
Command duration or timeout: 19 milliseconds
For documentation on this error, please visit: http://seleniumhq.org/exceptions/no_such_element.html
Build info: version: &apos;2.53.0&apos;, revision: &apos;35ae25b1534ae328c771e0856c93e187490ca824&apos;, time: &apos;2016-03-15 10:43:46&apos;
System info: host: &apos;ICPL13076&apos;, ip: &apos;10.11.24.78&apos;, os.name: &apos;Windows 10&apos;, os.arch: &apos;amd64&apos;, os.version: &apos;10.0&apos;, java.version: &apos;1.8.0_201&apos;
Driver info: com.qmetry.qaf.automation.ui.webdriver.QAFExtendedWebDriver
Capabilities [{mobileEmulationEnabled=false, timeouts={implicit=0, pageLoad=300000, script=30000}, hasTouchScreen=false, platform=XP, acceptSslCerts=false, goog:chromeOptions={debuggerAddress=localhost:62068}, acceptInsecureCerts=false, webStorageEnabled=true, browserName=chrome, takesScreenshot=true, javascriptEnabled=true, setWindowRect=true, unexpectedAlertBehaviour=ignore, applicationCacheEnabled=false, rotatable=false, networkConnectionEnabled=false, chrome={chromedriverVersion=75.0.3770.90 (a6dcaf7e3ec6f70a194cc25e8149475c6590e025-refs/branch-heads/3770@{#1003}), userDataDir=C:\Users\MOHANR~1.P\AppData\Local\Temp\scoped_dir228_24944}, takesHeapSnapshot=true, pageLoadStrategy=normal, strictFileInteractability=false, databaseEnabled=false, handlesAlerts=true, version=75.0.3770.100, browserConnectionEnabled=false, proxy={}, nativeEvents=true, locationContextEnabled=true, cssSelectorsEnabled=true}]
Session ID: 2e1666123f501a7f52b0d1cf7911fa0a
*** Element info: {Using=xpath, value=//*[@name=&apos;flight.continue.btn&apos; or @id=&apos;flight.continue.btn&apos; or @value=&apos;flight.continue.btn&apos;]}
[WebDriverCommandLogger] - Executing findElement parameters: {&quot;using&quot;:&quot;xpath&quot;,&quot;value&quot;:&quot;//*[@name=&apos;flight.continue.btn&apos; or @id=&apos;flight.continue.btn&apos; or @value=&apos;flight.continue.btn&apos;]&quot;}
[WebDriverCommandLogger] - command: findElement[ param-1: {value=//*[@name=&apos;flight.continue.btn&apos; or @id=&apos;flight.continue.btn&apos; or @value=&apos;flight.continue.btn&apos;], using=xpath}] Result: no such element: Unable to locate element: {&quot;method&quot;:&quot;xpath&quot;,&quot;selector&quot;:&quot;//*[@name=&apos;flight.continue.btn&apos; or @id=&apos;flight.continue.btn&apos; or @value=&apos;flight.continue.btn&apos;]&quot;}
  (Session info: chrome=75.0.3770.100)
  (Driver info: chromedriver=75.0.3770.90 (a6dcaf7e3ec6f70a194cc25e8149475c6590e025-refs/branch-heads/3770@{#1003}),platform=Windows NT 10.0.17134 x86_64) (WARNING: The server did not provide any stacktrace information)
Command duration or timeout: 35 milliseconds
For documentation on this error, please visit: http://seleniumhq.org/exceptions/no_such_element.html
Build info: version: &apos;2.53.0&apos;, revision: &apos;35ae25b1534ae328c771e0856c93e187490ca824&apos;, time: &apos;2016-03-15 10:43:46&apos;
System info: host: &apos;ICPL13076&apos;, ip: &apos;10.11.24.78&apos;, os.name: &apos;Windows 10&apos;, os.arch: &apos;amd64&apos;, os.version: &apos;10.0&apos;, java.version: &apos;1.8.0_201&apos;
Driver info: com.qmetry.qaf.automation.ui.webdriver.QAFExtendedWebDriver
Capabilities [{mobileEmulationEnabled=false, timeouts={implicit=0, pageLoad=300000, script=30000}, hasTouchScreen=false, platform=XP, acceptSslCerts=false, goog:chromeOptions={debuggerAddress=localhost:62068}, acceptInsecureCerts=false, webStorageEnabled=true, browserName=chrome, takesScreenshot=true, javascriptEnabled=true, setWindowRect=true, unexpectedAlertBehaviour=ignore, applicationCacheEnabled=false, rotatable=false, networkConnectionEnabled=false, chrome={chromedriverVersion=75.0.3770.90 (a6dcaf7e3ec6f70a194cc25e8149475c6590e025-refs/branch-heads/3770@{#1003}), userDataDir=C:\Users\MOHANR~1.P\AppData\Local\Temp\scoped_dir228_24944}, takesHeapSnapshot=true, pageLoadStrategy=normal, strictFileInteractability=false, databaseEnabled=false, handlesAlerts=true, version=75.0.3770.100, browserConnectionEnabled=false, proxy={}, nativeEvents=true, locationContextEnabled=true, cssSelectorsEnabled=true}]
Session ID: 2e1666123f501a7f52b0d1cf7911fa0a
*** Element info: {Using=xpath, value=//*[@name=&apos;flight.continue.btn&apos; or @id=&apos;flight.continue.btn&apos; or @value=&apos;flight.continue.btn&apos;]}
[WebDriverCommandLogger] - Executing findElement parameters: {&quot;using&quot;:&quot;xpath&quot;,&quot;value&quot;:&quot;//*[@name=&apos;flight.continue.btn&apos; or @id=&apos;flight.continue.btn&apos; or @value=&apos;flight.continue.btn&apos;]&quot;}
[WebDriverCommandLogger] - command: findElement[ param-1: {value=//*[@name=&apos;flight.continue.btn&apos; or @id=&apos;flight.continue.btn&apos; or @value=&apos;flight.continue.btn&apos;], using=xpath}] Result: no such element: Unable to locate element: {&quot;method&quot;:&quot;xpath&quot;,&quot;selector&quot;:&quot;//*[@name=&apos;flight.continue.btn&apos; or @id=&apos;flight.continue.btn&apos; or @value=&apos;flight.continue.btn&apos;]&quot;}
  (Session info: chrome=75.0.3770.100)
  (Driver info: chromedriver=75.0.3770.90 (a6dcaf7e3ec6f70a194cc25e8149475c6590e025-refs/branch-heads/3770@{#1003}),platform=Windows NT 10.0.17134 x86_64) (WARNING: The server did not provide any stacktrace information)
Command duration or timeout: 33 milliseconds
For documentation on this error, please visit: http://seleniumhq.org/exceptions/no_such_element.html
Build info: version: &apos;2.53.0&apos;, revision: &apos;35ae25b1534ae328c771e0856c93e187490ca824&apos;, time: &apos;2016-03-15 10:43:46&apos;
System info: host: &apos;ICPL13076&apos;, ip: &apos;10.11.24.78&apos;, os.name: &apos;Windows 10&apos;, os.arch: &apos;amd64&apos;, os.version: &apos;10.0&apos;, java.version: &apos;1.8.0_201&apos;
Driver info: com.qmetry.qaf.automation.ui.webdriver.QAFExtendedWebDriver
Capabilities [{mobileEmulationEnabled=false, timeouts={implicit=0, pageLoad=300000, script=30000}, hasTouchScreen=false, platform=XP, acceptSslCerts=false, goog:chromeOptions={debuggerAddress=localhost:62068}, acceptInsecureCerts=false, webStorageEnabled=true, browserName=chrome, takesScreenshot=true, javascriptEnabled=true, setWindowRect=true, unexpectedAlertBehaviour=ignore, applicationCacheEnabled=false, rotatable=false, networkConnectionEnabled=false, chrome={chromedriverVersion=75.0.3770.90 (a6dcaf7e3ec6f70a194cc25e8149475c6590e025-refs/branch-heads/3770@{#1003}), userDataDir=C:\Users\MOHANR~1.P\AppData\Local\Temp\scoped_dir228_24944}, takesHeapSnapshot=true, pageLoadStrategy=normal, strictFileInteractability=false, databaseEnabled=false, handlesAlerts=true, version=75.0.3770.100, browserConnectionEnabled=false, proxy={}, nativeEvents=true, locationContextEnabled=true, cssSelectorsEnabled=true}]
Session ID: 2e1666123f501a7f52b0d1cf7911fa0a
*** Element info: {Using=xpath, value=//*[@name=&apos;flight.continue.btn&apos; or @id=&apos;flight.continue.btn&apos; or @value=&apos;flight.continue.btn&apos;]}
[WebDriverCommandLogger] - Executing findElement parameters: {&quot;using&quot;:&quot;xpath&quot;,&quot;value&quot;:&quot;//*[@name=&apos;flight.continue.btn&apos; or @id=&apos;flight.continue.btn&apos; or @value=&apos;flight.continue.btn&apos;]&quot;}
[WebDriverCommandLogger] - command: findElement[ param-1: {value=//*[@name=&apos;flight.continue.btn&apos; or @id=&apos;flight.continue.btn&apos; or @value=&apos;flight.continue.btn&apos;], using=xpath}] Result: no such element: Unable to locate element: {&quot;method&quot;:&quot;xpath&quot;,&quot;selector&quot;:&quot;//*[@name=&apos;flight.continue.btn&apos; or @id=&apos;flight.continue.btn&apos; or @value=&apos;flight.continue.btn&apos;]&quot;}
  (Session info: chrome=75.0.3770.100)
  (Driver info: chromedriver=75.0.3770.90 (a6dcaf7e3ec6f70a194cc25e8149475c6590e025-refs/branch-heads/3770@{#1003}),platform=Windows NT 10.0.17134 x86_64) (WARNING: The server did not provide any stacktrace information)
Command duration or timeout: 33 milliseconds
For documentation on this error, please visit: http://seleniumhq.org/exceptions/no_such_element.html
Build info: version: &apos;2.53.0&apos;, revision: &apos;35ae25b1534ae328c771e0856c93e187490ca824&apos;, time: &apos;2016-03-15 10:43:46&apos;
System info: host: &apos;ICPL13076&apos;, ip: &apos;10.11.24.78&apos;, os.name: &apos;Windows 10&apos;, os.arch: &apos;amd64&apos;, os.version: &apos;10.0&apos;, java.version: &apos;1.8.0_201&apos;
Driver info: com.qmetry.qaf.automation.ui.webdriver.QAFExtendedWebDriver
Capabilities [{mobileEmulationEnabled=false, timeouts={implicit=0, pageLoad=300000, script=30000}, hasTouchScreen=false, platform=XP, acceptSslCerts=false, goog:chromeOptions={debuggerAddress=localhost:62068}, acceptInsecureCerts=false, webStorageEnabled=true, browserName=chrome, takesScreenshot=true, javascriptEnabled=true, setWindowRect=true, unexpectedAlertBehaviour=ignore, applicationCacheEnabled=false, rotatable=false, networkConnectionEnabled=false, chrome={chromedriverVersion=75.0.3770.90 (a6dcaf7e3ec6f70a194cc25e8149475c6590e025-refs/branch-heads/3770@{#1003}), userDataDir=C:\Users\MOHANR~1.P\AppData\Local\Temp\scoped_dir228_24944}, takesHeapSnapshot=true, pageLoadStrategy=normal, strictFileInteractability=false, databaseEnabled=false, handlesAlerts=true, version=75.0.3770.100, browserConnectionEnabled=false, proxy={}, nativeEvents=true, locationContextEnabled=true, cssSelectorsEnabled=true}]
Session ID: 2e1666123f501a7f52b0d1cf7911fa0a
*** Element info: {Using=xpath, value=//*[@name=&apos;flight.continue.btn&apos; or @id=&apos;flight.continue.btn&apos; or @value=&apos;flight.continue.btn&apos;]}
[WebDriverCommandLogger] - Executing findElement parameters: {&quot;using&quot;:&quot;xpath&quot;,&quot;value&quot;:&quot;//*[@name=&apos;flight.continue.btn&apos; or @id=&apos;flight.continue.btn&apos; or @value=&apos;flight.continue.btn&apos;]&quot;}
[WebDriverCommandLogger] - command: findElement[ param-1: {value=//*[@name=&apos;flight.continue.btn&apos; or @id=&apos;flight.continue.btn&apos; or @value=&apos;flight.continue.btn&apos;], using=xpath}] Result: no such element: Unable to locate element: {&quot;method&quot;:&quot;xpath&quot;,&quot;selector&quot;:&quot;//*[@name=&apos;flight.continue.btn&apos; or @id=&apos;flight.continue.btn&apos; or @value=&apos;flight.continue.btn&apos;]&quot;}
  (Session info: chrome=75.0.3770.100)
  (Driver info: chromedriver=75.0.3770.90 (a6dcaf7e3ec6f70a194cc25e8149475c6590e025-refs/branch-heads/3770@{#1003}),platform=Windows NT 10.0.17134 x86_64) (WARNING: The server did not provide any stacktrace information)
Command duration or timeout: 33 milliseconds
For documentation on this error, please visit: http://seleniumhq.org/exceptions/no_such_element.html
Build info: version: &apos;2.53.0&apos;, revision: &apos;35ae25b1534ae328c771e0856c93e187490ca824&apos;, time: &apos;2016-03-15 10:43:46&apos;
System info: host: &apos;ICPL13076&apos;, ip: &apos;10.11.24.78&apos;, os.name: &apos;Windows 10&apos;, os.arch: &apos;amd64&apos;, os.version: &apos;10.0&apos;, java.version: &apos;1.8.0_201&apos;
Driver info: com.qmetry.qaf.automation.ui.webdriver.QAFExtendedWebDriver
Capabilities [{mobileEmulationEnabled=false, timeouts={implicit=0, pageLoad=300000, script=30000}, hasTouchScreen=false, platform=XP, acceptSslCerts=false, goog:chromeOptions={debuggerAddress=localhost:62068}, acceptInsecureCerts=false, webStorageEnabled=true, browserName=chrome, takesScreenshot=true, javascriptEnabled=true, setWindowRect=true, unexpectedAlertBehaviour=ignore, applicationCacheEnabled=false, rotatable=false, networkConnectionEnabled=false, chrome={chromedriverVersion=75.0.3770.90 (a6dcaf7e3ec6f70a194cc25e8149475c6590e025-refs/branch-heads/3770@{#1003}), userDataDir=C:\Users\MOHANR~1.P\AppData\Local\Temp\scoped_dir228_24944}, takesHeapSnapshot=true, pageLoadStrategy=normal, strictFileInteractability=false, databaseEnabled=false, handlesAlerts=true, version=75.0.3770.100, browserConnectionEnabled=false, proxy={}, nativeEvents=true, locationContextEnabled=true, cssSelectorsEnabled=true}]
Session ID: 2e1666123f501a7f52b0d1cf7911fa0a
*** Element info: {Using=xpath, value=//*[@name=&apos;flight.continue.btn&apos; or @id=&apos;flight.continue.btn&apos; or @value=&apos;flight.continue.btn&apos;]}
[WebDriverCommandLogger] - Executing findElement parameters: {&quot;using&quot;:&quot;xpath&quot;,&quot;value&quot;:&quot;//*[@name=&apos;flight.continue.btn&apos; or @id=&apos;flight.continue.btn&apos; or @value=&apos;flight.continue.btn&apos;]&quot;}
[WebDriverCommandLogger] - command: findElement[ param-1: {value=//*[@name=&apos;flight.continue.btn&apos; or @id=&apos;flight.continue.btn&apos; or @value=&apos;flight.continue.btn&apos;], using=xpath}] Result: no such element: Unable to locate element: {&quot;method&quot;:&quot;xpath&quot;,&quot;selector&quot;:&quot;//*[@name=&apos;flight.continue.btn&apos; or @id=&apos;flight.continue.btn&apos; or @value=&apos;flight.continue.btn&apos;]&quot;}
  (Session info: chrome=75.0.3770.100)
  (Driver info: chromedriver=75.0.3770.90 (a6dcaf7e3ec6f70a194cc25e8149475c6590e025-refs/branch-heads/3770@{#1003}),platform=Windows NT 10.0.17134 x86_64) (WARNING: The server did not provide any stacktrace information)
Command duration or timeout: 32 milliseconds
For documentation on this error, please visit: http://seleniumhq.org/exceptions/no_such_element.html
Build info: version: &apos;2.53.0&apos;, revision: &apos;35ae25b1534ae328c771e0856c93e187490ca824&apos;, time: &apos;2016-03-15 10:43:46&apos;
System info: host: &apos;ICPL13076&apos;, ip: &apos;10.11.24.78&apos;, os.name: &apos;Windows 10&apos;, os.arch: &apos;amd64&apos;, os.version: &apos;10.0&apos;, java.version: &apos;1.8.0_201&apos;
Driver info: com.qmetry.qaf.automation.ui.webdriver.QAFExtendedWebDriver
Capabilities [{mobileEmulationEnabled=false, timeouts={implicit=0, pageLoad=300000, script=30000}, hasTouchScreen=false, platform=XP, acceptSslCerts=false, goog:chromeOptions={debuggerAddress=localhost:62068}, acceptInsecureCerts=false, webStorageEnabled=true, browserName=chrome, takesScreenshot=true, javascriptEnabled=true, setWindowRect=true, unexpectedAlertBehaviour=ignore, applicationCacheEnabled=false, rotatable=false, networkConnectionEnabled=false, chrome={chromedriverVersion=75.0.3770.90 (a6dcaf7e3ec6f70a194cc25e8149475c6590e025-refs/branch-heads/3770@{#1003}), userDataDir=C:\Users\MOHANR~1.P\AppData\Local\Temp\scoped_dir228_24944}, takesHeapSnapshot=true, pageLoadStrategy=normal, strictFileInteractability=false, databaseEnabled=false, handlesAlerts=true, version=75.0.3770.100, browserConnectionEnabled=false, proxy={}, nativeEvents=true, locationContextEnabled=true, cssSelectorsEnabled=true}]
Session ID: 2e1666123f501a7f52b0d1cf7911fa0a
*** Element info: {Using=xpath, value=//*[@name=&apos;flight.continue.btn&apos; or @id=&apos;flight.continue.btn&apos; or @value=&apos;flight.continue.btn&apos;]}
[WebDriverCommandLogger] - Executing findElement parameters: {&quot;using&quot;:&quot;xpath&quot;,&quot;value&quot;:&quot;//*[@name=&apos;flight.continue.btn&apos; or @id=&apos;flight.continue.btn&apos; or @value=&apos;flight.continue.btn&apos;]&quot;}
[WebDriverCommandLogger] - command: findElement[ param-1: {value=//*[@name=&apos;flight.continue.btn&apos; or @id=&apos;flight.continue.btn&apos; or @value=&apos;flight.continue.btn&apos;], using=xpath}] Result: no such element: Unable to locate element: {&quot;method&quot;:&quot;xpath&quot;,&quot;selector&quot;:&quot;//*[@name=&apos;flight.continue.btn&apos; or @id=&apos;flight.continue.btn&apos; or @value=&apos;flight.continue.btn&apos;]&quot;}
  (Session info: chrome=75.0.3770.100)
  (Driver info: chromedriver=75.0.3770.90 (a6dcaf7e3ec6f70a194cc25e8149475c6590e025-refs/branch-heads/3770@{#1003}),platform=Windows NT 10.0.17134 x86_64) (WARNING: The server did not provide any stacktrace information)
Command duration or timeout: 33 milliseconds
For documentation on this error, please visit: http://seleniumhq.org/exceptions/no_such_element.html
Build info: version: &apos;2.53.0&apos;, revision: &apos;35ae25b1534ae328c771e0856c93e187490ca824&apos;, time: &apos;2016-03-15 10:43:46&apos;
System info: host: &apos;ICPL13076&apos;, ip: &apos;10.11.24.78&apos;, os.name: &apos;Windows 10&apos;, os.arch: &apos;amd64&apos;, os.version: &apos;10.0&apos;, java.version: &apos;1.8.0_201&apos;
Driver info: com.qmetry.qaf.automation.ui.webdriver.QAFExtendedWebDriver
Capabilities [{mobileEmulationEnabled=false, timeouts={implicit=0, pageLoad=300000, script=30000}, hasTouchScreen=false, platform=XP, acceptSslCerts=false, goog:chromeOptions={debuggerAddress=localhost:62068}, acceptInsecureCerts=false, webStorageEnabled=true, browserName=chrome, takesScreenshot=true, javascriptEnabled=true, setWindowRect=true, unexpectedAlertBehaviour=ignore, applicationCacheEnabled=false, rotatable=false, networkConnectionEnabled=false, chrome={chromedriverVersion=75.0.3770.90 (a6dcaf7e3ec6f70a194cc25e8149475c6590e025-refs/branch-heads/3770@{#1003}), userDataDir=C:\Users\MOHANR~1.P\AppData\Local\Temp\scoped_dir228_24944}, takesHeapSnapshot=true, pageLoadStrategy=normal, strictFileInteractability=false, databaseEnabled=false, handlesAlerts=true, version=75.0.3770.100, browserConnectionEnabled=false, proxy={}, nativeEvents=true, locationContextEnabled=true, cssSelectorsEnabled=true}]
Session ID: 2e1666123f501a7f52b0d1cf7911fa0a
*** Element info: {Using=xpath, value=//*[@name=&apos;flight.continue.btn&apos; or @id=&apos;flight.continue.btn&apos; or @value=&apos;flight.continue.btn&apos;]}
[WebDriverCommandLogger] - Executing findElement parameters: {&quot;using&quot;:&quot;xpath&quot;,&quot;value&quot;:&quot;//*[@name=&apos;flight.continue.btn&apos; or @id=&apos;flight.continue.btn&apos; or @value=&apos;flight.continue.btn&apos;]&quot;}
[WebDriverCommandLogger] - command: findElement[ param-1: {value=//*[@name=&apos;flight.continue.btn&apos; or @id=&apos;flight.continue.btn&apos; or @value=&apos;flight.continue.btn&apos;], using=xpath}] Result: no such element: Unable to locate element: {&quot;method&quot;:&quot;xpath&quot;,&quot;selector&quot;:&quot;//*[@name=&apos;flight.continue.btn&apos; or @id=&apos;flight.continue.btn&apos; or @value=&apos;flight.continue.btn&apos;]&quot;}
  (Session info: chrome=75.0.3770.100)
  (Driver info: chromedriver=75.0.3770.90 (a6dcaf7e3ec6f70a194cc25e8149475c6590e025-refs/branch-heads/3770@{#1003}),platform=Windows NT 10.0.17134 x86_64) (WARNING: The server did not provide any stacktrace information)
Command duration or timeout: 36 milliseconds
For documentation on this error, please visit: http://seleniumhq.org/exceptions/no_such_element.html
Build info: version: &apos;2.53.0&apos;, revision: &apos;35ae25b1534ae328c771e0856c93e187490ca824&apos;, time: &apos;2016-03-15 10:43:46&apos;
System info: host: &apos;ICPL13076&apos;, ip: &apos;10.11.24.78&apos;, os.name: &apos;Windows 10&apos;, os.arch: &apos;amd64&apos;, os.version: &apos;10.0&apos;, java.version: &apos;1.8.0_201&apos;
Driver info: com.qmetry.qaf.automation.ui.webdriver.QAFExtendedWebDriver
Capabilities [{mobileEmulationEnabled=false, timeouts={implicit=0, pageLoad=300000, script=30000}, hasTouchScreen=false, platform=XP, acceptSslCerts=false, goog:chromeOptions={debuggerAddress=localhost:62068}, acceptInsecureCerts=false, webStorageEnabled=true, browserName=chrome, takesScreenshot=true, javascriptEnabled=true, setWindowRect=true, unexpectedAlertBehaviour=ignore, applicationCacheEnabled=false, rotatable=false, networkConnectionEnabled=false, chrome={chromedriverVersion=75.0.3770.90 (a6dcaf7e3ec6f70a194cc25e8149475c6590e025-refs/branch-heads/3770@{#1003}), userDataDir=C:\Users\MOHANR~1.P\AppData\Local\Temp\scoped_dir228_24944}, takesHeapSnapshot=true, pageLoadStrategy=normal, strictFileInteractability=false, databaseEnabled=false, handlesAlerts=true, version=75.0.3770.100, browserConnectionEnabled=false, proxy={}, nativeEvents=true, locationContextEnabled=true, cssSelectorsEnabled=true}]
Session ID: 2e1666123f501a7f52b0d1cf7911fa0a
*** Element info: {Using=xpath, value=//*[@name=&apos;flight.continue.btn&apos; or @id=&apos;flight.continue.btn&apos; or @value=&apos;flight.continue.btn&apos;]}
[WebDriverCommandLogger] - Executing findElement parameters: {&quot;using&quot;:&quot;xpath&quot;,&quot;value&quot;:&quot;//*[@name=&apos;flight.continue.btn&apos; or @id=&apos;flight.continue.btn&apos; or @value=&apos;flight.continue.btn&apos;]&quot;}
[WebDriverCommandLogger] - command: findElement[ param-1: {value=//*[@name=&apos;flight.continue.btn&apos; or @id=&apos;flight.continue.btn&apos; or @value=&apos;flight.continue.btn&apos;], using=xpath}] Result: no such element: Unable to locate element: {&quot;method&quot;:&quot;xpath&quot;,&quot;selector&quot;:&quot;//*[@name=&apos;flight.continue.btn&apos; or @id=&apos;flight.continue.btn&apos; or @value=&apos;flight.continue.btn&apos;]&quot;}
  (Session info: chrome=75.0.3770.100)
  (Driver info: chromedriver=75.0.3770.90 (a6dcaf7e3ec6f70a194cc25e8149475c6590e025-refs/branch-heads/3770@{#1003}),platform=Windows NT 10.0.17134 x86_64) (WARNING: The server did not provide any stacktrace information)
Command duration or timeout: 33 milliseconds
For documentation on this error, please visit: http://seleniumhq.org/exceptions/no_such_element.html
Build info: version: &apos;2.53.0&apos;, revision: &apos;35ae25b1534ae328c771e0856c93e187490ca824&apos;, time: &apos;2016-03-15 10:43:46&apos;
System info: host: &apos;ICPL13076&apos;, ip: &apos;10.11.24.78&apos;, os.name: &apos;Windows 10&apos;, os.arch: &apos;amd64&apos;, os.version: &apos;10.0&apos;, java.version: &apos;1.8.0_201&apos;
Driver info: com.qmetry.qaf.automation.ui.webdriver.QAFExtendedWebDriver
Capabilities [{mobileEmulationEnabled=false, timeouts={implicit=0, pageLoad=300000, script=30000}, hasTouchScreen=false, platform=XP, acceptSslCerts=false, goog:chromeOptions={debuggerAddress=localhost:62068}, acceptInsecureCerts=false, webStorageEnabled=true, browserName=chrome, takesScreenshot=true, javascriptEnabled=true, setWindowRect=true, unexpectedAlertBehaviour=ignore, applicationCacheEnabled=false, rotatable=false, networkConnectionEnabled=false, chrome={chromedriverVersion=75.0.3770.90 (a6dcaf7e3ec6f70a194cc25e8149475c6590e025-refs/branch-heads/3770@{#1003}), userDataDir=C:\Users\MOHANR~1.P\AppData\Local\Temp\scoped_dir228_24944}, takesHeapSnapshot=true, pageLoadStrategy=normal, strictFileInteractability=false, databaseEnabled=false, handlesAlerts=true, version=75.0.3770.100, browserConnectionEnabled=false, proxy={}, nativeEvents=true, locationContextEnabled=true, cssSelectorsEnabled=true}]
Session ID: 2e1666123f501a7f52b0d1cf7911fa0a
*** Element info: {Using=xpath, value=//*[@name=&apos;flight.continue.btn&apos; or @id=&apos;flight.continue.btn&apos; or @value=&apos;flight.continue.btn&apos;]}
[WebDriverCommandLogger] - Executing findElement parameters: {&quot;using&quot;:&quot;xpath&quot;,&quot;value&quot;:&quot;//*[@name=&apos;flight.continue.btn&apos; or @id=&apos;flight.continue.btn&apos; or @value=&apos;flight.continue.btn&apos;]&quot;}
[WebDriverCommandLogger] - command: findElement[ param-1: {value=//*[@name=&apos;flight.continue.btn&apos; or @id=&apos;flight.continue.btn&apos; or @value=&apos;flight.continue.btn&apos;], using=xpath}] Result: no such element: Unable to locate element: {&quot;method&quot;:&quot;xpath&quot;,&quot;selector&quot;:&quot;//*[@name=&apos;flight.continue.btn&apos; or @id=&apos;flight.continue.btn&apos; or @value=&apos;flight.continue.btn&apos;]&quot;}
  (Session info: chrome=75.0.3770.100)
  (Driver info: chromedriver=75.0.3770.90 (a6dcaf7e3ec6f70a194cc25e8149475c6590e025-refs/branch-heads/3770@{#1003}),platform=Windows NT 10.0.17134 x86_64) (WARNING: The server did not provide any stacktrace information)
Command duration or timeout: 32 milliseconds
For documentation on this error, please visit: http://seleniumhq.org/exceptions/no_such_element.html
Build info: version: &apos;2.53.0&apos;, revision: &apos;35ae25b1534ae328c771e0856c93e187490ca824&apos;, time: &apos;2016-03-15 10:43:46&apos;
System info: host: &apos;ICPL13076&apos;, ip: &apos;10.11.24.78&apos;, os.name: &apos;Windows 10&apos;, os.arch: &apos;amd64&apos;, os.version: &apos;10.0&apos;, java.version: &apos;1.8.0_201&apos;
Driver info: com.qmetry.qaf.automation.ui.webdriver.QAFExtendedWebDriver
Capabilities [{mobileEmulationEnabled=false, timeouts={implicit=0, pageLoad=300000, script=30000}, hasTouchScreen=false, platform=XP, acceptSslCerts=false, goog:chromeOptions={debuggerAddress=localhost:62068}, acceptInsecureCerts=false, webStorageEnabled=true, browserName=chrome, takesScreenshot=true, javascriptEnabled=true, setWindowRect=true, unexpectedAlertBehaviour=ignore, applicationCacheEnabled=false, rotatable=false, networkConnectionEnabled=false, chrome={chromedriverVersion=75.0.3770.90 (a6dcaf7e3ec6f70a194cc25e8149475c6590e025-refs/branch-heads/3770@{#1003}), userDataDir=C:\Users\MOHANR~1.P\AppData\Local\Temp\scoped_dir228_24944}, takesHeapSnapshot=true, pageLoadStrategy=normal, strictFileInteractability=false, databaseEnabled=false, handlesAlerts=true, version=75.0.3770.100, browserConnectionEnabled=false, proxy={}, nativeEvents=true, locationContextEnabled=true, cssSelectorsEnabled=true}]
Session ID: 2e1666123f501a7f52b0d1cf7911fa0a
*** Element info: {Using=xpath, value=//*[@name=&apos;flight.continue.btn&apos; or @id=&apos;flight.continue.btn&apos; or @value=&apos;flight.continue.btn&apos;]}
[WebDriverCommandLogger] - Executing findElement parameters: {&quot;using&quot;:&quot;xpath&quot;,&quot;value&quot;:&quot;//*[@name=&apos;flight.continue.btn&apos; or @id=&apos;flight.continue.btn&apos; or @value=&apos;flight.continue.btn&apos;]&quot;}
[WebDriverCommandLogger] - command: findElement[ param-1: {value=//*[@name=&apos;flight.continue.btn&apos; or @id=&apos;flight.continue.btn&apos; or @value=&apos;flight.continue.btn&apos;], using=xpath}] Result: no such element: Unable to locate element: {&quot;method&quot;:&quot;xpath&quot;,&quot;selector&quot;:&quot;//*[@name=&apos;flight.continue.btn&apos; or @id=&apos;flight.continue.btn&apos; or @value=&apos;flight.continue.btn&apos;]&quot;}
  (Session info: chrome=75.0.3770.100)
  (Driver info: chromedriver=75.0.3770.90 (a6dcaf7e3ec6f70a194cc25e8149475c6590e025-refs/branch-heads/3770@{#1003}),platform=Windows NT 10.0.17134 x86_64) (WARNING: The server did not provide any stacktrace information)
Command duration or timeout: 32 milliseconds
For documentation on this error, please visit: http://seleniumhq.org/exceptions/no_such_element.html
Build info: version: &apos;2.53.0&apos;, revision: &apos;35ae25b1534ae328c771e0856c93e187490ca824&apos;, time: &apos;2016-03-15 10:43:46&apos;
System info: host: &apos;ICPL13076&apos;, ip: &apos;10.11.24.78&apos;, os.name: &apos;Windows 10&apos;, os.arch: &apos;amd64&apos;, os.version: &apos;10.0&apos;, java.version: &apos;1.8.0_201&apos;
Driver info: com.qmetry.qaf.automation.ui.webdriver.QAFExtendedWebDriver
Capabilities [{mobileEmulationEnabled=false, timeouts={implicit=0, pageLoad=300000, script=30000}, hasTouchScreen=false, platform=XP, acceptSslCerts=false, goog:chromeOptions={debuggerAddress=localhost:62068}, acceptInsecureCerts=false, webStorageEnabled=true, browserName=chrome, takesScreenshot=true, javascriptEnabled=true, setWindowRect=true, unexpectedAlertBehaviour=ignore, applicationCacheEnabled=false, rotatable=false, networkConnectionEnabled=false, chrome={chromedriverVersion=75.0.3770.90 (a6dcaf7e3ec6f70a194cc25e8149475c6590e025-refs/branch-heads/3770@{#1003}), userDataDir=C:\Users\MOHANR~1.P\AppData\Local\Temp\scoped_dir228_24944}, takesHeapSnapshot=true, pageLoadStrategy=normal, strictFileInteractability=false, databaseEnabled=false, handlesAlerts=true, version=75.0.3770.100, browserConnectionEnabled=false, proxy={}, nativeEvents=true, locationContextEnabled=true, cssSelectorsEnabled=true}]
Session ID: 2e1666123f501a7f52b0d1cf7911fa0a
*** Element info: {Using=xpath, value=//*[@name=&apos;flight.continue.btn&apos; or @id=&apos;flight.continue.btn&apos; or @value=&apos;flight.continue.btn&apos;]}
[WebDriverCommandLogger] - Executing findElement parameters: {&quot;using&quot;:&quot;xpath&quot;,&quot;value&quot;:&quot;//*[@name=&apos;flight.continue.btn&apos; or @id=&apos;flight.continue.btn&apos; or @value=&apos;flight.continue.btn&apos;]&quot;}
[WebDriverCommandLogger] - command: findElement[ param-1: {value=//*[@name=&apos;flight.continue.btn&apos; or @id=&apos;flight.continue.btn&apos; or @value=&apos;flight.continue.btn&apos;], using=xpath}] Result: no such element: Unable to locate element: {&quot;method&quot;:&quot;xpath&quot;,&quot;selector&quot;:&quot;//*[@name=&apos;flight.continue.btn&apos; or @id=&apos;flight.continue.btn&apos; or @value=&apos;flight.continue.btn&apos;]&quot;}
  (Session info: chrome=75.0.3770.100)
  (Driver info: chromedriver=75.0.3770.90 (a6dcaf7e3ec6f70a194cc25e8149475c6590e025-refs/branch-heads/3770@{#1003}),platform=Windows NT 10.0.17134 x86_64) (WARNING: The server did not provide any stacktrace information)
Command duration or timeout: 33 milliseconds
For documentation on this error, please visit: http://seleniumhq.org/exceptions/no_such_element.html
Build info: version: &apos;2.53.0&apos;, revision: &apos;35ae25b1534ae328c771e0856c93e187490ca824&apos;, time: &apos;2016-03-15 10:43:46&apos;
System info: host: &apos;ICPL13076&apos;, ip: &apos;10.11.24.78&apos;, os.name: &apos;Windows 10&apos;, os.arch: &apos;amd64&apos;, os.version: &apos;10.0&apos;, java.version: &apos;1.8.0_201&apos;
Driver info: com.qmetry.qaf.automation.ui.webdriver.QAFExtendedWebDriver
Capabilities [{mobileEmulationEnabled=false, timeouts={implicit=0, pageLoad=300000, script=30000}, hasTouchScreen=false, platform=XP, acceptSslCerts=false, goog:chromeOptions={debuggerAddress=localhost:62068}, acceptInsecureCerts=false, webStorageEnabled=true, browserName=chrome, takesScreenshot=true, javascriptEnabled=true, setWindowRect=true, unexpectedAlertBehaviour=ignore, applicationCacheEnabled=false, rotatable=false, networkConnectionEnabled=false, chrome={chromedriverVersion=75.0.3770.90 (a6dcaf7e3ec6f70a194cc25e8149475c6590e025-refs/branch-heads/3770@{#1003}), userDataDir=C:\Users\MOHANR~1.P\AppData\Local\Temp\scoped_dir228_24944}, takesHeapSnapshot=true, pageLoadStrategy=normal, strictFileInteractability=false, databaseEnabled=false, handlesAlerts=true, version=75.0.3770.100, browserConnectionEnabled=false, proxy={}, nativeEvents=true, locationContextEnabled=true, cssSelectorsEnabled=true}]
Session ID: 2e1666123f501a7f52b0d1cf7911fa0a
*** Element info: {Using=xpath, value=//*[@name=&apos;flight.continue.btn&apos; or @id=&apos;flight.continue.btn&apos; or @value=&apos;flight.continue.btn&apos;]}
[WebDriverCommandLogger] - Executing findElement parameters: {&quot;using&quot;:&quot;xpath&quot;,&quot;value&quot;:&quot;//*[@name=&apos;flight.continue.btn&apos; or @id=&apos;flight.continue.btn&apos; or @value=&apos;flight.continue.btn&apos;]&quot;}
[WebDriverCommandLogger] - command: findElement[ param-1: {value=//*[@name=&apos;flight.continue.btn&apos; or @id=&apos;flight.continue.btn&apos; or @value=&apos;flight.continue.btn&apos;], using=xpath}] Result: no such element: Unable to locate element: {&quot;method&quot;:&quot;xpath&quot;,&quot;selector&quot;:&quot;//*[@name=&apos;flight.continue.btn&apos; or @id=&apos;flight.continue.btn&apos; or @value=&apos;flight.continue.btn&apos;]&quot;}
  (Session info: chrome=75.0.3770.100)
  (Driver info: chromedriver=75.0.3770.90 (a6dcaf7e3ec6f70a194cc25e8149475c6590e025-refs/branch-heads/3770@{#1003}),platform=Windows NT 10.0.17134 x86_64) (WARNING: The server did not provide any stacktrace information)
Command duration or timeout: 31 milliseconds
For documentation on this error, please visit: http://seleniumhq.org/exceptions/no_such_element.html
Build info: version: &apos;2.53.0&apos;, revision: &apos;35ae25b1534ae328c771e0856c93e187490ca824&apos;, time: &apos;2016-03-15 10:43:46&apos;
System info: host: &apos;ICPL13076&apos;, ip: &apos;10.11.24.78&apos;, os.name: &apos;Windows 10&apos;, os.arch: &apos;amd64&apos;, os.version: &apos;10.0&apos;, java.version: &apos;1.8.0_201&apos;
Driver info: com.qmetry.qaf.automation.ui.webdriver.QAFExtendedWebDriver
Capabilities [{mobileEmulationEnabled=false, timeouts={implicit=0, pageLoad=300000, script=30000}, hasTouchScreen=false, platform=XP, acceptSslCerts=false, goog:chromeOptions={debuggerAddress=localhost:62068}, acceptInsecureCerts=false, webStorageEnabled=true, browserName=chrome, takesScreenshot=true, javascriptEnabled=true, setWindowRect=true, unexpectedAlertBehaviour=ignore, applicationCacheEnabled=false, rotatable=false, networkConnectionEnabled=false, chrome={chromedriverVersion=75.0.3770.90 (a6dcaf7e3ec6f70a194cc25e8149475c6590e025-refs/branch-heads/3770@{#1003}), userDataDir=C:\Users\MOHANR~1.P\AppData\Local\Temp\scoped_dir228_24944}, takesHeapSnapshot=true, pageLoadStrategy=normal, strictFileInteractability=false, databaseEnabled=false, handlesAlerts=true, version=75.0.3770.100, browserConnectionEnabled=false, proxy={}, nativeEvents=true, locationContextEnabled=true, cssSelectorsEnabled=true}]
Session ID: 2e1666123f501a7f52b0d1cf7911fa0a
*** Element info: {Using=xpath, value=//*[@name=&apos;flight.continue.btn&apos; or @id=&apos;flight.continue.btn&apos; or @value=&apos;flight.continue.btn&apos;]}
[WebDriverCommandLogger] - Executing findElement parameters: {&quot;using&quot;:&quot;xpath&quot;,&quot;value&quot;:&quot;//*[@name=&apos;flight.continue.btn&apos; or @id=&apos;flight.continue.btn&apos; or @value=&apos;flight.continue.btn&apos;]&quot;}
[WebDriverCommandLogger] - command: findElement[ param-1: {value=//*[@name=&apos;flight.continue.btn&apos; or @id=&apos;flight.continue.btn&apos; or @value=&apos;flight.continue.btn&apos;], using=xpath}] Result: no such element: Unable to locate element: {&quot;method&quot;:&quot;xpath&quot;,&quot;selector&quot;:&quot;//*[@name=&apos;flight.continue.btn&apos; or @id=&apos;flight.continue.btn&apos; or @value=&apos;flight.continue.btn&apos;]&quot;}
  (Session info: chrome=75.0.3770.100)
  (Driver info: chromedriver=75.0.3770.90 (a6dcaf7e3ec6f70a194cc25e8149475c6590e025-refs/branch-heads/3770@{#1003}),platform=Windows NT 10.0.17134 x86_64) (WARNING: The server did not provide any stacktrace information)
Command duration or timeout: 2 milliseconds
For documentation on this error, please visit: http://seleniumhq.org/exceptions/no_such_element.html
Build info: version: &apos;2.53.0&apos;, revision: &apos;35ae25b1534ae328c771e0856c93e187490ca824&apos;, time: &apos;2016-03-15 10:43:46&apos;
System info: host: &apos;ICPL13076&apos;, ip: &apos;10.11.24.78&apos;, os.name: &apos;Windows 10&apos;, os.arch: &apos;amd64&apos;, os.version: &apos;10.0&apos;, java.version: &apos;1.8.0_201&apos;
Driver info: com.qmetry.qaf.automation.ui.webdriver.QAFExtendedWebDriver
Capabilities [{mobileEmulationEnabled=false, timeouts={implicit=0, pageLoad=300000, script=30000}, hasTouchScreen=false, platform=XP, acceptSslCerts=false, goog:chromeOptions={debuggerAddress=localhost:62068}, acceptInsecureCerts=false, webStorageEnabled=true, browserName=chrome, takesScreenshot=true, javascriptEnabled=true, setWindowRect=true, unexpectedAlertBehaviour=ignore, applicationCacheEnabled=false, rotatable=false, networkConnectionEnabled=false, chrome={chromedriverVersion=75.0.3770.90 (a6dcaf7e3ec6f70a194cc25e8149475c6590e025-refs/branch-heads/3770@{#1003}), userDataDir=C:\Users\MOHANR~1.P\AppData\Local\Temp\scoped_dir228_24944}, takesHeapSnapshot=true, pageLoadStrategy=normal, strictFileInteractability=false, databaseEnabled=false, handlesAlerts=true, version=75.0.3770.100, browserConnectionEnabled=false, proxy={}, nativeEvents=true, locationContextEnabled=true, cssSelectorsEnabled=true}]
Session ID: 2e1666123f501a7f52b0d1cf7911fa0a
*** Element info: {Using=xpath, value=//*[@name=&apos;flight.continue.btn&apos; or @id=&apos;flight.continue.btn&apos; or @value=&apos;flight.continue.btn&apos;]}
[WebDriverCommandLogger] - Executing findElement parameters: {&quot;using&quot;:&quot;xpath&quot;,&quot;value&quot;:&quot;//*[@name=&apos;flight.continue.btn&apos; or @id=&apos;flight.continue.btn&apos; or @value=&apos;flight.continue.btn&apos;]&quot;}
[WebDriverCommandLogger] - command: findElement[ param-1: {value=//*[@name=&apos;flight.continue.btn&apos; or @id=&apos;flight.continue.btn&apos; or @value=&apos;flight.continue.btn&apos;], using=xpath}] Result: no such element: Unable to locate element: {&quot;method&quot;:&quot;xpath&quot;,&quot;selector&quot;:&quot;//*[@name=&apos;flight.continue.btn&apos; or @id=&apos;flight.continue.btn&apos; or @value=&apos;flight.continue.btn&apos;]&quot;}
  (Session info: chrome=75.0.3770.100)
  (Driver info: chromedriver=75.0.3770.90 (a6dcaf7e3ec6f70a194cc25e8149475c6590e025-refs/branch-heads/3770@{#1003}),platform=Windows NT 10.0.17134 x86_64) (WARNING: The server did not provide any stacktrace information)
Command duration or timeout: 29 milliseconds
For documentation on this error, please visit: http://seleniumhq.org/exceptions/no_such_element.html
Build info: version: &apos;2.53.0&apos;, revision: &apos;35ae25b1534ae328c771e0856c93e187490ca824&apos;, time: &apos;2016-03-15 10:43:46&apos;
System info: host: &apos;ICPL13076&apos;, ip: &apos;10.11.24.78&apos;, os.name: &apos;Windows 10&apos;, os.arch: &apos;amd64&apos;, os.version: &apos;10.0&apos;, java.version: &apos;1.8.0_201&apos;
Driver info: com.qmetry.qaf.automation.ui.webdriver.QAFExtendedWebDriver
Capabilities [{mobileEmulationEnabled=false, timeouts={implicit=0, pageLoad=300000, script=30000}, hasTouchScreen=false, platform=XP, acceptSslCerts=false, goog:chromeOptions={debuggerAddress=localhost:62068}, acceptInsecureCerts=false, webStorageEnabled=true, browserName=chrome, takesScreenshot=true, javascriptEnabled=true, setWindowRect=true, unexpectedAlertBehaviour=ignore, applicationCacheEnabled=false, rotatable=false, networkConnectionEnabled=false, chrome={chromedriverVersion=75.0.3770.90 (a6dcaf7e3ec6f70a194cc25e8149475c6590e025-refs/branch-heads/3770@{#1003}), userDataDir=C:\Users\MOHANR~1.P\AppData\Local\Temp\scoped_dir228_24944}, takesHeapSnapshot=true, pageLoadStrategy=normal, strictFileInteractability=false, databaseEnabled=false, handlesAlerts=true, version=75.0.3770.100, browserConnectionEnabled=false, proxy={}, nativeEvents=true, locationContextEnabled=true, cssSelectorsEnabled=true}]
Session ID: 2e1666123f501a7f52b0d1cf7911fa0a
*** Element info: {Using=xpath, value=//*[@name=&apos;flight.continue.btn&apos; or @id=&apos;flight.continue.btn&apos; or @value=&apos;flight.continue.btn&apos;]}
[WebDriverCommandLogger] - Executing findElement parameters: {&quot;using&quot;:&quot;xpath&quot;,&quot;value&quot;:&quot;//*[@name=&apos;flight.continue.btn&apos; or @id=&apos;flight.continue.btn&apos; or @value=&apos;flight.continue.btn&apos;]&quot;}
[WebDriverCommandLogger] - command: findElement[ param-1: {value=//*[@name=&apos;flight.continue.btn&apos; or @id=&apos;flight.continue.btn&apos; or @value=&apos;flight.continue.btn&apos;], using=xpath}] Result: no such element: Unable to locate element: {&quot;method&quot;:&quot;xpath&quot;,&quot;selector&quot;:&quot;//*[@name=&apos;flight.continue.btn&apos; or @id=&apos;flight.continue.btn&apos; or @value=&apos;flight.continue.btn&apos;]&quot;}
  (Session info: chrome=75.0.3770.100)
  (Driver info: chromedriver=75.0.3770.90 (a6dcaf7e3ec6f70a194cc25e8149475c6590e025-refs/branch-heads/3770@{#1003}),platform=Windows NT 10.0.17134 x86_64) (WARNING: The server did not provide any stacktrace information)
Command duration or timeout: 34 milliseconds
For documentation on this error, please visit: http://seleniumhq.org/exceptions/no_such_element.html
Build info: version: &apos;2.53.0&apos;, revision: &apos;35ae25b1534ae328c771e0856c93e187490ca824&apos;, time: &apos;2016-03-15 10:43:46&apos;
System info: host: &apos;ICPL13076&apos;, ip: &apos;10.11.24.78&apos;, os.name: &apos;Windows 10&apos;, os.arch: &apos;amd64&apos;, os.version: &apos;10.0&apos;, java.version: &apos;1.8.0_201&apos;
Driver info: com.qmetry.qaf.automation.ui.webdriver.QAFExtendedWebDriver
Capabilities [{mobileEmulationEnabled=false, timeouts={implicit=0, pageLoad=300000, script=30000}, hasTouchScreen=false, platform=XP, acceptSslCerts=false, goog:chromeOptions={debuggerAddress=localhost:62068}, acceptInsecureCerts=false, webStorageEnabled=true, browserName=chrome, takesScreenshot=true, javascriptEnabled=true, setWindowRect=true, unexpectedAlertBehaviour=ignore, applicationCacheEnabled=false, rotatable=false, networkConnectionEnabled=false, chrome={chromedriverVersion=75.0.3770.90 (a6dcaf7e3ec6f70a194cc25e8149475c6590e025-refs/branch-heads/3770@{#1003}), userDataDir=C:\Users\MOHANR~1.P\AppData\Local\Temp\scoped_dir228_24944}, takesHeapSnapshot=true, pageLoadStrategy=normal, strictFileInteractability=false, databaseEnabled=false, handlesAlerts=true, version=75.0.3770.100, browserConnectionEnabled=false, proxy={}, nativeEvents=true, locationContextEnabled=true, cssSelectorsEnabled=true}]
Session ID: 2e1666123f501a7f52b0d1cf7911fa0a
*** Element info: {Using=xpath, value=//*[@name=&apos;flight.continue.btn&apos; or @id=&apos;flight.continue.btn&apos; or @value=&apos;flight.continue.btn&apos;]}
[WebDriverCommandLogger] - Executing findElement parameters: {&quot;using&quot;:&quot;xpath&quot;,&quot;value&quot;:&quot;//*[@name=&apos;flight.continue.btn&apos; or @id=&apos;flight.continue.btn&apos; or @value=&apos;flight.continue.btn&apos;]&quot;}
[WebDriverCommandLogger] - command: findElement[ param-1: {value=//*[@name=&apos;flight.continue.btn&apos; or @id=&apos;flight.continue.btn&apos; or @value=&apos;flight.continue.btn&apos;], using=xpath}] Result: no such element: Unable to locate element: {&quot;method&quot;:&quot;xpath&quot;,&quot;selector&quot;:&quot;//*[@name=&apos;flight.continue.btn&apos; or @id=&apos;flight.continue.btn&apos; or @value=&apos;flight.continue.btn&apos;]&quot;}
  (Session info: chrome=75.0.3770.100)
  (Driver info: chromedriver=75.0.3770.90 (a6dcaf7e3ec6f70a194cc25e8149475c6590e025-refs/branch-heads/3770@{#1003}),platform=Windows NT 10.0.17134 x86_64) (WARNING: The server did not provide any stacktrace information)
Command duration or timeout: 32 milliseconds
For documentation on this error, please visit: http://seleniumhq.org/exceptions/no_such_element.html
Build info: version: &apos;2.53.0&apos;, revision: &apos;35ae25b1534ae328c771e0856c93e187490ca824&apos;, time: &apos;2016-03-15 10:43:46&apos;
System info: host: &apos;ICPL13076&apos;, ip: &apos;10.11.24.78&apos;, os.name: &apos;Windows 10&apos;, os.arch: &apos;amd64&apos;, os.version: &apos;10.0&apos;, java.version: &apos;1.8.0_201&apos;
Driver info: com.qmetry.qaf.automation.ui.webdriver.QAFExtendedWebDriver
Capabilities [{mobileEmulationEnabled=false, timeouts={implicit=0, pageLoad=300000, script=30000}, hasTouchScreen=false, platform=XP, acceptSslCerts=false, goog:chromeOptions={debuggerAddress=localhost:62068}, acceptInsecureCerts=false, webStorageEnabled=true, browserName=chrome, takesScreenshot=true, javascriptEnabled=true, setWindowRect=true, unexpectedAlertBehaviour=ignore, applicationCacheEnabled=false, rotatable=false, networkConnectionEnabled=false, chrome={chromedriverVersion=75.0.3770.90 (a6dcaf7e3ec6f70a194cc25e8149475c6590e025-refs/branch-heads/3770@{#1003}), userDataDir=C:\Users\MOHANR~1.P\AppData\Local\Temp\scoped_dir228_24944}, takesHeapSnapshot=true, pageLoadStrategy=normal, strictFileInteractability=false, databaseEnabled=false, handlesAlerts=true, version=75.0.3770.100, browserConnectionEnabled=false, proxy={}, nativeEvents=true, locationContextEnabled=true, cssSelectorsEnabled=true}]
Session ID: 2e1666123f501a7f52b0d1cf7911fa0a
*** Element info: {Using=xpath, value=//*[@name=&apos;flight.continue.btn&apos; or @id=&apos;flight.continue.btn&apos; or @value=&apos;flight.continue.btn&apos;]}
[WebDriverCommandLogger] - Executing findElement parameters: {&quot;using&quot;:&quot;xpath&quot;,&quot;value&quot;:&quot;//*[@name=&apos;flight.continue.btn&apos; or @id=&apos;flight.continue.btn&apos; or @value=&apos;flight.continue.btn&apos;]&quot;}
[WebDriverCommandLogger] - command: findElement[ param-1: {value=//*[@name=&apos;flight.continue.btn&apos; or @id=&apos;flight.continue.btn&apos; or @value=&apos;flight.continue.btn&apos;], using=xpath}] Result: no such element: Unable to locate element: {&quot;method&quot;:&quot;xpath&quot;,&quot;selector&quot;:&quot;//*[@name=&apos;flight.continue.btn&apos; or @id=&apos;flight.continue.btn&apos; or @value=&apos;flight.continue.btn&apos;]&quot;}
  (Session info: chrome=75.0.3770.100)
  (Driver info: chromedriver=75.0.3770.90 (a6dcaf7e3ec6f70a194cc25e8149475c6590e025-refs/branch-heads/3770@{#1003}),platform=Windows NT 10.0.17134 x86_64) (WARNING: The server did not provide any stacktrace information)
Command duration or timeout: 33 milliseconds
For documentation on this error, please visit: http://seleniumhq.org/exceptions/no_such_element.html
Build info: version: &apos;2.53.0&apos;, revision: &apos;35ae25b1534ae328c771e0856c93e187490ca824&apos;, time: &apos;2016-03-15 10:43:46&apos;
System info: host: &apos;ICPL13076&apos;, ip: &apos;10.11.24.78&apos;, os.name: &apos;Windows 10&apos;, os.arch: &apos;amd64&apos;, os.version: &apos;10.0&apos;, java.version: &apos;1.8.0_201&apos;
Driver info: com.qmetry.qaf.automation.ui.webdriver.QAFExtendedWebDriver
Capabilities [{mobileEmulationEnabled=false, timeouts={implicit=0, pageLoad=300000, script=30000}, hasTouchScreen=false, platform=XP, acceptSslCerts=false, goog:chromeOptions={debuggerAddress=localhost:62068}, acceptInsecureCerts=false, webStorageEnabled=true, browserName=chrome, takesScreenshot=true, javascriptEnabled=true, setWindowRect=true, unexpectedAlertBehaviour=ignore, applicationCacheEnabled=false, rotatable=false, networkConnectionEnabled=false, chrome={chromedriverVersion=75.0.3770.90 (a6dcaf7e3ec6f70a194cc25e8149475c6590e025-refs/branch-heads/3770@{#1003}), userDataDir=C:\Users\MOHANR~1.P\AppData\Local\Temp\scoped_dir228_24944}, takesHeapSnapshot=true, pageLoadStrategy=normal, strictFileInteractability=false, databaseEnabled=false, handlesAlerts=true, version=75.0.3770.100, browserConnectionEnabled=false, proxy={}, nativeEvents=true, locationContextEnabled=true, cssSelectorsEnabled=true}]
Session ID: 2e1666123f501a7f52b0d1cf7911fa0a
*** Element info: {Using=xpath, value=//*[@name=&apos;flight.continue.btn&apos; or @id=&apos;flight.continue.btn&apos; or @value=&apos;flight.continue.btn&apos;]}
[WebDriverCommandLogger] - Executing findElement parameters: {&quot;using&quot;:&quot;xpath&quot;,&quot;value&quot;:&quot;//*[@name=&apos;flight.continue.btn&apos; or @id=&apos;flight.continue.btn&apos; or @value=&apos;flight.continue.btn&apos;]&quot;}
[WebDriverCommandLogger] - command: findElement[ param-1: {value=//*[@name=&apos;flight.continue.btn&apos; or @id=&apos;flight.continue.btn&apos; or @value=&apos;flight.continue.btn&apos;], using=xpath}] Result: no such element: Unable to locate element: {&quot;method&quot;:&quot;xpath&quot;,&quot;selector&quot;:&quot;//*[@name=&apos;flight.continue.btn&apos; or @id=&apos;flight.continue.btn&apos; or @value=&apos;flight.continue.btn&apos;]&quot;}
  (Session info: chrome=75.0.3770.100)
  (Driver info: chromedriver=75.0.3770.90 (a6dcaf7e3ec6f70a194cc25e8149475c6590e025-refs/branch-heads/3770@{#1003}),platform=Windows NT 10.0.17134 x86_64) (WARNING: The server did not provide any stacktrace information)
Command duration or timeout: 32 milliseconds
For documentation on this error, please visit: http://seleniumhq.org/exceptions/no_such_element.html
Build info: version: &apos;2.53.0&apos;, revision: &apos;35ae25b1534ae328c771e0856c93e187490ca824&apos;, time: &apos;2016-03-15 10:43:46&apos;
System info: host: &apos;ICPL13076&apos;, ip: &apos;10.11.24.78&apos;, os.name: &apos;Windows 10&apos;, os.arch: &apos;amd64&apos;, os.version: &apos;10.0&apos;, java.version: &apos;1.8.0_201&apos;
Driver info: com.qmetry.qaf.automation.ui.webdriver.QAFExtendedWebDriver
Capabilities [{mobileEmulationEnabled=false, timeouts={implicit=0, pageLoad=300000, script=30000}, hasTouchScreen=false, platform=XP, acceptSslCerts=false, goog:chromeOptions={debuggerAddress=localhost:62068}, acceptInsecureCerts=false, webStorageEnabled=true, browserName=chrome, takesScreenshot=true, javascriptEnabled=true, setWindowRect=true, unexpectedAlertBehaviour=ignore, applicationCacheEnabled=false, rotatable=false, networkConnectionEnabled=false, chrome={chromedriverVersion=75.0.3770.90 (a6dcaf7e3ec6f70a194cc25e8149475c6590e025-refs/branch-heads/3770@{#1003}), userDataDir=C:\Users\MOHANR~1.P\AppData\Local\Temp\scoped_dir228_24944}, takesHeapSnapshot=true, pageLoadStrategy=normal, strictFileInteractability=false, databaseEnabled=false, handlesAlerts=true, version=75.0.3770.100, browserConnectionEnabled=false, proxy={}, nativeEvents=true, locationContextEnabled=true, cssSelectorsEnabled=true}]
Session ID: 2e1666123f501a7f52b0d1cf7911fa0a
*** Element info: {Using=xpath, value=//*[@name=&apos;flight.continue.btn&apos; or @id=&apos;flight.continue.btn&apos; or @value=&apos;flight.continue.btn&apos;]}
[WebDriverCommandLogger] - Executing findElement parameters: {&quot;using&quot;:&quot;xpath&quot;,&quot;value&quot;:&quot;//*[@name=&apos;flight.continue.btn&apos; or @id=&apos;flight.continue.btn&apos; or @value=&apos;flight.continue.btn&apos;]&quot;}
[WebDriverCommandLogger] - command: findElement[ param-1: {value=//*[@name=&apos;flight.continue.btn&apos; or @id=&apos;flight.continue.btn&apos; or @value=&apos;flight.continue.btn&apos;], using=xpath}] Result: no such element: Unable to locate element: {&quot;method&quot;:&quot;xpath&quot;,&quot;selector&quot;:&quot;//*[@name=&apos;flight.continue.btn&apos; or @id=&apos;flight.continue.btn&apos; or @value=&apos;flight.continue.btn&apos;]&quot;}
  (Session info: chrome=75.0.3770.100)
  (Driver info: chromedriver=75.0.3770.90 (a6dcaf7e3ec6f70a194cc25e8149475c6590e025-refs/branch-heads/3770@{#1003}),platform=Windows NT 10.0.17134 x86_64) (WARNING: The server did not provide any stacktrace information)
Command duration or timeout: 23 milliseconds
For documentation on this error, please visit: http://seleniumhq.org/exceptions/no_such_element.html
Build info: version: &apos;2.53.0&apos;, revision: &apos;35ae25b1534ae328c771e0856c93e187490ca824&apos;, time: &apos;2016-03-15 10:43:46&apos;
System info: host: &apos;ICPL13076&apos;, ip: &apos;10.11.24.78&apos;, os.name: &apos;Windows 10&apos;, os.arch: &apos;amd64&apos;, os.version: &apos;10.0&apos;, java.version: &apos;1.8.0_201&apos;
Driver info: com.qmetry.qaf.automation.ui.webdriver.QAFExtendedWebDriver
Capabilities [{mobileEmulationEnabled=false, timeouts={implicit=0, pageLoad=300000, script=30000}, hasTouchScreen=false, platform=XP, acceptSslCerts=false, goog:chromeOptions={debuggerAddress=localhost:62068}, acceptInsecureCerts=false, webStorageEnabled=true, browserName=chrome, takesScreenshot=true, javascriptEnabled=true, setWindowRect=true, unexpectedAlertBehaviour=ignore, applicationCacheEnabled=false, rotatable=false, networkConnectionEnabled=false, chrome={chromedriverVersion=75.0.3770.90 (a6dcaf7e3ec6f70a194cc25e8149475c6590e025-refs/branch-heads/3770@{#1003}), userDataDir=C:\Users\MOHANR~1.P\AppData\Local\Temp\scoped_dir228_24944}, takesHeapSnapshot=true, pageLoadStrategy=normal, strictFileInteractability=false, databaseEnabled=false, handlesAlerts=true, version=75.0.3770.100, browserConnectionEnabled=false, proxy={}, nativeEvents=true, locationContextEnabled=true, cssSelectorsEnabled=true}]
Session ID: 2e1666123f501a7f52b0d1cf7911fa0a
*** Element info: {Using=xpath, value=//*[@name=&apos;flight.continue.btn&apos; or @id=&apos;flight.continue.btn&apos; or @value=&apos;flight.continue.btn&apos;]}
[WebDriverCommandLogger] - Executing findElement parameters: {&quot;using&quot;:&quot;xpath&quot;,&quot;value&quot;:&quot;//*[@name=&apos;flight.continue.btn&apos; or @id=&apos;flight.continue.btn&apos; or @value=&apos;flight.continue.btn&apos;]&quot;}
[WebDriverCommandLogger] - command: findElement[ param-1: {value=//*[@name=&apos;flight.continue.btn&apos; or @id=&apos;flight.continue.btn&apos; or @value=&apos;flight.continue.btn&apos;], using=xpath}] Result: no such element: Unable to locate element: {&quot;method&quot;:&quot;xpath&quot;,&quot;selector&quot;:&quot;//*[@name=&apos;flight.continue.btn&apos; or @id=&apos;flight.continue.btn&apos; or @value=&apos;flight.continue.btn&apos;]&quot;}
  (Session info: chrome=75.0.3770.100)
  (Driver info: chromedriver=75.0.3770.90 (a6dcaf7e3ec6f70a194cc25e8149475c6590e025-refs/branch-heads/3770@{#1003}),platform=Windows NT 10.0.17134 x86_64) (WARNING: The server did not provide any stacktrace information)
Command duration or timeout: 32 milliseconds
For documentation on this error, please visit: http://seleniumhq.org/exceptions/no_such_element.html
Build info: version: &apos;2.53.0&apos;, revision: &apos;35ae25b1534ae328c771e0856c93e187490ca824&apos;, time: &apos;2016-03-15 10:43:46&apos;
System info: host: &apos;ICPL13076&apos;, ip: &apos;10.11.24.78&apos;, os.name: &apos;Windows 10&apos;, os.arch: &apos;amd64&apos;, os.version: &apos;10.0&apos;, java.version: &apos;1.8.0_201&apos;
Driver info: com.qmetry.qaf.automation.ui.webdriver.QAFExtendedWebDriver
Capabilities [{mobileEmulationEnabled=false, timeouts={implicit=0, pageLoad=300000, script=30000}, hasTouchScreen=false, platform=XP, acceptSslCerts=false, goog:chromeOptions={debuggerAddress=localhost:62068}, acceptInsecureCerts=false, webStorageEnabled=true, browserName=chrome, takesScreenshot=true, javascriptEnabled=true, setWindowRect=true, unexpectedAlertBehaviour=ignore, applicationCacheEnabled=false, rotatable=false, networkConnectionEnabled=false, chrome={chromedriverVersion=75.0.3770.90 (a6dcaf7e3ec6f70a194cc25e8149475c6590e025-refs/branch-heads/3770@{#1003}), userDataDir=C:\Users\MOHANR~1.P\AppData\Local\Temp\scoped_dir228_24944}, takesHeapSnapshot=true, pageLoadStrategy=normal, strictFileInteractability=false, databaseEnabled=false, handlesAlerts=true, version=75.0.3770.100, browserConnectionEnabled=false, proxy={}, nativeEvents=true, locationContextEnabled=true, cssSelectorsEnabled=true}]
Session ID: 2e1666123f501a7f52b0d1cf7911fa0a
*** Element info: {Using=xpath, value=//*[@name=&apos;flight.continue.btn&apos; or @id=&apos;flight.continue.btn&apos; or @value=&apos;flight.continue.btn&apos;]}
[WebDriverCommandLogger] - Executing findElement parameters: {&quot;using&quot;:&quot;xpath&quot;,&quot;value&quot;:&quot;//*[@name=&apos;flight.continue.btn&apos; or @id=&apos;flight.continue.btn&apos; or @value=&apos;flight.continue.btn&apos;]&quot;}
[WebDriverCommandLogger] - command: findElement[ param-1: {value=//*[@name=&apos;flight.continue.btn&apos; or @id=&apos;flight.continue.btn&apos; or @value=&apos;flight.continue.btn&apos;], using=xpath}] Result: no such element: Unable to locate element: {&quot;method&quot;:&quot;xpath&quot;,&quot;selector&quot;:&quot;//*[@name=&apos;flight.continue.btn&apos; or @id=&apos;flight.continue.btn&apos; or @value=&apos;flight.continue.btn&apos;]&quot;}
  (Session info: chrome=75.0.3770.100)
  (Driver info: chromedriver=75.0.3770.90 (a6dcaf7e3ec6f70a194cc25e8149475c6590e025-refs/branch-heads/3770@{#1003}),platform=Windows NT 10.0.17134 x86_64) (WARNING: The server did not provide any stacktrace information)
Command duration or timeout: 32 milliseconds
For documentation on this error, please visit: http://seleniumhq.org/exceptions/no_such_element.html
Build info: version: &apos;2.53.0&apos;, revision: &apos;35ae25b1534ae328c771e0856c93e187490ca824&apos;, time: &apos;2016-03-15 10:43:46&apos;
System info: host: &apos;ICPL13076&apos;, ip: &apos;10.11.24.78&apos;, os.name: &apos;Windows 10&apos;, os.arch: &apos;amd64&apos;, os.version: &apos;10.0&apos;, java.version: &apos;1.8.0_201&apos;
Driver info: com.qmetry.qaf.automation.ui.webdriver.QAFExtendedWebDriver
Capabilities [{mobileEmulationEnabled=false, timeouts={implicit=0, pageLoad=300000, script=30000}, hasTouchScreen=false, platform=XP, acceptSslCerts=false, goog:chromeOptions={debuggerAddress=localhost:62068}, acceptInsecureCerts=false, webStorageEnabled=true, browserName=chrome, takesScreenshot=true, javascriptEnabled=true, setWindowRect=true, unexpectedAlertBehaviour=ignore, applicationCacheEnabled=false, rotatable=false, networkConnectionEnabled=false, chrome={chromedriverVersion=75.0.3770.90 (a6dcaf7e3ec6f70a194cc25e8149475c6590e025-refs/branch-heads/3770@{#1003}), userDataDir=C:\Users\MOHANR~1.P\AppData\Local\Temp\scoped_dir228_24944}, takesHeapSnapshot=true, pageLoadStrategy=normal, strictFileInteractability=false, databaseEnabled=false, handlesAlerts=true, version=75.0.3770.100, browserConnectionEnabled=false, proxy={}, nativeEvents=true, locationContextEnabled=true, cssSelectorsEnabled=true}]
Session ID: 2e1666123f501a7f52b0d1cf7911fa0a
*** Element info: {Using=xpath, value=//*[@name=&apos;flight.continue.btn&apos; or @id=&apos;flight.continue.btn&apos; or @value=&apos;flight.continue.btn&apos;]}
[WebDriverCommandLogger] - Executing findElement parameters: {&quot;using&quot;:&quot;xpath&quot;,&quot;value&quot;:&quot;//*[@name=&apos;flight.continue.btn&apos; or @id=&apos;flight.continue.btn&apos; or @value=&apos;flight.continue.btn&apos;]&quot;}
[WebDriverCommandLogger] - command: findElement[ param-1: {value=//*[@name=&apos;flight.continue.btn&apos; or @id=&apos;flight.continue.btn&apos; or @value=&apos;flight.continue.btn&apos;], using=xpath}] Result: no such element: Unable to locate element: {&quot;method&quot;:&quot;xpath&quot;,&quot;selector&quot;:&quot;//*[@name=&apos;flight.continue.btn&apos; or @id=&apos;flight.continue.btn&apos; or @value=&apos;flight.continue.btn&apos;]&quot;}
  (Session info: chrome=75.0.3770.100)
  (Driver info: chromedriver=75.0.3770.90 (a6dcaf7e3ec6f70a194cc25e8149475c6590e025-refs/branch-heads/3770@{#1003}),platform=Windows NT 10.0.17134 x86_64) (WARNING: The server did not provide any stacktrace information)
Command duration or timeout: 33 milliseconds
For documentation on this error, please visit: http://seleniumhq.org/exceptions/no_such_element.html
Build info: version: &apos;2.53.0&apos;, revision: &apos;35ae25b1534ae328c771e0856c93e187490ca824&apos;, time: &apos;2016-03-15 10:43:46&apos;
System info: host: &apos;ICPL13076&apos;, ip: &apos;10.11.24.78&apos;, os.name: &apos;Windows 10&apos;, os.arch: &apos;amd64&apos;, os.version: &apos;10.0&apos;, java.version: &apos;1.8.0_201&apos;
Driver info: com.qmetry.qaf.automation.ui.webdriver.QAFExtendedWebDriver
Capabilities [{mobileEmulationEnabled=false, timeouts={implicit=0, pageLoad=300000, script=30000}, hasTouchScreen=false, platform=XP, acceptSslCerts=false, goog:chromeOptions={debuggerAddress=localhost:62068}, acceptInsecureCerts=false, webStorageEnabled=true, browserName=chrome, takesScreenshot=true, javascriptEnabled=true, setWindowRect=true, unexpectedAlertBehaviour=ignore, applicationCacheEnabled=false, rotatable=false, networkConnectionEnabled=false, chrome={chromedriverVersion=75.0.3770.90 (a6dcaf7e3ec6f70a194cc25e8149475c6590e025-refs/branch-heads/3770@{#1003}), userDataDir=C:\Users\MOHANR~1.P\AppData\Local\Temp\scoped_dir228_24944}, takesHeapSnapshot=true, pageLoadStrategy=normal, strictFileInteractability=false, databaseEnabled=false, handlesAlerts=true, version=75.0.3770.100, browserConnectionEnabled=false, proxy={}, nativeEvents=true, locationContextEnabled=true, cssSelectorsEnabled=true}]
Session ID: 2e1666123f501a7f52b0d1cf7911fa0a
*** Element info: {Using=xpath, value=//*[@name=&apos;flight.continue.btn&apos; or @id=&apos;flight.continue.btn&apos; or @value=&apos;flight.continue.btn&apos;]}
[WebDriverCommandLogger] - Executing findElement parameters: {&quot;using&quot;:&quot;xpath&quot;,&quot;value&quot;:&quot;//*[@name=&apos;flight.continue.btn&apos; or @id=&apos;flight.continue.btn&apos; or @value=&apos;flight.continue.btn&apos;]&quot;}
[WebDriverCommandLogger] - command: findElement[ param-1: {value=//*[@name=&apos;flight.continue.btn&apos; or @id=&apos;flight.continue.btn&apos; or @value=&apos;flight.continue.btn&apos;], using=xpath}] Result: no such element: Unable to locate element: {&quot;method&quot;:&quot;xpath&quot;,&quot;selector&quot;:&quot;//*[@name=&apos;flight.continue.btn&apos; or @id=&apos;flight.continue.btn&apos; or @value=&apos;flight.continue.btn&apos;]&quot;}
  (Session info: chrome=75.0.3770.100)
  (Driver info: chromedriver=75.0.3770.90 (a6dcaf7e3ec6f70a194cc25e8149475c6590e025-refs/branch-heads/3770@{#1003}),platform=Windows NT 10.0.17134 x86_64) (WARNING: The server did not provide any stacktrace information)
Command duration or timeout: 33 milliseconds
For documentation on this error, please visit: http://seleniumhq.org/exceptions/no_such_element.html
Build info: version: &apos;2.53.0&apos;, revision: &apos;35ae25b1534ae328c771e0856c93e187490ca824&apos;, time: &apos;2016-03-15 10:43:46&apos;
System info: host: &apos;ICPL13076&apos;, ip: &apos;10.11.24.78&apos;, os.name: &apos;Windows 10&apos;, os.arch: &apos;amd64&apos;, os.version: &apos;10.0&apos;, java.version: &apos;1.8.0_201&apos;
Driver info: com.qmetry.qaf.automation.ui.webdriver.QAFExtendedWebDriver
Capabilities [{mobileEmulationEnabled=false, timeouts={implicit=0, pageLoad=300000, script=30000}, hasTouchScreen=false, platform=XP, acceptSslCerts=false, goog:chromeOptions={debuggerAddress=localhost:62068}, acceptInsecureCerts=false, webStorageEnabled=true, browserName=chrome, takesScreenshot=true, javascriptEnabled=true, setWindowRect=true, unexpectedAlertBehaviour=ignore, applicationCacheEnabled=false, rotatable=false, networkConnectionEnabled=false, chrome={chromedriverVersion=75.0.3770.90 (a6dcaf7e3ec6f70a194cc25e8149475c6590e025-refs/branch-heads/3770@{#1003}), userDataDir=C:\Users\MOHANR~1.P\AppData\Local\Temp\scoped_dir228_24944}, takesHeapSnapshot=true, pageLoadStrategy=normal, strictFileInteractability=false, databaseEnabled=false, handlesAlerts=true, version=75.0.3770.100, browserConnectionEnabled=false, proxy={}, nativeEvents=true, locationContextEnabled=true, cssSelectorsEnabled=true}]
Session ID: 2e1666123f501a7f52b0d1cf7911fa0a
*** Element info: {Using=xpath, value=//*[@name=&apos;flight.continue.btn&apos; or @id=&apos;flight.continue.btn&apos; or @value=&apos;flight.continue.btn&apos;]}
[WebDriverCommandLogger] - Executing findElement parameters: {&quot;using&quot;:&quot;xpath&quot;,&quot;value&quot;:&quot;//*[@name=&apos;flight.continue.btn&apos; or @id=&apos;flight.continue.btn&apos; or @value=&apos;flight.continue.btn&apos;]&quot;}
[WebDriverCommandLogger] - command: findElement[ param-1: {value=//*[@name=&apos;flight.continue.btn&apos; or @id=&apos;flight.continue.btn&apos; or @value=&apos;flight.continue.btn&apos;], using=xpath}] Result: no such element: Unable to locate element: {&quot;method&quot;:&quot;xpath&quot;,&quot;selector&quot;:&quot;//*[@name=&apos;flight.continue.btn&apos; or @id=&apos;flight.continue.btn&apos; or @value=&apos;flight.continue.btn&apos;]&quot;}
  (Session info: chrome=75.0.3770.100)
  (Driver info: chromedriver=75.0.3770.90 (a6dcaf7e3ec6f70a194cc25e8149475c6590e025-refs/branch-heads/3770@{#1003}),platform=Windows NT 10.0.17134 x86_64) (WARNING: The server did not provide any stacktrace information)
Command duration or timeout: 30 milliseconds
For documentation on this error, please visit: http://seleniumhq.org/exceptions/no_such_element.html
Build info: version: &apos;2.53.0&apos;, revision: &apos;35ae25b1534ae328c771e0856c93e187490ca824&apos;, time: &apos;2016-03-15 10:43:46&apos;
System info: host: &apos;ICPL13076&apos;, ip: &apos;10.11.24.78&apos;, os.name: &apos;Windows 10&apos;, os.arch: &apos;amd64&apos;, os.version: &apos;10.0&apos;, java.version: &apos;1.8.0_201&apos;
Driver info: com.qmetry.qaf.automation.ui.webdriver.QAFExtendedWebDriver
Capabilities [{mobileEmulationEnabled=false, timeouts={implicit=0, pageLoad=300000, script=30000}, hasTouchScreen=false, platform=XP, acceptSslCerts=false, goog:chromeOptions={debuggerAddress=localhost:62068}, acceptInsecureCerts=false, webStorageEnabled=true, browserName=chrome, takesScreenshot=true, javascriptEnabled=true, setWindowRect=true, unexpectedAlertBehaviour=ignore, applicationCacheEnabled=false, rotatable=false, networkConnectionEnabled=false, chrome={chromedriverVersion=75.0.3770.90 (a6dcaf7e3ec6f70a194cc25e8149475c6590e025-refs/branch-heads/3770@{#1003}), userDataDir=C:\Users\MOHANR~1.P\AppData\Local\Temp\scoped_dir228_24944}, takesHeapSnapshot=true, pageLoadStrategy=normal, strictFileInteractability=false, databaseEnabled=false, handlesAlerts=true, version=75.0.3770.100, browserConnectionEnabled=false, proxy={}, nativeEvents=true, locationContextEnabled=true, cssSelectorsEnabled=true}]
Session ID: 2e1666123f501a7f52b0d1cf7911fa0a
*** Element info: {Using=xpath, value=//*[@name=&apos;flight.continue.btn&apos; or @id=&apos;flight.continue.btn&apos; or @value=&apos;flight.continue.btn&apos;]}
[WebDriverCommandLogger] - Executing findElement parameters: {&quot;using&quot;:&quot;xpath&quot;,&quot;value&quot;:&quot;//*[@name=&apos;flight.continue.btn&apos; or @id=&apos;flight.continue.btn&apos; or @value=&apos;flight.continue.btn&apos;]&quot;}
[WebDriverCommandLogger] - command: findElement[ param-1: {value=//*[@name=&apos;flight.continue.btn&apos; or @id=&apos;flight.continue.btn&apos; or @value=&apos;flight.continue.btn&apos;], using=xpath}] Result: no such element: Unable to locate element: {&quot;method&quot;:&quot;xpath&quot;,&quot;selector&quot;:&quot;//*[@name=&apos;flight.continue.btn&apos; or @id=&apos;flight.continue.btn&apos; or @value=&apos;flight.continue.btn&apos;]&quot;}
  (Session info: chrome=75.0.3770.100)
  (Driver info: chromedriver=75.0.3770.90 (a6dcaf7e3ec6f70a194cc25e8149475c6590e025-refs/branch-heads/3770@{#1003}),platform=Windows NT 10.0.17134 x86_64) (WARNING: The server did not provide any stacktrace information)
Command duration or timeout: 33 milliseconds
For documentation on this error, please visit: http://seleniumhq.org/exceptions/no_such_element.html
Build info: version: &apos;2.53.0&apos;, revision: &apos;35ae25b1534ae328c771e0856c93e187490ca824&apos;, time: &apos;2016-03-15 10:43:46&apos;
System info: host: &apos;ICPL13076&apos;, ip: &apos;10.11.24.78&apos;, os.name: &apos;Windows 10&apos;, os.arch: &apos;amd64&apos;, os.version: &apos;10.0&apos;, java.version: &apos;1.8.0_201&apos;
Driver info: com.qmetry.qaf.automation.ui.webdriver.QAFExtendedWebDriver
Capabilities [{mobileEmulationEnabled=false, timeouts={implicit=0, pageLoad=300000, script=30000}, hasTouchScreen=false, platform=XP, acceptSslCerts=false, goog:chromeOptions={debuggerAddress=localhost:62068}, acceptInsecureCerts=false, webStorageEnabled=true, browserName=chrome, takesScreenshot=true, javascriptEnabled=true, setWindowRect=true, unexpectedAlertBehaviour=ignore, applicationCacheEnabled=false, rotatable=false, networkConnectionEnabled=false, chrome={chromedriverVersion=75.0.3770.90 (a6dcaf7e3ec6f70a194cc25e8149475c6590e025-refs/branch-heads/3770@{#1003}), userDataDir=C:\Users\MOHANR~1.P\AppData\Local\Temp\scoped_dir228_24944}, takesHeapSnapshot=true, pageLoadStrategy=normal, strictFileInteractability=false, databaseEnabled=false, handlesAlerts=true, version=75.0.3770.100, browserConnectionEnabled=false, proxy={}, nativeEvents=true, locationContextEnabled=true, cssSelectorsEnabled=true}]
Session ID: 2e1666123f501a7f52b0d1cf7911fa0a
*** Element info: {Using=xpath, value=//*[@name=&apos;flight.continue.btn&apos; or @id=&apos;flight.continue.btn&apos; or @value=&apos;flight.continue.btn&apos;]}
[WebDriverCommandLogger] - Executing findElement parameters: {&quot;using&quot;:&quot;xpath&quot;,&quot;value&quot;:&quot;//*[@name=&apos;flight.continue.btn&apos; or @id=&apos;flight.continue.btn&apos; or @value=&apos;flight.continue.btn&apos;]&quot;}
[WebDriverCommandLogger] - command: findElement[ param-1: {value=//*[@name=&apos;flight.continue.btn&apos; or @id=&apos;flight.continue.btn&apos; or @value=&apos;flight.continue.btn&apos;], using=xpath}] Result: no such element: Unable to locate element: {&quot;method&quot;:&quot;xpath&quot;,&quot;selector&quot;:&quot;//*[@name=&apos;flight.continue.btn&apos; or @id=&apos;flight.continue.btn&apos; or @value=&apos;flight.continue.btn&apos;]&quot;}
  (Session info: chrome=75.0.3770.100)
  (Driver info: chromedriver=75.0.3770.90 (a6dcaf7e3ec6f70a194cc25e8149475c6590e025-refs/branch-heads/3770@{#1003}),platform=Windows NT 10.0.17134 x86_64) (WARNING: The server did not provide any stacktrace information)
Command duration or timeout: 31 milliseconds
For documentation on this error, please visit: http://seleniumhq.org/exceptions/no_such_element.html
Build info: version: &apos;2.53.0&apos;, revision: &apos;35ae25b1534ae328c771e0856c93e187490ca824&apos;, time: &apos;2016-03-15 10:43:46&apos;
System info: host: &apos;ICPL13076&apos;, ip: &apos;10.11.24.78&apos;, os.name: &apos;Windows 10&apos;, os.arch: &apos;amd64&apos;, os.version: &apos;10.0&apos;, java.version: &apos;1.8.0_201&apos;
Driver info: com.qmetry.qaf.automation.ui.webdriver.QAFExtendedWebDriver
Capabilities [{mobileEmulationEnabled=false, timeouts={implicit=0, pageLoad=300000, script=30000}, hasTouchScreen=false, platform=XP, acceptSslCerts=false, goog:chromeOptions={debuggerAddress=localhost:62068}, acceptInsecureCerts=false, webStorageEnabled=true, browserName=chrome, takesScreenshot=true, javascriptEnabled=true, setWindowRect=true, unexpectedAlertBehaviour=ignore, applicationCacheEnabled=false, rotatable=false, networkConnectionEnabled=false, chrome={chromedriverVersion=75.0.3770.90 (a6dcaf7e3ec6f70a194cc25e8149475c6590e025-refs/branch-heads/3770@{#1003}), userDataDir=C:\Users\MOHANR~1.P\AppData\Local\Temp\scoped_dir228_24944}, takesHeapSnapshot=true, pageLoadStrategy=normal, strictFileInteractability=false, databaseEnabled=false, handlesAlerts=true, version=75.0.3770.100, browserConnectionEnabled=false, proxy={}, nativeEvents=true, locationContextEnabled=true, cssSelectorsEnabled=true}]
Session ID: 2e1666123f501a7f52b0d1cf7911fa0a
*** Element info: {Using=xpath, value=//*[@name=&apos;flight.continue.btn&apos; or @id=&apos;flight.continue.btn&apos; or @value=&apos;flight.continue.btn&apos;]}
[WebDriverCommandLogger] - Executing findElement parameters: {&quot;using&quot;:&quot;xpath&quot;,&quot;value&quot;:&quot;//*[@name=&apos;flight.continue.btn&apos; or @id=&apos;flight.continue.btn&apos; or @value=&apos;flight.continue.btn&apos;]&quot;}
[WebDriverCommandLogger] - command: findElement[ param-1: {value=//*[@name=&apos;flight.continue.btn&apos; or @id=&apos;flight.continue.btn&apos; or @value=&apos;flight.continue.btn&apos;], using=xpath}] Result: no such element: Unable to locate element: {&quot;method&quot;:&quot;xpath&quot;,&quot;selector&quot;:&quot;//*[@name=&apos;flight.continue.btn&apos; or @id=&apos;flight.continue.btn&apos; or @value=&apos;flight.continue.btn&apos;]&quot;}
  (Session info: chrome=75.0.3770.100)
  (Driver info: chromedriver=75.0.3770.90 (a6dcaf7e3ec6f70a194cc25e8149475c6590e025-refs/branch-heads/3770@{#1003}),platform=Windows NT 10.0.17134 x86_64) (WARNING: The server did not provide any stacktrace information)
Command duration or timeout: 34 milliseconds
For documentation on this error, please visit: http://seleniumhq.org/exceptions/no_such_element.html
Build info: version: &apos;2.53.0&apos;, revision: &apos;35ae25b1534ae328c771e0856c93e187490ca824&apos;, time: &apos;2016-03-15 10:43:46&apos;
System info: host: &apos;ICPL13076&apos;, ip: &apos;10.11.24.78&apos;, os.name: &apos;Windows 10&apos;, os.arch: &apos;amd64&apos;, os.version: &apos;10.0&apos;, java.version: &apos;1.8.0_201&apos;
Driver info: com.qmetry.qaf.automation.ui.webdriver.QAFExtendedWebDriver
Capabilities [{mobileEmulationEnabled=false, timeouts={implicit=0, pageLoad=300000, script=30000}, hasTouchScreen=false, platform=XP, acceptSslCerts=false, goog:chromeOptions={debuggerAddress=localhost:62068}, acceptInsecureCerts=false, webStorageEnabled=true, browserName=chrome, takesScreenshot=true, javascriptEnabled=true, setWindowRect=true, unexpectedAlertBehaviour=ignore, applicationCacheEnabled=false, rotatable=false, networkConnectionEnabled=false, chrome={chromedriverVersion=75.0.3770.90 (a6dcaf7e3ec6f70a194cc25e8149475c6590e025-refs/branch-heads/3770@{#1003}), userDataDir=C:\Users\MOHANR~1.P\AppData\Local\Temp\scoped_dir228_24944}, takesHeapSnapshot=true, pageLoadStrategy=normal, strictFileInteractability=false, databaseEnabled=false, handlesAlerts=true, version=75.0.3770.100, browserConnectionEnabled=false, proxy={}, nativeEvents=true, locationContextEnabled=true, cssSelectorsEnabled=true}]
Session ID: 2e1666123f501a7f52b0d1cf7911fa0a
*** Element info: {Using=xpath, value=//*[@name=&apos;flight.continue.btn&apos; or @id=&apos;flight.continue.btn&apos; or @value=&apos;flight.continue.btn&apos;]}
[WebDriverCommandLogger] - Executing findElement parameters: {&quot;using&quot;:&quot;xpath&quot;,&quot;value&quot;:&quot;//*[@name=&apos;flight.continue.btn&apos; or @id=&apos;flight.continue.btn&apos; or @value=&apos;flight.continue.btn&apos;]&quot;}
[WebDriverCommandLogger] - command: findElement[ param-1: {value=//*[@name=&apos;flight.continue.btn&apos; or @id=&apos;flight.continue.btn&apos; or @value=&apos;flight.continue.btn&apos;], using=xpath}] Result: no such element: Unable to locate element: {&quot;method&quot;:&quot;xpath&quot;,&quot;selector&quot;:&quot;//*[@name=&apos;flight.continue.btn&apos; or @id=&apos;flight.continue.btn&apos; or @value=&apos;flight.continue.btn&apos;]&quot;}
  (Session info: chrome=75.0.3770.100)
  (Driver info: chromedriver=75.0.3770.90 (a6dcaf7e3ec6f70a194cc25e8149475c6590e025-refs/branch-heads/3770@{#1003}),platform=Windows NT 10.0.17134 x86_64) (WARNING: The server did not provide any stacktrace information)
Command duration or timeout: 35 milliseconds
For documentation on this error, please visit: http://seleniumhq.org/exceptions/no_such_element.html
Build info: version: &apos;2.53.0&apos;, revision: &apos;35ae25b1534ae328c771e0856c93e187490ca824&apos;, time: &apos;2016-03-15 10:43:46&apos;
System info: host: &apos;ICPL13076&apos;, ip: &apos;10.11.24.78&apos;, os.name: &apos;Windows 10&apos;, os.arch: &apos;amd64&apos;, os.version: &apos;10.0&apos;, java.version: &apos;1.8.0_201&apos;
Driver info: com.qmetry.qaf.automation.ui.webdriver.QAFExtendedWebDriver
Capabilities [{mobileEmulationEnabled=false, timeouts={implicit=0, pageLoad=300000, script=30000}, hasTouchScreen=false, platform=XP, acceptSslCerts=false, goog:chromeOptions={debuggerAddress=localhost:62068}, acceptInsecureCerts=false, webStorageEnabled=true, browserName=chrome, takesScreenshot=true, javascriptEnabled=true, setWindowRect=true, unexpectedAlertBehaviour=ignore, applicationCacheEnabled=false, rotatable=false, networkConnectionEnabled=false, chrome={chromedriverVersion=75.0.3770.90 (a6dcaf7e3ec6f70a194cc25e8149475c6590e025-refs/branch-heads/3770@{#1003}), userDataDir=C:\Users\MOHANR~1.P\AppData\Local\Temp\scoped_dir228_24944}, takesHeapSnapshot=true, pageLoadStrategy=normal, strictFileInteractability=false, databaseEnabled=false, handlesAlerts=true, version=75.0.3770.100, browserConnectionEnabled=false, proxy={}, nativeEvents=true, locationContextEnabled=true, cssSelectorsEnabled=true}]
Session ID: 2e1666123f501a7f52b0d1cf7911fa0a
*** Element info: {Using=xpath, value=//*[@name=&apos;flight.continue.btn&apos; or @id=&apos;flight.continue.btn&apos; or @value=&apos;flight.continue.btn&apos;]}
[WebDriverCommandLogger] - command: clickElement[ param-1: By.xpath: //*[@name=&apos;flight.continue.btn&apos; or @id=&apos;flight.continue.btn&apos; or @value=&apos;flight.continue.btn&apos;] param-2: {&quot;id&quot;:&quot;-1&quot;}] Result: Timed out after 30 seconds waiting for presence of element located by: By.xpath: //*[@name=&apos;flight.continue.btn&apos; or @id=&apos;flight.continue.btn&apos; or @value=&apos;flight.continue.btn&apos;]
Build info: version: &apos;2.53.0&apos;, revision: &apos;35ae25b1534ae328c771e0856c93e187490ca824&apos;, time: &apos;2016-03-15 10:43:46&apos;
System info: host: &apos;ICPL13076&apos;, ip: &apos;10.11.24.78&apos;, os.name: &apos;Windows 10&apos;, os.arch: &apos;amd64&apos;, os.version: &apos;10.0&apos;, java.version: &apos;1.8.0_201&apos;
Driver info: driver.version: QAFExtendedWebDriver
[WebDriverCommandLogger] - Executing findElements parameters: {&quot;using&quot;:&quot;xpath&quot;,&quot;value&quot;:&quot;//*[@name=&apos;flight.continue.btn&apos; or @id=&apos;flight.continue.btn&apos; or @value=&apos;flight.continue.btn&apos;]&quot;}
[WebDriverCommandLogger] - command: findElements[ param-1: {value=//*[@name=&apos;flight.continue.btn&apos; or @id=&apos;flight.continue.btn&apos; or @value=&apos;flight.continue.btn&apos;], using=xpath}] Result: []
[QAFInvokedMethodListener2] - org.openqa.selenium.TimeoutException: Timed out after 30 seconds waiting for presence of element located by: By.xpath: //*[@name=&apos;flight.continue.btn&apos; or @id=&apos;flight.continue.btn&apos; or @value=&apos;flight.continue.btn&apos;]
Build info: version: &apos;2.53.0&apos;, revision: &apos;35ae25b1534ae328c771e0856c93e187490ca824&apos;, time: &apos;2016-03-15 10:43:46&apos;
System info: host: &apos;ICPL13076&apos;, ip: &apos;10.11.24.78&apos;, os.name: &apos;Windows 10&apos;, os.arch: &apos;amd64&apos;, os.version: &apos;10.0&apos;, java.version: &apos;1.8.0_201&apos;
Driver info: driver.version: QAFExtendedWebDriver
[WebDriverCommandLogger] - Executing screenshot parameters: {}
</system-out>
    <system-err>log4j:WARN No such property [follow] in org.apache.log4j.FileAppender.
Starting ChromeDriver 75.0.3770.90 (a6dcaf7e3ec6f70a194cc25e8149475c6590e025-refs/branch-heads/3770@{#1003}) on port 47220
Only local connections are allowed.
Please protect ports used by ChromeDriver and related test frameworks to prevent access by malicious code.
</system-err>
  </testcase>
</testsuite>