{
  "seleniumLog": [
    {
      "commandName": "get",
      "args": [
        "{url=http://www.newtours.demoaut.com/}"
      ],
      "result": "null",
      "subLogs": [],
      "duration": 2188
    },
    {
      "commandName": "findElement",
      "args": [
        "{value=//a[text()='CONTACT'], using=xpath}"
      ],
      "result": "id: 0.7207469753903823-1",
      "subLogs": [],
      "duration": 27
    },
    {
      "commandName": "clickElement",
      "args": [
        "By.xpath: //a[text()='CONTACT']",
        "{\"id\":\"0.7207469753903823-1\"}"
      ],
      "result": "clickElement:null",
      "subLogs": [],
      "duration": 712
    },
    {
      "commandName": "findElement",
      "args": [
        "{value=//*[@name='contact.verifymessage.Text' or @id='contact.verifymessage.Text' or @value='contact.verifymessage.Text'], using=xpath}"
      ],
      "result": "no such element: Unable to locate element: {\"method\":\"xpath\",\"selector\":\"//*[@name='contact.verifymessage.Text' or @id='contact.verifymessage.Text' or @value='contact.verifymessage.Text']\"}\n  (Session info: chrome=75.0.3770.100)\n  (Driver info: chromedriver=75.0.3770.90 (a6dcaf7e3ec6f70a194cc25e8149475c6590e025-refs/branch-heads/3770@{#1003}),platform=Windows NT 10.0.17134 x86_64) (WARNING: The server did not provide any stacktrace information)\nCommand duration or timeout: 35 milliseconds\nFor documentation on this error, please visit: http://seleniumhq.org/exceptions/no_such_element.html\nBuild info: version: '2.53.0', revision: '35ae25b1534ae328c771e0856c93e187490ca824', time: '2016-03-15 10:43:46'\nSystem info: host: 'ICPL13076', ip: '10.11.24.78', os.name: 'Windows 10', os.arch: 'amd64', os.version: '10.0', java.version: '1.8.0_201'\nDriver info: com.qmetry.qaf.automation.ui.webdriver.QAFExtendedWebDriver\nCapabilities [{mobileEmulationEnabled=false, timeouts={implicit=0, pageLoad=300000, script=30000}, hasTouchScreen=false, platform=XP, acceptSslCerts=false, goog:chromeOptions={debuggerAddress=localhost:53447}, acceptInsecureCerts=false, webStorageEnabled=true, browserName=chrome, takesScreenshot=true, javascriptEnabled=true, setWindowRect=true, unexpectedAlertBehaviour=ignore, applicationCacheEnabled=false, rotatable=false, networkConnectionEnabled=false, chrome={chromedriverVersion=75.0.3770.90 (a6dcaf7e3ec6f70a194cc25e8149475c6590e025-refs/branch-heads/3770@{#1003}), userDataDir=C:\\Users\\MOHANR~1.P\\AppData\\Local\\Temp\\scoped_dir6244_6682}, takesHeapSnapshot=true, pageLoadStrategy=normal, strictFileInteractability=false, databaseEnabled=false, handlesAlerts=true, version=75.0.3770.100, browserConnectionEnabled=false, proxy={}, nativeEvents=true, locationContextEnabled=true, cssSelectorsEnabled=true}]\nSession ID: e07d414f4e9f7a6c98553eb69d9b1605\n*** Element info: {Using=xpath, value=//*[@name='contact.verifymessage.Text' or @id='contact.verifymessage.Text' or @value='contact.verifymessage.Text']}",
      "subLogs": [],
      "duration": 56
    },
    {
      "commandName": "findElement",
      "args": [
        "{value=//*[@name='contact.verifymessage.Text' or @id='contact.verifymessage.Text' or @value='contact.verifymessage.Text'], using=xpath}"
      ],
      "result": "no such element: Unable to locate element: {\"method\":\"xpath\",\"selector\":\"//*[@name='contact.verifymessage.Text' or @id='contact.verifymessage.Text' or @value='contact.verifymessage.Text']\"}\n  (Session info: chrome=75.0.3770.100)\n  (Driver info: chromedriver=75.0.3770.90 (a6dcaf7e3ec6f70a194cc25e8149475c6590e025-refs/branch-heads/3770@{#1003}),platform=Windows NT 10.0.17134 x86_64) (WARNING: The server did not provide any stacktrace information)\nCommand duration or timeout: 34 milliseconds\nFor documentation on this error, please visit: http://seleniumhq.org/exceptions/no_such_element.html\nBuild info: version: '2.53.0', revision: '35ae25b1534ae328c771e0856c93e187490ca824', time: '2016-03-15 10:43:46'\nSystem info: host: 'ICPL13076', ip: '10.11.24.78', os.name: 'Windows 10', os.arch: 'amd64', os.version: '10.0', java.version: '1.8.0_201'\nDriver info: com.qmetry.qaf.automation.ui.webdriver.QAFExtendedWebDriver\nCapabilities [{mobileEmulationEnabled=false, timeouts={implicit=0, pageLoad=300000, script=30000}, hasTouchScreen=false, platform=XP, acceptSslCerts=false, goog:chromeOptions={debuggerAddress=localhost:53447}, acceptInsecureCerts=false, webStorageEnabled=true, browserName=chrome, takesScreenshot=true, javascriptEnabled=true, setWindowRect=true, unexpectedAlertBehaviour=ignore, applicationCacheEnabled=false, rotatable=false, networkConnectionEnabled=false, chrome={chromedriverVersion=75.0.3770.90 (a6dcaf7e3ec6f70a194cc25e8149475c6590e025-refs/branch-heads/3770@{#1003}), userDataDir=C:\\Users\\MOHANR~1.P\\AppData\\Local\\Temp\\scoped_dir6244_6682}, takesHeapSnapshot=true, pageLoadStrategy=normal, strictFileInteractability=false, databaseEnabled=false, handlesAlerts=true, version=75.0.3770.100, browserConnectionEnabled=false, proxy={}, nativeEvents=true, locationContextEnabled=true, cssSelectorsEnabled=true}]\nSession ID: e07d414f4e9f7a6c98553eb69d9b1605\n*** Element info: {Using=xpath, value=//*[@name='contact.verifymessage.Text' or @id='contact.verifymessage.Text' or @value='contact.verifymessage.Text']}",
      "subLogs": [],
      "duration": 34
    },
    {
      "commandName": "findElement",
      "args": [
        "{value=//*[@name='contact.verifymessage.Text' or @id='contact.verifymessage.Text' or @value='contact.verifymessage.Text'], using=xpath}"
      ],
      "result": "no such element: Unable to locate element: {\"method\":\"xpath\",\"selector\":\"//*[@name='contact.verifymessage.Text' or @id='contact.verifymessage.Text' or @value='contact.verifymessage.Text']\"}\n  (Session info: chrome=75.0.3770.100)\n  (Driver info: chromedriver=75.0.3770.90 (a6dcaf7e3ec6f70a194cc25e8149475c6590e025-refs/branch-heads/3770@{#1003}),platform=Windows NT 10.0.17134 x86_64) (WARNING: The server did not provide any stacktrace information)\nCommand duration or timeout: 10 milliseconds\nFor documentation on this error, please visit: http://seleniumhq.org/exceptions/no_such_element.html\nBuild info: version: '2.53.0', revision: '35ae25b1534ae328c771e0856c93e187490ca824', time: '2016-03-15 10:43:46'\nSystem info: host: 'ICPL13076', ip: '10.11.24.78', os.name: 'Windows 10', os.arch: 'amd64', os.version: '10.0', java.version: '1.8.0_201'\nDriver info: com.qmetry.qaf.automation.ui.webdriver.QAFExtendedWebDriver\nCapabilities [{mobileEmulationEnabled=false, timeouts={implicit=0, pageLoad=300000, script=30000}, hasTouchScreen=false, platform=XP, acceptSslCerts=false, goog:chromeOptions={debuggerAddress=localhost:53447}, acceptInsecureCerts=false, webStorageEnabled=true, browserName=chrome, takesScreenshot=true, javascriptEnabled=true, setWindowRect=true, unexpectedAlertBehaviour=ignore, applicationCacheEnabled=false, rotatable=false, networkConnectionEnabled=false, chrome={chromedriverVersion=75.0.3770.90 (a6dcaf7e3ec6f70a194cc25e8149475c6590e025-refs/branch-heads/3770@{#1003}), userDataDir=C:\\Users\\MOHANR~1.P\\AppData\\Local\\Temp\\scoped_dir6244_6682}, takesHeapSnapshot=true, pageLoadStrategy=normal, strictFileInteractability=false, databaseEnabled=false, handlesAlerts=true, version=75.0.3770.100, browserConnectionEnabled=false, proxy={}, nativeEvents=true, locationContextEnabled=true, cssSelectorsEnabled=true}]\nSession ID: e07d414f4e9f7a6c98553eb69d9b1605\n*** Element info: {Using=xpath, value=//*[@name='contact.verifymessage.Text' or @id='contact.verifymessage.Text' or @value='contact.verifymessage.Text']}",
      "subLogs": [],
      "duration": 10
    },
    {
      "commandName": "findElement",
      "args": [
        "{value=//*[@name='contact.verifymessage.Text' or @id='contact.verifymessage.Text' or @value='contact.verifymessage.Text'], using=xpath}"
      ],
      "result": "no such element: Unable to locate element: {\"method\":\"xpath\",\"selector\":\"//*[@name='contact.verifymessage.Text' or @id='contact.verifymessage.Text' or @value='contact.verifymessage.Text']\"}\n  (Session info: chrome=75.0.3770.100)\n  (Driver info: chromedriver=75.0.3770.90 (a6dcaf7e3ec6f70a194cc25e8149475c6590e025-refs/branch-heads/3770@{#1003}),platform=Windows NT 10.0.17134 x86_64) (WARNING: The server did not provide any stacktrace information)\nCommand duration or timeout: 11 milliseconds\nFor documentation on this error, please visit: http://seleniumhq.org/exceptions/no_such_element.html\nBuild info: version: '2.53.0', revision: '35ae25b1534ae328c771e0856c93e187490ca824', time: '2016-03-15 10:43:46'\nSystem info: host: 'ICPL13076', ip: '10.11.24.78', os.name: 'Windows 10', os.arch: 'amd64', os.version: '10.0', java.version: '1.8.0_201'\nDriver info: com.qmetry.qaf.automation.ui.webdriver.QAFExtendedWebDriver\nCapabilities [{mobileEmulationEnabled=false, timeouts={implicit=0, pageLoad=300000, script=30000}, hasTouchScreen=false, platform=XP, acceptSslCerts=false, goog:chromeOptions={debuggerAddress=localhost:53447}, acceptInsecureCerts=false, webStorageEnabled=true, browserName=chrome, takesScreenshot=true, javascriptEnabled=true, setWindowRect=true, unexpectedAlertBehaviour=ignore, applicationCacheEnabled=false, rotatable=false, networkConnectionEnabled=false, chrome={chromedriverVersion=75.0.3770.90 (a6dcaf7e3ec6f70a194cc25e8149475c6590e025-refs/branch-heads/3770@{#1003}), userDataDir=C:\\Users\\MOHANR~1.P\\AppData\\Local\\Temp\\scoped_dir6244_6682}, takesHeapSnapshot=true, pageLoadStrategy=normal, strictFileInteractability=false, databaseEnabled=false, handlesAlerts=true, version=75.0.3770.100, browserConnectionEnabled=false, proxy={}, nativeEvents=true, locationContextEnabled=true, cssSelectorsEnabled=true}]\nSession ID: e07d414f4e9f7a6c98553eb69d9b1605\n*** Element info: {Using=xpath, value=//*[@name='contact.verifymessage.Text' or @id='contact.verifymessage.Text' or @value='contact.verifymessage.Text']}",
      "subLogs": [],
      "duration": 11
    },
    {
      "commandName": "findElement",
      "args": [
        "{value=//*[@name='contact.verifymessage.Text' or @id='contact.verifymessage.Text' or @value='contact.verifymessage.Text'], using=xpath}"
      ],
      "result": "no such element: Unable to locate element: {\"method\":\"xpath\",\"selector\":\"//*[@name='contact.verifymessage.Text' or @id='contact.verifymessage.Text' or @value='contact.verifymessage.Text']\"}\n  (Session info: chrome=75.0.3770.100)\n  (Driver info: chromedriver=75.0.3770.90 (a6dcaf7e3ec6f70a194cc25e8149475c6590e025-refs/branch-heads/3770@{#1003}),platform=Windows NT 10.0.17134 x86_64) (WARNING: The server did not provide any stacktrace information)\nCommand duration or timeout: 10 milliseconds\nFor documentation on this error, please visit: http://seleniumhq.org/exceptions/no_such_element.html\nBuild info: version: '2.53.0', revision: '35ae25b1534ae328c771e0856c93e187490ca824', time: '2016-03-15 10:43:46'\nSystem info: host: 'ICPL13076', ip: '10.11.24.78', os.name: 'Windows 10', os.arch: 'amd64', os.version: '10.0', java.version: '1.8.0_201'\nDriver info: com.qmetry.qaf.automation.ui.webdriver.QAFExtendedWebDriver\nCapabilities [{mobileEmulationEnabled=false, timeouts={implicit=0, pageLoad=300000, script=30000}, hasTouchScreen=false, platform=XP, acceptSslCerts=false, goog:chromeOptions={debuggerAddress=localhost:53447}, acceptInsecureCerts=false, webStorageEnabled=true, browserName=chrome, takesScreenshot=true, javascriptEnabled=true, setWindowRect=true, unexpectedAlertBehaviour=ignore, applicationCacheEnabled=false, rotatable=false, networkConnectionEnabled=false, chrome={chromedriverVersion=75.0.3770.90 (a6dcaf7e3ec6f70a194cc25e8149475c6590e025-refs/branch-heads/3770@{#1003}), userDataDir=C:\\Users\\MOHANR~1.P\\AppData\\Local\\Temp\\scoped_dir6244_6682}, takesHeapSnapshot=true, pageLoadStrategy=normal, strictFileInteractability=false, databaseEnabled=false, handlesAlerts=true, version=75.0.3770.100, browserConnectionEnabled=false, proxy={}, nativeEvents=true, locationContextEnabled=true, cssSelectorsEnabled=true}]\nSession ID: e07d414f4e9f7a6c98553eb69d9b1605\n*** Element info: {Using=xpath, value=//*[@name='contact.verifymessage.Text' or @id='contact.verifymessage.Text' or @value='contact.verifymessage.Text']}",
      "subLogs": [],
      "duration": 10
    },
    {
      "commandName": "findElement",
      "args": [
        "{value=//*[@name='contact.verifymessage.Text' or @id='contact.verifymessage.Text' or @value='contact.verifymessage.Text'], using=xpath}"
      ],
      "result": "no such element: Unable to locate element: {\"method\":\"xpath\",\"selector\":\"//*[@name='contact.verifymessage.Text' or @id='contact.verifymessage.Text' or @value='contact.verifymessage.Text']\"}\n  (Session info: chrome=75.0.3770.100)\n  (Driver info: chromedriver=75.0.3770.90 (a6dcaf7e3ec6f70a194cc25e8149475c6590e025-refs/branch-heads/3770@{#1003}),platform=Windows NT 10.0.17134 x86_64) (WARNING: The server did not provide any stacktrace information)\nCommand duration or timeout: 33 milliseconds\nFor documentation on this error, please visit: http://seleniumhq.org/exceptions/no_such_element.html\nBuild info: version: '2.53.0', revision: '35ae25b1534ae328c771e0856c93e187490ca824', time: '2016-03-15 10:43:46'\nSystem info: host: 'ICPL13076', ip: '10.11.24.78', os.name: 'Windows 10', os.arch: 'amd64', os.version: '10.0', java.version: '1.8.0_201'\nDriver info: com.qmetry.qaf.automation.ui.webdriver.QAFExtendedWebDriver\nCapabilities [{mobileEmulationEnabled=false, timeouts={implicit=0, pageLoad=300000, script=30000}, hasTouchScreen=false, platform=XP, acceptSslCerts=false, goog:chromeOptions={debuggerAddress=localhost:53447}, acceptInsecureCerts=false, webStorageEnabled=true, browserName=chrome, takesScreenshot=true, javascriptEnabled=true, setWindowRect=true, unexpectedAlertBehaviour=ignore, applicationCacheEnabled=false, rotatable=false, networkConnectionEnabled=false, chrome={chromedriverVersion=75.0.3770.90 (a6dcaf7e3ec6f70a194cc25e8149475c6590e025-refs/branch-heads/3770@{#1003}), userDataDir=C:\\Users\\MOHANR~1.P\\AppData\\Local\\Temp\\scoped_dir6244_6682}, takesHeapSnapshot=true, pageLoadStrategy=normal, strictFileInteractability=false, databaseEnabled=false, handlesAlerts=true, version=75.0.3770.100, browserConnectionEnabled=false, proxy={}, nativeEvents=true, locationContextEnabled=true, cssSelectorsEnabled=true}]\nSession ID: e07d414f4e9f7a6c98553eb69d9b1605\n*** Element info: {Using=xpath, value=//*[@name='contact.verifymessage.Text' or @id='contact.verifymessage.Text' or @value='contact.verifymessage.Text']}",
      "subLogs": [],
      "duration": 34
    },
    {
      "commandName": "findElement",
      "args": [
        "{value=//*[@name='contact.verifymessage.Text' or @id='contact.verifymessage.Text' or @value='contact.verifymessage.Text'], using=xpath}"
      ],
      "result": "no such element: Unable to locate element: {\"method\":\"xpath\",\"selector\":\"//*[@name='contact.verifymessage.Text' or @id='contact.verifymessage.Text' or @value='contact.verifymessage.Text']\"}\n  (Session info: chrome=75.0.3770.100)\n  (Driver info: chromedriver=75.0.3770.90 (a6dcaf7e3ec6f70a194cc25e8149475c6590e025-refs/branch-heads/3770@{#1003}),platform=Windows NT 10.0.17134 x86_64) (WARNING: The server did not provide any stacktrace information)\nCommand duration or timeout: 32 milliseconds\nFor documentation on this error, please visit: http://seleniumhq.org/exceptions/no_such_element.html\nBuild info: version: '2.53.0', revision: '35ae25b1534ae328c771e0856c93e187490ca824', time: '2016-03-15 10:43:46'\nSystem info: host: 'ICPL13076', ip: '10.11.24.78', os.name: 'Windows 10', os.arch: 'amd64', os.version: '10.0', java.version: '1.8.0_201'\nDriver info: com.qmetry.qaf.automation.ui.webdriver.QAFExtendedWebDriver\nCapabilities [{mobileEmulationEnabled=false, timeouts={implicit=0, pageLoad=300000, script=30000}, hasTouchScreen=false, platform=XP, acceptSslCerts=false, goog:chromeOptions={debuggerAddress=localhost:53447}, acceptInsecureCerts=false, webStorageEnabled=true, browserName=chrome, takesScreenshot=true, javascriptEnabled=true, setWindowRect=true, unexpectedAlertBehaviour=ignore, applicationCacheEnabled=false, rotatable=false, networkConnectionEnabled=false, chrome={chromedriverVersion=75.0.3770.90 (a6dcaf7e3ec6f70a194cc25e8149475c6590e025-refs/branch-heads/3770@{#1003}), userDataDir=C:\\Users\\MOHANR~1.P\\AppData\\Local\\Temp\\scoped_dir6244_6682}, takesHeapSnapshot=true, pageLoadStrategy=normal, strictFileInteractability=false, databaseEnabled=false, handlesAlerts=true, version=75.0.3770.100, browserConnectionEnabled=false, proxy={}, nativeEvents=true, locationContextEnabled=true, cssSelectorsEnabled=true}]\nSession ID: e07d414f4e9f7a6c98553eb69d9b1605\n*** Element info: {Using=xpath, value=//*[@name='contact.verifymessage.Text' or @id='contact.verifymessage.Text' or @value='contact.verifymessage.Text']}",
      "subLogs": [],
      "duration": 32
    },
    {
      "commandName": "findElement",
      "args": [
        "{value=//*[@name='contact.verifymessage.Text' or @id='contact.verifymessage.Text' or @value='contact.verifymessage.Text'], using=xpath}"
      ],
      "result": "no such element: Unable to locate element: {\"method\":\"xpath\",\"selector\":\"//*[@name='contact.verifymessage.Text' or @id='contact.verifymessage.Text' or @value='contact.verifymessage.Text']\"}\n  (Session info: chrome=75.0.3770.100)\n  (Driver info: chromedriver=75.0.3770.90 (a6dcaf7e3ec6f70a194cc25e8149475c6590e025-refs/branch-heads/3770@{#1003}),platform=Windows NT 10.0.17134 x86_64) (WARNING: The server did not provide any stacktrace information)\nCommand duration or timeout: 33 milliseconds\nFor documentation on this error, please visit: http://seleniumhq.org/exceptions/no_such_element.html\nBuild info: version: '2.53.0', revision: '35ae25b1534ae328c771e0856c93e187490ca824', time: '2016-03-15 10:43:46'\nSystem info: host: 'ICPL13076', ip: '10.11.24.78', os.name: 'Windows 10', os.arch: 'amd64', os.version: '10.0', java.version: '1.8.0_201'\nDriver info: com.qmetry.qaf.automation.ui.webdriver.QAFExtendedWebDriver\nCapabilities [{mobileEmulationEnabled=false, timeouts={implicit=0, pageLoad=300000, script=30000}, hasTouchScreen=false, platform=XP, acceptSslCerts=false, goog:chromeOptions={debuggerAddress=localhost:53447}, acceptInsecureCerts=false, webStorageEnabled=true, browserName=chrome, takesScreenshot=true, javascriptEnabled=true, setWindowRect=true, unexpectedAlertBehaviour=ignore, applicationCacheEnabled=false, rotatable=false, networkConnectionEnabled=false, chrome={chromedriverVersion=75.0.3770.90 (a6dcaf7e3ec6f70a194cc25e8149475c6590e025-refs/branch-heads/3770@{#1003}), userDataDir=C:\\Users\\MOHANR~1.P\\AppData\\Local\\Temp\\scoped_dir6244_6682}, takesHeapSnapshot=true, pageLoadStrategy=normal, strictFileInteractability=false, databaseEnabled=false, handlesAlerts=true, version=75.0.3770.100, browserConnectionEnabled=false, proxy={}, nativeEvents=true, locationContextEnabled=true, cssSelectorsEnabled=true}]\nSession ID: e07d414f4e9f7a6c98553eb69d9b1605\n*** Element info: {Using=xpath, value=//*[@name='contact.verifymessage.Text' or @id='contact.verifymessage.Text' or @value='contact.verifymessage.Text']}",
      "subLogs": [],
      "duration": 33
    },
    {
      "commandName": "findElement",
      "args": [
        "{value=//*[@name='contact.verifymessage.Text' or @id='contact.verifymessage.Text' or @value='contact.verifymessage.Text'], using=xpath}"
      ],
      "result": "no such element: Unable to locate element: {\"method\":\"xpath\",\"selector\":\"//*[@name='contact.verifymessage.Text' or @id='contact.verifymessage.Text' or @value='contact.verifymessage.Text']\"}\n  (Session info: chrome=75.0.3770.100)\n  (Driver info: chromedriver=75.0.3770.90 (a6dcaf7e3ec6f70a194cc25e8149475c6590e025-refs/branch-heads/3770@{#1003}),platform=Windows NT 10.0.17134 x86_64) (WARNING: The server did not provide any stacktrace information)\nCommand duration or timeout: 13 milliseconds\nFor documentation on this error, please visit: http://seleniumhq.org/exceptions/no_such_element.html\nBuild info: version: '2.53.0', revision: '35ae25b1534ae328c771e0856c93e187490ca824', time: '2016-03-15 10:43:46'\nSystem info: host: 'ICPL13076', ip: '10.11.24.78', os.name: 'Windows 10', os.arch: 'amd64', os.version: '10.0', java.version: '1.8.0_201'\nDriver info: com.qmetry.qaf.automation.ui.webdriver.QAFExtendedWebDriver\nCapabilities [{mobileEmulationEnabled=false, timeouts={implicit=0, pageLoad=300000, script=30000}, hasTouchScreen=false, platform=XP, acceptSslCerts=false, goog:chromeOptions={debuggerAddress=localhost:53447}, acceptInsecureCerts=false, webStorageEnabled=true, browserName=chrome, takesScreenshot=true, javascriptEnabled=true, setWindowRect=true, unexpectedAlertBehaviour=ignore, applicationCacheEnabled=false, rotatable=false, networkConnectionEnabled=false, chrome={chromedriverVersion=75.0.3770.90 (a6dcaf7e3ec6f70a194cc25e8149475c6590e025-refs/branch-heads/3770@{#1003}), userDataDir=C:\\Users\\MOHANR~1.P\\AppData\\Local\\Temp\\scoped_dir6244_6682}, takesHeapSnapshot=true, pageLoadStrategy=normal, strictFileInteractability=false, databaseEnabled=false, handlesAlerts=true, version=75.0.3770.100, browserConnectionEnabled=false, proxy={}, nativeEvents=true, locationContextEnabled=true, cssSelectorsEnabled=true}]\nSession ID: e07d414f4e9f7a6c98553eb69d9b1605\n*** Element info: {Using=xpath, value=//*[@name='contact.verifymessage.Text' or @id='contact.verifymessage.Text' or @value='contact.verifymessage.Text']}",
      "subLogs": [],
      "duration": 14
    },
    {
      "commandName": "findElement",
      "args": [
        "{value=//*[@name='contact.verifymessage.Text' or @id='contact.verifymessage.Text' or @value='contact.verifymessage.Text'], using=xpath}"
      ],
      "result": "no such element: Unable to locate element: {\"method\":\"xpath\",\"selector\":\"//*[@name='contact.verifymessage.Text' or @id='contact.verifymessage.Text' or @value='contact.verifymessage.Text']\"}\n  (Session info: chrome=75.0.3770.100)\n  (Driver info: chromedriver=75.0.3770.90 (a6dcaf7e3ec6f70a194cc25e8149475c6590e025-refs/branch-heads/3770@{#1003}),platform=Windows NT 10.0.17134 x86_64) (WARNING: The server did not provide any stacktrace information)\nCommand duration or timeout: 34 milliseconds\nFor documentation on this error, please visit: http://seleniumhq.org/exceptions/no_such_element.html\nBuild info: version: '2.53.0', revision: '35ae25b1534ae328c771e0856c93e187490ca824', time: '2016-03-15 10:43:46'\nSystem info: host: 'ICPL13076', ip: '10.11.24.78', os.name: 'Windows 10', os.arch: 'amd64', os.version: '10.0', java.version: '1.8.0_201'\nDriver info: com.qmetry.qaf.automation.ui.webdriver.QAFExtendedWebDriver\nCapabilities [{mobileEmulationEnabled=false, timeouts={implicit=0, pageLoad=300000, script=30000}, hasTouchScreen=false, platform=XP, acceptSslCerts=false, goog:chromeOptions={debuggerAddress=localhost:53447}, acceptInsecureCerts=false, webStorageEnabled=true, browserName=chrome, takesScreenshot=true, javascriptEnabled=true, setWindowRect=true, unexpectedAlertBehaviour=ignore, applicationCacheEnabled=false, rotatable=false, networkConnectionEnabled=false, chrome={chromedriverVersion=75.0.3770.90 (a6dcaf7e3ec6f70a194cc25e8149475c6590e025-refs/branch-heads/3770@{#1003}), userDataDir=C:\\Users\\MOHANR~1.P\\AppData\\Local\\Temp\\scoped_dir6244_6682}, takesHeapSnapshot=true, pageLoadStrategy=normal, strictFileInteractability=false, databaseEnabled=false, handlesAlerts=true, version=75.0.3770.100, browserConnectionEnabled=false, proxy={}, nativeEvents=true, locationContextEnabled=true, cssSelectorsEnabled=true}]\nSession ID: e07d414f4e9f7a6c98553eb69d9b1605\n*** Element info: {Using=xpath, value=//*[@name='contact.verifymessage.Text' or @id='contact.verifymessage.Text' or @value='contact.verifymessage.Text']}",
      "subLogs": [],
      "duration": 34
    },
    {
      "commandName": "findElement",
      "args": [
        "{value=//*[@name='contact.verifymessage.Text' or @id='contact.verifymessage.Text' or @value='contact.verifymessage.Text'], using=xpath}"
      ],
      "result": "no such element: Unable to locate element: {\"method\":\"xpath\",\"selector\":\"//*[@name='contact.verifymessage.Text' or @id='contact.verifymessage.Text' or @value='contact.verifymessage.Text']\"}\n  (Session info: chrome=75.0.3770.100)\n  (Driver info: chromedriver=75.0.3770.90 (a6dcaf7e3ec6f70a194cc25e8149475c6590e025-refs/branch-heads/3770@{#1003}),platform=Windows NT 10.0.17134 x86_64) (WARNING: The server did not provide any stacktrace information)\nCommand duration or timeout: 12 milliseconds\nFor documentation on this error, please visit: http://seleniumhq.org/exceptions/no_such_element.html\nBuild info: version: '2.53.0', revision: '35ae25b1534ae328c771e0856c93e187490ca824', time: '2016-03-15 10:43:46'\nSystem info: host: 'ICPL13076', ip: '10.11.24.78', os.name: 'Windows 10', os.arch: 'amd64', os.version: '10.0', java.version: '1.8.0_201'\nDriver info: com.qmetry.qaf.automation.ui.webdriver.QAFExtendedWebDriver\nCapabilities [{mobileEmulationEnabled=false, timeouts={implicit=0, pageLoad=300000, script=30000}, hasTouchScreen=false, platform=XP, acceptSslCerts=false, goog:chromeOptions={debuggerAddress=localhost:53447}, acceptInsecureCerts=false, webStorageEnabled=true, browserName=chrome, takesScreenshot=true, javascriptEnabled=true, setWindowRect=true, unexpectedAlertBehaviour=ignore, applicationCacheEnabled=false, rotatable=false, networkConnectionEnabled=false, chrome={chromedriverVersion=75.0.3770.90 (a6dcaf7e3ec6f70a194cc25e8149475c6590e025-refs/branch-heads/3770@{#1003}), userDataDir=C:\\Users\\MOHANR~1.P\\AppData\\Local\\Temp\\scoped_dir6244_6682}, takesHeapSnapshot=true, pageLoadStrategy=normal, strictFileInteractability=false, databaseEnabled=false, handlesAlerts=true, version=75.0.3770.100, browserConnectionEnabled=false, proxy={}, nativeEvents=true, locationContextEnabled=true, cssSelectorsEnabled=true}]\nSession ID: e07d414f4e9f7a6c98553eb69d9b1605\n*** Element info: {Using=xpath, value=//*[@name='contact.verifymessage.Text' or @id='contact.verifymessage.Text' or @value='contact.verifymessage.Text']}",
      "subLogs": [],
      "duration": 12
    },
    {
      "commandName": "findElement",
      "args": [
        "{value=//*[@name='contact.verifymessage.Text' or @id='contact.verifymessage.Text' or @value='contact.verifymessage.Text'], using=xpath}"
      ],
      "result": "no such element: Unable to locate element: {\"method\":\"xpath\",\"selector\":\"//*[@name='contact.verifymessage.Text' or @id='contact.verifymessage.Text' or @value='contact.verifymessage.Text']\"}\n  (Session info: chrome=75.0.3770.100)\n  (Driver info: chromedriver=75.0.3770.90 (a6dcaf7e3ec6f70a194cc25e8149475c6590e025-refs/branch-heads/3770@{#1003}),platform=Windows NT 10.0.17134 x86_64) (WARNING: The server did not provide any stacktrace information)\nCommand duration or timeout: 35 milliseconds\nFor documentation on this error, please visit: http://seleniumhq.org/exceptions/no_such_element.html\nBuild info: version: '2.53.0', revision: '35ae25b1534ae328c771e0856c93e187490ca824', time: '2016-03-15 10:43:46'\nSystem info: host: 'ICPL13076', ip: '10.11.24.78', os.name: 'Windows 10', os.arch: 'amd64', os.version: '10.0', java.version: '1.8.0_201'\nDriver info: com.qmetry.qaf.automation.ui.webdriver.QAFExtendedWebDriver\nCapabilities [{mobileEmulationEnabled=false, timeouts={implicit=0, pageLoad=300000, script=30000}, hasTouchScreen=false, platform=XP, acceptSslCerts=false, goog:chromeOptions={debuggerAddress=localhost:53447}, acceptInsecureCerts=false, webStorageEnabled=true, browserName=chrome, takesScreenshot=true, javascriptEnabled=true, setWindowRect=true, unexpectedAlertBehaviour=ignore, applicationCacheEnabled=false, rotatable=false, networkConnectionEnabled=false, chrome={chromedriverVersion=75.0.3770.90 (a6dcaf7e3ec6f70a194cc25e8149475c6590e025-refs/branch-heads/3770@{#1003}), userDataDir=C:\\Users\\MOHANR~1.P\\AppData\\Local\\Temp\\scoped_dir6244_6682}, takesHeapSnapshot=true, pageLoadStrategy=normal, strictFileInteractability=false, databaseEnabled=false, handlesAlerts=true, version=75.0.3770.100, browserConnectionEnabled=false, proxy={}, nativeEvents=true, locationContextEnabled=true, cssSelectorsEnabled=true}]\nSession ID: e07d414f4e9f7a6c98553eb69d9b1605\n*** Element info: {Using=xpath, value=//*[@name='contact.verifymessage.Text' or @id='contact.verifymessage.Text' or @value='contact.verifymessage.Text']}",
      "subLogs": [],
      "duration": 35
    },
    {
      "commandName": "findElement",
      "args": [
        "{value=//*[@name='contact.verifymessage.Text' or @id='contact.verifymessage.Text' or @value='contact.verifymessage.Text'], using=xpath}"
      ],
      "result": "no such element: Unable to locate element: {\"method\":\"xpath\",\"selector\":\"//*[@name='contact.verifymessage.Text' or @id='contact.verifymessage.Text' or @value='contact.verifymessage.Text']\"}\n  (Session info: chrome=75.0.3770.100)\n  (Driver info: chromedriver=75.0.3770.90 (a6dcaf7e3ec6f70a194cc25e8149475c6590e025-refs/branch-heads/3770@{#1003}),platform=Windows NT 10.0.17134 x86_64) (WARNING: The server did not provide any stacktrace information)\nCommand duration or timeout: 34 milliseconds\nFor documentation on this error, please visit: http://seleniumhq.org/exceptions/no_such_element.html\nBuild info: version: '2.53.0', revision: '35ae25b1534ae328c771e0856c93e187490ca824', time: '2016-03-15 10:43:46'\nSystem info: host: 'ICPL13076', ip: '10.11.24.78', os.name: 'Windows 10', os.arch: 'amd64', os.version: '10.0', java.version: '1.8.0_201'\nDriver info: com.qmetry.qaf.automation.ui.webdriver.QAFExtendedWebDriver\nCapabilities [{mobileEmulationEnabled=false, timeouts={implicit=0, pageLoad=300000, script=30000}, hasTouchScreen=false, platform=XP, acceptSslCerts=false, goog:chromeOptions={debuggerAddress=localhost:53447}, acceptInsecureCerts=false, webStorageEnabled=true, browserName=chrome, takesScreenshot=true, javascriptEnabled=true, setWindowRect=true, unexpectedAlertBehaviour=ignore, applicationCacheEnabled=false, rotatable=false, networkConnectionEnabled=false, chrome={chromedriverVersion=75.0.3770.90 (a6dcaf7e3ec6f70a194cc25e8149475c6590e025-refs/branch-heads/3770@{#1003}), userDataDir=C:\\Users\\MOHANR~1.P\\AppData\\Local\\Temp\\scoped_dir6244_6682}, takesHeapSnapshot=true, pageLoadStrategy=normal, strictFileInteractability=false, databaseEnabled=false, handlesAlerts=true, version=75.0.3770.100, browserConnectionEnabled=false, proxy={}, nativeEvents=true, locationContextEnabled=true, cssSelectorsEnabled=true}]\nSession ID: e07d414f4e9f7a6c98553eb69d9b1605\n*** Element info: {Using=xpath, value=//*[@name='contact.verifymessage.Text' or @id='contact.verifymessage.Text' or @value='contact.verifymessage.Text']}",
      "subLogs": [],
      "duration": 34
    },
    {
      "commandName": "findElement",
      "args": [
        "{value=//*[@name='contact.verifymessage.Text' or @id='contact.verifymessage.Text' or @value='contact.verifymessage.Text'], using=xpath}"
      ],
      "result": "no such element: Unable to locate element: {\"method\":\"xpath\",\"selector\":\"//*[@name='contact.verifymessage.Text' or @id='contact.verifymessage.Text' or @value='contact.verifymessage.Text']\"}\n  (Session info: chrome=75.0.3770.100)\n  (Driver info: chromedriver=75.0.3770.90 (a6dcaf7e3ec6f70a194cc25e8149475c6590e025-refs/branch-heads/3770@{#1003}),platform=Windows NT 10.0.17134 x86_64) (WARNING: The server did not provide any stacktrace information)\nCommand duration or timeout: 35 milliseconds\nFor documentation on this error, please visit: http://seleniumhq.org/exceptions/no_such_element.html\nBuild info: version: '2.53.0', revision: '35ae25b1534ae328c771e0856c93e187490ca824', time: '2016-03-15 10:43:46'\nSystem info: host: 'ICPL13076', ip: '10.11.24.78', os.name: 'Windows 10', os.arch: 'amd64', os.version: '10.0', java.version: '1.8.0_201'\nDriver info: com.qmetry.qaf.automation.ui.webdriver.QAFExtendedWebDriver\nCapabilities [{mobileEmulationEnabled=false, timeouts={implicit=0, pageLoad=300000, script=30000}, hasTouchScreen=false, platform=XP, acceptSslCerts=false, goog:chromeOptions={debuggerAddress=localhost:53447}, acceptInsecureCerts=false, webStorageEnabled=true, browserName=chrome, takesScreenshot=true, javascriptEnabled=true, setWindowRect=true, unexpectedAlertBehaviour=ignore, applicationCacheEnabled=false, rotatable=false, networkConnectionEnabled=false, chrome={chromedriverVersion=75.0.3770.90 (a6dcaf7e3ec6f70a194cc25e8149475c6590e025-refs/branch-heads/3770@{#1003}), userDataDir=C:\\Users\\MOHANR~1.P\\AppData\\Local\\Temp\\scoped_dir6244_6682}, takesHeapSnapshot=true, pageLoadStrategy=normal, strictFileInteractability=false, databaseEnabled=false, handlesAlerts=true, version=75.0.3770.100, browserConnectionEnabled=false, proxy={}, nativeEvents=true, locationContextEnabled=true, cssSelectorsEnabled=true}]\nSession ID: e07d414f4e9f7a6c98553eb69d9b1605\n*** Element info: {Using=xpath, value=//*[@name='contact.verifymessage.Text' or @id='contact.verifymessage.Text' or @value='contact.verifymessage.Text']}",
      "subLogs": [],
      "duration": 35
    },
    {
      "commandName": "findElement",
      "args": [
        "{value=//*[@name='contact.verifymessage.Text' or @id='contact.verifymessage.Text' or @value='contact.verifymessage.Text'], using=xpath}"
      ],
      "result": "no such element: Unable to locate element: {\"method\":\"xpath\",\"selector\":\"//*[@name='contact.verifymessage.Text' or @id='contact.verifymessage.Text' or @value='contact.verifymessage.Text']\"}\n  (Session info: chrome=75.0.3770.100)\n  (Driver info: chromedriver=75.0.3770.90 (a6dcaf7e3ec6f70a194cc25e8149475c6590e025-refs/branch-heads/3770@{#1003}),platform=Windows NT 10.0.17134 x86_64) (WARNING: The server did not provide any stacktrace information)\nCommand duration or timeout: 24 milliseconds\nFor documentation on this error, please visit: http://seleniumhq.org/exceptions/no_such_element.html\nBuild info: version: '2.53.0', revision: '35ae25b1534ae328c771e0856c93e187490ca824', time: '2016-03-15 10:43:46'\nSystem info: host: 'ICPL13076', ip: '10.11.24.78', os.name: 'Windows 10', os.arch: 'amd64', os.version: '10.0', java.version: '1.8.0_201'\nDriver info: com.qmetry.qaf.automation.ui.webdriver.QAFExtendedWebDriver\nCapabilities [{mobileEmulationEnabled=false, timeouts={implicit=0, pageLoad=300000, script=30000}, hasTouchScreen=false, platform=XP, acceptSslCerts=false, goog:chromeOptions={debuggerAddress=localhost:53447}, acceptInsecureCerts=false, webStorageEnabled=true, browserName=chrome, takesScreenshot=true, javascriptEnabled=true, setWindowRect=true, unexpectedAlertBehaviour=ignore, applicationCacheEnabled=false, rotatable=false, networkConnectionEnabled=false, chrome={chromedriverVersion=75.0.3770.90 (a6dcaf7e3ec6f70a194cc25e8149475c6590e025-refs/branch-heads/3770@{#1003}), userDataDir=C:\\Users\\MOHANR~1.P\\AppData\\Local\\Temp\\scoped_dir6244_6682}, takesHeapSnapshot=true, pageLoadStrategy=normal, strictFileInteractability=false, databaseEnabled=false, handlesAlerts=true, version=75.0.3770.100, browserConnectionEnabled=false, proxy={}, nativeEvents=true, locationContextEnabled=true, cssSelectorsEnabled=true}]\nSession ID: e07d414f4e9f7a6c98553eb69d9b1605\n*** Element info: {Using=xpath, value=//*[@name='contact.verifymessage.Text' or @id='contact.verifymessage.Text' or @value='contact.verifymessage.Text']}",
      "subLogs": [],
      "duration": 25
    },
    {
      "commandName": "findElement",
      "args": [
        "{value=//*[@name='contact.verifymessage.Text' or @id='contact.verifymessage.Text' or @value='contact.verifymessage.Text'], using=xpath}"
      ],
      "result": "no such element: Unable to locate element: {\"method\":\"xpath\",\"selector\":\"//*[@name='contact.verifymessage.Text' or @id='contact.verifymessage.Text' or @value='contact.verifymessage.Text']\"}\n  (Session info: chrome=75.0.3770.100)\n  (Driver info: chromedriver=75.0.3770.90 (a6dcaf7e3ec6f70a194cc25e8149475c6590e025-refs/branch-heads/3770@{#1003}),platform=Windows NT 10.0.17134 x86_64) (WARNING: The server did not provide any stacktrace information)\nCommand duration or timeout: 33 milliseconds\nFor documentation on this error, please visit: http://seleniumhq.org/exceptions/no_such_element.html\nBuild info: version: '2.53.0', revision: '35ae25b1534ae328c771e0856c93e187490ca824', time: '2016-03-15 10:43:46'\nSystem info: host: 'ICPL13076', ip: '10.11.24.78', os.name: 'Windows 10', os.arch: 'amd64', os.version: '10.0', java.version: '1.8.0_201'\nDriver info: com.qmetry.qaf.automation.ui.webdriver.QAFExtendedWebDriver\nCapabilities [{mobileEmulationEnabled=false, timeouts={implicit=0, pageLoad=300000, script=30000}, hasTouchScreen=false, platform=XP, acceptSslCerts=false, goog:chromeOptions={debuggerAddress=localhost:53447}, acceptInsecureCerts=false, webStorageEnabled=true, browserName=chrome, takesScreenshot=true, javascriptEnabled=true, setWindowRect=true, unexpectedAlertBehaviour=ignore, applicationCacheEnabled=false, rotatable=false, networkConnectionEnabled=false, chrome={chromedriverVersion=75.0.3770.90 (a6dcaf7e3ec6f70a194cc25e8149475c6590e025-refs/branch-heads/3770@{#1003}), userDataDir=C:\\Users\\MOHANR~1.P\\AppData\\Local\\Temp\\scoped_dir6244_6682}, takesHeapSnapshot=true, pageLoadStrategy=normal, strictFileInteractability=false, databaseEnabled=false, handlesAlerts=true, version=75.0.3770.100, browserConnectionEnabled=false, proxy={}, nativeEvents=true, locationContextEnabled=true, cssSelectorsEnabled=true}]\nSession ID: e07d414f4e9f7a6c98553eb69d9b1605\n*** Element info: {Using=xpath, value=//*[@name='contact.verifymessage.Text' or @id='contact.verifymessage.Text' or @value='contact.verifymessage.Text']}",
      "subLogs": [],
      "duration": 35
    },
    {
      "commandName": "findElement",
      "args": [
        "{value=//*[@name='contact.verifymessage.Text' or @id='contact.verifymessage.Text' or @value='contact.verifymessage.Text'], using=xpath}"
      ],
      "result": "no such element: Unable to locate element: {\"method\":\"xpath\",\"selector\":\"//*[@name='contact.verifymessage.Text' or @id='contact.verifymessage.Text' or @value='contact.verifymessage.Text']\"}\n  (Session info: chrome=75.0.3770.100)\n  (Driver info: chromedriver=75.0.3770.90 (a6dcaf7e3ec6f70a194cc25e8149475c6590e025-refs/branch-heads/3770@{#1003}),platform=Windows NT 10.0.17134 x86_64) (WARNING: The server did not provide any stacktrace information)\nCommand duration or timeout: 16 milliseconds\nFor documentation on this error, please visit: http://seleniumhq.org/exceptions/no_such_element.html\nBuild info: version: '2.53.0', revision: '35ae25b1534ae328c771e0856c93e187490ca824', time: '2016-03-15 10:43:46'\nSystem info: host: 'ICPL13076', ip: '10.11.24.78', os.name: 'Windows 10', os.arch: 'amd64', os.version: '10.0', java.version: '1.8.0_201'\nDriver info: com.qmetry.qaf.automation.ui.webdriver.QAFExtendedWebDriver\nCapabilities [{mobileEmulationEnabled=false, timeouts={implicit=0, pageLoad=300000, script=30000}, hasTouchScreen=false, platform=XP, acceptSslCerts=false, goog:chromeOptions={debuggerAddress=localhost:53447}, acceptInsecureCerts=false, webStorageEnabled=true, browserName=chrome, takesScreenshot=true, javascriptEnabled=true, setWindowRect=true, unexpectedAlertBehaviour=ignore, applicationCacheEnabled=false, rotatable=false, networkConnectionEnabled=false, chrome={chromedriverVersion=75.0.3770.90 (a6dcaf7e3ec6f70a194cc25e8149475c6590e025-refs/branch-heads/3770@{#1003}), userDataDir=C:\\Users\\MOHANR~1.P\\AppData\\Local\\Temp\\scoped_dir6244_6682}, takesHeapSnapshot=true, pageLoadStrategy=normal, strictFileInteractability=false, databaseEnabled=false, handlesAlerts=true, version=75.0.3770.100, browserConnectionEnabled=false, proxy={}, nativeEvents=true, locationContextEnabled=true, cssSelectorsEnabled=true}]\nSession ID: e07d414f4e9f7a6c98553eb69d9b1605\n*** Element info: {Using=xpath, value=//*[@name='contact.verifymessage.Text' or @id='contact.verifymessage.Text' or @value='contact.verifymessage.Text']}",
      "subLogs": [],
      "duration": 17
    },
    {
      "commandName": "findElement",
      "args": [
        "{value=//*[@name='contact.verifymessage.Text' or @id='contact.verifymessage.Text' or @value='contact.verifymessage.Text'], using=xpath}"
      ],
      "result": "no such element: Unable to locate element: {\"method\":\"xpath\",\"selector\":\"//*[@name='contact.verifymessage.Text' or @id='contact.verifymessage.Text' or @value='contact.verifymessage.Text']\"}\n  (Session info: chrome=75.0.3770.100)\n  (Driver info: chromedriver=75.0.3770.90 (a6dcaf7e3ec6f70a194cc25e8149475c6590e025-refs/branch-heads/3770@{#1003}),platform=Windows NT 10.0.17134 x86_64) (WARNING: The server did not provide any stacktrace information)\nCommand duration or timeout: 15 milliseconds\nFor documentation on this error, please visit: http://seleniumhq.org/exceptions/no_such_element.html\nBuild info: version: '2.53.0', revision: '35ae25b1534ae328c771e0856c93e187490ca824', time: '2016-03-15 10:43:46'\nSystem info: host: 'ICPL13076', ip: '10.11.24.78', os.name: 'Windows 10', os.arch: 'amd64', os.version: '10.0', java.version: '1.8.0_201'\nDriver info: com.qmetry.qaf.automation.ui.webdriver.QAFExtendedWebDriver\nCapabilities [{mobileEmulationEnabled=false, timeouts={implicit=0, pageLoad=300000, script=30000}, hasTouchScreen=false, platform=XP, acceptSslCerts=false, goog:chromeOptions={debuggerAddress=localhost:53447}, acceptInsecureCerts=false, webStorageEnabled=true, browserName=chrome, takesScreenshot=true, javascriptEnabled=true, setWindowRect=true, unexpectedAlertBehaviour=ignore, applicationCacheEnabled=false, rotatable=false, networkConnectionEnabled=false, chrome={chromedriverVersion=75.0.3770.90 (a6dcaf7e3ec6f70a194cc25e8149475c6590e025-refs/branch-heads/3770@{#1003}), userDataDir=C:\\Users\\MOHANR~1.P\\AppData\\Local\\Temp\\scoped_dir6244_6682}, takesHeapSnapshot=true, pageLoadStrategy=normal, strictFileInteractability=false, databaseEnabled=false, handlesAlerts=true, version=75.0.3770.100, browserConnectionEnabled=false, proxy={}, nativeEvents=true, locationContextEnabled=true, cssSelectorsEnabled=true}]\nSession ID: e07d414f4e9f7a6c98553eb69d9b1605\n*** Element info: {Using=xpath, value=//*[@name='contact.verifymessage.Text' or @id='contact.verifymessage.Text' or @value='contact.verifymessage.Text']}",
      "subLogs": [],
      "duration": 15
    },
    {
      "commandName": "findElement",
      "args": [
        "{value=//*[@name='contact.verifymessage.Text' or @id='contact.verifymessage.Text' or @value='contact.verifymessage.Text'], using=xpath}"
      ],
      "result": "no such element: Unable to locate element: {\"method\":\"xpath\",\"selector\":\"//*[@name='contact.verifymessage.Text' or @id='contact.verifymessage.Text' or @value='contact.verifymessage.Text']\"}\n  (Session info: chrome=75.0.3770.100)\n  (Driver info: chromedriver=75.0.3770.90 (a6dcaf7e3ec6f70a194cc25e8149475c6590e025-refs/branch-heads/3770@{#1003}),platform=Windows NT 10.0.17134 x86_64) (WARNING: The server did not provide any stacktrace information)\nCommand duration or timeout: 29 milliseconds\nFor documentation on this error, please visit: http://seleniumhq.org/exceptions/no_such_element.html\nBuild info: version: '2.53.0', revision: '35ae25b1534ae328c771e0856c93e187490ca824', time: '2016-03-15 10:43:46'\nSystem info: host: 'ICPL13076', ip: '10.11.24.78', os.name: 'Windows 10', os.arch: 'amd64', os.version: '10.0', java.version: '1.8.0_201'\nDriver info: com.qmetry.qaf.automation.ui.webdriver.QAFExtendedWebDriver\nCapabilities [{mobileEmulationEnabled=false, timeouts={implicit=0, pageLoad=300000, script=30000}, hasTouchScreen=false, platform=XP, acceptSslCerts=false, goog:chromeOptions={debuggerAddress=localhost:53447}, acceptInsecureCerts=false, webStorageEnabled=true, browserName=chrome, takesScreenshot=true, javascriptEnabled=true, setWindowRect=true, unexpectedAlertBehaviour=ignore, applicationCacheEnabled=false, rotatable=false, networkConnectionEnabled=false, chrome={chromedriverVersion=75.0.3770.90 (a6dcaf7e3ec6f70a194cc25e8149475c6590e025-refs/branch-heads/3770@{#1003}), userDataDir=C:\\Users\\MOHANR~1.P\\AppData\\Local\\Temp\\scoped_dir6244_6682}, takesHeapSnapshot=true, pageLoadStrategy=normal, strictFileInteractability=false, databaseEnabled=false, handlesAlerts=true, version=75.0.3770.100, browserConnectionEnabled=false, proxy={}, nativeEvents=true, locationContextEnabled=true, cssSelectorsEnabled=true}]\nSession ID: e07d414f4e9f7a6c98553eb69d9b1605\n*** Element info: {Using=xpath, value=//*[@name='contact.verifymessage.Text' or @id='contact.verifymessage.Text' or @value='contact.verifymessage.Text']}",
      "subLogs": [],
      "duration": 29
    },
    {
      "commandName": "findElement",
      "args": [
        "{value=//*[@name='contact.verifymessage.Text' or @id='contact.verifymessage.Text' or @value='contact.verifymessage.Text'], using=xpath}"
      ],
      "result": "no such element: Unable to locate element: {\"method\":\"xpath\",\"selector\":\"//*[@name='contact.verifymessage.Text' or @id='contact.verifymessage.Text' or @value='contact.verifymessage.Text']\"}\n  (Session info: chrome=75.0.3770.100)\n  (Driver info: chromedriver=75.0.3770.90 (a6dcaf7e3ec6f70a194cc25e8149475c6590e025-refs/branch-heads/3770@{#1003}),platform=Windows NT 10.0.17134 x86_64) (WARNING: The server did not provide any stacktrace information)\nCommand duration or timeout: 30 milliseconds\nFor documentation on this error, please visit: http://seleniumhq.org/exceptions/no_such_element.html\nBuild info: version: '2.53.0', revision: '35ae25b1534ae328c771e0856c93e187490ca824', time: '2016-03-15 10:43:46'\nSystem info: host: 'ICPL13076', ip: '10.11.24.78', os.name: 'Windows 10', os.arch: 'amd64', os.version: '10.0', java.version: '1.8.0_201'\nDriver info: com.qmetry.qaf.automation.ui.webdriver.QAFExtendedWebDriver\nCapabilities [{mobileEmulationEnabled=false, timeouts={implicit=0, pageLoad=300000, script=30000}, hasTouchScreen=false, platform=XP, acceptSslCerts=false, goog:chromeOptions={debuggerAddress=localhost:53447}, acceptInsecureCerts=false, webStorageEnabled=true, browserName=chrome, takesScreenshot=true, javascriptEnabled=true, setWindowRect=true, unexpectedAlertBehaviour=ignore, applicationCacheEnabled=false, rotatable=false, networkConnectionEnabled=false, chrome={chromedriverVersion=75.0.3770.90 (a6dcaf7e3ec6f70a194cc25e8149475c6590e025-refs/branch-heads/3770@{#1003}), userDataDir=C:\\Users\\MOHANR~1.P\\AppData\\Local\\Temp\\scoped_dir6244_6682}, takesHeapSnapshot=true, pageLoadStrategy=normal, strictFileInteractability=false, databaseEnabled=false, handlesAlerts=true, version=75.0.3770.100, browserConnectionEnabled=false, proxy={}, nativeEvents=true, locationContextEnabled=true, cssSelectorsEnabled=true}]\nSession ID: e07d414f4e9f7a6c98553eb69d9b1605\n*** Element info: {Using=xpath, value=//*[@name='contact.verifymessage.Text' or @id='contact.verifymessage.Text' or @value='contact.verifymessage.Text']}",
      "subLogs": [],
      "duration": 31
    },
    {
      "commandName": "findElement",
      "args": [
        "{value=//*[@name='contact.verifymessage.Text' or @id='contact.verifymessage.Text' or @value='contact.verifymessage.Text'], using=xpath}"
      ],
      "result": "no such element: Unable to locate element: {\"method\":\"xpath\",\"selector\":\"//*[@name='contact.verifymessage.Text' or @id='contact.verifymessage.Text' or @value='contact.verifymessage.Text']\"}\n  (Session info: chrome=75.0.3770.100)\n  (Driver info: chromedriver=75.0.3770.90 (a6dcaf7e3ec6f70a194cc25e8149475c6590e025-refs/branch-heads/3770@{#1003}),platform=Windows NT 10.0.17134 x86_64) (WARNING: The server did not provide any stacktrace information)\nCommand duration or timeout: 32 milliseconds\nFor documentation on this error, please visit: http://seleniumhq.org/exceptions/no_such_element.html\nBuild info: version: '2.53.0', revision: '35ae25b1534ae328c771e0856c93e187490ca824', time: '2016-03-15 10:43:46'\nSystem info: host: 'ICPL13076', ip: '10.11.24.78', os.name: 'Windows 10', os.arch: 'amd64', os.version: '10.0', java.version: '1.8.0_201'\nDriver info: com.qmetry.qaf.automation.ui.webdriver.QAFExtendedWebDriver\nCapabilities [{mobileEmulationEnabled=false, timeouts={implicit=0, pageLoad=300000, script=30000}, hasTouchScreen=false, platform=XP, acceptSslCerts=false, goog:chromeOptions={debuggerAddress=localhost:53447}, acceptInsecureCerts=false, webStorageEnabled=true, browserName=chrome, takesScreenshot=true, javascriptEnabled=true, setWindowRect=true, unexpectedAlertBehaviour=ignore, applicationCacheEnabled=false, rotatable=false, networkConnectionEnabled=false, chrome={chromedriverVersion=75.0.3770.90 (a6dcaf7e3ec6f70a194cc25e8149475c6590e025-refs/branch-heads/3770@{#1003}), userDataDir=C:\\Users\\MOHANR~1.P\\AppData\\Local\\Temp\\scoped_dir6244_6682}, takesHeapSnapshot=true, pageLoadStrategy=normal, strictFileInteractability=false, databaseEnabled=false, handlesAlerts=true, version=75.0.3770.100, browserConnectionEnabled=false, proxy={}, nativeEvents=true, locationContextEnabled=true, cssSelectorsEnabled=true}]\nSession ID: e07d414f4e9f7a6c98553eb69d9b1605\n*** Element info: {Using=xpath, value=//*[@name='contact.verifymessage.Text' or @id='contact.verifymessage.Text' or @value='contact.verifymessage.Text']}",
      "subLogs": [],
      "duration": 32
    },
    {
      "commandName": "findElement",
      "args": [
        "{value=//*[@name='contact.verifymessage.Text' or @id='contact.verifymessage.Text' or @value='contact.verifymessage.Text'], using=xpath}"
      ],
      "result": "no such element: Unable to locate element: {\"method\":\"xpath\",\"selector\":\"//*[@name='contact.verifymessage.Text' or @id='contact.verifymessage.Text' or @value='contact.verifymessage.Text']\"}\n  (Session info: chrome=75.0.3770.100)\n  (Driver info: chromedriver=75.0.3770.90 (a6dcaf7e3ec6f70a194cc25e8149475c6590e025-refs/branch-heads/3770@{#1003}),platform=Windows NT 10.0.17134 x86_64) (WARNING: The server did not provide any stacktrace information)\nCommand duration or timeout: 35 milliseconds\nFor documentation on this error, please visit: http://seleniumhq.org/exceptions/no_such_element.html\nBuild info: version: '2.53.0', revision: '35ae25b1534ae328c771e0856c93e187490ca824', time: '2016-03-15 10:43:46'\nSystem info: host: 'ICPL13076', ip: '10.11.24.78', os.name: 'Windows 10', os.arch: 'amd64', os.version: '10.0', java.version: '1.8.0_201'\nDriver info: com.qmetry.qaf.automation.ui.webdriver.QAFExtendedWebDriver\nCapabilities [{mobileEmulationEnabled=false, timeouts={implicit=0, pageLoad=300000, script=30000}, hasTouchScreen=false, platform=XP, acceptSslCerts=false, goog:chromeOptions={debuggerAddress=localhost:53447}, acceptInsecureCerts=false, webStorageEnabled=true, browserName=chrome, takesScreenshot=true, javascriptEnabled=true, setWindowRect=true, unexpectedAlertBehaviour=ignore, applicationCacheEnabled=false, rotatable=false, networkConnectionEnabled=false, chrome={chromedriverVersion=75.0.3770.90 (a6dcaf7e3ec6f70a194cc25e8149475c6590e025-refs/branch-heads/3770@{#1003}), userDataDir=C:\\Users\\MOHANR~1.P\\AppData\\Local\\Temp\\scoped_dir6244_6682}, takesHeapSnapshot=true, pageLoadStrategy=normal, strictFileInteractability=false, databaseEnabled=false, handlesAlerts=true, version=75.0.3770.100, browserConnectionEnabled=false, proxy={}, nativeEvents=true, locationContextEnabled=true, cssSelectorsEnabled=true}]\nSession ID: e07d414f4e9f7a6c98553eb69d9b1605\n*** Element info: {Using=xpath, value=//*[@name='contact.verifymessage.Text' or @id='contact.verifymessage.Text' or @value='contact.verifymessage.Text']}",
      "subLogs": [],
      "duration": 35
    },
    {
      "commandName": "findElement",
      "args": [
        "{value=//*[@name='contact.verifymessage.Text' or @id='contact.verifymessage.Text' or @value='contact.verifymessage.Text'], using=xpath}"
      ],
      "result": "no such element: Unable to locate element: {\"method\":\"xpath\",\"selector\":\"//*[@name='contact.verifymessage.Text' or @id='contact.verifymessage.Text' or @value='contact.verifymessage.Text']\"}\n  (Session info: chrome=75.0.3770.100)\n  (Driver info: chromedriver=75.0.3770.90 (a6dcaf7e3ec6f70a194cc25e8149475c6590e025-refs/branch-heads/3770@{#1003}),platform=Windows NT 10.0.17134 x86_64) (WARNING: The server did not provide any stacktrace information)\nCommand duration or timeout: 30 milliseconds\nFor documentation on this error, please visit: http://seleniumhq.org/exceptions/no_such_element.html\nBuild info: version: '2.53.0', revision: '35ae25b1534ae328c771e0856c93e187490ca824', time: '2016-03-15 10:43:46'\nSystem info: host: 'ICPL13076', ip: '10.11.24.78', os.name: 'Windows 10', os.arch: 'amd64', os.version: '10.0', java.version: '1.8.0_201'\nDriver info: com.qmetry.qaf.automation.ui.webdriver.QAFExtendedWebDriver\nCapabilities [{mobileEmulationEnabled=false, timeouts={implicit=0, pageLoad=300000, script=30000}, hasTouchScreen=false, platform=XP, acceptSslCerts=false, goog:chromeOptions={debuggerAddress=localhost:53447}, acceptInsecureCerts=false, webStorageEnabled=true, browserName=chrome, takesScreenshot=true, javascriptEnabled=true, setWindowRect=true, unexpectedAlertBehaviour=ignore, applicationCacheEnabled=false, rotatable=false, networkConnectionEnabled=false, chrome={chromedriverVersion=75.0.3770.90 (a6dcaf7e3ec6f70a194cc25e8149475c6590e025-refs/branch-heads/3770@{#1003}), userDataDir=C:\\Users\\MOHANR~1.P\\AppData\\Local\\Temp\\scoped_dir6244_6682}, takesHeapSnapshot=true, pageLoadStrategy=normal, strictFileInteractability=false, databaseEnabled=false, handlesAlerts=true, version=75.0.3770.100, browserConnectionEnabled=false, proxy={}, nativeEvents=true, locationContextEnabled=true, cssSelectorsEnabled=true}]\nSession ID: e07d414f4e9f7a6c98553eb69d9b1605\n*** Element info: {Using=xpath, value=//*[@name='contact.verifymessage.Text' or @id='contact.verifymessage.Text' or @value='contact.verifymessage.Text']}",
      "subLogs": [],
      "duration": 30
    },
    {
      "commandName": "findElement",
      "args": [
        "{value=//*[@name='contact.verifymessage.Text' or @id='contact.verifymessage.Text' or @value='contact.verifymessage.Text'], using=xpath}"
      ],
      "result": "no such element: Unable to locate element: {\"method\":\"xpath\",\"selector\":\"//*[@name='contact.verifymessage.Text' or @id='contact.verifymessage.Text' or @value='contact.verifymessage.Text']\"}\n  (Session info: chrome=75.0.3770.100)\n  (Driver info: chromedriver=75.0.3770.90 (a6dcaf7e3ec6f70a194cc25e8149475c6590e025-refs/branch-heads/3770@{#1003}),platform=Windows NT 10.0.17134 x86_64) (WARNING: The server did not provide any stacktrace information)\nCommand duration or timeout: 26 milliseconds\nFor documentation on this error, please visit: http://seleniumhq.org/exceptions/no_such_element.html\nBuild info: version: '2.53.0', revision: '35ae25b1534ae328c771e0856c93e187490ca824', time: '2016-03-15 10:43:46'\nSystem info: host: 'ICPL13076', ip: '10.11.24.78', os.name: 'Windows 10', os.arch: 'amd64', os.version: '10.0', java.version: '1.8.0_201'\nDriver info: com.qmetry.qaf.automation.ui.webdriver.QAFExtendedWebDriver\nCapabilities [{mobileEmulationEnabled=false, timeouts={implicit=0, pageLoad=300000, script=30000}, hasTouchScreen=false, platform=XP, acceptSslCerts=false, goog:chromeOptions={debuggerAddress=localhost:53447}, acceptInsecureCerts=false, webStorageEnabled=true, browserName=chrome, takesScreenshot=true, javascriptEnabled=true, setWindowRect=true, unexpectedAlertBehaviour=ignore, applicationCacheEnabled=false, rotatable=false, networkConnectionEnabled=false, chrome={chromedriverVersion=75.0.3770.90 (a6dcaf7e3ec6f70a194cc25e8149475c6590e025-refs/branch-heads/3770@{#1003}), userDataDir=C:\\Users\\MOHANR~1.P\\AppData\\Local\\Temp\\scoped_dir6244_6682}, takesHeapSnapshot=true, pageLoadStrategy=normal, strictFileInteractability=false, databaseEnabled=false, handlesAlerts=true, version=75.0.3770.100, browserConnectionEnabled=false, proxy={}, nativeEvents=true, locationContextEnabled=true, cssSelectorsEnabled=true}]\nSession ID: e07d414f4e9f7a6c98553eb69d9b1605\n*** Element info: {Using=xpath, value=//*[@name='contact.verifymessage.Text' or @id='contact.verifymessage.Text' or @value='contact.verifymessage.Text']}",
      "subLogs": [],
      "duration": 26
    },
    {
      "commandName": "findElement",
      "args": [
        "{value=//*[@name='contact.verifymessage.Text' or @id='contact.verifymessage.Text' or @value='contact.verifymessage.Text'], using=xpath}"
      ],
      "result": "no such element: Unable to locate element: {\"method\":\"xpath\",\"selector\":\"//*[@name='contact.verifymessage.Text' or @id='contact.verifymessage.Text' or @value='contact.verifymessage.Text']\"}\n  (Session info: chrome=75.0.3770.100)\n  (Driver info: chromedriver=75.0.3770.90 (a6dcaf7e3ec6f70a194cc25e8149475c6590e025-refs/branch-heads/3770@{#1003}),platform=Windows NT 10.0.17134 x86_64) (WARNING: The server did not provide any stacktrace information)\nCommand duration or timeout: 33 milliseconds\nFor documentation on this error, please visit: http://seleniumhq.org/exceptions/no_such_element.html\nBuild info: version: '2.53.0', revision: '35ae25b1534ae328c771e0856c93e187490ca824', time: '2016-03-15 10:43:46'\nSystem info: host: 'ICPL13076', ip: '10.11.24.78', os.name: 'Windows 10', os.arch: 'amd64', os.version: '10.0', java.version: '1.8.0_201'\nDriver info: com.qmetry.qaf.automation.ui.webdriver.QAFExtendedWebDriver\nCapabilities [{mobileEmulationEnabled=false, timeouts={implicit=0, pageLoad=300000, script=30000}, hasTouchScreen=false, platform=XP, acceptSslCerts=false, goog:chromeOptions={debuggerAddress=localhost:53447}, acceptInsecureCerts=false, webStorageEnabled=true, browserName=chrome, takesScreenshot=true, javascriptEnabled=true, setWindowRect=true, unexpectedAlertBehaviour=ignore, applicationCacheEnabled=false, rotatable=false, networkConnectionEnabled=false, chrome={chromedriverVersion=75.0.3770.90 (a6dcaf7e3ec6f70a194cc25e8149475c6590e025-refs/branch-heads/3770@{#1003}), userDataDir=C:\\Users\\MOHANR~1.P\\AppData\\Local\\Temp\\scoped_dir6244_6682}, takesHeapSnapshot=true, pageLoadStrategy=normal, strictFileInteractability=false, databaseEnabled=false, handlesAlerts=true, version=75.0.3770.100, browserConnectionEnabled=false, proxy={}, nativeEvents=true, locationContextEnabled=true, cssSelectorsEnabled=true}]\nSession ID: e07d414f4e9f7a6c98553eb69d9b1605\n*** Element info: {Using=xpath, value=//*[@name='contact.verifymessage.Text' or @id='contact.verifymessage.Text' or @value='contact.verifymessage.Text']}",
      "subLogs": [],
      "duration": 33
    },
    {
      "commandName": "findElement",
      "args": [
        "{value=//*[@name='contact.verifymessage.Text' or @id='contact.verifymessage.Text' or @value='contact.verifymessage.Text'], using=xpath}"
      ],
      "result": "no such element: Unable to locate element: {\"method\":\"xpath\",\"selector\":\"//*[@name='contact.verifymessage.Text' or @id='contact.verifymessage.Text' or @value='contact.verifymessage.Text']\"}\n  (Session info: chrome=75.0.3770.100)\n  (Driver info: chromedriver=75.0.3770.90 (a6dcaf7e3ec6f70a194cc25e8149475c6590e025-refs/branch-heads/3770@{#1003}),platform=Windows NT 10.0.17134 x86_64) (WARNING: The server did not provide any stacktrace information)\nCommand duration or timeout: 27 milliseconds\nFor documentation on this error, please visit: http://seleniumhq.org/exceptions/no_such_element.html\nBuild info: version: '2.53.0', revision: '35ae25b1534ae328c771e0856c93e187490ca824', time: '2016-03-15 10:43:46'\nSystem info: host: 'ICPL13076', ip: '10.11.24.78', os.name: 'Windows 10', os.arch: 'amd64', os.version: '10.0', java.version: '1.8.0_201'\nDriver info: com.qmetry.qaf.automation.ui.webdriver.QAFExtendedWebDriver\nCapabilities [{mobileEmulationEnabled=false, timeouts={implicit=0, pageLoad=300000, script=30000}, hasTouchScreen=false, platform=XP, acceptSslCerts=false, goog:chromeOptions={debuggerAddress=localhost:53447}, acceptInsecureCerts=false, webStorageEnabled=true, browserName=chrome, takesScreenshot=true, javascriptEnabled=true, setWindowRect=true, unexpectedAlertBehaviour=ignore, applicationCacheEnabled=false, rotatable=false, networkConnectionEnabled=false, chrome={chromedriverVersion=75.0.3770.90 (a6dcaf7e3ec6f70a194cc25e8149475c6590e025-refs/branch-heads/3770@{#1003}), userDataDir=C:\\Users\\MOHANR~1.P\\AppData\\Local\\Temp\\scoped_dir6244_6682}, takesHeapSnapshot=true, pageLoadStrategy=normal, strictFileInteractability=false, databaseEnabled=false, handlesAlerts=true, version=75.0.3770.100, browserConnectionEnabled=false, proxy={}, nativeEvents=true, locationContextEnabled=true, cssSelectorsEnabled=true}]\nSession ID: e07d414f4e9f7a6c98553eb69d9b1605\n*** Element info: {Using=xpath, value=//*[@name='contact.verifymessage.Text' or @id='contact.verifymessage.Text' or @value='contact.verifymessage.Text']}",
      "subLogs": [],
      "duration": 27
    },
    {
      "commandName": "findElement",
      "args": [
        "{value=//*[@name='contact.verifymessage.Text' or @id='contact.verifymessage.Text' or @value='contact.verifymessage.Text'], using=xpath}"
      ],
      "result": "no such element: Unable to locate element: {\"method\":\"xpath\",\"selector\":\"//*[@name='contact.verifymessage.Text' or @id='contact.verifymessage.Text' or @value='contact.verifymessage.Text']\"}\n  (Session info: chrome=75.0.3770.100)\n  (Driver info: chromedriver=75.0.3770.90 (a6dcaf7e3ec6f70a194cc25e8149475c6590e025-refs/branch-heads/3770@{#1003}),platform=Windows NT 10.0.17134 x86_64) (WARNING: The server did not provide any stacktrace information)\nCommand duration or timeout: 31 milliseconds\nFor documentation on this error, please visit: http://seleniumhq.org/exceptions/no_such_element.html\nBuild info: version: '2.53.0', revision: '35ae25b1534ae328c771e0856c93e187490ca824', time: '2016-03-15 10:43:46'\nSystem info: host: 'ICPL13076', ip: '10.11.24.78', os.name: 'Windows 10', os.arch: 'amd64', os.version: '10.0', java.version: '1.8.0_201'\nDriver info: com.qmetry.qaf.automation.ui.webdriver.QAFExtendedWebDriver\nCapabilities [{mobileEmulationEnabled=false, timeouts={implicit=0, pageLoad=300000, script=30000}, hasTouchScreen=false, platform=XP, acceptSslCerts=false, goog:chromeOptions={debuggerAddress=localhost:53447}, acceptInsecureCerts=false, webStorageEnabled=true, browserName=chrome, takesScreenshot=true, javascriptEnabled=true, setWindowRect=true, unexpectedAlertBehaviour=ignore, applicationCacheEnabled=false, rotatable=false, networkConnectionEnabled=false, chrome={chromedriverVersion=75.0.3770.90 (a6dcaf7e3ec6f70a194cc25e8149475c6590e025-refs/branch-heads/3770@{#1003}), userDataDir=C:\\Users\\MOHANR~1.P\\AppData\\Local\\Temp\\scoped_dir6244_6682}, takesHeapSnapshot=true, pageLoadStrategy=normal, strictFileInteractability=false, databaseEnabled=false, handlesAlerts=true, version=75.0.3770.100, browserConnectionEnabled=false, proxy={}, nativeEvents=true, locationContextEnabled=true, cssSelectorsEnabled=true}]\nSession ID: e07d414f4e9f7a6c98553eb69d9b1605\n*** Element info: {Using=xpath, value=//*[@name='contact.verifymessage.Text' or @id='contact.verifymessage.Text' or @value='contact.verifymessage.Text']}",
      "subLogs": [],
      "duration": 31
    },
    {
      "commandName": "findElement",
      "args": [
        "{value=//*[@name='contact.verifymessage.Text' or @id='contact.verifymessage.Text' or @value='contact.verifymessage.Text'], using=xpath}"
      ],
      "result": "no such element: Unable to locate element: {\"method\":\"xpath\",\"selector\":\"//*[@name='contact.verifymessage.Text' or @id='contact.verifymessage.Text' or @value='contact.verifymessage.Text']\"}\n  (Session info: chrome=75.0.3770.100)\n  (Driver info: chromedriver=75.0.3770.90 (a6dcaf7e3ec6f70a194cc25e8149475c6590e025-refs/branch-heads/3770@{#1003}),platform=Windows NT 10.0.17134 x86_64) (WARNING: The server did not provide any stacktrace information)\nCommand duration or timeout: 32 milliseconds\nFor documentation on this error, please visit: http://seleniumhq.org/exceptions/no_such_element.html\nBuild info: version: '2.53.0', revision: '35ae25b1534ae328c771e0856c93e187490ca824', time: '2016-03-15 10:43:46'\nSystem info: host: 'ICPL13076', ip: '10.11.24.78', os.name: 'Windows 10', os.arch: 'amd64', os.version: '10.0', java.version: '1.8.0_201'\nDriver info: com.qmetry.qaf.automation.ui.webdriver.QAFExtendedWebDriver\nCapabilities [{mobileEmulationEnabled=false, timeouts={implicit=0, pageLoad=300000, script=30000}, hasTouchScreen=false, platform=XP, acceptSslCerts=false, goog:chromeOptions={debuggerAddress=localhost:53447}, acceptInsecureCerts=false, webStorageEnabled=true, browserName=chrome, takesScreenshot=true, javascriptEnabled=true, setWindowRect=true, unexpectedAlertBehaviour=ignore, applicationCacheEnabled=false, rotatable=false, networkConnectionEnabled=false, chrome={chromedriverVersion=75.0.3770.90 (a6dcaf7e3ec6f70a194cc25e8149475c6590e025-refs/branch-heads/3770@{#1003}), userDataDir=C:\\Users\\MOHANR~1.P\\AppData\\Local\\Temp\\scoped_dir6244_6682}, takesHeapSnapshot=true, pageLoadStrategy=normal, strictFileInteractability=false, databaseEnabled=false, handlesAlerts=true, version=75.0.3770.100, browserConnectionEnabled=false, proxy={}, nativeEvents=true, locationContextEnabled=true, cssSelectorsEnabled=true}]\nSession ID: e07d414f4e9f7a6c98553eb69d9b1605\n*** Element info: {Using=xpath, value=//*[@name='contact.verifymessage.Text' or @id='contact.verifymessage.Text' or @value='contact.verifymessage.Text']}",
      "subLogs": [],
      "duration": 32
    },
    {
      "commandName": "findElement",
      "args": [
        "{value=//*[@name='contact.verifymessage.Text' or @id='contact.verifymessage.Text' or @value='contact.verifymessage.Text'], using=xpath}"
      ],
      "result": "no such element: Unable to locate element: {\"method\":\"xpath\",\"selector\":\"//*[@name='contact.verifymessage.Text' or @id='contact.verifymessage.Text' or @value='contact.verifymessage.Text']\"}\n  (Session info: chrome=75.0.3770.100)\n  (Driver info: chromedriver=75.0.3770.90 (a6dcaf7e3ec6f70a194cc25e8149475c6590e025-refs/branch-heads/3770@{#1003}),platform=Windows NT 10.0.17134 x86_64) (WARNING: The server did not provide any stacktrace information)\nCommand duration or timeout: 25 milliseconds\nFor documentation on this error, please visit: http://seleniumhq.org/exceptions/no_such_element.html\nBuild info: version: '2.53.0', revision: '35ae25b1534ae328c771e0856c93e187490ca824', time: '2016-03-15 10:43:46'\nSystem info: host: 'ICPL13076', ip: '10.11.24.78', os.name: 'Windows 10', os.arch: 'amd64', os.version: '10.0', java.version: '1.8.0_201'\nDriver info: com.qmetry.qaf.automation.ui.webdriver.QAFExtendedWebDriver\nCapabilities [{mobileEmulationEnabled=false, timeouts={implicit=0, pageLoad=300000, script=30000}, hasTouchScreen=false, platform=XP, acceptSslCerts=false, goog:chromeOptions={debuggerAddress=localhost:53447}, acceptInsecureCerts=false, webStorageEnabled=true, browserName=chrome, takesScreenshot=true, javascriptEnabled=true, setWindowRect=true, unexpectedAlertBehaviour=ignore, applicationCacheEnabled=false, rotatable=false, networkConnectionEnabled=false, chrome={chromedriverVersion=75.0.3770.90 (a6dcaf7e3ec6f70a194cc25e8149475c6590e025-refs/branch-heads/3770@{#1003}), userDataDir=C:\\Users\\MOHANR~1.P\\AppData\\Local\\Temp\\scoped_dir6244_6682}, takesHeapSnapshot=true, pageLoadStrategy=normal, strictFileInteractability=false, databaseEnabled=false, handlesAlerts=true, version=75.0.3770.100, browserConnectionEnabled=false, proxy={}, nativeEvents=true, locationContextEnabled=true, cssSelectorsEnabled=true}]\nSession ID: e07d414f4e9f7a6c98553eb69d9b1605\n*** Element info: {Using=xpath, value=//*[@name='contact.verifymessage.Text' or @id='contact.verifymessage.Text' or @value='contact.verifymessage.Text']}",
      "subLogs": [],
      "duration": 25
    },
    {
      "commandName": "findElement",
      "args": [
        "{value=//*[@name='contact.verifymessage.Text' or @id='contact.verifymessage.Text' or @value='contact.verifymessage.Text'], using=xpath}"
      ],
      "result": "no such element: Unable to locate element: {\"method\":\"xpath\",\"selector\":\"//*[@name='contact.verifymessage.Text' or @id='contact.verifymessage.Text' or @value='contact.verifymessage.Text']\"}\n  (Session info: chrome=75.0.3770.100)\n  (Driver info: chromedriver=75.0.3770.90 (a6dcaf7e3ec6f70a194cc25e8149475c6590e025-refs/branch-heads/3770@{#1003}),platform=Windows NT 10.0.17134 x86_64) (WARNING: The server did not provide any stacktrace information)\nCommand duration or timeout: 24 milliseconds\nFor documentation on this error, please visit: http://seleniumhq.org/exceptions/no_such_element.html\nBuild info: version: '2.53.0', revision: '35ae25b1534ae328c771e0856c93e187490ca824', time: '2016-03-15 10:43:46'\nSystem info: host: 'ICPL13076', ip: '10.11.24.78', os.name: 'Windows 10', os.arch: 'amd64', os.version: '10.0', java.version: '1.8.0_201'\nDriver info: com.qmetry.qaf.automation.ui.webdriver.QAFExtendedWebDriver\nCapabilities [{mobileEmulationEnabled=false, timeouts={implicit=0, pageLoad=300000, script=30000}, hasTouchScreen=false, platform=XP, acceptSslCerts=false, goog:chromeOptions={debuggerAddress=localhost:53447}, acceptInsecureCerts=false, webStorageEnabled=true, browserName=chrome, takesScreenshot=true, javascriptEnabled=true, setWindowRect=true, unexpectedAlertBehaviour=ignore, applicationCacheEnabled=false, rotatable=false, networkConnectionEnabled=false, chrome={chromedriverVersion=75.0.3770.90 (a6dcaf7e3ec6f70a194cc25e8149475c6590e025-refs/branch-heads/3770@{#1003}), userDataDir=C:\\Users\\MOHANR~1.P\\AppData\\Local\\Temp\\scoped_dir6244_6682}, takesHeapSnapshot=true, pageLoadStrategy=normal, strictFileInteractability=false, databaseEnabled=false, handlesAlerts=true, version=75.0.3770.100, browserConnectionEnabled=false, proxy={}, nativeEvents=true, locationContextEnabled=true, cssSelectorsEnabled=true}]\nSession ID: e07d414f4e9f7a6c98553eb69d9b1605\n*** Element info: {Using=xpath, value=//*[@name='contact.verifymessage.Text' or @id='contact.verifymessage.Text' or @value='contact.verifymessage.Text']}",
      "subLogs": [],
      "duration": 25
    },
    {
      "commandName": "findElement",
      "args": [
        "{value=//*[@name='contact.verifymessage.Text' or @id='contact.verifymessage.Text' or @value='contact.verifymessage.Text'], using=xpath}"
      ],
      "result": "no such element: Unable to locate element: {\"method\":\"xpath\",\"selector\":\"//*[@name='contact.verifymessage.Text' or @id='contact.verifymessage.Text' or @value='contact.verifymessage.Text']\"}\n  (Session info: chrome=75.0.3770.100)\n  (Driver info: chromedriver=75.0.3770.90 (a6dcaf7e3ec6f70a194cc25e8149475c6590e025-refs/branch-heads/3770@{#1003}),platform=Windows NT 10.0.17134 x86_64) (WARNING: The server did not provide any stacktrace information)\nCommand duration or timeout: 32 milliseconds\nFor documentation on this error, please visit: http://seleniumhq.org/exceptions/no_such_element.html\nBuild info: version: '2.53.0', revision: '35ae25b1534ae328c771e0856c93e187490ca824', time: '2016-03-15 10:43:46'\nSystem info: host: 'ICPL13076', ip: '10.11.24.78', os.name: 'Windows 10', os.arch: 'amd64', os.version: '10.0', java.version: '1.8.0_201'\nDriver info: com.qmetry.qaf.automation.ui.webdriver.QAFExtendedWebDriver\nCapabilities [{mobileEmulationEnabled=false, timeouts={implicit=0, pageLoad=300000, script=30000}, hasTouchScreen=false, platform=XP, acceptSslCerts=false, goog:chromeOptions={debuggerAddress=localhost:53447}, acceptInsecureCerts=false, webStorageEnabled=true, browserName=chrome, takesScreenshot=true, javascriptEnabled=true, setWindowRect=true, unexpectedAlertBehaviour=ignore, applicationCacheEnabled=false, rotatable=false, networkConnectionEnabled=false, chrome={chromedriverVersion=75.0.3770.90 (a6dcaf7e3ec6f70a194cc25e8149475c6590e025-refs/branch-heads/3770@{#1003}), userDataDir=C:\\Users\\MOHANR~1.P\\AppData\\Local\\Temp\\scoped_dir6244_6682}, takesHeapSnapshot=true, pageLoadStrategy=normal, strictFileInteractability=false, databaseEnabled=false, handlesAlerts=true, version=75.0.3770.100, browserConnectionEnabled=false, proxy={}, nativeEvents=true, locationContextEnabled=true, cssSelectorsEnabled=true}]\nSession ID: e07d414f4e9f7a6c98553eb69d9b1605\n*** Element info: {Using=xpath, value=//*[@name='contact.verifymessage.Text' or @id='contact.verifymessage.Text' or @value='contact.verifymessage.Text']}",
      "subLogs": [],
      "duration": 33
    }
  ],
  "checkPoints": [
    {
      "message": "Timed out after 30 seconds waiting for presence of element located by: By.xpath: //*[@name='contact.verifymessage.Text' or @id='contact.verifymessage.Text' or @value='contact.verifymessage.Text']\nBuild info: version: '2.53.0', revision: '35ae25b1534ae328c771e0856c93e187490ca824', time: '2016-03-15 10:43:46'\nSystem info: host: 'ICPL13076', ip: '10.11.24.78', os.name: 'Windows 10', os.arch: 'amd64', os.version: '10.0', java.version: '1.8.0_201'\nDriver info: driver.version: QAFExtendedWebDriver",
      "type": "Fail",
      "screenshot": "../img/ContactButton_vcn2l9c7si4w27338.png",
      "duration": 0,
      "threshold": 0,
      "subCheckPoints": []
    }
  ],
  "errorTrace": "org.openqa.selenium.TimeoutException: Timed out after 30 seconds waiting for presence of element located by: By.xpath: //*[@name='contact.verifymessage.Text' or @id='contact.verifymessage.Text' or @value='contact.verifymessage.Text']\nBuild info: version: '2.53.0', revision: '35ae25b1534ae328c771e0856c93e187490ca824', time: '2016-03-15 10:43:46'\nSystem info: host: 'ICPL13076', ip: '10.11.24.78', os.name: 'Windows 10', os.arch: 'amd64', os.version: '10.0', java.version: '1.8.0_201'\nDriver info: driver.version: QAFExtendedWebDriver\r\n\tat org.openqa.selenium.support.ui.FluentWait.timeoutException(FluentWait.java:292)\r\n\tat org.openqa.selenium.support.ui.FluentWait.until(FluentWait.java:261)\r\n\tat com.qmetry.qaf.automation.ui.webdriver.QAFExtendedWebDriver.load(QAFExtendedWebDriver.java:216)\r\n\tat com.qmetry.qaf.automation.ui.webdriver.QAFExtendedWebElement.load(QAFExtendedWebElement.java:299)\r\n\tat com.qmetry.qaf.automation.ui.webdriver.QAFExtendedWebElement.getId(QAFExtendedWebElement.java:309)\r\n\tat com.qmetry.qaf.automation.ui.webdriver.QAFExtendedWebElement.isDisplayed(QAFExtendedWebElement.java:329)\r\n\tat com.pom.pages.ContactPage.clickContactBTN(ContactPage.java:31)\r\n\tat com.pom.test.ContactTest.ContactButton(ContactTest.java:15)\r\n\tat sun.reflect.NativeMethodAccessorImpl.invoke0(Native Method)\r\n\tat sun.reflect.NativeMethodAccessorImpl.invoke(NativeMethodAccessorImpl.java:62)\r\n\tat sun.reflect.DelegatingMethodAccessorImpl.invoke(DelegatingMethodAccessorImpl.java:43)\r\n\tat java.lang.reflect.Method.invoke(Method.java:498)\r\n\tat org.testng.internal.MethodInvocationHelper.invokeMethod(MethodInvocationHelper.java:104)\r\n\tat org.testng.internal.Invoker.invokeMethod(Invoker.java:645)\r\n\tat org.testng.internal.Invoker.invokeTestMethod(Invoker.java:851)\r\n\tat org.testng.internal.Invoker.invokeTestMethods(Invoker.java:1177)\r\n\tat org.testng.internal.TestMethodWorker.invokeTestMethods(TestMethodWorker.java:129)\r\n\tat org.testng.internal.TestMethodWorker.run(TestMethodWorker.java:112)\r\n\tat org.testng.TestRunner.privateRun(TestRunner.java:781)\r\n\tat org.testng.TestRunner.run(TestRunner.java:635)\r\n\tat org.testng.SuiteRunner.runTest(SuiteRunner.java:387)\r\n\tat org.testng.SuiteRunner.runSequentially(SuiteRunner.java:382)\r\n\tat org.testng.SuiteRunner.privateRun(SuiteRunner.java:340)\r\n\tat org.testng.SuiteRunner.run(SuiteRunner.java:289)\r\n\tat org.testng.SuiteRunnerWorker.runSuite(SuiteRunnerWorker.java:52)\r\n\tat org.testng.SuiteRunnerWorker.run(SuiteRunnerWorker.java:86)\r\n\tat org.testng.TestNG.runSuitesSequentially(TestNG.java:1293)\r\n\tat org.testng.TestNG.runSuitesLocally(TestNG.java:1218)\r\n\tat org.testng.TestNG.runSuites(TestNG.java:1133)\r\n\tat org.testng.TestNG.run(TestNG.java:1104)\r\n\tat org.apache.maven.surefire.testng.TestNGExecutor.run(TestNGExecutor.java:122)\r\n\tat org.apache.maven.surefire.testng.TestNGXmlTestSuite.execute(TestNGXmlTestSuite.java:92)\r\n\tat org.apache.maven.surefire.testng.TestNGProvider.invoke(TestNGProvider.java:101)\r\n\tat sun.reflect.NativeMethodAccessorImpl.invoke0(Native Method)\r\n\tat sun.reflect.NativeMethodAccessorImpl.invoke(NativeMethodAccessorImpl.java:62)\r\n\tat sun.reflect.DelegatingMethodAccessorImpl.invoke(DelegatingMethodAccessorImpl.java:43)\r\n\tat java.lang.reflect.Method.invoke(Method.java:498)\r\n\tat org.apache.maven.surefire.util.ReflectionUtils.invokeMethodWithArray(ReflectionUtils.java:164)\r\n\tat org.apache.maven.surefire.booter.ProviderFactory$ProviderProxy.invoke(ProviderFactory.java:110)\r\n\tat org.apache.maven.surefire.booter.SurefireStarter.invokeProvider(SurefireStarter.java:172)\r\n\tat org.apache.maven.surefire.booter.SurefireStarter.runSuitesInProcessWhenForked(SurefireStarter.java:104)\r\n\tat org.apache.maven.surefire.booter.ForkedBooter.main(ForkedBooter.java:70)\r\nCaused by: org.openqa.selenium.NoSuchElementException: no such element: Unable to locate element: {\"method\":\"xpath\",\"selector\":\"//*[@name='contact.verifymessage.Text' or @id='contact.verifymessage.Text' or @value='contact.verifymessage.Text']\"}\n  (Session info: chrome=75.0.3770.100)\n  (Driver info: chromedriver=75.0.3770.90 (a6dcaf7e3ec6f70a194cc25e8149475c6590e025-refs/branch-heads/3770@{#1003}),platform=Windows NT 10.0.17134 x86_64) (WARNING: The server did not provide any stacktrace information)\nCommand duration or timeout: 32 milliseconds\nFor documentation on this error, please visit: http://seleniumhq.org/exceptions/no_such_element.html\nBuild info: version: '2.53.0', revision: '35ae25b1534ae328c771e0856c93e187490ca824', time: '2016-03-15 10:43:46'\nSystem info: host: 'ICPL13076', ip: '10.11.24.78', os.name: 'Windows 10', os.arch: 'amd64', os.version: '10.0', java.version: '1.8.0_201'\nDriver info: com.qmetry.qaf.automation.ui.webdriver.QAFExtendedWebDriver\nCapabilities [{mobileEmulationEnabled=false, timeouts={implicit=0, pageLoad=300000, script=30000}, hasTouchScreen=false, platform=XP, acceptSslCerts=false, goog:chromeOptions={debuggerAddress=localhost:53447}, acceptInsecureCerts=false, webStorageEnabled=true, browserName=chrome, takesScreenshot=true, javascriptEnabled=true, setWindowRect=true, unexpectedAlertBehaviour=ignore, applicationCacheEnabled=false, rotatable=false, networkConnectionEnabled=false, chrome={chromedriverVersion=75.0.3770.90 (a6dcaf7e3ec6f70a194cc25e8149475c6590e025-refs/branch-heads/3770@{#1003}), userDataDir=C:\\Users\\MOHANR~1.P\\AppData\\Local\\Temp\\scoped_dir6244_6682}, takesHeapSnapshot=true, pageLoadStrategy=normal, strictFileInteractability=false, databaseEnabled=false, handlesAlerts=true, version=75.0.3770.100, browserConnectionEnabled=false, proxy={}, nativeEvents=true, locationContextEnabled=true, cssSelectorsEnabled=true}]\nSession ID: e07d414f4e9f7a6c98553eb69d9b1605\n*** Element info: {Using=xpath, value=//*[@name='contact.verifymessage.Text' or @id='contact.verifymessage.Text' or @value='contact.verifymessage.Text']}\r\n\tat sun.reflect.GeneratedConstructorAccessor11.newInstance(Unknown Source)\r\n\tat sun.reflect.DelegatingConstructorAccessorImpl.newInstance(DelegatingConstructorAccessorImpl.java:45)\r\n\tat java.lang.reflect.Constructor.newInstance(Constructor.java:423)\r\n\tat org.openqa.selenium.remote.ErrorHandler.createThrowable(ErrorHandler.java:206)\r\n\tat org.openqa.selenium.remote.ErrorHandler.throwIfResponseFailed(ErrorHandler.java:158)\r\n\tat org.openqa.selenium.remote.RemoteWebDriver.execute(RemoteWebDriver.java:678)\r\n\tat com.qmetry.qaf.automation.ui.webdriver.QAFExtendedWebDriver.execute(QAFExtendedWebDriver.java:236)\r\n\tat org.openqa.selenium.remote.RemoteWebDriver.findElement(RemoteWebDriver.java:363)\r\n\tat org.openqa.selenium.remote.RemoteWebDriver.findElementByXPath(RemoteWebDriver.java:500)\r\n\tat com.qmetry.qaf.automation.ui.webdriver.QAFExtendedWebDriver.findElementByXPath(QAFExtendedWebDriver.java:400)\r\n\tat com.qmetry.qaf.automation.ui.webdriver.QAFExtendedWebDriver.findElementByXPath(QAFExtendedWebDriver.java:1)\r\n\tat org.openqa.selenium.By$ByXPath.findElement(By.java:361)\r\n\tat org.openqa.selenium.remote.RemoteWebDriver.findElement(RemoteWebDriver.java:355)\r\n\tat com.qmetry.qaf.automation.ui.webdriver.QAFExtendedWebDriver.findElement(QAFExtendedWebDriver.java:171)\r\n\tat com.qmetry.qaf.automation.ui.webdriver.QAFExtendedWebDriver.findElement(QAFExtendedWebDriver.java:1)\r\n\tat org.openqa.selenium.support.ui.ExpectedConditions.findElement(ExpectedConditions.java:899)\r\n\tat org.openqa.selenium.support.ui.ExpectedConditions.access$000(ExpectedConditions.java:41)\r\n\tat org.openqa.selenium.support.ui.ExpectedConditions$6.apply(ExpectedConditions.java:181)\r\n\tat org.openqa.selenium.support.ui.ExpectedConditions$6.apply(ExpectedConditions.java:178)\r\n\tat org.openqa.selenium.support.ui.FluentWait.until(FluentWait.java:238)\r\n\t... 40 more\r\n"
}