{
  "seleniumLog": [
    {
      "commandName": "get",
      "args": [
        "{url=http://www.newtours.demoaut.com/}"
      ],
      "result": "null",
      "subLogs": [],
      "duration": 2856
    },
    {
      "commandName": "findElement",
      "args": [
        "{value=//a[text()='REGISTER'], using=xpath}"
      ],
      "result": "id: 0.06655978734896628-1",
      "subLogs": [],
      "duration": 29
    },
    {
      "commandName": "clickElement",
      "args": [
        "By.xpath: //a[text()='REGISTER']",
        "{\"id\":\"0.06655978734896628-1\"}"
      ],
      "result": "clickElement:null",
      "subLogs": [],
      "duration": 945
    },
    {
      "commandName": "findElement",
      "args": [
        "{value=//input[@name='firstName'], using=xpath}"
      ],
      "result": "id: 0.18302179561132048-1",
      "subLogs": [],
      "duration": 21
    },
    {
      "commandName": "sendKeysToElement",
      "args": [
        "By.xpath: //input[@name='firstName']",
        "{\"id\":\"0.18302179561132048-1\",\"value\":[\"LNbdvLyxJBLyYGA\"]}"
      ],
      "result": "sendKeysToElement:null",
      "subLogs": [],
      "duration": 97
    },
    {
      "commandName": "findElement",
      "args": [
        "{value=//input[@name='lastName'], using=xpath}"
      ],
      "result": "id: 0.18302179561132048-2",
      "subLogs": [],
      "duration": 15
    },
    {
      "commandName": "sendKeysToElement",
      "args": [
        "By.xpath: //input[@name='lastName']",
        "{\"id\":\"0.18302179561132048-2\",\"value\":[\"eHLHAeJcnjoykcG\"]}"
      ],
      "result": "sendKeysToElement:null",
      "subLogs": [],
      "duration": 78
    },
    {
      "commandName": "findElement",
      "args": [
        "{value=//input[@name='phone'], using=xpath}"
      ],
      "result": "id: 0.18302179561132048-3",
      "subLogs": [],
      "duration": 13
    },
    {
      "commandName": "sendKeysToElement",
      "args": [
        "By.xpath: //input[@name='phone']",
        "{\"id\":\"0.18302179561132048-3\",\"value\":[\"7858444668\"]}"
      ],
      "result": "sendKeysToElement:null",
      "subLogs": [],
      "duration": 62
    },
    {
      "commandName": "findElement",
      "args": [
        "{value=//input[@name='userName'], using=xpath}"
      ],
      "result": "id: 0.18302179561132048-4",
      "subLogs": [],
      "duration": 15
    },
    {
      "commandName": "sendKeysToElement",
      "args": [
        "By.xpath: //input[@name='userName']",
        "{\"id\":\"0.18302179561132048-4\",\"value\":[\"yNahUJ066F@mailinator.com\"]}"
      ],
      "result": "sendKeysToElement:null",
      "subLogs": [],
      "duration": 115
    },
    {
      "commandName": "findElement",
      "args": [
        "{value=//input[@name='address1'], using=xpath}"
      ],
      "result": "id: 0.18302179561132048-5",
      "subLogs": [],
      "duration": 13
    },
    {
      "commandName": "sendKeysToElement",
      "args": [
        "By.xpath: //input[@name='address1']",
        "{\"id\":\"0.18302179561132048-5\",\"value\":[\"yNahUJ066F@mailinator.com\"]}"
      ],
      "result": "sendKeysToElement:null",
      "subLogs": [],
      "duration": 122
    },
    {
      "commandName": "findElement",
      "args": [
        "{value=//input[@name='city'], using=xpath}"
      ],
      "result": "id: 0.18302179561132048-6",
      "subLogs": [],
      "duration": 13
    },
    {
      "commandName": "sendKeysToElement",
      "args": [
        "By.xpath: //input[@name='city']",
        "{\"id\":\"0.18302179561132048-6\",\"value\":[\"hEEdg\"]}"
      ],
      "result": "sendKeysToElement:null",
      "subLogs": [],
      "duration": 43
    },
    {
      "commandName": "findElement",
      "args": [
        "{value=//*[@name='register.postelcode.text' or @id='register.postelcode.text' or @value='register.postelcode.text'], using=xpath}"
      ],
      "result": "no such element: Unable to locate element: {\"method\":\"xpath\",\"selector\":\"//*[@name='register.postelcode.text' or @id='register.postelcode.text' or @value='register.postelcode.text']\"}\n  (Session info: chrome=75.0.3770.100)\n  (Driver info: chromedriver=75.0.3770.90 (a6dcaf7e3ec6f70a194cc25e8149475c6590e025-refs/branch-heads/3770@{#1003}),platform=Windows NT 10.0.17134 x86_64) (WARNING: The server did not provide any stacktrace information)\nCommand duration or timeout: 13 milliseconds\nFor documentation on this error, please visit: http://seleniumhq.org/exceptions/no_such_element.html\nBuild info: version: '2.53.0', revision: '35ae25b1534ae328c771e0856c93e187490ca824', time: '2016-03-15 10:43:46'\nSystem info: host: 'ICPL13076', ip: '10.11.24.78', os.name: 'Windows 10', os.arch: 'amd64', os.version: '10.0', java.version: '1.8.0_201'\nDriver info: com.qmetry.qaf.automation.ui.webdriver.QAFExtendedWebDriver\nCapabilities [{mobileEmulationEnabled=false, timeouts={implicit=0, pageLoad=300000, script=30000}, hasTouchScreen=false, platform=XP, acceptSslCerts=false, goog:chromeOptions={debuggerAddress=localhost:55241}, acceptInsecureCerts=false, webStorageEnabled=true, browserName=chrome, takesScreenshot=true, javascriptEnabled=true, setWindowRect=true, unexpectedAlertBehaviour=ignore, applicationCacheEnabled=false, rotatable=false, networkConnectionEnabled=false, chrome={chromedriverVersion=75.0.3770.90 (a6dcaf7e3ec6f70a194cc25e8149475c6590e025-refs/branch-heads/3770@{#1003}), userDataDir=C:\\Users\\MOHANR~1.P\\AppData\\Local\\Temp\\scoped_dir10320_5698}, takesHeapSnapshot=true, pageLoadStrategy=normal, strictFileInteractability=false, databaseEnabled=false, handlesAlerts=true, version=75.0.3770.100, browserConnectionEnabled=false, proxy={}, nativeEvents=true, locationContextEnabled=true, cssSelectorsEnabled=true}]\nSession ID: 766388c3e4d31e7ea16ab8cd20d2aee8\n*** Element info: {Using=xpath, value=//*[@name='register.postelcode.text' or @id='register.postelcode.text' or @value='register.postelcode.text']}",
      "subLogs": [],
      "duration": 15
    },
    {
      "commandName": "findElement",
      "args": [
        "{value=//*[@name='register.postelcode.text' or @id='register.postelcode.text' or @value='register.postelcode.text'], using=xpath}"
      ],
      "result": "no such element: Unable to locate element: {\"method\":\"xpath\",\"selector\":\"//*[@name='register.postelcode.text' or @id='register.postelcode.text' or @value='register.postelcode.text']\"}\n  (Session info: chrome=75.0.3770.100)\n  (Driver info: chromedriver=75.0.3770.90 (a6dcaf7e3ec6f70a194cc25e8149475c6590e025-refs/branch-heads/3770@{#1003}),platform=Windows NT 10.0.17134 x86_64) (WARNING: The server did not provide any stacktrace information)\nCommand duration or timeout: 12 milliseconds\nFor documentation on this error, please visit: http://seleniumhq.org/exceptions/no_such_element.html\nBuild info: version: '2.53.0', revision: '35ae25b1534ae328c771e0856c93e187490ca824', time: '2016-03-15 10:43:46'\nSystem info: host: 'ICPL13076', ip: '10.11.24.78', os.name: 'Windows 10', os.arch: 'amd64', os.version: '10.0', java.version: '1.8.0_201'\nDriver info: com.qmetry.qaf.automation.ui.webdriver.QAFExtendedWebDriver\nCapabilities [{mobileEmulationEnabled=false, timeouts={implicit=0, pageLoad=300000, script=30000}, hasTouchScreen=false, platform=XP, acceptSslCerts=false, goog:chromeOptions={debuggerAddress=localhost:55241}, acceptInsecureCerts=false, webStorageEnabled=true, browserName=chrome, takesScreenshot=true, javascriptEnabled=true, setWindowRect=true, unexpectedAlertBehaviour=ignore, applicationCacheEnabled=false, rotatable=false, networkConnectionEnabled=false, chrome={chromedriverVersion=75.0.3770.90 (a6dcaf7e3ec6f70a194cc25e8149475c6590e025-refs/branch-heads/3770@{#1003}), userDataDir=C:\\Users\\MOHANR~1.P\\AppData\\Local\\Temp\\scoped_dir10320_5698}, takesHeapSnapshot=true, pageLoadStrategy=normal, strictFileInteractability=false, databaseEnabled=false, handlesAlerts=true, version=75.0.3770.100, browserConnectionEnabled=false, proxy={}, nativeEvents=true, locationContextEnabled=true, cssSelectorsEnabled=true}]\nSession ID: 766388c3e4d31e7ea16ab8cd20d2aee8\n*** Element info: {Using=xpath, value=//*[@name='register.postelcode.text' or @id='register.postelcode.text' or @value='register.postelcode.text']}",
      "subLogs": [],
      "duration": 12
    },
    {
      "commandName": "findElement",
      "args": [
        "{value=//*[@name='register.postelcode.text' or @id='register.postelcode.text' or @value='register.postelcode.text'], using=xpath}"
      ],
      "result": "no such element: Unable to locate element: {\"method\":\"xpath\",\"selector\":\"//*[@name='register.postelcode.text' or @id='register.postelcode.text' or @value='register.postelcode.text']\"}\n  (Session info: chrome=75.0.3770.100)\n  (Driver info: chromedriver=75.0.3770.90 (a6dcaf7e3ec6f70a194cc25e8149475c6590e025-refs/branch-heads/3770@{#1003}),platform=Windows NT 10.0.17134 x86_64) (WARNING: The server did not provide any stacktrace information)\nCommand duration or timeout: 12 milliseconds\nFor documentation on this error, please visit: http://seleniumhq.org/exceptions/no_such_element.html\nBuild info: version: '2.53.0', revision: '35ae25b1534ae328c771e0856c93e187490ca824', time: '2016-03-15 10:43:46'\nSystem info: host: 'ICPL13076', ip: '10.11.24.78', os.name: 'Windows 10', os.arch: 'amd64', os.version: '10.0', java.version: '1.8.0_201'\nDriver info: com.qmetry.qaf.automation.ui.webdriver.QAFExtendedWebDriver\nCapabilities [{mobileEmulationEnabled=false, timeouts={implicit=0, pageLoad=300000, script=30000}, hasTouchScreen=false, platform=XP, acceptSslCerts=false, goog:chromeOptions={debuggerAddress=localhost:55241}, acceptInsecureCerts=false, webStorageEnabled=true, browserName=chrome, takesScreenshot=true, javascriptEnabled=true, setWindowRect=true, unexpectedAlertBehaviour=ignore, applicationCacheEnabled=false, rotatable=false, networkConnectionEnabled=false, chrome={chromedriverVersion=75.0.3770.90 (a6dcaf7e3ec6f70a194cc25e8149475c6590e025-refs/branch-heads/3770@{#1003}), userDataDir=C:\\Users\\MOHANR~1.P\\AppData\\Local\\Temp\\scoped_dir10320_5698}, takesHeapSnapshot=true, pageLoadStrategy=normal, strictFileInteractability=false, databaseEnabled=false, handlesAlerts=true, version=75.0.3770.100, browserConnectionEnabled=false, proxy={}, nativeEvents=true, locationContextEnabled=true, cssSelectorsEnabled=true}]\nSession ID: 766388c3e4d31e7ea16ab8cd20d2aee8\n*** Element info: {Using=xpath, value=//*[@name='register.postelcode.text' or @id='register.postelcode.text' or @value='register.postelcode.text']}",
      "subLogs": [],
      "duration": 12
    },
    {
      "commandName": "findElement",
      "args": [
        "{value=//*[@name='register.postelcode.text' or @id='register.postelcode.text' or @value='register.postelcode.text'], using=xpath}"
      ],
      "result": "no such element: Unable to locate element: {\"method\":\"xpath\",\"selector\":\"//*[@name='register.postelcode.text' or @id='register.postelcode.text' or @value='register.postelcode.text']\"}\n  (Session info: chrome=75.0.3770.100)\n  (Driver info: chromedriver=75.0.3770.90 (a6dcaf7e3ec6f70a194cc25e8149475c6590e025-refs/branch-heads/3770@{#1003}),platform=Windows NT 10.0.17134 x86_64) (WARNING: The server did not provide any stacktrace information)\nCommand duration or timeout: 11 milliseconds\nFor documentation on this error, please visit: http://seleniumhq.org/exceptions/no_such_element.html\nBuild info: version: '2.53.0', revision: '35ae25b1534ae328c771e0856c93e187490ca824', time: '2016-03-15 10:43:46'\nSystem info: host: 'ICPL13076', ip: '10.11.24.78', os.name: 'Windows 10', os.arch: 'amd64', os.version: '10.0', java.version: '1.8.0_201'\nDriver info: com.qmetry.qaf.automation.ui.webdriver.QAFExtendedWebDriver\nCapabilities [{mobileEmulationEnabled=false, timeouts={implicit=0, pageLoad=300000, script=30000}, hasTouchScreen=false, platform=XP, acceptSslCerts=false, goog:chromeOptions={debuggerAddress=localhost:55241}, acceptInsecureCerts=false, webStorageEnabled=true, browserName=chrome, takesScreenshot=true, javascriptEnabled=true, setWindowRect=true, unexpectedAlertBehaviour=ignore, applicationCacheEnabled=false, rotatable=false, networkConnectionEnabled=false, chrome={chromedriverVersion=75.0.3770.90 (a6dcaf7e3ec6f70a194cc25e8149475c6590e025-refs/branch-heads/3770@{#1003}), userDataDir=C:\\Users\\MOHANR~1.P\\AppData\\Local\\Temp\\scoped_dir10320_5698}, takesHeapSnapshot=true, pageLoadStrategy=normal, strictFileInteractability=false, databaseEnabled=false, handlesAlerts=true, version=75.0.3770.100, browserConnectionEnabled=false, proxy={}, nativeEvents=true, locationContextEnabled=true, cssSelectorsEnabled=true}]\nSession ID: 766388c3e4d31e7ea16ab8cd20d2aee8\n*** Element info: {Using=xpath, value=//*[@name='register.postelcode.text' or @id='register.postelcode.text' or @value='register.postelcode.text']}",
      "subLogs": [],
      "duration": 11
    },
    {
      "commandName": "findElement",
      "args": [
        "{value=//*[@name='register.postelcode.text' or @id='register.postelcode.text' or @value='register.postelcode.text'], using=xpath}"
      ],
      "result": "no such element: Unable to locate element: {\"method\":\"xpath\",\"selector\":\"//*[@name='register.postelcode.text' or @id='register.postelcode.text' or @value='register.postelcode.text']\"}\n  (Session info: chrome=75.0.3770.100)\n  (Driver info: chromedriver=75.0.3770.90 (a6dcaf7e3ec6f70a194cc25e8149475c6590e025-refs/branch-heads/3770@{#1003}),platform=Windows NT 10.0.17134 x86_64) (WARNING: The server did not provide any stacktrace information)\nCommand duration or timeout: 12 milliseconds\nFor documentation on this error, please visit: http://seleniumhq.org/exceptions/no_such_element.html\nBuild info: version: '2.53.0', revision: '35ae25b1534ae328c771e0856c93e187490ca824', time: '2016-03-15 10:43:46'\nSystem info: host: 'ICPL13076', ip: '10.11.24.78', os.name: 'Windows 10', os.arch: 'amd64', os.version: '10.0', java.version: '1.8.0_201'\nDriver info: com.qmetry.qaf.automation.ui.webdriver.QAFExtendedWebDriver\nCapabilities [{mobileEmulationEnabled=false, timeouts={implicit=0, pageLoad=300000, script=30000}, hasTouchScreen=false, platform=XP, acceptSslCerts=false, goog:chromeOptions={debuggerAddress=localhost:55241}, acceptInsecureCerts=false, webStorageEnabled=true, browserName=chrome, takesScreenshot=true, javascriptEnabled=true, setWindowRect=true, unexpectedAlertBehaviour=ignore, applicationCacheEnabled=false, rotatable=false, networkConnectionEnabled=false, chrome={chromedriverVersion=75.0.3770.90 (a6dcaf7e3ec6f70a194cc25e8149475c6590e025-refs/branch-heads/3770@{#1003}), userDataDir=C:\\Users\\MOHANR~1.P\\AppData\\Local\\Temp\\scoped_dir10320_5698}, takesHeapSnapshot=true, pageLoadStrategy=normal, strictFileInteractability=false, databaseEnabled=false, handlesAlerts=true, version=75.0.3770.100, browserConnectionEnabled=false, proxy={}, nativeEvents=true, locationContextEnabled=true, cssSelectorsEnabled=true}]\nSession ID: 766388c3e4d31e7ea16ab8cd20d2aee8\n*** Element info: {Using=xpath, value=//*[@name='register.postelcode.text' or @id='register.postelcode.text' or @value='register.postelcode.text']}",
      "subLogs": [],
      "duration": 12
    },
    {
      "commandName": "findElement",
      "args": [
        "{value=//*[@name='register.postelcode.text' or @id='register.postelcode.text' or @value='register.postelcode.text'], using=xpath}"
      ],
      "result": "no such element: Unable to locate element: {\"method\":\"xpath\",\"selector\":\"//*[@name='register.postelcode.text' or @id='register.postelcode.text' or @value='register.postelcode.text']\"}\n  (Session info: chrome=75.0.3770.100)\n  (Driver info: chromedriver=75.0.3770.90 (a6dcaf7e3ec6f70a194cc25e8149475c6590e025-refs/branch-heads/3770@{#1003}),platform=Windows NT 10.0.17134 x86_64) (WARNING: The server did not provide any stacktrace information)\nCommand duration or timeout: 35 milliseconds\nFor documentation on this error, please visit: http://seleniumhq.org/exceptions/no_such_element.html\nBuild info: version: '2.53.0', revision: '35ae25b1534ae328c771e0856c93e187490ca824', time: '2016-03-15 10:43:46'\nSystem info: host: 'ICPL13076', ip: '10.11.24.78', os.name: 'Windows 10', os.arch: 'amd64', os.version: '10.0', java.version: '1.8.0_201'\nDriver info: com.qmetry.qaf.automation.ui.webdriver.QAFExtendedWebDriver\nCapabilities [{mobileEmulationEnabled=false, timeouts={implicit=0, pageLoad=300000, script=30000}, hasTouchScreen=false, platform=XP, acceptSslCerts=false, goog:chromeOptions={debuggerAddress=localhost:55241}, acceptInsecureCerts=false, webStorageEnabled=true, browserName=chrome, takesScreenshot=true, javascriptEnabled=true, setWindowRect=true, unexpectedAlertBehaviour=ignore, applicationCacheEnabled=false, rotatable=false, networkConnectionEnabled=false, chrome={chromedriverVersion=75.0.3770.90 (a6dcaf7e3ec6f70a194cc25e8149475c6590e025-refs/branch-heads/3770@{#1003}), userDataDir=C:\\Users\\MOHANR~1.P\\AppData\\Local\\Temp\\scoped_dir10320_5698}, takesHeapSnapshot=true, pageLoadStrategy=normal, strictFileInteractability=false, databaseEnabled=false, handlesAlerts=true, version=75.0.3770.100, browserConnectionEnabled=false, proxy={}, nativeEvents=true, locationContextEnabled=true, cssSelectorsEnabled=true}]\nSession ID: 766388c3e4d31e7ea16ab8cd20d2aee8\n*** Element info: {Using=xpath, value=//*[@name='register.postelcode.text' or @id='register.postelcode.text' or @value='register.postelcode.text']}",
      "subLogs": [],
      "duration": 36
    },
    {
      "commandName": "findElement",
      "args": [
        "{value=//*[@name='register.postelcode.text' or @id='register.postelcode.text' or @value='register.postelcode.text'], using=xpath}"
      ],
      "result": "no such element: Unable to locate element: {\"method\":\"xpath\",\"selector\":\"//*[@name='register.postelcode.text' or @id='register.postelcode.text' or @value='register.postelcode.text']\"}\n  (Session info: chrome=75.0.3770.100)\n  (Driver info: chromedriver=75.0.3770.90 (a6dcaf7e3ec6f70a194cc25e8149475c6590e025-refs/branch-heads/3770@{#1003}),platform=Windows NT 10.0.17134 x86_64) (WARNING: The server did not provide any stacktrace information)\nCommand duration or timeout: 34 milliseconds\nFor documentation on this error, please visit: http://seleniumhq.org/exceptions/no_such_element.html\nBuild info: version: '2.53.0', revision: '35ae25b1534ae328c771e0856c93e187490ca824', time: '2016-03-15 10:43:46'\nSystem info: host: 'ICPL13076', ip: '10.11.24.78', os.name: 'Windows 10', os.arch: 'amd64', os.version: '10.0', java.version: '1.8.0_201'\nDriver info: com.qmetry.qaf.automation.ui.webdriver.QAFExtendedWebDriver\nCapabilities [{mobileEmulationEnabled=false, timeouts={implicit=0, pageLoad=300000, script=30000}, hasTouchScreen=false, platform=XP, acceptSslCerts=false, goog:chromeOptions={debuggerAddress=localhost:55241}, acceptInsecureCerts=false, webStorageEnabled=true, browserName=chrome, takesScreenshot=true, javascriptEnabled=true, setWindowRect=true, unexpectedAlertBehaviour=ignore, applicationCacheEnabled=false, rotatable=false, networkConnectionEnabled=false, chrome={chromedriverVersion=75.0.3770.90 (a6dcaf7e3ec6f70a194cc25e8149475c6590e025-refs/branch-heads/3770@{#1003}), userDataDir=C:\\Users\\MOHANR~1.P\\AppData\\Local\\Temp\\scoped_dir10320_5698}, takesHeapSnapshot=true, pageLoadStrategy=normal, strictFileInteractability=false, databaseEnabled=false, handlesAlerts=true, version=75.0.3770.100, browserConnectionEnabled=false, proxy={}, nativeEvents=true, locationContextEnabled=true, cssSelectorsEnabled=true}]\nSession ID: 766388c3e4d31e7ea16ab8cd20d2aee8\n*** Element info: {Using=xpath, value=//*[@name='register.postelcode.text' or @id='register.postelcode.text' or @value='register.postelcode.text']}",
      "subLogs": [],
      "duration": 35
    },
    {
      "commandName": "findElement",
      "args": [
        "{value=//*[@name='register.postelcode.text' or @id='register.postelcode.text' or @value='register.postelcode.text'], using=xpath}"
      ],
      "result": "no such element: Unable to locate element: {\"method\":\"xpath\",\"selector\":\"//*[@name='register.postelcode.text' or @id='register.postelcode.text' or @value='register.postelcode.text']\"}\n  (Session info: chrome=75.0.3770.100)\n  (Driver info: chromedriver=75.0.3770.90 (a6dcaf7e3ec6f70a194cc25e8149475c6590e025-refs/branch-heads/3770@{#1003}),platform=Windows NT 10.0.17134 x86_64) (WARNING: The server did not provide any stacktrace information)\nCommand duration or timeout: 33 milliseconds\nFor documentation on this error, please visit: http://seleniumhq.org/exceptions/no_such_element.html\nBuild info: version: '2.53.0', revision: '35ae25b1534ae328c771e0856c93e187490ca824', time: '2016-03-15 10:43:46'\nSystem info: host: 'ICPL13076', ip: '10.11.24.78', os.name: 'Windows 10', os.arch: 'amd64', os.version: '10.0', java.version: '1.8.0_201'\nDriver info: com.qmetry.qaf.automation.ui.webdriver.QAFExtendedWebDriver\nCapabilities [{mobileEmulationEnabled=false, timeouts={implicit=0, pageLoad=300000, script=30000}, hasTouchScreen=false, platform=XP, acceptSslCerts=false, goog:chromeOptions={debuggerAddress=localhost:55241}, acceptInsecureCerts=false, webStorageEnabled=true, browserName=chrome, takesScreenshot=true, javascriptEnabled=true, setWindowRect=true, unexpectedAlertBehaviour=ignore, applicationCacheEnabled=false, rotatable=false, networkConnectionEnabled=false, chrome={chromedriverVersion=75.0.3770.90 (a6dcaf7e3ec6f70a194cc25e8149475c6590e025-refs/branch-heads/3770@{#1003}), userDataDir=C:\\Users\\MOHANR~1.P\\AppData\\Local\\Temp\\scoped_dir10320_5698}, takesHeapSnapshot=true, pageLoadStrategy=normal, strictFileInteractability=false, databaseEnabled=false, handlesAlerts=true, version=75.0.3770.100, browserConnectionEnabled=false, proxy={}, nativeEvents=true, locationContextEnabled=true, cssSelectorsEnabled=true}]\nSession ID: 766388c3e4d31e7ea16ab8cd20d2aee8\n*** Element info: {Using=xpath, value=//*[@name='register.postelcode.text' or @id='register.postelcode.text' or @value='register.postelcode.text']}",
      "subLogs": [],
      "duration": 34
    },
    {
      "commandName": "findElement",
      "args": [
        "{value=//*[@name='register.postelcode.text' or @id='register.postelcode.text' or @value='register.postelcode.text'], using=xpath}"
      ],
      "result": "no such element: Unable to locate element: {\"method\":\"xpath\",\"selector\":\"//*[@name='register.postelcode.text' or @id='register.postelcode.text' or @value='register.postelcode.text']\"}\n  (Session info: chrome=75.0.3770.100)\n  (Driver info: chromedriver=75.0.3770.90 (a6dcaf7e3ec6f70a194cc25e8149475c6590e025-refs/branch-heads/3770@{#1003}),platform=Windows NT 10.0.17134 x86_64) (WARNING: The server did not provide any stacktrace information)\nCommand duration or timeout: 33 milliseconds\nFor documentation on this error, please visit: http://seleniumhq.org/exceptions/no_such_element.html\nBuild info: version: '2.53.0', revision: '35ae25b1534ae328c771e0856c93e187490ca824', time: '2016-03-15 10:43:46'\nSystem info: host: 'ICPL13076', ip: '10.11.24.78', os.name: 'Windows 10', os.arch: 'amd64', os.version: '10.0', java.version: '1.8.0_201'\nDriver info: com.qmetry.qaf.automation.ui.webdriver.QAFExtendedWebDriver\nCapabilities [{mobileEmulationEnabled=false, timeouts={implicit=0, pageLoad=300000, script=30000}, hasTouchScreen=false, platform=XP, acceptSslCerts=false, goog:chromeOptions={debuggerAddress=localhost:55241}, acceptInsecureCerts=false, webStorageEnabled=true, browserName=chrome, takesScreenshot=true, javascriptEnabled=true, setWindowRect=true, unexpectedAlertBehaviour=ignore, applicationCacheEnabled=false, rotatable=false, networkConnectionEnabled=false, chrome={chromedriverVersion=75.0.3770.90 (a6dcaf7e3ec6f70a194cc25e8149475c6590e025-refs/branch-heads/3770@{#1003}), userDataDir=C:\\Users\\MOHANR~1.P\\AppData\\Local\\Temp\\scoped_dir10320_5698}, takesHeapSnapshot=true, pageLoadStrategy=normal, strictFileInteractability=false, databaseEnabled=false, handlesAlerts=true, version=75.0.3770.100, browserConnectionEnabled=false, proxy={}, nativeEvents=true, locationContextEnabled=true, cssSelectorsEnabled=true}]\nSession ID: 766388c3e4d31e7ea16ab8cd20d2aee8\n*** Element info: {Using=xpath, value=//*[@name='register.postelcode.text' or @id='register.postelcode.text' or @value='register.postelcode.text']}",
      "subLogs": [],
      "duration": 34
    },
    {
      "commandName": "findElement",
      "args": [
        "{value=//*[@name='register.postelcode.text' or @id='register.postelcode.text' or @value='register.postelcode.text'], using=xpath}"
      ],
      "result": "no such element: Unable to locate element: {\"method\":\"xpath\",\"selector\":\"//*[@name='register.postelcode.text' or @id='register.postelcode.text' or @value='register.postelcode.text']\"}\n  (Session info: chrome=75.0.3770.100)\n  (Driver info: chromedriver=75.0.3770.90 (a6dcaf7e3ec6f70a194cc25e8149475c6590e025-refs/branch-heads/3770@{#1003}),platform=Windows NT 10.0.17134 x86_64) (WARNING: The server did not provide any stacktrace information)\nCommand duration or timeout: 39 milliseconds\nFor documentation on this error, please visit: http://seleniumhq.org/exceptions/no_such_element.html\nBuild info: version: '2.53.0', revision: '35ae25b1534ae328c771e0856c93e187490ca824', time: '2016-03-15 10:43:46'\nSystem info: host: 'ICPL13076', ip: '10.11.24.78', os.name: 'Windows 10', os.arch: 'amd64', os.version: '10.0', java.version: '1.8.0_201'\nDriver info: com.qmetry.qaf.automation.ui.webdriver.QAFExtendedWebDriver\nCapabilities [{mobileEmulationEnabled=false, timeouts={implicit=0, pageLoad=300000, script=30000}, hasTouchScreen=false, platform=XP, acceptSslCerts=false, goog:chromeOptions={debuggerAddress=localhost:55241}, acceptInsecureCerts=false, webStorageEnabled=true, browserName=chrome, takesScreenshot=true, javascriptEnabled=true, setWindowRect=true, unexpectedAlertBehaviour=ignore, applicationCacheEnabled=false, rotatable=false, networkConnectionEnabled=false, chrome={chromedriverVersion=75.0.3770.90 (a6dcaf7e3ec6f70a194cc25e8149475c6590e025-refs/branch-heads/3770@{#1003}), userDataDir=C:\\Users\\MOHANR~1.P\\AppData\\Local\\Temp\\scoped_dir10320_5698}, takesHeapSnapshot=true, pageLoadStrategy=normal, strictFileInteractability=false, databaseEnabled=false, handlesAlerts=true, version=75.0.3770.100, browserConnectionEnabled=false, proxy={}, nativeEvents=true, locationContextEnabled=true, cssSelectorsEnabled=true}]\nSession ID: 766388c3e4d31e7ea16ab8cd20d2aee8\n*** Element info: {Using=xpath, value=//*[@name='register.postelcode.text' or @id='register.postelcode.text' or @value='register.postelcode.text']}",
      "subLogs": [],
      "duration": 39
    },
    {
      "commandName": "findElement",
      "args": [
        "{value=//*[@name='register.postelcode.text' or @id='register.postelcode.text' or @value='register.postelcode.text'], using=xpath}"
      ],
      "result": "no such element: Unable to locate element: {\"method\":\"xpath\",\"selector\":\"//*[@name='register.postelcode.text' or @id='register.postelcode.text' or @value='register.postelcode.text']\"}\n  (Session info: chrome=75.0.3770.100)\n  (Driver info: chromedriver=75.0.3770.90 (a6dcaf7e3ec6f70a194cc25e8149475c6590e025-refs/branch-heads/3770@{#1003}),platform=Windows NT 10.0.17134 x86_64) (WARNING: The server did not provide any stacktrace information)\nCommand duration or timeout: 33 milliseconds\nFor documentation on this error, please visit: http://seleniumhq.org/exceptions/no_such_element.html\nBuild info: version: '2.53.0', revision: '35ae25b1534ae328c771e0856c93e187490ca824', time: '2016-03-15 10:43:46'\nSystem info: host: 'ICPL13076', ip: '10.11.24.78', os.name: 'Windows 10', os.arch: 'amd64', os.version: '10.0', java.version: '1.8.0_201'\nDriver info: com.qmetry.qaf.automation.ui.webdriver.QAFExtendedWebDriver\nCapabilities [{mobileEmulationEnabled=false, timeouts={implicit=0, pageLoad=300000, script=30000}, hasTouchScreen=false, platform=XP, acceptSslCerts=false, goog:chromeOptions={debuggerAddress=localhost:55241}, acceptInsecureCerts=false, webStorageEnabled=true, browserName=chrome, takesScreenshot=true, javascriptEnabled=true, setWindowRect=true, unexpectedAlertBehaviour=ignore, applicationCacheEnabled=false, rotatable=false, networkConnectionEnabled=false, chrome={chromedriverVersion=75.0.3770.90 (a6dcaf7e3ec6f70a194cc25e8149475c6590e025-refs/branch-heads/3770@{#1003}), userDataDir=C:\\Users\\MOHANR~1.P\\AppData\\Local\\Temp\\scoped_dir10320_5698}, takesHeapSnapshot=true, pageLoadStrategy=normal, strictFileInteractability=false, databaseEnabled=false, handlesAlerts=true, version=75.0.3770.100, browserConnectionEnabled=false, proxy={}, nativeEvents=true, locationContextEnabled=true, cssSelectorsEnabled=true}]\nSession ID: 766388c3e4d31e7ea16ab8cd20d2aee8\n*** Element info: {Using=xpath, value=//*[@name='register.postelcode.text' or @id='register.postelcode.text' or @value='register.postelcode.text']}",
      "subLogs": [],
      "duration": 33
    },
    {
      "commandName": "findElement",
      "args": [
        "{value=//*[@name='register.postelcode.text' or @id='register.postelcode.text' or @value='register.postelcode.text'], using=xpath}"
      ],
      "result": "no such element: Unable to locate element: {\"method\":\"xpath\",\"selector\":\"//*[@name='register.postelcode.text' or @id='register.postelcode.text' or @value='register.postelcode.text']\"}\n  (Session info: chrome=75.0.3770.100)\n  (Driver info: chromedriver=75.0.3770.90 (a6dcaf7e3ec6f70a194cc25e8149475c6590e025-refs/branch-heads/3770@{#1003}),platform=Windows NT 10.0.17134 x86_64) (WARNING: The server did not provide any stacktrace information)\nCommand duration or timeout: 16 milliseconds\nFor documentation on this error, please visit: http://seleniumhq.org/exceptions/no_such_element.html\nBuild info: version: '2.53.0', revision: '35ae25b1534ae328c771e0856c93e187490ca824', time: '2016-03-15 10:43:46'\nSystem info: host: 'ICPL13076', ip: '10.11.24.78', os.name: 'Windows 10', os.arch: 'amd64', os.version: '10.0', java.version: '1.8.0_201'\nDriver info: com.qmetry.qaf.automation.ui.webdriver.QAFExtendedWebDriver\nCapabilities [{mobileEmulationEnabled=false, timeouts={implicit=0, pageLoad=300000, script=30000}, hasTouchScreen=false, platform=XP, acceptSslCerts=false, goog:chromeOptions={debuggerAddress=localhost:55241}, acceptInsecureCerts=false, webStorageEnabled=true, browserName=chrome, takesScreenshot=true, javascriptEnabled=true, setWindowRect=true, unexpectedAlertBehaviour=ignore, applicationCacheEnabled=false, rotatable=false, networkConnectionEnabled=false, chrome={chromedriverVersion=75.0.3770.90 (a6dcaf7e3ec6f70a194cc25e8149475c6590e025-refs/branch-heads/3770@{#1003}), userDataDir=C:\\Users\\MOHANR~1.P\\AppData\\Local\\Temp\\scoped_dir10320_5698}, takesHeapSnapshot=true, pageLoadStrategy=normal, strictFileInteractability=false, databaseEnabled=false, handlesAlerts=true, version=75.0.3770.100, browserConnectionEnabled=false, proxy={}, nativeEvents=true, locationContextEnabled=true, cssSelectorsEnabled=true}]\nSession ID: 766388c3e4d31e7ea16ab8cd20d2aee8\n*** Element info: {Using=xpath, value=//*[@name='register.postelcode.text' or @id='register.postelcode.text' or @value='register.postelcode.text']}",
      "subLogs": [],
      "duration": 16
    },
    {
      "commandName": "findElement",
      "args": [
        "{value=//*[@name='register.postelcode.text' or @id='register.postelcode.text' or @value='register.postelcode.text'], using=xpath}"
      ],
      "result": "no such element: Unable to locate element: {\"method\":\"xpath\",\"selector\":\"//*[@name='register.postelcode.text' or @id='register.postelcode.text' or @value='register.postelcode.text']\"}\n  (Session info: chrome=75.0.3770.100)\n  (Driver info: chromedriver=75.0.3770.90 (a6dcaf7e3ec6f70a194cc25e8149475c6590e025-refs/branch-heads/3770@{#1003}),platform=Windows NT 10.0.17134 x86_64) (WARNING: The server did not provide any stacktrace information)\nCommand duration or timeout: 22 milliseconds\nFor documentation on this error, please visit: http://seleniumhq.org/exceptions/no_such_element.html\nBuild info: version: '2.53.0', revision: '35ae25b1534ae328c771e0856c93e187490ca824', time: '2016-03-15 10:43:46'\nSystem info: host: 'ICPL13076', ip: '10.11.24.78', os.name: 'Windows 10', os.arch: 'amd64', os.version: '10.0', java.version: '1.8.0_201'\nDriver info: com.qmetry.qaf.automation.ui.webdriver.QAFExtendedWebDriver\nCapabilities [{mobileEmulationEnabled=false, timeouts={implicit=0, pageLoad=300000, script=30000}, hasTouchScreen=false, platform=XP, acceptSslCerts=false, goog:chromeOptions={debuggerAddress=localhost:55241}, acceptInsecureCerts=false, webStorageEnabled=true, browserName=chrome, takesScreenshot=true, javascriptEnabled=true, setWindowRect=true, unexpectedAlertBehaviour=ignore, applicationCacheEnabled=false, rotatable=false, networkConnectionEnabled=false, chrome={chromedriverVersion=75.0.3770.90 (a6dcaf7e3ec6f70a194cc25e8149475c6590e025-refs/branch-heads/3770@{#1003}), userDataDir=C:\\Users\\MOHANR~1.P\\AppData\\Local\\Temp\\scoped_dir10320_5698}, takesHeapSnapshot=true, pageLoadStrategy=normal, strictFileInteractability=false, databaseEnabled=false, handlesAlerts=true, version=75.0.3770.100, browserConnectionEnabled=false, proxy={}, nativeEvents=true, locationContextEnabled=true, cssSelectorsEnabled=true}]\nSession ID: 766388c3e4d31e7ea16ab8cd20d2aee8\n*** Element info: {Using=xpath, value=//*[@name='register.postelcode.text' or @id='register.postelcode.text' or @value='register.postelcode.text']}",
      "subLogs": [],
      "duration": 22
    },
    {
      "commandName": "findElement",
      "args": [
        "{value=//*[@name='register.postelcode.text' or @id='register.postelcode.text' or @value='register.postelcode.text'], using=xpath}"
      ],
      "result": "no such element: Unable to locate element: {\"method\":\"xpath\",\"selector\":\"//*[@name='register.postelcode.text' or @id='register.postelcode.text' or @value='register.postelcode.text']\"}\n  (Session info: chrome=75.0.3770.100)\n  (Driver info: chromedriver=75.0.3770.90 (a6dcaf7e3ec6f70a194cc25e8149475c6590e025-refs/branch-heads/3770@{#1003}),platform=Windows NT 10.0.17134 x86_64) (WARNING: The server did not provide any stacktrace information)\nCommand duration or timeout: 34 milliseconds\nFor documentation on this error, please visit: http://seleniumhq.org/exceptions/no_such_element.html\nBuild info: version: '2.53.0', revision: '35ae25b1534ae328c771e0856c93e187490ca824', time: '2016-03-15 10:43:46'\nSystem info: host: 'ICPL13076', ip: '10.11.24.78', os.name: 'Windows 10', os.arch: 'amd64', os.version: '10.0', java.version: '1.8.0_201'\nDriver info: com.qmetry.qaf.automation.ui.webdriver.QAFExtendedWebDriver\nCapabilities [{mobileEmulationEnabled=false, timeouts={implicit=0, pageLoad=300000, script=30000}, hasTouchScreen=false, platform=XP, acceptSslCerts=false, goog:chromeOptions={debuggerAddress=localhost:55241}, acceptInsecureCerts=false, webStorageEnabled=true, browserName=chrome, takesScreenshot=true, javascriptEnabled=true, setWindowRect=true, unexpectedAlertBehaviour=ignore, applicationCacheEnabled=false, rotatable=false, networkConnectionEnabled=false, chrome={chromedriverVersion=75.0.3770.90 (a6dcaf7e3ec6f70a194cc25e8149475c6590e025-refs/branch-heads/3770@{#1003}), userDataDir=C:\\Users\\MOHANR~1.P\\AppData\\Local\\Temp\\scoped_dir10320_5698}, takesHeapSnapshot=true, pageLoadStrategy=normal, strictFileInteractability=false, databaseEnabled=false, handlesAlerts=true, version=75.0.3770.100, browserConnectionEnabled=false, proxy={}, nativeEvents=true, locationContextEnabled=true, cssSelectorsEnabled=true}]\nSession ID: 766388c3e4d31e7ea16ab8cd20d2aee8\n*** Element info: {Using=xpath, value=//*[@name='register.postelcode.text' or @id='register.postelcode.text' or @value='register.postelcode.text']}",
      "subLogs": [],
      "duration": 35
    },
    {
      "commandName": "findElement",
      "args": [
        "{value=//*[@name='register.postelcode.text' or @id='register.postelcode.text' or @value='register.postelcode.text'], using=xpath}"
      ],
      "result": "no such element: Unable to locate element: {\"method\":\"xpath\",\"selector\":\"//*[@name='register.postelcode.text' or @id='register.postelcode.text' or @value='register.postelcode.text']\"}\n  (Session info: chrome=75.0.3770.100)\n  (Driver info: chromedriver=75.0.3770.90 (a6dcaf7e3ec6f70a194cc25e8149475c6590e025-refs/branch-heads/3770@{#1003}),platform=Windows NT 10.0.17134 x86_64) (WARNING: The server did not provide any stacktrace information)\nCommand duration or timeout: 36 milliseconds\nFor documentation on this error, please visit: http://seleniumhq.org/exceptions/no_such_element.html\nBuild info: version: '2.53.0', revision: '35ae25b1534ae328c771e0856c93e187490ca824', time: '2016-03-15 10:43:46'\nSystem info: host: 'ICPL13076', ip: '10.11.24.78', os.name: 'Windows 10', os.arch: 'amd64', os.version: '10.0', java.version: '1.8.0_201'\nDriver info: com.qmetry.qaf.automation.ui.webdriver.QAFExtendedWebDriver\nCapabilities [{mobileEmulationEnabled=false, timeouts={implicit=0, pageLoad=300000, script=30000}, hasTouchScreen=false, platform=XP, acceptSslCerts=false, goog:chromeOptions={debuggerAddress=localhost:55241}, acceptInsecureCerts=false, webStorageEnabled=true, browserName=chrome, takesScreenshot=true, javascriptEnabled=true, setWindowRect=true, unexpectedAlertBehaviour=ignore, applicationCacheEnabled=false, rotatable=false, networkConnectionEnabled=false, chrome={chromedriverVersion=75.0.3770.90 (a6dcaf7e3ec6f70a194cc25e8149475c6590e025-refs/branch-heads/3770@{#1003}), userDataDir=C:\\Users\\MOHANR~1.P\\AppData\\Local\\Temp\\scoped_dir10320_5698}, takesHeapSnapshot=true, pageLoadStrategy=normal, strictFileInteractability=false, databaseEnabled=false, handlesAlerts=true, version=75.0.3770.100, browserConnectionEnabled=false, proxy={}, nativeEvents=true, locationContextEnabled=true, cssSelectorsEnabled=true}]\nSession ID: 766388c3e4d31e7ea16ab8cd20d2aee8\n*** Element info: {Using=xpath, value=//*[@name='register.postelcode.text' or @id='register.postelcode.text' or @value='register.postelcode.text']}",
      "subLogs": [],
      "duration": 36
    },
    {
      "commandName": "findElement",
      "args": [
        "{value=//*[@name='register.postelcode.text' or @id='register.postelcode.text' or @value='register.postelcode.text'], using=xpath}"
      ],
      "result": "no such element: Unable to locate element: {\"method\":\"xpath\",\"selector\":\"//*[@name='register.postelcode.text' or @id='register.postelcode.text' or @value='register.postelcode.text']\"}\n  (Session info: chrome=75.0.3770.100)\n  (Driver info: chromedriver=75.0.3770.90 (a6dcaf7e3ec6f70a194cc25e8149475c6590e025-refs/branch-heads/3770@{#1003}),platform=Windows NT 10.0.17134 x86_64) (WARNING: The server did not provide any stacktrace information)\nCommand duration or timeout: 35 milliseconds\nFor documentation on this error, please visit: http://seleniumhq.org/exceptions/no_such_element.html\nBuild info: version: '2.53.0', revision: '35ae25b1534ae328c771e0856c93e187490ca824', time: '2016-03-15 10:43:46'\nSystem info: host: 'ICPL13076', ip: '10.11.24.78', os.name: 'Windows 10', os.arch: 'amd64', os.version: '10.0', java.version: '1.8.0_201'\nDriver info: com.qmetry.qaf.automation.ui.webdriver.QAFExtendedWebDriver\nCapabilities [{mobileEmulationEnabled=false, timeouts={implicit=0, pageLoad=300000, script=30000}, hasTouchScreen=false, platform=XP, acceptSslCerts=false, goog:chromeOptions={debuggerAddress=localhost:55241}, acceptInsecureCerts=false, webStorageEnabled=true, browserName=chrome, takesScreenshot=true, javascriptEnabled=true, setWindowRect=true, unexpectedAlertBehaviour=ignore, applicationCacheEnabled=false, rotatable=false, networkConnectionEnabled=false, chrome={chromedriverVersion=75.0.3770.90 (a6dcaf7e3ec6f70a194cc25e8149475c6590e025-refs/branch-heads/3770@{#1003}), userDataDir=C:\\Users\\MOHANR~1.P\\AppData\\Local\\Temp\\scoped_dir10320_5698}, takesHeapSnapshot=true, pageLoadStrategy=normal, strictFileInteractability=false, databaseEnabled=false, handlesAlerts=true, version=75.0.3770.100, browserConnectionEnabled=false, proxy={}, nativeEvents=true, locationContextEnabled=true, cssSelectorsEnabled=true}]\nSession ID: 766388c3e4d31e7ea16ab8cd20d2aee8\n*** Element info: {Using=xpath, value=//*[@name='register.postelcode.text' or @id='register.postelcode.text' or @value='register.postelcode.text']}",
      "subLogs": [],
      "duration": 36
    },
    {
      "commandName": "findElement",
      "args": [
        "{value=//*[@name='register.postelcode.text' or @id='register.postelcode.text' or @value='register.postelcode.text'], using=xpath}"
      ],
      "result": "no such element: Unable to locate element: {\"method\":\"xpath\",\"selector\":\"//*[@name='register.postelcode.text' or @id='register.postelcode.text' or @value='register.postelcode.text']\"}\n  (Session info: chrome=75.0.3770.100)\n  (Driver info: chromedriver=75.0.3770.90 (a6dcaf7e3ec6f70a194cc25e8149475c6590e025-refs/branch-heads/3770@{#1003}),platform=Windows NT 10.0.17134 x86_64) (WARNING: The server did not provide any stacktrace information)\nCommand duration or timeout: 38 milliseconds\nFor documentation on this error, please visit: http://seleniumhq.org/exceptions/no_such_element.html\nBuild info: version: '2.53.0', revision: '35ae25b1534ae328c771e0856c93e187490ca824', time: '2016-03-15 10:43:46'\nSystem info: host: 'ICPL13076', ip: '10.11.24.78', os.name: 'Windows 10', os.arch: 'amd64', os.version: '10.0', java.version: '1.8.0_201'\nDriver info: com.qmetry.qaf.automation.ui.webdriver.QAFExtendedWebDriver\nCapabilities [{mobileEmulationEnabled=false, timeouts={implicit=0, pageLoad=300000, script=30000}, hasTouchScreen=false, platform=XP, acceptSslCerts=false, goog:chromeOptions={debuggerAddress=localhost:55241}, acceptInsecureCerts=false, webStorageEnabled=true, browserName=chrome, takesScreenshot=true, javascriptEnabled=true, setWindowRect=true, unexpectedAlertBehaviour=ignore, applicationCacheEnabled=false, rotatable=false, networkConnectionEnabled=false, chrome={chromedriverVersion=75.0.3770.90 (a6dcaf7e3ec6f70a194cc25e8149475c6590e025-refs/branch-heads/3770@{#1003}), userDataDir=C:\\Users\\MOHANR~1.P\\AppData\\Local\\Temp\\scoped_dir10320_5698}, takesHeapSnapshot=true, pageLoadStrategy=normal, strictFileInteractability=false, databaseEnabled=false, handlesAlerts=true, version=75.0.3770.100, browserConnectionEnabled=false, proxy={}, nativeEvents=true, locationContextEnabled=true, cssSelectorsEnabled=true}]\nSession ID: 766388c3e4d31e7ea16ab8cd20d2aee8\n*** Element info: {Using=xpath, value=//*[@name='register.postelcode.text' or @id='register.postelcode.text' or @value='register.postelcode.text']}",
      "subLogs": [],
      "duration": 38
    },
    {
      "commandName": "findElement",
      "args": [
        "{value=//*[@name='register.postelcode.text' or @id='register.postelcode.text' or @value='register.postelcode.text'], using=xpath}"
      ],
      "result": "no such element: Unable to locate element: {\"method\":\"xpath\",\"selector\":\"//*[@name='register.postelcode.text' or @id='register.postelcode.text' or @value='register.postelcode.text']\"}\n  (Session info: chrome=75.0.3770.100)\n  (Driver info: chromedriver=75.0.3770.90 (a6dcaf7e3ec6f70a194cc25e8149475c6590e025-refs/branch-heads/3770@{#1003}),platform=Windows NT 10.0.17134 x86_64) (WARNING: The server did not provide any stacktrace information)\nCommand duration or timeout: 34 milliseconds\nFor documentation on this error, please visit: http://seleniumhq.org/exceptions/no_such_element.html\nBuild info: version: '2.53.0', revision: '35ae25b1534ae328c771e0856c93e187490ca824', time: '2016-03-15 10:43:46'\nSystem info: host: 'ICPL13076', ip: '10.11.24.78', os.name: 'Windows 10', os.arch: 'amd64', os.version: '10.0', java.version: '1.8.0_201'\nDriver info: com.qmetry.qaf.automation.ui.webdriver.QAFExtendedWebDriver\nCapabilities [{mobileEmulationEnabled=false, timeouts={implicit=0, pageLoad=300000, script=30000}, hasTouchScreen=false, platform=XP, acceptSslCerts=false, goog:chromeOptions={debuggerAddress=localhost:55241}, acceptInsecureCerts=false, webStorageEnabled=true, browserName=chrome, takesScreenshot=true, javascriptEnabled=true, setWindowRect=true, unexpectedAlertBehaviour=ignore, applicationCacheEnabled=false, rotatable=false, networkConnectionEnabled=false, chrome={chromedriverVersion=75.0.3770.90 (a6dcaf7e3ec6f70a194cc25e8149475c6590e025-refs/branch-heads/3770@{#1003}), userDataDir=C:\\Users\\MOHANR~1.P\\AppData\\Local\\Temp\\scoped_dir10320_5698}, takesHeapSnapshot=true, pageLoadStrategy=normal, strictFileInteractability=false, databaseEnabled=false, handlesAlerts=true, version=75.0.3770.100, browserConnectionEnabled=false, proxy={}, nativeEvents=true, locationContextEnabled=true, cssSelectorsEnabled=true}]\nSession ID: 766388c3e4d31e7ea16ab8cd20d2aee8\n*** Element info: {Using=xpath, value=//*[@name='register.postelcode.text' or @id='register.postelcode.text' or @value='register.postelcode.text']}",
      "subLogs": [],
      "duration": 34
    },
    {
      "commandName": "findElement",
      "args": [
        "{value=//*[@name='register.postelcode.text' or @id='register.postelcode.text' or @value='register.postelcode.text'], using=xpath}"
      ],
      "result": "no such element: Unable to locate element: {\"method\":\"xpath\",\"selector\":\"//*[@name='register.postelcode.text' or @id='register.postelcode.text' or @value='register.postelcode.text']\"}\n  (Session info: chrome=75.0.3770.100)\n  (Driver info: chromedriver=75.0.3770.90 (a6dcaf7e3ec6f70a194cc25e8149475c6590e025-refs/branch-heads/3770@{#1003}),platform=Windows NT 10.0.17134 x86_64) (WARNING: The server did not provide any stacktrace information)\nCommand duration or timeout: 35 milliseconds\nFor documentation on this error, please visit: http://seleniumhq.org/exceptions/no_such_element.html\nBuild info: version: '2.53.0', revision: '35ae25b1534ae328c771e0856c93e187490ca824', time: '2016-03-15 10:43:46'\nSystem info: host: 'ICPL13076', ip: '10.11.24.78', os.name: 'Windows 10', os.arch: 'amd64', os.version: '10.0', java.version: '1.8.0_201'\nDriver info: com.qmetry.qaf.automation.ui.webdriver.QAFExtendedWebDriver\nCapabilities [{mobileEmulationEnabled=false, timeouts={implicit=0, pageLoad=300000, script=30000}, hasTouchScreen=false, platform=XP, acceptSslCerts=false, goog:chromeOptions={debuggerAddress=localhost:55241}, acceptInsecureCerts=false, webStorageEnabled=true, browserName=chrome, takesScreenshot=true, javascriptEnabled=true, setWindowRect=true, unexpectedAlertBehaviour=ignore, applicationCacheEnabled=false, rotatable=false, networkConnectionEnabled=false, chrome={chromedriverVersion=75.0.3770.90 (a6dcaf7e3ec6f70a194cc25e8149475c6590e025-refs/branch-heads/3770@{#1003}), userDataDir=C:\\Users\\MOHANR~1.P\\AppData\\Local\\Temp\\scoped_dir10320_5698}, takesHeapSnapshot=true, pageLoadStrategy=normal, strictFileInteractability=false, databaseEnabled=false, handlesAlerts=true, version=75.0.3770.100, browserConnectionEnabled=false, proxy={}, nativeEvents=true, locationContextEnabled=true, cssSelectorsEnabled=true}]\nSession ID: 766388c3e4d31e7ea16ab8cd20d2aee8\n*** Element info: {Using=xpath, value=//*[@name='register.postelcode.text' or @id='register.postelcode.text' or @value='register.postelcode.text']}",
      "subLogs": [],
      "duration": 36
    },
    {
      "commandName": "findElement",
      "args": [
        "{value=//*[@name='register.postelcode.text' or @id='register.postelcode.text' or @value='register.postelcode.text'], using=xpath}"
      ],
      "result": "no such element: Unable to locate element: {\"method\":\"xpath\",\"selector\":\"//*[@name='register.postelcode.text' or @id='register.postelcode.text' or @value='register.postelcode.text']\"}\n  (Session info: chrome=75.0.3770.100)\n  (Driver info: chromedriver=75.0.3770.90 (a6dcaf7e3ec6f70a194cc25e8149475c6590e025-refs/branch-heads/3770@{#1003}),platform=Windows NT 10.0.17134 x86_64) (WARNING: The server did not provide any stacktrace information)\nCommand duration or timeout: 33 milliseconds\nFor documentation on this error, please visit: http://seleniumhq.org/exceptions/no_such_element.html\nBuild info: version: '2.53.0', revision: '35ae25b1534ae328c771e0856c93e187490ca824', time: '2016-03-15 10:43:46'\nSystem info: host: 'ICPL13076', ip: '10.11.24.78', os.name: 'Windows 10', os.arch: 'amd64', os.version: '10.0', java.version: '1.8.0_201'\nDriver info: com.qmetry.qaf.automation.ui.webdriver.QAFExtendedWebDriver\nCapabilities [{mobileEmulationEnabled=false, timeouts={implicit=0, pageLoad=300000, script=30000}, hasTouchScreen=false, platform=XP, acceptSslCerts=false, goog:chromeOptions={debuggerAddress=localhost:55241}, acceptInsecureCerts=false, webStorageEnabled=true, browserName=chrome, takesScreenshot=true, javascriptEnabled=true, setWindowRect=true, unexpectedAlertBehaviour=ignore, applicationCacheEnabled=false, rotatable=false, networkConnectionEnabled=false, chrome={chromedriverVersion=75.0.3770.90 (a6dcaf7e3ec6f70a194cc25e8149475c6590e025-refs/branch-heads/3770@{#1003}), userDataDir=C:\\Users\\MOHANR~1.P\\AppData\\Local\\Temp\\scoped_dir10320_5698}, takesHeapSnapshot=true, pageLoadStrategy=normal, strictFileInteractability=false, databaseEnabled=false, handlesAlerts=true, version=75.0.3770.100, browserConnectionEnabled=false, proxy={}, nativeEvents=true, locationContextEnabled=true, cssSelectorsEnabled=true}]\nSession ID: 766388c3e4d31e7ea16ab8cd20d2aee8\n*** Element info: {Using=xpath, value=//*[@name='register.postelcode.text' or @id='register.postelcode.text' or @value='register.postelcode.text']}",
      "subLogs": [],
      "duration": 33
    },
    {
      "commandName": "findElement",
      "args": [
        "{value=//*[@name='register.postelcode.text' or @id='register.postelcode.text' or @value='register.postelcode.text'], using=xpath}"
      ],
      "result": "no such element: Unable to locate element: {\"method\":\"xpath\",\"selector\":\"//*[@name='register.postelcode.text' or @id='register.postelcode.text' or @value='register.postelcode.text']\"}\n  (Session info: chrome=75.0.3770.100)\n  (Driver info: chromedriver=75.0.3770.90 (a6dcaf7e3ec6f70a194cc25e8149475c6590e025-refs/branch-heads/3770@{#1003}),platform=Windows NT 10.0.17134 x86_64) (WARNING: The server did not provide any stacktrace information)\nCommand duration or timeout: 33 milliseconds\nFor documentation on this error, please visit: http://seleniumhq.org/exceptions/no_such_element.html\nBuild info: version: '2.53.0', revision: '35ae25b1534ae328c771e0856c93e187490ca824', time: '2016-03-15 10:43:46'\nSystem info: host: 'ICPL13076', ip: '10.11.24.78', os.name: 'Windows 10', os.arch: 'amd64', os.version: '10.0', java.version: '1.8.0_201'\nDriver info: com.qmetry.qaf.automation.ui.webdriver.QAFExtendedWebDriver\nCapabilities [{mobileEmulationEnabled=false, timeouts={implicit=0, pageLoad=300000, script=30000}, hasTouchScreen=false, platform=XP, acceptSslCerts=false, goog:chromeOptions={debuggerAddress=localhost:55241}, acceptInsecureCerts=false, webStorageEnabled=true, browserName=chrome, takesScreenshot=true, javascriptEnabled=true, setWindowRect=true, unexpectedAlertBehaviour=ignore, applicationCacheEnabled=false, rotatable=false, networkConnectionEnabled=false, chrome={chromedriverVersion=75.0.3770.90 (a6dcaf7e3ec6f70a194cc25e8149475c6590e025-refs/branch-heads/3770@{#1003}), userDataDir=C:\\Users\\MOHANR~1.P\\AppData\\Local\\Temp\\scoped_dir10320_5698}, takesHeapSnapshot=true, pageLoadStrategy=normal, strictFileInteractability=false, databaseEnabled=false, handlesAlerts=true, version=75.0.3770.100, browserConnectionEnabled=false, proxy={}, nativeEvents=true, locationContextEnabled=true, cssSelectorsEnabled=true}]\nSession ID: 766388c3e4d31e7ea16ab8cd20d2aee8\n*** Element info: {Using=xpath, value=//*[@name='register.postelcode.text' or @id='register.postelcode.text' or @value='register.postelcode.text']}",
      "subLogs": [],
      "duration": 34
    },
    {
      "commandName": "findElement",
      "args": [
        "{value=//*[@name='register.postelcode.text' or @id='register.postelcode.text' or @value='register.postelcode.text'], using=xpath}"
      ],
      "result": "no such element: Unable to locate element: {\"method\":\"xpath\",\"selector\":\"//*[@name='register.postelcode.text' or @id='register.postelcode.text' or @value='register.postelcode.text']\"}\n  (Session info: chrome=75.0.3770.100)\n  (Driver info: chromedriver=75.0.3770.90 (a6dcaf7e3ec6f70a194cc25e8149475c6590e025-refs/branch-heads/3770@{#1003}),platform=Windows NT 10.0.17134 x86_64) (WARNING: The server did not provide any stacktrace information)\nCommand duration or timeout: 33 milliseconds\nFor documentation on this error, please visit: http://seleniumhq.org/exceptions/no_such_element.html\nBuild info: version: '2.53.0', revision: '35ae25b1534ae328c771e0856c93e187490ca824', time: '2016-03-15 10:43:46'\nSystem info: host: 'ICPL13076', ip: '10.11.24.78', os.name: 'Windows 10', os.arch: 'amd64', os.version: '10.0', java.version: '1.8.0_201'\nDriver info: com.qmetry.qaf.automation.ui.webdriver.QAFExtendedWebDriver\nCapabilities [{mobileEmulationEnabled=false, timeouts={implicit=0, pageLoad=300000, script=30000}, hasTouchScreen=false, platform=XP, acceptSslCerts=false, goog:chromeOptions={debuggerAddress=localhost:55241}, acceptInsecureCerts=false, webStorageEnabled=true, browserName=chrome, takesScreenshot=true, javascriptEnabled=true, setWindowRect=true, unexpectedAlertBehaviour=ignore, applicationCacheEnabled=false, rotatable=false, networkConnectionEnabled=false, chrome={chromedriverVersion=75.0.3770.90 (a6dcaf7e3ec6f70a194cc25e8149475c6590e025-refs/branch-heads/3770@{#1003}), userDataDir=C:\\Users\\MOHANR~1.P\\AppData\\Local\\Temp\\scoped_dir10320_5698}, takesHeapSnapshot=true, pageLoadStrategy=normal, strictFileInteractability=false, databaseEnabled=false, handlesAlerts=true, version=75.0.3770.100, browserConnectionEnabled=false, proxy={}, nativeEvents=true, locationContextEnabled=true, cssSelectorsEnabled=true}]\nSession ID: 766388c3e4d31e7ea16ab8cd20d2aee8\n*** Element info: {Using=xpath, value=//*[@name='register.postelcode.text' or @id='register.postelcode.text' or @value='register.postelcode.text']}",
      "subLogs": [],
      "duration": 33
    },
    {
      "commandName": "findElement",
      "args": [
        "{value=//*[@name='register.postelcode.text' or @id='register.postelcode.text' or @value='register.postelcode.text'], using=xpath}"
      ],
      "result": "no such element: Unable to locate element: {\"method\":\"xpath\",\"selector\":\"//*[@name='register.postelcode.text' or @id='register.postelcode.text' or @value='register.postelcode.text']\"}\n  (Session info: chrome=75.0.3770.100)\n  (Driver info: chromedriver=75.0.3770.90 (a6dcaf7e3ec6f70a194cc25e8149475c6590e025-refs/branch-heads/3770@{#1003}),platform=Windows NT 10.0.17134 x86_64) (WARNING: The server did not provide any stacktrace information)\nCommand duration or timeout: 31 milliseconds\nFor documentation on this error, please visit: http://seleniumhq.org/exceptions/no_such_element.html\nBuild info: version: '2.53.0', revision: '35ae25b1534ae328c771e0856c93e187490ca824', time: '2016-03-15 10:43:46'\nSystem info: host: 'ICPL13076', ip: '10.11.24.78', os.name: 'Windows 10', os.arch: 'amd64', os.version: '10.0', java.version: '1.8.0_201'\nDriver info: com.qmetry.qaf.automation.ui.webdriver.QAFExtendedWebDriver\nCapabilities [{mobileEmulationEnabled=false, timeouts={implicit=0, pageLoad=300000, script=30000}, hasTouchScreen=false, platform=XP, acceptSslCerts=false, goog:chromeOptions={debuggerAddress=localhost:55241}, acceptInsecureCerts=false, webStorageEnabled=true, browserName=chrome, takesScreenshot=true, javascriptEnabled=true, setWindowRect=true, unexpectedAlertBehaviour=ignore, applicationCacheEnabled=false, rotatable=false, networkConnectionEnabled=false, chrome={chromedriverVersion=75.0.3770.90 (a6dcaf7e3ec6f70a194cc25e8149475c6590e025-refs/branch-heads/3770@{#1003}), userDataDir=C:\\Users\\MOHANR~1.P\\AppData\\Local\\Temp\\scoped_dir10320_5698}, takesHeapSnapshot=true, pageLoadStrategy=normal, strictFileInteractability=false, databaseEnabled=false, handlesAlerts=true, version=75.0.3770.100, browserConnectionEnabled=false, proxy={}, nativeEvents=true, locationContextEnabled=true, cssSelectorsEnabled=true}]\nSession ID: 766388c3e4d31e7ea16ab8cd20d2aee8\n*** Element info: {Using=xpath, value=//*[@name='register.postelcode.text' or @id='register.postelcode.text' or @value='register.postelcode.text']}",
      "subLogs": [],
      "duration": 31
    },
    {
      "commandName": "findElement",
      "args": [
        "{value=//*[@name='register.postelcode.text' or @id='register.postelcode.text' or @value='register.postelcode.text'], using=xpath}"
      ],
      "result": "no such element: Unable to locate element: {\"method\":\"xpath\",\"selector\":\"//*[@name='register.postelcode.text' or @id='register.postelcode.text' or @value='register.postelcode.text']\"}\n  (Session info: chrome=75.0.3770.100)\n  (Driver info: chromedriver=75.0.3770.90 (a6dcaf7e3ec6f70a194cc25e8149475c6590e025-refs/branch-heads/3770@{#1003}),platform=Windows NT 10.0.17134 x86_64) (WARNING: The server did not provide any stacktrace information)\nCommand duration or timeout: 33 milliseconds\nFor documentation on this error, please visit: http://seleniumhq.org/exceptions/no_such_element.html\nBuild info: version: '2.53.0', revision: '35ae25b1534ae328c771e0856c93e187490ca824', time: '2016-03-15 10:43:46'\nSystem info: host: 'ICPL13076', ip: '10.11.24.78', os.name: 'Windows 10', os.arch: 'amd64', os.version: '10.0', java.version: '1.8.0_201'\nDriver info: com.qmetry.qaf.automation.ui.webdriver.QAFExtendedWebDriver\nCapabilities [{mobileEmulationEnabled=false, timeouts={implicit=0, pageLoad=300000, script=30000}, hasTouchScreen=false, platform=XP, acceptSslCerts=false, goog:chromeOptions={debuggerAddress=localhost:55241}, acceptInsecureCerts=false, webStorageEnabled=true, browserName=chrome, takesScreenshot=true, javascriptEnabled=true, setWindowRect=true, unexpectedAlertBehaviour=ignore, applicationCacheEnabled=false, rotatable=false, networkConnectionEnabled=false, chrome={chromedriverVersion=75.0.3770.90 (a6dcaf7e3ec6f70a194cc25e8149475c6590e025-refs/branch-heads/3770@{#1003}), userDataDir=C:\\Users\\MOHANR~1.P\\AppData\\Local\\Temp\\scoped_dir10320_5698}, takesHeapSnapshot=true, pageLoadStrategy=normal, strictFileInteractability=false, databaseEnabled=false, handlesAlerts=true, version=75.0.3770.100, browserConnectionEnabled=false, proxy={}, nativeEvents=true, locationContextEnabled=true, cssSelectorsEnabled=true}]\nSession ID: 766388c3e4d31e7ea16ab8cd20d2aee8\n*** Element info: {Using=xpath, value=//*[@name='register.postelcode.text' or @id='register.postelcode.text' or @value='register.postelcode.text']}",
      "subLogs": [],
      "duration": 33
    },
    {
      "commandName": "findElement",
      "args": [
        "{value=//*[@name='register.postelcode.text' or @id='register.postelcode.text' or @value='register.postelcode.text'], using=xpath}"
      ],
      "result": "no such element: Unable to locate element: {\"method\":\"xpath\",\"selector\":\"//*[@name='register.postelcode.text' or @id='register.postelcode.text' or @value='register.postelcode.text']\"}\n  (Session info: chrome=75.0.3770.100)\n  (Driver info: chromedriver=75.0.3770.90 (a6dcaf7e3ec6f70a194cc25e8149475c6590e025-refs/branch-heads/3770@{#1003}),platform=Windows NT 10.0.17134 x86_64) (WARNING: The server did not provide any stacktrace information)\nCommand duration or timeout: 33 milliseconds\nFor documentation on this error, please visit: http://seleniumhq.org/exceptions/no_such_element.html\nBuild info: version: '2.53.0', revision: '35ae25b1534ae328c771e0856c93e187490ca824', time: '2016-03-15 10:43:46'\nSystem info: host: 'ICPL13076', ip: '10.11.24.78', os.name: 'Windows 10', os.arch: 'amd64', os.version: '10.0', java.version: '1.8.0_201'\nDriver info: com.qmetry.qaf.automation.ui.webdriver.QAFExtendedWebDriver\nCapabilities [{mobileEmulationEnabled=false, timeouts={implicit=0, pageLoad=300000, script=30000}, hasTouchScreen=false, platform=XP, acceptSslCerts=false, goog:chromeOptions={debuggerAddress=localhost:55241}, acceptInsecureCerts=false, webStorageEnabled=true, browserName=chrome, takesScreenshot=true, javascriptEnabled=true, setWindowRect=true, unexpectedAlertBehaviour=ignore, applicationCacheEnabled=false, rotatable=false, networkConnectionEnabled=false, chrome={chromedriverVersion=75.0.3770.90 (a6dcaf7e3ec6f70a194cc25e8149475c6590e025-refs/branch-heads/3770@{#1003}), userDataDir=C:\\Users\\MOHANR~1.P\\AppData\\Local\\Temp\\scoped_dir10320_5698}, takesHeapSnapshot=true, pageLoadStrategy=normal, strictFileInteractability=false, databaseEnabled=false, handlesAlerts=true, version=75.0.3770.100, browserConnectionEnabled=false, proxy={}, nativeEvents=true, locationContextEnabled=true, cssSelectorsEnabled=true}]\nSession ID: 766388c3e4d31e7ea16ab8cd20d2aee8\n*** Element info: {Using=xpath, value=//*[@name='register.postelcode.text' or @id='register.postelcode.text' or @value='register.postelcode.text']}",
      "subLogs": [],
      "duration": 33
    },
    {
      "commandName": "findElement",
      "args": [
        "{value=//*[@name='register.postelcode.text' or @id='register.postelcode.text' or @value='register.postelcode.text'], using=xpath}"
      ],
      "result": "no such element: Unable to locate element: {\"method\":\"xpath\",\"selector\":\"//*[@name='register.postelcode.text' or @id='register.postelcode.text' or @value='register.postelcode.text']\"}\n  (Session info: chrome=75.0.3770.100)\n  (Driver info: chromedriver=75.0.3770.90 (a6dcaf7e3ec6f70a194cc25e8149475c6590e025-refs/branch-heads/3770@{#1003}),platform=Windows NT 10.0.17134 x86_64) (WARNING: The server did not provide any stacktrace information)\nCommand duration or timeout: 32 milliseconds\nFor documentation on this error, please visit: http://seleniumhq.org/exceptions/no_such_element.html\nBuild info: version: '2.53.0', revision: '35ae25b1534ae328c771e0856c93e187490ca824', time: '2016-03-15 10:43:46'\nSystem info: host: 'ICPL13076', ip: '10.11.24.78', os.name: 'Windows 10', os.arch: 'amd64', os.version: '10.0', java.version: '1.8.0_201'\nDriver info: com.qmetry.qaf.automation.ui.webdriver.QAFExtendedWebDriver\nCapabilities [{mobileEmulationEnabled=false, timeouts={implicit=0, pageLoad=300000, script=30000}, hasTouchScreen=false, platform=XP, acceptSslCerts=false, goog:chromeOptions={debuggerAddress=localhost:55241}, acceptInsecureCerts=false, webStorageEnabled=true, browserName=chrome, takesScreenshot=true, javascriptEnabled=true, setWindowRect=true, unexpectedAlertBehaviour=ignore, applicationCacheEnabled=false, rotatable=false, networkConnectionEnabled=false, chrome={chromedriverVersion=75.0.3770.90 (a6dcaf7e3ec6f70a194cc25e8149475c6590e025-refs/branch-heads/3770@{#1003}), userDataDir=C:\\Users\\MOHANR~1.P\\AppData\\Local\\Temp\\scoped_dir10320_5698}, takesHeapSnapshot=true, pageLoadStrategy=normal, strictFileInteractability=false, databaseEnabled=false, handlesAlerts=true, version=75.0.3770.100, browserConnectionEnabled=false, proxy={}, nativeEvents=true, locationContextEnabled=true, cssSelectorsEnabled=true}]\nSession ID: 766388c3e4d31e7ea16ab8cd20d2aee8\n*** Element info: {Using=xpath, value=//*[@name='register.postelcode.text' or @id='register.postelcode.text' or @value='register.postelcode.text']}",
      "subLogs": [],
      "duration": 32
    },
    {
      "commandName": "findElement",
      "args": [
        "{value=//*[@name='register.postelcode.text' or @id='register.postelcode.text' or @value='register.postelcode.text'], using=xpath}"
      ],
      "result": "no such element: Unable to locate element: {\"method\":\"xpath\",\"selector\":\"//*[@name='register.postelcode.text' or @id='register.postelcode.text' or @value='register.postelcode.text']\"}\n  (Session info: chrome=75.0.3770.100)\n  (Driver info: chromedriver=75.0.3770.90 (a6dcaf7e3ec6f70a194cc25e8149475c6590e025-refs/branch-heads/3770@{#1003}),platform=Windows NT 10.0.17134 x86_64) (WARNING: The server did not provide any stacktrace information)\nCommand duration or timeout: 35 milliseconds\nFor documentation on this error, please visit: http://seleniumhq.org/exceptions/no_such_element.html\nBuild info: version: '2.53.0', revision: '35ae25b1534ae328c771e0856c93e187490ca824', time: '2016-03-15 10:43:46'\nSystem info: host: 'ICPL13076', ip: '10.11.24.78', os.name: 'Windows 10', os.arch: 'amd64', os.version: '10.0', java.version: '1.8.0_201'\nDriver info: com.qmetry.qaf.automation.ui.webdriver.QAFExtendedWebDriver\nCapabilities [{mobileEmulationEnabled=false, timeouts={implicit=0, pageLoad=300000, script=30000}, hasTouchScreen=false, platform=XP, acceptSslCerts=false, goog:chromeOptions={debuggerAddress=localhost:55241}, acceptInsecureCerts=false, webStorageEnabled=true, browserName=chrome, takesScreenshot=true, javascriptEnabled=true, setWindowRect=true, unexpectedAlertBehaviour=ignore, applicationCacheEnabled=false, rotatable=false, networkConnectionEnabled=false, chrome={chromedriverVersion=75.0.3770.90 (a6dcaf7e3ec6f70a194cc25e8149475c6590e025-refs/branch-heads/3770@{#1003}), userDataDir=C:\\Users\\MOHANR~1.P\\AppData\\Local\\Temp\\scoped_dir10320_5698}, takesHeapSnapshot=true, pageLoadStrategy=normal, strictFileInteractability=false, databaseEnabled=false, handlesAlerts=true, version=75.0.3770.100, browserConnectionEnabled=false, proxy={}, nativeEvents=true, locationContextEnabled=true, cssSelectorsEnabled=true}]\nSession ID: 766388c3e4d31e7ea16ab8cd20d2aee8\n*** Element info: {Using=xpath, value=//*[@name='register.postelcode.text' or @id='register.postelcode.text' or @value='register.postelcode.text']}",
      "subLogs": [],
      "duration": 36
    },
    {
      "commandName": "findElement",
      "args": [
        "{value=//*[@name='register.postelcode.text' or @id='register.postelcode.text' or @value='register.postelcode.text'], using=xpath}"
      ],
      "result": "no such element: Unable to locate element: {\"method\":\"xpath\",\"selector\":\"//*[@name='register.postelcode.text' or @id='register.postelcode.text' or @value='register.postelcode.text']\"}\n  (Session info: chrome=75.0.3770.100)\n  (Driver info: chromedriver=75.0.3770.90 (a6dcaf7e3ec6f70a194cc25e8149475c6590e025-refs/branch-heads/3770@{#1003}),platform=Windows NT 10.0.17134 x86_64) (WARNING: The server did not provide any stacktrace information)\nCommand duration or timeout: 34 milliseconds\nFor documentation on this error, please visit: http://seleniumhq.org/exceptions/no_such_element.html\nBuild info: version: '2.53.0', revision: '35ae25b1534ae328c771e0856c93e187490ca824', time: '2016-03-15 10:43:46'\nSystem info: host: 'ICPL13076', ip: '10.11.24.78', os.name: 'Windows 10', os.arch: 'amd64', os.version: '10.0', java.version: '1.8.0_201'\nDriver info: com.qmetry.qaf.automation.ui.webdriver.QAFExtendedWebDriver\nCapabilities [{mobileEmulationEnabled=false, timeouts={implicit=0, pageLoad=300000, script=30000}, hasTouchScreen=false, platform=XP, acceptSslCerts=false, goog:chromeOptions={debuggerAddress=localhost:55241}, acceptInsecureCerts=false, webStorageEnabled=true, browserName=chrome, takesScreenshot=true, javascriptEnabled=true, setWindowRect=true, unexpectedAlertBehaviour=ignore, applicationCacheEnabled=false, rotatable=false, networkConnectionEnabled=false, chrome={chromedriverVersion=75.0.3770.90 (a6dcaf7e3ec6f70a194cc25e8149475c6590e025-refs/branch-heads/3770@{#1003}), userDataDir=C:\\Users\\MOHANR~1.P\\AppData\\Local\\Temp\\scoped_dir10320_5698}, takesHeapSnapshot=true, pageLoadStrategy=normal, strictFileInteractability=false, databaseEnabled=false, handlesAlerts=true, version=75.0.3770.100, browserConnectionEnabled=false, proxy={}, nativeEvents=true, locationContextEnabled=true, cssSelectorsEnabled=true}]\nSession ID: 766388c3e4d31e7ea16ab8cd20d2aee8\n*** Element info: {Using=xpath, value=//*[@name='register.postelcode.text' or @id='register.postelcode.text' or @value='register.postelcode.text']}",
      "subLogs": [],
      "duration": 34
    },
    {
      "commandName": "findElement",
      "args": [
        "{value=//*[@name='register.postelcode.text' or @id='register.postelcode.text' or @value='register.postelcode.text'], using=xpath}"
      ],
      "result": "no such element: Unable to locate element: {\"method\":\"xpath\",\"selector\":\"//*[@name='register.postelcode.text' or @id='register.postelcode.text' or @value='register.postelcode.text']\"}\n  (Session info: chrome=75.0.3770.100)\n  (Driver info: chromedriver=75.0.3770.90 (a6dcaf7e3ec6f70a194cc25e8149475c6590e025-refs/branch-heads/3770@{#1003}),platform=Windows NT 10.0.17134 x86_64) (WARNING: The server did not provide any stacktrace information)\nCommand duration or timeout: 32 milliseconds\nFor documentation on this error, please visit: http://seleniumhq.org/exceptions/no_such_element.html\nBuild info: version: '2.53.0', revision: '35ae25b1534ae328c771e0856c93e187490ca824', time: '2016-03-15 10:43:46'\nSystem info: host: 'ICPL13076', ip: '10.11.24.78', os.name: 'Windows 10', os.arch: 'amd64', os.version: '10.0', java.version: '1.8.0_201'\nDriver info: com.qmetry.qaf.automation.ui.webdriver.QAFExtendedWebDriver\nCapabilities [{mobileEmulationEnabled=false, timeouts={implicit=0, pageLoad=300000, script=30000}, hasTouchScreen=false, platform=XP, acceptSslCerts=false, goog:chromeOptions={debuggerAddress=localhost:55241}, acceptInsecureCerts=false, webStorageEnabled=true, browserName=chrome, takesScreenshot=true, javascriptEnabled=true, setWindowRect=true, unexpectedAlertBehaviour=ignore, applicationCacheEnabled=false, rotatable=false, networkConnectionEnabled=false, chrome={chromedriverVersion=75.0.3770.90 (a6dcaf7e3ec6f70a194cc25e8149475c6590e025-refs/branch-heads/3770@{#1003}), userDataDir=C:\\Users\\MOHANR~1.P\\AppData\\Local\\Temp\\scoped_dir10320_5698}, takesHeapSnapshot=true, pageLoadStrategy=normal, strictFileInteractability=false, databaseEnabled=false, handlesAlerts=true, version=75.0.3770.100, browserConnectionEnabled=false, proxy={}, nativeEvents=true, locationContextEnabled=true, cssSelectorsEnabled=true}]\nSession ID: 766388c3e4d31e7ea16ab8cd20d2aee8\n*** Element info: {Using=xpath, value=//*[@name='register.postelcode.text' or @id='register.postelcode.text' or @value='register.postelcode.text']}",
      "subLogs": [],
      "duration": 33
    },
    {
      "commandName": "findElement",
      "args": [
        "{value=//*[@name='register.postelcode.text' or @id='register.postelcode.text' or @value='register.postelcode.text'], using=xpath}"
      ],
      "result": "no such element: Unable to locate element: {\"method\":\"xpath\",\"selector\":\"//*[@name='register.postelcode.text' or @id='register.postelcode.text' or @value='register.postelcode.text']\"}\n  (Session info: chrome=75.0.3770.100)\n  (Driver info: chromedriver=75.0.3770.90 (a6dcaf7e3ec6f70a194cc25e8149475c6590e025-refs/branch-heads/3770@{#1003}),platform=Windows NT 10.0.17134 x86_64) (WARNING: The server did not provide any stacktrace information)\nCommand duration or timeout: 32 milliseconds\nFor documentation on this error, please visit: http://seleniumhq.org/exceptions/no_such_element.html\nBuild info: version: '2.53.0', revision: '35ae25b1534ae328c771e0856c93e187490ca824', time: '2016-03-15 10:43:46'\nSystem info: host: 'ICPL13076', ip: '10.11.24.78', os.name: 'Windows 10', os.arch: 'amd64', os.version: '10.0', java.version: '1.8.0_201'\nDriver info: com.qmetry.qaf.automation.ui.webdriver.QAFExtendedWebDriver\nCapabilities [{mobileEmulationEnabled=false, timeouts={implicit=0, pageLoad=300000, script=30000}, hasTouchScreen=false, platform=XP, acceptSslCerts=false, goog:chromeOptions={debuggerAddress=localhost:55241}, acceptInsecureCerts=false, webStorageEnabled=true, browserName=chrome, takesScreenshot=true, javascriptEnabled=true, setWindowRect=true, unexpectedAlertBehaviour=ignore, applicationCacheEnabled=false, rotatable=false, networkConnectionEnabled=false, chrome={chromedriverVersion=75.0.3770.90 (a6dcaf7e3ec6f70a194cc25e8149475c6590e025-refs/branch-heads/3770@{#1003}), userDataDir=C:\\Users\\MOHANR~1.P\\AppData\\Local\\Temp\\scoped_dir10320_5698}, takesHeapSnapshot=true, pageLoadStrategy=normal, strictFileInteractability=false, databaseEnabled=false, handlesAlerts=true, version=75.0.3770.100, browserConnectionEnabled=false, proxy={}, nativeEvents=true, locationContextEnabled=true, cssSelectorsEnabled=true}]\nSession ID: 766388c3e4d31e7ea16ab8cd20d2aee8\n*** Element info: {Using=xpath, value=//*[@name='register.postelcode.text' or @id='register.postelcode.text' or @value='register.postelcode.text']}",
      "subLogs": [],
      "duration": 32
    },
    {
      "commandName": "findElement",
      "args": [
        "{value=//*[@name='register.postelcode.text' or @id='register.postelcode.text' or @value='register.postelcode.text'], using=xpath}"
      ],
      "result": "no such element: Unable to locate element: {\"method\":\"xpath\",\"selector\":\"//*[@name='register.postelcode.text' or @id='register.postelcode.text' or @value='register.postelcode.text']\"}\n  (Session info: chrome=75.0.3770.100)\n  (Driver info: chromedriver=75.0.3770.90 (a6dcaf7e3ec6f70a194cc25e8149475c6590e025-refs/branch-heads/3770@{#1003}),platform=Windows NT 10.0.17134 x86_64) (WARNING: The server did not provide any stacktrace information)\nCommand duration or timeout: 17 milliseconds\nFor documentation on this error, please visit: http://seleniumhq.org/exceptions/no_such_element.html\nBuild info: version: '2.53.0', revision: '35ae25b1534ae328c771e0856c93e187490ca824', time: '2016-03-15 10:43:46'\nSystem info: host: 'ICPL13076', ip: '10.11.24.78', os.name: 'Windows 10', os.arch: 'amd64', os.version: '10.0', java.version: '1.8.0_201'\nDriver info: com.qmetry.qaf.automation.ui.webdriver.QAFExtendedWebDriver\nCapabilities [{mobileEmulationEnabled=false, timeouts={implicit=0, pageLoad=300000, script=30000}, hasTouchScreen=false, platform=XP, acceptSslCerts=false, goog:chromeOptions={debuggerAddress=localhost:55241}, acceptInsecureCerts=false, webStorageEnabled=true, browserName=chrome, takesScreenshot=true, javascriptEnabled=true, setWindowRect=true, unexpectedAlertBehaviour=ignore, applicationCacheEnabled=false, rotatable=false, networkConnectionEnabled=false, chrome={chromedriverVersion=75.0.3770.90 (a6dcaf7e3ec6f70a194cc25e8149475c6590e025-refs/branch-heads/3770@{#1003}), userDataDir=C:\\Users\\MOHANR~1.P\\AppData\\Local\\Temp\\scoped_dir10320_5698}, takesHeapSnapshot=true, pageLoadStrategy=normal, strictFileInteractability=false, databaseEnabled=false, handlesAlerts=true, version=75.0.3770.100, browserConnectionEnabled=false, proxy={}, nativeEvents=true, locationContextEnabled=true, cssSelectorsEnabled=true}]\nSession ID: 766388c3e4d31e7ea16ab8cd20d2aee8\n*** Element info: {Using=xpath, value=//*[@name='register.postelcode.text' or @id='register.postelcode.text' or @value='register.postelcode.text']}",
      "subLogs": [],
      "duration": 17
    },
    {
      "commandName": "sendKeysToElement",
      "args": [
        "By.xpath: //*[@name='register.postelcode.text' or @id='register.postelcode.text' or @value='register.postelcode.text']",
        "{\"id\":\"-1\",\"value\":[\"yNahUJ066F@mailinator.com\"]}"
      ],
      "result": "Timed out after 30 seconds waiting for presence of element located by: By.xpath: //*[@name='register.postelcode.text' or @id='register.postelcode.text' or @value='register.postelcode.text']\nBuild info: version: '2.53.0', revision: '35ae25b1534ae328c771e0856c93e187490ca824', time: '2016-03-15 10:43:46'\nSystem info: host: 'ICPL13076', ip: '10.11.24.78', os.name: 'Windows 10', os.arch: 'amd64', os.version: '10.0', java.version: '1.8.0_201'\nDriver info: driver.version: QAFExtendedWebDriver",
      "subLogs": [],
      "duration": -1211098791
    },
    {
      "commandName": "findElements",
      "args": [
        "{value=//*[@name='register.postelcode.text' or @id='register.postelcode.text' or @value='register.postelcode.text'], using=xpath}"
      ],
      "result": "[]",
      "subLogs": [],
      "duration": 74
    }
  ],
  "checkPoints": [
    {
      "message": "Timed out after 30 seconds waiting for presence of element located by: By.xpath: //*[@name='register.postelcode.text' or @id='register.postelcode.text' or @value='register.postelcode.text']\nBuild info: version: '2.53.0', revision: '35ae25b1534ae328c771e0856c93e187490ca824', time: '2016-03-15 10:43:46'\nSystem info: host: 'ICPL13076', ip: '10.11.24.78', os.name: 'Windows 10', os.arch: 'amd64', os.version: '10.0', java.version: '1.8.0_201'\nDriver info: driver.version: QAFExtendedWebDriver",
      "type": "Fail",
      "screenshot": "../img/RegisterNewUser_5qi8a7ua4rjj63325.png",
      "duration": 0,
      "threshold": 0,
      "subCheckPoints": []
    }
  ],
  "errorTrace": "org.openqa.selenium.TimeoutException: Timed out after 30 seconds waiting for presence of element located by: By.xpath: //*[@name='register.postelcode.text' or @id='register.postelcode.text' or @value='register.postelcode.text']\nBuild info: version: '2.53.0', revision: '35ae25b1534ae328c771e0856c93e187490ca824', time: '2016-03-15 10:43:46'\nSystem info: host: 'ICPL13076', ip: '10.11.24.78', os.name: 'Windows 10', os.arch: 'amd64', os.version: '10.0', java.version: '1.8.0_201'\nDriver info: driver.version: QAFExtendedWebDriver\r\n\tat org.openqa.selenium.support.ui.FluentWait.timeoutException(FluentWait.java:292)\r\n\tat org.openqa.selenium.support.ui.FluentWait.until(FluentWait.java:261)\r\n\tat com.qmetry.qaf.automation.ui.webdriver.QAFExtendedWebDriver.load(QAFExtendedWebDriver.java:216)\r\n\tat com.qmetry.qaf.automation.ui.webdriver.QAFExtendedWebElement.load(QAFExtendedWebElement.java:299)\r\n\tat com.qmetry.qaf.automation.ui.webdriver.QAFExtendedWebElement.execute(QAFExtendedWebElement.java:250)\r\n\tat org.openqa.selenium.remote.RemoteWebElement.sendKeys(RemoteWebElement.java:122)\r\n\tat com.pom.pages.RegisterBeanPage.registerUser(RegisterBeanPage.java:104)\r\n\tat com.pom.test.RegisterBeanTest.registerNewUser(RegisterBeanTest.java:14)\r\n\tat sun.reflect.NativeMethodAccessorImpl.invoke0(Native Method)\r\n\tat sun.reflect.NativeMethodAccessorImpl.invoke(NativeMethodAccessorImpl.java:62)\r\n\tat sun.reflect.DelegatingMethodAccessorImpl.invoke(DelegatingMethodAccessorImpl.java:43)\r\n\tat java.lang.reflect.Method.invoke(Method.java:498)\r\n\tat org.testng.internal.MethodInvocationHelper.invokeMethod(MethodInvocationHelper.java:104)\r\n\tat org.testng.internal.Invoker.invokeMethod(Invoker.java:645)\r\n\tat org.testng.internal.Invoker.invokeTestMethod(Invoker.java:851)\r\n\tat org.testng.internal.Invoker.invokeTestMethods(Invoker.java:1177)\r\n\tat org.testng.internal.TestMethodWorker.invokeTestMethods(TestMethodWorker.java:129)\r\n\tat org.testng.internal.TestMethodWorker.run(TestMethodWorker.java:112)\r\n\tat org.testng.TestRunner.privateRun(TestRunner.java:781)\r\n\tat org.testng.TestRunner.run(TestRunner.java:635)\r\n\tat org.testng.SuiteRunner.runTest(SuiteRunner.java:387)\r\n\tat org.testng.SuiteRunner.runSequentially(SuiteRunner.java:382)\r\n\tat org.testng.SuiteRunner.privateRun(SuiteRunner.java:340)\r\n\tat org.testng.SuiteRunner.run(SuiteRunner.java:289)\r\n\tat org.testng.SuiteRunnerWorker.runSuite(SuiteRunnerWorker.java:52)\r\n\tat org.testng.SuiteRunnerWorker.run(SuiteRunnerWorker.java:86)\r\n\tat org.testng.TestNG.runSuitesSequentially(TestNG.java:1293)\r\n\tat org.testng.TestNG.runSuitesLocally(TestNG.java:1218)\r\n\tat org.testng.TestNG.runSuites(TestNG.java:1133)\r\n\tat org.testng.TestNG.run(TestNG.java:1104)\r\n\tat org.testng.remote.AbstractRemoteTestNG.run(AbstractRemoteTestNG.java:115)\r\n\tat org.testng.remote.RemoteTestNG.initAndRun(RemoteTestNG.java:251)\r\n\tat org.testng.remote.RemoteTestNG.main(RemoteTestNG.java:77)\r\nCaused by: org.openqa.selenium.NoSuchElementException: no such element: Unable to locate element: {\"method\":\"xpath\",\"selector\":\"//*[@name='register.postelcode.text' or @id='register.postelcode.text' or @value='register.postelcode.text']\"}\n  (Session info: chrome=75.0.3770.100)\n  (Driver info: chromedriver=75.0.3770.90 (a6dcaf7e3ec6f70a194cc25e8149475c6590e025-refs/branch-heads/3770@{#1003}),platform=Windows NT 10.0.17134 x86_64) (WARNING: The server did not provide any stacktrace information)\nCommand duration or timeout: 17 milliseconds\nFor documentation on this error, please visit: http://seleniumhq.org/exceptions/no_such_element.html\nBuild info: version: '2.53.0', revision: '35ae25b1534ae328c771e0856c93e187490ca824', time: '2016-03-15 10:43:46'\nSystem info: host: 'ICPL13076', ip: '10.11.24.78', os.name: 'Windows 10', os.arch: 'amd64', os.version: '10.0', java.version: '1.8.0_201'\nDriver info: com.qmetry.qaf.automation.ui.webdriver.QAFExtendedWebDriver\nCapabilities [{mobileEmulationEnabled=false, timeouts={implicit=0, pageLoad=300000, script=30000}, hasTouchScreen=false, platform=XP, acceptSslCerts=false, goog:chromeOptions={debuggerAddress=localhost:55241}, acceptInsecureCerts=false, webStorageEnabled=true, browserName=chrome, takesScreenshot=true, javascriptEnabled=true, setWindowRect=true, unexpectedAlertBehaviour=ignore, applicationCacheEnabled=false, rotatable=false, networkConnectionEnabled=false, chrome={chromedriverVersion=75.0.3770.90 (a6dcaf7e3ec6f70a194cc25e8149475c6590e025-refs/branch-heads/3770@{#1003}), userDataDir=C:\\Users\\MOHANR~1.P\\AppData\\Local\\Temp\\scoped_dir10320_5698}, takesHeapSnapshot=true, pageLoadStrategy=normal, strictFileInteractability=false, databaseEnabled=false, handlesAlerts=true, version=75.0.3770.100, browserConnectionEnabled=false, proxy={}, nativeEvents=true, locationContextEnabled=true, cssSelectorsEnabled=true}]\nSession ID: 766388c3e4d31e7ea16ab8cd20d2aee8\n*** Element info: {Using=xpath, value=//*[@name='register.postelcode.text' or @id='register.postelcode.text' or @value='register.postelcode.text']}\r\n\tat sun.reflect.GeneratedConstructorAccessor13.newInstance(Unknown Source)\r\n\tat sun.reflect.DelegatingConstructorAccessorImpl.newInstance(DelegatingConstructorAccessorImpl.java:45)\r\n\tat java.lang.reflect.Constructor.newInstance(Constructor.java:423)\r\n\tat org.openqa.selenium.remote.ErrorHandler.createThrowable(ErrorHandler.java:206)\r\n\tat org.openqa.selenium.remote.ErrorHandler.throwIfResponseFailed(ErrorHandler.java:158)\r\n\tat org.openqa.selenium.remote.RemoteWebDriver.execute(RemoteWebDriver.java:678)\r\n\tat com.qmetry.qaf.automation.ui.webdriver.QAFExtendedWebDriver.execute(QAFExtendedWebDriver.java:236)\r\n\tat org.openqa.selenium.remote.RemoteWebDriver.findElement(RemoteWebDriver.java:363)\r\n\tat org.openqa.selenium.remote.RemoteWebDriver.findElementByXPath(RemoteWebDriver.java:500)\r\n\tat com.qmetry.qaf.automation.ui.webdriver.QAFExtendedWebDriver.findElementByXPath(QAFExtendedWebDriver.java:400)\r\n\tat com.qmetry.qaf.automation.ui.webdriver.QAFExtendedWebDriver.findElementByXPath(QAFExtendedWebDriver.java:1)\r\n\tat org.openqa.selenium.By$ByXPath.findElement(By.java:361)\r\n\tat org.openqa.selenium.remote.RemoteWebDriver.findElement(RemoteWebDriver.java:355)\r\n\tat com.qmetry.qaf.automation.ui.webdriver.QAFExtendedWebDriver.findElement(QAFExtendedWebDriver.java:171)\r\n\tat com.qmetry.qaf.automation.ui.webdriver.QAFExtendedWebDriver.findElement(QAFExtendedWebDriver.java:1)\r\n\tat org.openqa.selenium.support.ui.ExpectedConditions.findElement(ExpectedConditions.java:899)\r\n\tat org.openqa.selenium.support.ui.ExpectedConditions.access$000(ExpectedConditions.java:41)\r\n\tat org.openqa.selenium.support.ui.ExpectedConditions$6.apply(ExpectedConditions.java:181)\r\n\tat org.openqa.selenium.support.ui.ExpectedConditions$6.apply(ExpectedConditions.java:178)\r\n\tat org.openqa.selenium.support.ui.FluentWait.until(FluentWait.java:238)\r\n\t... 31 more\r\n"
}